#domain
hospital
#levelname
MAOptimalSolution
#colors
red: 0, D
blue: 1, 2, O
green: 3, T
purple: 4, R
grey: 5, P
pink: 6, U
#initial
+++++++++++++++++
+ D   O         +
+ 0   1   2 U 3 +
+             T +
+               +
+         O     +
+   4   5   6   +
+   R   P       +
+++++++++++++++++
#goal
+++++++++++++++++
+               +
+               +
+               +
+ D R O P O U T +
+               +
+               +
+               +
+++++++++++++++++
#end
#clientname
PearEasy Client
#actions
150977338:Pull(W,N);Pull(W,N);Move(S);Push(S,S);Pull(W,S);Pull(W,S);Move(N)
151695842:Push(E,S);Push(E,S);Move(S);NoOp;Push(E,N);Push(E,N);Move(N)
152361875:Push(S,S);Push(S,S);Pull(W,S);NoOp;Push(N,N);Push(N,N);Move(N)
153085916:NoOp;NoOp;NoOp;NoOp;NoOp;NoOp;Pull(W,N)
153738568:NoOp;NoOp;NoOp;NoOp;NoOp;NoOp;Push(E,S)
#end
#solved
true
#numactions
5
#time
153738568
#end
