#domain
hospital
#levelname
MAaiaioh
#colors
red: 0, A
blue: 1, B
#initial
+++++++++
+   +   +
+0 A+   +
+       +
+1 B+   +
+++++++++
#goal
+++++++++
+   +  A+
+   +   +
+       +
+   +  B+
+++++++++
#end
#clientname
PearEasy Client
#actions
134905545:Move(E);Move(E)
135960109:Push(E,S);Pull(W,E)
137041691:Push(S,E);Push(E,N)
139799362:Push(E,E);Move(W)
140614742:Push(E,E);Move(E)
141234435:Push(E,N);Push(N,E)
141933903:Push(N,N);Push(E,E)
142607699:Push(N,E);Push(E,E)
143120274:Move(W);Push(E,E)
143696069:Move(E);Push(E,E)
144288811:Move(S);Push(E,S)
#end
#solved
true
#numactions
11
#time
144288811
#end
