#domain
hospital
#levelname
MABaguettes
#colors
red: 0, 1, A
cyan: B
#initial
++++++++++++++++++++++++++++++++++++++++
+                                  +   +
+ + +++BBBBBBBBBBBBBBBBBBBBBBBBBBB + + +
+ + +A+                            + + +
+ + +A+ BBBBBBBBBBBBBBBBBBBBBBBBBBB+ + +
+ + +A+                            + + +
+ + +A+BBBBBBBBBBBBBBBBBBBBBBBBBBB + + +
+ + +A+                            + + +
+ + +A+ BBBBBBBBBBBBBBBBBBBBBBBBBBB+ + +
+ + +A+                            + + +
+ + +A+BBBBBBBBBBBBBBBBBBBBBBBBBBB + + +
+ + +A+                            + + +
+ + +A+ BBBBBBBBBBBBBBBBBBBBBBBBBBB+ + +
+ + +A+                            + + +
+ + +A+BBBBBBBBBBBBBBBBBBBBBBBBBBB + + +
+ + +A+                            + + +
+ + +A+ BBBBBBBBBBBBBBBBBBBBBBBBBBB+ + +
+ + +A+                            + + +
+ + +A+BBBBBBBBBBBBBBBBBBBBBBBBBBB + + +
+ + +A+                            + + +
+ + +A+ BBBBBBBBBBBBBBBBBBBBBBBBBBB+ + +
+ + +A+                            + + +
+ + +A+BBBBBBBBBBBBBBBBBBBBBBBBBBB + + +
+ + +A+                            + + +
+ + +A+                          + + + +
+ + +A+                          + + + +
+ + +A+      A   A AAA AAA AAA   + + + +
+ + +A+      AA  A  A  A   A     + + + +
+ + +A+      A A A  A  A   AA    + + + +
+ +++++      A  AA  A  A   A     + + + +
+0+ A        A   A AAA AAA AAA   +   +1+
++++++++++++++++++++++++++++++++++++++++
#goal
++++++++++++++++++++++++++++++++++++++++
+                                  +   +
+ + +++BBBBBBBBBBBBBBBBBBBBBBBBBBB + + +
+ + +A+                            + + +
+ + +A+ BBBBBBBBBBBBBBBBBBBBBBBBBBB+ + +
+ + +A+                            + + +
+ + +A+BBBBBBBBBBBBBBBBBBBBBBBBBBB + + +
+ + +A+                            + + +
+ + +A+ BBBBBBBBBBBBBBBBBBBBBBBBBBB+ + +
+ + +A+                            + + +
+ + +A+BBBBBBBBBBBBBBBBBBBBBBBBBBB + + +
+ + +A+                            + + +
+ + +A+ BBBBBBBBBBBBBBBBBBBBBBBBBBB+ + +
+ + +A+                            + + +
+ + +A+BBBBBBBBBBBBBBBBBBBBBBBBBBB + + +
+ + +A+                            + + +
+ + +A+ BBBBBBBBBBBBBBBBBBBBBBBBBBB+ + +
+ + +A+                            + + +
+ + +A+BBBBBBBBBBBBBBBBBBBBBBBBBBB + + +
+ + +A+                            + + +
+ + +A+ BBBBBBBBBBBBBBBBBBBBBBBBBBB+ + +
+ + +A+                            + + +
+ + +A+BBBBBBBBBBBBBBBBBBBBBBBBBBB + + +
+ + +A+                            + + +
+ + +A+                          + + + +
+ + +A+                          + + + +
+ + +A+      A   A AAA AAA AAA   + + + +
+ + +A+      AA  A  A  A   A     + + + +
+ + +A+      A A A  A  A   AA    + + + +
+ +++++      A  AA  A  A   A     + + + +
+0+A         A   A AAA AAA AAA   +   +1+
++++++++++++++++++++++++++++++++++++++++
#end
#clientname
PearEasy Client
#actions
1689593829:Move(N);Move(N)
1689950210:Move(N);Move(N)
1690283370:Move(N);Move(N)
1690589294:Move(N);Move(N)
1690918813:Move(N);Move(N)
1691211028:Move(N);Move(N)
1691503536:Move(N);Move(N)
1691789913:Move(N);Move(N)
1692087256:Move(N);Move(N)
1692462540:Move(N);Move(N)
1692927668:Move(N);Move(N)
1693354921:Move(N);Move(N)
1693790712:Move(N);Move(N)
1694220912:Move(N);Move(N)
1694647582:Move(N);Move(N)
1695077084:Move(N);Move(N)
1695507196:Move(N);Move(N)
1695962593:Move(N);Move(N)
1696279897:Move(N);Move(N)
1696562732:Move(N);Move(N)
1696894890:Move(N);Move(N)
1697302260:Move(N);Move(N)
1697715620:Move(N);Move(N)
1698107463:Move(N);Move(N)
1698555966:Move(N);Move(N)
1698935736:Move(N);Move(N)
1699363777:Move(N);Move(N)
1699711684:Move(N);Move(N)
1700617829:Move(N);Move(N)
1701089387:Move(E);Move(W)
1701499047:Move(E);Move(W)
1702027046:Move(E);Move(S)
1702596199:Move(E);Move(S)
1702809966:Move(E);Move(S)
1703039188:Move(E);Move(S)
1703298757:Move(E);Move(S)
1703539064:Move(E);Move(S)
1703810299:Move(E);Move(S)
1704111396:Move(E);Move(S)
1704405797:Move(E);Move(S)
1704688892:Move(E);Move(S)
1704987947:Move(E);Move(S)
1705307579:Move(E);Move(S)
1705611388:Move(E);Move(S)
1705883034:Move(E);Move(S)
1706144608:Move(E);Move(S)
1706427376:Move(E);Move(S)
1706685650:Move(E);Move(S)
1706978393:Move(E);Move(S)
1707314671:Move(E);Move(S)
1707600768:Move(E);Move(S)
1707997992:Move(E);Move(S)
1708899333:Move(E);Move(S)
1709336870:Move(E);Move(S)
1710066854:Move(E);Move(S)
1711149636:Move(E);Move(S)
1711804727:Move(E);Move(S)
1712573049:Move(E);Move(S)
1712849521:Move(E);Move(S)
1713110726:Move(E);Move(S)
1713369228:Move(E);Move(W)
1713651103:Move(E);Move(W)
1713962881:Move(S);Move(N)
1714252860:Move(S);Move(N)
1714525117:Move(W);Move(N)
1714774666:Move(W);Move(N)
1715045105:Move(W);Move(N)
1715301394:Move(W);Move(N)
1715585881:Move(W);Move(N)
1715832546:Move(W);Move(W)
1716074622:Move(W);Move(W)
1716308493:Move(W);Move(S)
1716537539:Move(W);Move(S)
1716768931:Move(W);Move(W)
1717004839:Move(W);Move(W)
1717241789:Move(W);Move(W)
1717510167:Move(W);Move(W)
1717772017:Move(W);Move(W)
1718009164:Move(W);Move(W)
1718249834:Move(W);Move(S)
1718482518:Move(W);Move(S)
1718719605:Move(W);Move(W)
1719042027:Move(W);Move(S)
1719411327:Move(W);Move(W)
1722093537:Move(W);Move(S)
1724238743:Move(W);Move(E)
1724858668:Move(W);Move(W)
1725364677:Move(W);Move(N)
1725725404:Move(W);Move(S)
1725942838:Move(W);Move(E)
1726151819:Move(W);Move(W)
1726346848:Move(S);Move(N)
1726539188:Move(S);Move(S)
1726717463:Move(E);Move(N)
1726902202:Move(E);Move(S)
1727304934:Move(E);Move(E)
1727641017:Move(E);Move(W)
1727844152:Move(E);Move(E)
1728042654:Move(E);Move(W)
1728218861:Move(E);Move(E)
1728401388:Move(E);Move(W)
1728575596:Move(E);Move(E)
1728748279:Move(E);Move(W)
1728908328:Move(E);Move(E)
1729068597:Move(E);Move(W)
1729235510:Move(E);Move(N)
1729420411:Move(E);Move(S)
1729656890:Move(E);Move(E)
1729845718:Move(E);Move(W)
1730033954:Move(E);Move(E)
1730253765:Move(E);Move(W)
1730480317:Move(E);Move(N)
1730668223:Move(E);Move(S)
1730877634:Move(E);Move(E)
1731061888:Move(E);Move(W)
1731253106:Move(E);Move(N)
1731435769:Move(E);Move(S)
1731591983:Move(E);Move(E)
1731745698:Move(E);Move(W)
1731926121:Move(E);Move(E)
1732075723:Move(S);Move(W)
1732230774:Move(S);Move(N)
1732428910:Move(W);Move(S)
1732584973:Move(W);Move(E)
1732736098:Move(W);Move(W)
1732881554:Move(W);Move(N)
1733046125:Move(W);Move(S)
1733324695:Move(W);Move(N)
1733508456:Move(W);Move(S)
1733660103:Move(W);Move(E)
1733817052:Move(W);Move(W)
1733963710:Move(W);Move(E)
1734104889:Move(W);Move(W)
1734256705:Move(W);Move(E)
1734398279:Move(W);Move(W)
1734560732:Move(W);Move(N)
1734702052:Move(W);Move(S)
1734852000:Move(W);Move(N)
1735006518:Move(W);Move(S)
1735152615:Move(W);Move(E)
1735301899:Move(W);Move(W)
1735482602:Move(W);Move(E)
1735693128:Move(W);Move(W)
1735835086:Move(W);Move(E)
1735977000:Move(W);Move(W)
1736120179:Move(W);Move(N)
1736264540:Move(W);Move(S)
1736395449:Move(W);Move(E)
1736536698:Move(W);Move(W)
1736668871:Move(S);Move(E)
1736808447:Move(S);Move(W)
1736952798:Move(E);Move(E)
1737079708:Move(E);Move(W)
1737211736:Move(E);Move(N)
1737354303:Move(E);Move(S)
1737492897:Move(E);Move(N)
1737626483:Move(E);Move(S)
1737758914:Move(E);Move(N)
1737983785:Move(E);Move(S)
1738139008:Move(E);Move(N)
1738273801:Move(E);Move(S)
1738405269:Move(E);Move(E)
1738598597:Move(E);Move(W)
1738746432:Move(E);Move(N)
1738888724:Move(E);Move(S)
1739020448:Move(E);Move(E)
1739152697:Move(E);Move(W)
1739290785:Move(E);Move(E)
1739418934:Move(E);Move(W)
1739544293:Move(E);Move(N)
1739669645:Move(E);Move(S)
1739792751:Move(E);Move(E)
1739916377:Move(E);Move(W)
1740052788:Move(E);Move(N)
1740185654:Move(E);Move(S)
1740321434:Move(E);Move(N)
1740456581:Move(E);Move(S)
1740581338:Move(E);Move(N)
1740706031:Move(S);Move(S)
1740855743:Move(S);Move(E)
1741015380:Move(W);Move(W)
1741139402:Move(W);Move(N)
1741281944:Move(W);Move(S)
1741408010:Move(W);Move(E)
1741531230:Move(W);Move(W)
1741652882:Move(W);Move(E)
1741787546:Move(W);Move(W)
1741913060:Move(W);Move(N)
1742040894:Move(W);Move(S)
1742163903:Move(W);Move(E)
1742297680:Move(W);Move(W)
1742430590:Move(W);Move(N)
1742555841:Move(W);Move(S)
1742680033:Move(W);Move(E)
1742813810:Move(W);Move(W)
1742938184:Move(W);Move(E)
1743087356:Move(W);Move(W)
1743206515:Move(W);Move(E)
1743324079:Move(W);Move(W)
1743438632:Move(W);Move(E)
1743556163:Move(W);Move(W)
1743673329:Move(W);Move(N)
1743787336:Move(W);Move(S)
1743900245:Move(W);Move(E)
1744018927:Move(W);Move(W)
1744135200:Move(W);Move(E)
1744241712:Move(W);Move(W)
1744414559:Move(S);Move(E)
1744530805:Move(S);Move(W)
1744658751:Move(E);Move(E)
1744798266:Move(E);Move(W)
1744935044:Move(E);Move(N)
1745070396:Move(E);Move(S)
1745239924:Move(E);Move(N)
1745375531:Move(E);Move(S)
1745507896:Move(E);Move(N)
1745645190:Move(E);Move(S)
1745771631:Move(E);Move(N)
1745901813:Move(E);Move(S)
1746035344:Move(E);Move(N)
1746175766:Move(E);Move(S)
1746305848:Move(E);Move(E)
1746440249:Move(E);Move(W)
1746572462:Move(E);Move(N)
1746700776:Move(E);Move(S)
1746823149:Move(E);Move(N)
1746949598:Move(E);Move(S)
1747075068:Move(E);Move(E)
1747198533:Move(E);Move(W)
1747323980:Move(E);Move(E)
1747445151:Move(E);Move(W)
1747610378:Move(E);Move(N)
1747736892:Move(E);Move(S)
1747871785:Move(E);Move(N)
1747995905:Move(E);Move(S)
1748123401:Move(E);Move(E)
1748246351:Move(S);Move(W)
1748368075:Move(S);Move(N)
1748517106:Move(W);Move(S)
1748662988:Move(W);Move(E)
1748791287:Move(W);Move(W)
1748912864:Move(W);Move(N)
1749037186:Move(W);Move(S)
1749159710:Move(W);Move(E)
1749275413:Move(W);Move(W)
1749395342:Move(W);Move(N)
1749482570:Move(W);Move(S)
1749564920:Move(W);Move(N)
1749640195:Move(W);Move(S)
1749717826:Move(W);Move(E)
1749793958:Move(W);Move(W)
1749877709:Move(W);Move(N)
1749958710:Move(W);Move(S)
1750074976:Move(W);Move(N)
1750188106:Move(W);Move(S)
1750412393:Move(W);Move(N)
1750588936:Move(W);Move(S)
1750725982:Move(W);Move(N)
1750843823:Move(W);Move(S)
1750951374:Move(W);Move(N)
1751058877:Move(W);Move(S)
1751160125:Move(W);Move(N)
1751262527:Move(W);Move(S)
1751372424:Move(W);Move(N)
1751467013:Move(W);Move(S)
1751577685:Move(S);Move(E)
1751670662:Move(S);Move(W)
1751768366:Move(E);Move(N)
1751920751:Move(E);Move(S)
1752030591:Move(E);Move(N)
1752142113:Move(E);Move(S)
1752252644:Move(E);Move(E)
1752359137:Move(E);Move(W)
1752466307:Move(E);Move(N)
1752591612:Move(E);Move(S)
1752693423:Move(E);Move(N)
1752818545:Move(E);Move(S)
1752922072:Move(E);Move(E)
1753028416:Move(E);Move(W)
1753133540:Move(E);Move(E)
1753232748:Move(E);Move(W)
1753336151:Move(E);Move(N)
1753438198:Move(E);Move(S)
1753543012:Move(E);Move(E)
1753643182:Move(E);Move(W)
1753745204:Move(E);Move(N)
1753842611:Move(E);Move(S)
1753944597:Move(E);Move(E)
1754031586:Move(E);Move(W)
1754117166:Move(E);Move(N)
1754192956:Move(E);Move(S)
1754264628:Move(E);Move(N)
1754338961:Move(E);Move(S)
1754411657:Move(E);Move(N)
1754485605:Move(S);Move(S)
1754558298:Move(S);Move(N)
1754635630:Move(W);Move(S)
1754707057:Move(W);Move(E)
1754782513:Move(W);Move(W)
1754855212:Move(W);Move(N)
1754920539:Move(W);Move(S)
1754999196:Move(W);Move(E)
1755081392:Move(W);Move(W)
1755154149:Move(W);Move(E)
1755223196:Move(W);Move(W)
1755296967:Move(W);Move(N)
1755365687:Move(W);Move(S)
1755495462:Move(W);Move(N)
1755616565:Move(W);Move(S)
1755718821:Move(W);Move(N)
1755821210:Move(W);Move(S)
1755918763:Move(W);Move(E)
1756015393:Move(W);Move(W)
1756111262:Move(W);Move(N)
1756214994:Move(W);Move(S)
1756323737:Move(W);Move(N)
1756460153:Move(W);Move(S)
1756547678:Move(W);Move(E)
1756622809:Move(W);Move(W)
1756753496:Move(W);Move(N)
1756856075:Move(W);Move(S)
1756956103:Move(W);Move(N)
1757075974:Move(W);Move(S)
1757181671:Move(S);Move(N)
1757252563:Move(S);Move(S)
1757324696:Move(E);Move(N)
1757428114:Move(E);Move(S)
1757526423:Move(E);Move(E)
1757624355:Move(E);Move(W)
1757696430:Move(E);Move(E)
1757768447:Move(E);Move(W)
1757834897:Move(E);Move(E)
1757904085:Move(E);Move(W)
1757969794:Move(E);Move(E)
1758038896:Move(E);Move(W)
1758106644:Move(E);Move(N)
1758174971:Move(E);Move(S)
1758246558:Move(E);Move(N)
1758326916:Move(E);Move(S)
1758408401:Move(E);Move(E)
1758483776:Move(E);Move(W)
1758556684:Move(E);Move(E)
1758627819:Move(E);Move(W)
1758693879:Move(E);Move(E)
1758765909:Move(E);Move(W)
1758834263:Move(E);Move(E)
1758899513:Move(E);Move(W)
1758971073:Move(E);Move(N)
1759038043:Move(E);Move(S)
1759108251:Move(E);Move(E)
1759175171:Move(E);Move(W)
1759266463:Move(E);Move(E)
1759339113:Move(S);Move(W)
1759406605:Move(S);Move(N)
1759472544:Move(W);Move(S)
1759537379:Move(W);Move(N)
1759605563:Move(S);Move(S)
1759672260:Move(S);Move(N)
1759741765:Move(W);Move(S)
1759805927:Move(W);Move(N)
1759873153:Move(W);Move(S)
1759937970:Move(W);Move(E)
1760010171:Move(W);Move(W)
1760074884:Move(W);Move(E)
1760145570:Move(W);Move(W)
1760214913:Move(W);Move(E)
1760279182:Move(W);Move(W)
1760347802:Move(W);Move(N)
1760412672:Move(W);Move(S)
1760481829:Move(W);Move(E)
1760546361:Move(W);Move(W)
1760613292:Move(W);Move(N)
1760679642:Move(W);Move(S)
1760747480:Move(W);Move(N)
1760814158:Move(W);Move(S)
1760884123:Move(W);Move(N)
1760952980:Move(W);Move(S)
1761022433:Move(W);Move(N)
1761092689:Move(W);Move(S)
1761159683:Move(W);Move(N)
1761229019:Move(W);Move(S)
1761296408:Move(S);Move(N)
1761362337:Move(S);Move(S)
1761442517:Move(W);Move(N)
1761546212:Move(S);Move(S)
1761663047:Move(S);Move(N)
1761776083:Move(W);Move(S)
1761890881:Move(S);Move(E)
1761998426:Move(W);Move(W)
1762112970:Move(W);Move(E)
1762309245:Push(W,W);Move(N)
1762452023:Move(E);Move(N)
1762538159:Move(E);Move(E)
1762619482:Move(E);Move(N)
1762704449:Move(N);Move(N)
1762782775:Move(E);Move(N)
1762869629:Move(N);Move(N)
1762952829:Move(N);Move(E)
1763039723:Move(E);Move(E)
1763129232:Move(N);Move(E)
1763223610:Move(E);Move(E)
1763315999:Move(N);Move(E)
1763413838:Move(N);Move(E)
1763504079:Move(N);Move(E)
1763594421:Move(E);Move(E)
1763684268:Move(E);Move(S)
1763771013:Move(E);Move(S)
1763865161:Move(E);Move(S)
1763961231:Move(E);Move(S)
1764053997:Move(E);Move(S)
1764147466:Move(E);Move(S)
1764235236:Move(E);Move(S)
1764335256:Move(E);Move(E)
1764423378:Move(E);Move(E)
1764517190:Move(E);Move(N)
1764624302:Move(E);Move(N)
1764708460:Move(E);Move(N)
1764774786:Move(E);Move(N)
1764842868:Move(E);Move(N)
1764911583:Move(E);Move(N)
1764978262:Move(E);Move(N)
1765044205:Move(E);Move(N)
1765106914:Move(E);Move(N)
1765173499:Move(E);Move(N)
1765236125:Move(E);Move(N)
1765305151:Move(E);Move(N)
1765373717:Move(E);Move(N)
1765445230:Move(E);Move(N)
1765511850:Move(N);Move(N)
1765576654:Move(N);Move(N)
1765643932:Move(W);Move(N)
1765708622:Move(W);Move(N)
1765775745:Move(W);Move(N)
1765837605:Move(W);Move(N)
1765906013:Move(W);Move(N)
1765971188:Move(W);Move(N)
1766053870:Move(W);Move(N)
1766115994:Move(W);Move(N)
1766181696:Move(W);Move(N)
1766250539:Move(W);Move(N)
1766331740:Move(W);Move(N)
1766424623:Move(W);Move(N)
1766493545:Move(W);Move(N)
1766563964:Move(W);Move(E)
1766630420:Move(W);Move(E)
1766699140:Move(W);Move(S)
1766762400:Move(W);Move(S)
1766830072:Move(W);Move(S)
1766905439:Move(W);Move(S)
1766967795:Move(W);Move(S)
1767050897:Move(W);Move(S)
1767118047:Move(W);Move(S)
1767189277:Move(W);Move(S)
1767251010:Move(W);Move(S)
1767316135:Move(W);Move(S)
1767380141:Move(W);Move(S)
1767445283:Move(W);Move(S)
1767510211:Move(N);Move(S)
1767574847:Move(N);Move(S)
1767639802:Move(E);Move(S)
1767701229:Move(E);Move(S)
1767765988:Move(E);Move(S)
1767827649:Move(E);Move(S)
1767894567:Move(E);Move(S)
1767959631:Move(E);Move(S)
1768044929:Move(E);Move(S)
1768110132:Move(E);Move(S)
1768172171:Move(E);Move(S)
1768239869:Move(E);Move(S)
1768301614:Move(E);Move(S)
1768366130:Move(E);Move(S)
1768428970:Move(E);Move(S)
1768495472:Move(E);Move(S)
1768556805:Move(E);Move(S)
1768620965:Move(E);Move(N)
1768682422:Move(E);Move(S)
1768748532:Move(E);Move(N)
1768816059:Move(E);Move(S)
1768879827:Move(E);Move(N)
1768944065:Move(E);Move(S)
1769005289:Move(E);Move(N)
1769071618:Move(E);Move(S)
1769133005:Move(E);Move(N)
1769197859:Move(E);Move(S)
1769263753:Move(E);Move(N)
1769326081:Move(E);Move(S)
1769389824:Move(N);Move(N)
1769452526:Move(N);Move(S)
1769517587:Move(W);Move(N)
1769581197:Move(W);Move(S)
1769645320:Move(W);Move(N)
1769707216:Move(W);Move(S)
1769773123:Move(W);Move(N)
1769841585:Move(W);Move(S)
1769903361:Move(W);Move(N)
1769965875:Move(W);Move(S)
1770027072:Move(W);Move(N)
1770091392:Move(W);Move(S)
1770153055:Move(W);Move(N)
1770241430:Move(W);Move(S)
1770331364:Move(W);Move(N)
1770419381:Move(W);Move(S)
1770509184:Move(W);Move(N)
1770591646:Move(W);Move(S)
1770674965:Move(W);Move(N)
1770753552:Move(W);Move(S)
1770835930:Move(W);Move(N)
1770920906:Move(W);Move(S)
1771009549:Move(W);Move(N)
1771092669:Move(W);Move(S)
1771177027:Move(W);Move(N)
1771349966:Move(W);Move(S)
1771452697:Move(W);Move(N)
1771556072:Move(W);Move(S)
1771670995:Move(W);Move(N)
1771810418:Move(N);Move(S)
1771927904:Move(N);Move(N)
1772166333:Move(E);Move(S)
1772376829:Move(E);Move(N)
1772507315:Move(E);Move(S)
1772597486:Move(E);Move(N)
1772706565:Move(E);Move(S)
1772806948:Move(E);Move(N)
1772897319:Move(E);Move(S)
1772995535:Move(E);Move(N)
1773083351:Move(E);Move(S)
1773176032:Move(E);Move(N)
1773271023:Move(E);Move(S)
1773360802:Move(E);Move(N)
1773460988:Move(E);Move(S)
1773561756:Move(E);Move(N)
1773680455:Move(E);Move(S)
1773783071:Move(E);Move(N)
1773870215:Move(E);Move(S)
1773950579:Move(E);Move(N)
1774032216:Move(E);Move(S)
1774114310:Move(E);Move(N)
1774194993:Move(E);Move(S)
1774277613:Move(E);Move(N)
1774360430:Move(E);Move(S)
1774477378:Move(E);Move(N)
1774583209:Move(E);Move(S)
1774682112:Move(E);Move(N)
1774781954:Move(E);Move(S)
1774876264:Move(N);Move(N)
1774967826:Move(N);Move(S)
1775063885:Move(W);Move(N)
1775141108:Move(W);Move(S)
1775218957:Move(W);Move(N)
1775290620:Move(W);Move(S)
1775371281:Move(W);Move(N)
1775451723:Move(W);Move(S)
1775532769:Move(W);Move(N)
1775614291:Move(W);Move(S)
1775693732:Move(W);Move(N)
1775771967:Move(W);Move(S)
1775844914:Move(W);Move(N)
1775925500:Move(W);Move(S)
1776005840:Move(W);Move(N)
1776087565:Move(W);Move(S)
1776167219:Move(W);Move(N)
1776242541:Move(W);Move(S)
1776326454:Move(W);Move(N)
1776406628:Move(W);Move(S)
1776497931:Move(W);Move(N)
1776575033:Move(W);Move(S)
1776651800:Move(W);Move(N)
1776733812:Move(W);Move(S)
1776814119:Move(W);Move(N)
1776893555:Move(W);Move(S)
1776977696:Move(W);Move(N)
1777066928:Move(W);Move(S)
1777152309:Move(W);Move(N)
1777237329:Move(N);Move(S)
1777314945:Move(N);Move(N)
1777400560:Move(E);Move(S)
1777482870:Move(E);Move(N)
1777612393:Move(E);Move(S)
1777700100:Move(E);Move(N)
1777779309:Move(E);Move(S)
1777859301:Move(E);Move(N)
1777934970:Move(E);Move(S)
1778013288:Move(E);Move(N)
1778093361:Move(E);Move(S)
1778174664:Move(E);Move(N)
1778266632:Move(E);Move(S)
1778344690:Move(E);Move(N)
1778420467:Move(E);Move(S)
1778498907:Move(E);Move(N)
1778573708:Move(E);Move(S)
1778651844:Move(E);Move(N)
1778732776:Move(E);Move(S)
1778810562:Move(E);Move(N)
1778893380:Move(E);Move(S)
1778977694:Move(E);Move(N)
1779063156:Move(E);Move(S)
1779166961:Move(E);Move(N)
1779253233:Move(E);Move(S)
1779367610:Move(E);Move(N)
1779467039:Move(E);Move(S)
1779572616:Move(E);Move(N)
1779669559:Move(E);Move(S)
1779775181:Move(N);Move(N)
1779874588:Move(N);Move(S)
1779981714:Move(W);Move(N)
1780084591:Move(W);Move(S)
1780187585:Move(W);Move(N)
1780307418:Move(W);Move(S)
1780420327:Move(W);Move(N)
1780526310:Move(W);Move(S)
1780623209:Move(W);Move(N)
1780725621:Move(W);Move(S)
1780826664:Move(W);Move(N)
1780920348:Move(W);Move(S)
1781004890:Move(W);Move(N)
1781090809:Move(W);Move(S)
1781169536:Move(W);Move(N)
1781248553:Move(W);Move(S)
1781327401:Move(W);Move(N)
1781405468:Move(W);Move(S)
1781483447:Move(W);Move(N)
1781557342:Move(W);Move(S)
1781636317:Move(W);Move(N)
1781710844:Move(W);Move(S)
1781789720:Move(W);Move(N)
1781867798:Move(W);Move(S)
1781943524:Move(W);Move(N)
1782023793:Move(W);Move(S)
1782098464:Move(W);Move(N)
1782174621:Move(W);Move(S)
1782252131:Move(W);Move(N)
1782334202:Move(N);Move(S)
1782412710:Move(N);Move(N)
1782496047:Move(E);Move(S)
1782581698:Move(E);Move(N)
1782661975:Move(E);Move(S)
1782743663:Move(E);Move(N)
1782820328:Move(E);Move(S)
1782901390:Move(E);Move(N)
1783023841:Move(E);Move(S)
1783143315:Move(E);Move(N)
1783241118:Move(E);Move(S)
1783375285:Move(E);Move(N)
1783465978:Move(E);Move(S)
1783555289:Move(E);Move(N)
1783647601:Move(E);Move(S)
1783744158:Move(E);Move(N)
1783865483:Move(E);Move(S)
1783956131:Move(E);Move(N)
1784048796:Move(E);Move(S)
1784133609:Move(E);Move(N)
1784220339:Move(E);Move(S)
1784318988:Move(E);Move(N)
1784413620:Move(E);Move(S)
1784512911:Move(E);Move(N)
1784608466:Move(E);Move(S)
1784705489:Move(E);Move(N)
1784793538:Move(E);Move(S)
1784902165:Move(E);Move(N)
1785001803:Move(E);Move(S)
1785128560:Move(N);Move(N)
1785215800:Move(N);Move(S)
1785293214:Move(W);Move(N)
1785373480:Move(W);Move(S)
1785445720:Move(W);Move(N)
1785524388:Move(W);Move(S)
1785594475:Move(W);Move(N)
1785668481:Move(W);Move(S)
1785746112:Move(W);Move(N)
1785821686:Move(W);Move(S)
1785898270:Move(W);Move(N)
1785976868:Move(W);Move(S)
1786052723:Move(W);Move(N)
1786128638:Move(W);Move(S)
1786208365:Move(W);Move(N)
1786283726:Move(W);Move(S)
1786359312:Move(W);Move(N)
1786466638:Move(W);Move(S)
1786550384:Move(W);Move(N)
1786628382:Move(W);Move(S)
1786699618:Move(W);Move(N)
1786780361:Move(W);Move(S)
1786859598:Move(W);Move(N)
1786933585:Move(W);Move(S)
1787010360:Move(W);Move(N)
1787089517:Move(W);Move(S)
1787162262:Move(W);Move(N)
1787237440:Move(W);Move(S)
1787311153:Move(W);Move(N)
1787386565:Move(N);Move(S)
1787468137:Move(N);Move(N)
1787543403:Move(E);Move(S)
1787646092:Move(E);Move(N)
1787718637:Move(E);Move(S)
1787795138:Move(E);Move(N)
1787868573:Move(E);Move(S)
1787945117:Move(E);Move(N)
1788021924:Move(E);Move(S)
1788100875:Move(E);Move(N)
1788181226:Move(E);Move(S)
1788258092:Move(E);Move(N)
1788334563:Move(E);Move(S)
1788408567:Move(E);Move(N)
1788485456:Move(E);Move(S)
1788555853:Move(E);Move(N)
1788630772:Move(E);Move(S)
1788699860:Move(E);Move(N)
1788777816:Move(E);Move(S)
1788856702:Move(E);Move(N)
1788930102:Move(E);Move(S)
1789004794:Move(E);Move(N)
1789079865:Move(E);Move(S)
1789158116:Move(E);Move(N)
1789232817:Move(E);Move(S)
1789309079:Move(E);Move(N)
1789384233:Move(E);Move(S)
1789458513:Move(E);Move(N)
1789529461:Move(E);Move(S)
1789600158:Move(N);Move(N)
1789676006:Move(N);Move(S)
1795771642:Move(W);Move(N)
1796094068:Move(W);Move(S)
1796182864:Move(W);Move(N)
1796262205:Move(W);Move(S)
1796338578:Move(W);Move(N)
1796412669:Move(W);Move(S)
1796483335:Move(W);Move(N)
1796561598:Move(W);Move(S)
1796636922:Move(W);Move(N)
1796707262:Move(W);Move(S)
1796780480:Move(W);Move(N)
1796849124:Move(W);Move(S)
1796924220:Move(W);Move(N)
1796994491:Move(W);Move(S)
1797069433:Move(W);Move(N)
1797138954:Move(W);Move(S)
1797212937:Move(W);Move(N)
1797288841:Move(W);Move(S)
1797362592:Move(W);Move(N)
1797437417:Move(W);Move(S)
1797511752:Move(W);Move(N)
1797587081:Move(W);Move(S)
1797660049:Move(W);Move(N)
1797734339:Move(W);Move(S)
1797804114:Move(W);Move(N)
1797877822:Move(W);Move(S)
1797948417:Move(W);Move(N)
1798018050:Move(W);Move(S)
1798091032:Move(W);Move(N)
1798162561:Move(W);Move(S)
1798234794:Move(W);Move(N)
1798304288:Move(W);Move(S)
1798379829:Move(W);Move(N)
1798452094:Move(S);Move(S)
1798521368:Move(S);Move(N)
1798595837:Move(S);Move(S)
1798667231:Move(S);Move(N)
1798739362:Move(S);Move(S)
1798810706:Move(S);Move(N)
1798882450:Move(S);Move(S)
1798951979:Move(S);Move(N)
1799027951:Move(S);Move(S)
1799099765:Move(S);Move(N)
1799177688:Move(S);Move(S)
1799252595:Move(S);Move(N)
1799326346:Move(S);Move(S)
1799398408:Move(S);Move(N)
1799476543:Move(S);Move(S)
1799561171:Move(S);Move(N)
1799636980:Move(S);Move(S)
1799713133:Move(S);Move(N)
1799784368:Move(S);Move(S)
1799857851:Move(S);Move(N)
1799931649:Move(S);Move(S)
1800002071:Move(S);Move(N)
1800076571:Move(S);Move(S)
1800147906:Move(S);Move(N)
1800237636:Move(S);Move(S)
1800308777:Move(S);Move(N)
1800382178:Move(S);Move(S)
1800452217:Move(S);Move(N)
1800530938:Move(S);Move(S)
#end
#solved
true
#numactions
782
#time
1800530938
#end
