#domain
hospital
#levelname
MACoronAI
#colors
red: 0, 2, 4, A
blue: 1, 3, 5, B
#initial
++++++++++++++++++++++
+0A       ++       B2+
+         ++         +
+++++ ++++++++++ +++++
+         ++         +
+1B       ++       A3+
++++++++++++++++++++++
#goal
++++++++++++++++++++++
+B        ++        A+
+         ++         +
+++++ ++++++++++ +++++
+         ++         +
+A        ++        B+
++++++++++++++++++++++
#end
#clientname
PearEasy Client
#actions
749921174:Push(E,S);Push(E,N);Move(S);Move(N)
751014494:Push(S,E);Push(N,E);Move(W);Move(W)
752138660:Push(E,E);Push(E,E);Move(W);Move(W)
753392140:Push(E,E);Push(E,E);Move(W);Move(W)
757027678:Pull(N,E);Push(E,N);Move(W);Move(W)
759100443:Push(S,W);Push(N,N);Move(N);Move(E)
760092611:Push(W,W);Push(N,N);Move(S);Move(W)
760951090:Pull(E,W);Push(N,W);Move(N);Move(W)
761872894:Pull(E,W);Push(W,W);Move(S);Move(E)
762622470:Pull(N,W);Push(W,W);Move(S);Move(W)
763320040:Push(S,S);Push(W,W);Move(S);Move(S)
764077325:Push(S,S);Move(S);Move(E);Move(E)
765280246:Push(S,W);Move(W);Move(E);Move(N)
767162591:Push(W,S);Move(E);Move(S);Move(W)
767922687:Push(S,W);Move(N);Pull(W,E);Move(E)
768717097:Push(W,W);Move(S);Pull(W,E);Move(N)
769335730:Push(W,W);Move(E);Push(E,N);Move(N)
770024424:Move(E);Move(N);Push(N,W);Move(N)
770819661:Move(N);Move(W);Push(W,N);Move(E)
771482325:Move(W);Move(S);Push(N,N);Move(E)
772175124:Move(E);Move(N);Push(N,N);Pull(W,E)
772777452:Move(W);Move(S);Move(S);Push(E,S)
773348255:Move(S);Move(E);Move(N);Push(S,W)
774010803:Move(N);Move(E);Push(N,E);Pull(E,W)
774639180:Move(W);Move(N);Push(E,E);Push(W,W)
775210361:Move(E);Move(S);Push(E,E);Push(W,W)
775788588:Move(E);Move(W);Push(E,E);Push(W,S)
776234427:Move(E);Move(W);Move(W);Push(S,S)
776705496:Move(S);Move(N);Move(S);Push(S,E)
777831873:Move(N);Move(S);Move(W);Push(E,E)
779170343:Move(S);Move(W);Move(W);Push(E,E)
780434482:Move(N);Move(E);Move(E);Push(E,E)
780881932:Move(W);Move(W);Move(N);Push(E,S)
#end
#solved
true
#numactions
33
#time
780881932
#end
