#domain
hospital
#levelname
MAdeepChaos
#colors
blue: 0, A, B, C, D, G
purple: 1, X, Y
red: 2, M
green: 3, N
#initial
++++++++++++++++++++++++++++++++++++++++++++++++++
+0                  A                            +
+++++++++++++++++++++++++++++++++++++++       +  +
++++++++++++++++++++ ++++++++++++++++++       +G +
++ +++       +    B+                          +  +
+    +      +      +                          +  +
+    +     +       +                          +  +
+    +    +        +                         D+  +
+        +                                    +  +
+       +                                     +  +
+      +                                      +  +
+     +                                       +  +
+    +                                        +  +
+   +                            +            +  +
+                                +            +  +
+              ++++++++++++++++++++++++++++++++  +
+                         +                   +  +
+                         +                   +  +
+ C                       +                   +  +
+                        +                    +  +
+                       +                     +  +
+                      +                      +  +
+                     +                       +  +
+                    +           ++++         +  +
+                   +            ++++         +  +
+                  +             ++++         +  +
+                   +            ++++         +  +
+                    +                        +  +
+                     +++                     +  +
+              ++++++ +++                     +  +
+                 1++++                       +  +
+                                             +  +
+                                             +  +
+                                          ++++  +
+                                          +     +
+            X+                            +     +
+             +                            ++++  +
+             ++++++                          +  +
+                 +                           +  +
+                 +                          +   +
+                 +                         +    +
+                 +                     ++++     +
+                 +                              +
+                                     ++++++++++++
+                                     +          +
+                                     +2M        +
+                                    Y+  N       +
+                                     +  3       +
+                                     ++++++++++++
+++++++++++++++++ ++++++++++++++++++++++++++++++++
++++++++++++++++++++++++++++++++++++++++++++++++++
#goal
++++++++++++++++++++++++++++++++++++++++++++++++++
+                                               0+
+++++++++++++++++++++++++++++++++++++++       +  +
++++++++++++++++++++A++++++++++++++++++       +  +
++B+++       +     +                          +  +
+    +      +      +                          +  +
+    +     +       +                          +  +
+    +    +        +                          +  +
+        +                                    +  +
+       +                                     +  +
+      +                                      +  +
+     +                                       +  +
+    +                                        +  +
+   +                            +            +  +
+                                +D           +  +
+              ++++++++++++++++++++++++++++++++  +
+                         +                   +  +
+                         +                   +  +
+                         +                   +  +
+                        +                    +  +
+                       +                     +  +
+                      +                      +  +
+                     +                       +  +
+                    +           ++++         +  +
+                   +            ++++         +  +
+                  +             ++++         +  +
+                   +            ++++         +  +
+                    +                        +  +
+                     +++                     +  +
+              ++++++C+++                     +  +
+                  ++++                       +  +
+                                             +  +
+                                             +  +
+                                          ++++  +
+                                          +     +
+             +                            +G    +
+             +                            ++++  +
+             ++++++                          +  +
+                Y+                           +  +
+                 +                          +   +
+                 +                         +    +
+                 +                     ++++     +
+                 +                              +
+                                    X++++++++++++
+                                     +  N       +
+                                     +  32M     +
+                                     +          +
+                                     +          +
+                                     ++++++++++++
+++++++++++++++++1++++++++++++++++++++++++++++++++
++++++++++++++++++++++++++++++++++++++++++++++++++
#end
#clientname
PearEasy Client
#actions
26898502825:Move(E);Move(W);Push(E,E);Pull(E,N)
26899331087:Move(E);Move(W);Push(E,E);Push(W,N)
26900358605:Move(E);Move(S);Push(E,E);Move(W)
26901203920:Move(E);Move(S);Move(S);Move(N)
26901782133:Move(E);Move(W);Move(N);Push(E,N)
26902447059:Move(E);Move(S);Move(N);Push(N,N)
26902951159:Move(E);Move(W);Move(S);Move(W)
26903478760:Move(E);Move(S);Move(N);Move(E)
26903967002:Move(E);Move(W);Move(S);Move(S)
26904692324:Move(E);Push(S,S);Move(N);Move(N)
26905504887:Move(E);Push(S,S);Move(S);Move(W)
26906311566:Move(E);Push(S,S);Move(N);Move(E)
26907080607:Move(E);Push(S,E);Move(S);Move(S)
26908016821:Move(E);Push(E,E);Move(N);Move(N)
26910095331:Move(E);Push(E,E);Move(S);Move(W)
26910931271:Move(E);Push(E,E);Move(S);Move(E)
26911645658:Move(E);Push(E,S);Move(N);Move(W)
26912375633:Move(E);Push(S,S);Move(S);Move(E)
26913127923:Push(E,E);Push(S,S);Move(N);Move(S)
26913849147:Push(E,E);Push(S,S);Move(S);Move(N)
26914607724:Push(E,E);Push(S,S);Move(N);Move(W)
26915306304:Push(E,E);Push(S,E);Move(S);Move(E)
26915974903:Push(E,E);Push(E,E);Move(N);Move(W)
26916624861:Push(E,E);Push(E,E);Move(S);Move(E)
26917263052:Push(E,E);Push(E,E);Move(N);Move(S)
26917999899:Push(E,E);Push(E,E);Move(N);Move(N)
26918522304:Push(E,E);Push(E,E);Move(S);Move(W)
26919103064:Push(E,E);Push(E,E);Move(S);Move(E)
26919610067:Push(E,E);Push(E,E);Move(N);Move(W)
26920197792:Push(E,E);Push(E,E);Move(S);Move(E)
26920689717:Push(E,E);Push(E,E);Move(N);Move(S)
26921162926:Push(E,E);Push(E,E);Move(S);Move(N)
26921625986:Push(E,E);Push(E,E);Move(N);Move(S)
26922077364:Push(E,E);Push(E,E);Move(N);Move(N)
26922579086:Push(E,E);Push(E,E);Move(S);Move(W)
26923116545:Push(E,E);Push(E,E);Move(N);Move(E)
26923625959:Push(E,E);Push(E,E);Move(S);Move(S)
26924847565:Push(E,S);Push(E,E);Move(S);Move(N)
26925638948:Push(S,S);Push(E,E);Move(N);Move(S)
26926095510:Push(S,S);Push(E,E);Move(S);Move(N)
26926496212:Push(S,W);Push(E,E);Move(N);Move(W)
26926919101:Push(W,W);Move(S);Move(S);Move(E)
26927325169:Push(W,W);Move(E);Move(N);Move(W)
26928074059:Push(W,W);Move(S);Move(S);Move(E)
26929561121:Push(W,W);Pull(W,S);Move(N);Move(W)
26930284790:Push(W,W);Pull(W,E);Move(N);Move(E)
26931621939:Push(W,W);Pull(W,E);Move(S);Move(W)
26932404828:Push(W,W);Push(E,N);Move(N);Move(E)
26933517774:Push(W,W);Push(N,N);Move(S);Move(S)
26933993242:Push(W,W);Push(N,W);Move(S);Move(N)
26934381564:Push(W,W);Push(W,W);Move(N);Move(W)
26934864496:Push(W,W);Push(W,W);Move(S);Move(E)
26935229521:Push(W,W);Push(W,W);Move(N);Move(W)
26935617943:Push(W,W);Push(W,W);Move(N);Move(E)
26935999655:Push(W,W);Push(W,W);Move(S);Move(W)
26936451961:Push(W,W);Push(W,W);Move(N);Move(E)
26936808512:Push(W,W);Push(W,W);Move(S);Move(W)
26937147775:Push(W,W);Push(W,W);Move(S);Move(E)
26937485871:Push(W,W);Push(W,W);Move(N);Move(S)
26937831607:Push(W,N);Push(W,W);Move(N);Move(N)
26938190082:Move(S);Push(W,W);Move(S);Move(S)
26938537789:Move(S);Push(W,W);Move(N);Move(N)
26939012348:Move(N);Push(W,W);Move(S);Move(W)
26939381013:Move(S);Push(W,W);Move(S);Move(E)
26939707065:Move(E);Push(W,W);Move(N);Move(S)
26940015231:Move(W);Push(W,W);Move(N);Move(N)
26940320374:Move(E);Push(W,W);Move(S);Move(S)
26940637029:Move(W);Push(W,N);Move(S);Move(N)
26940927685:Move(N);Push(N,N);Move(N);Move(S)
26941239237:Move(S);Push(N,N);Move(S);Move(N)
26941552434:Move(S);Push(N,N);Move(N);Move(S)
26941889751:Move(S);Push(N,N);Move(N);Move(N)
26942181680:Move(W);Move(S);Move(S);Move(W)
26942614820:Move(W);Move(S);Move(N);Move(E)
26942910242:Move(N);Move(S);Move(S);Move(S)
26943200070:Move(N);Move(S);Move(S);Move(N)
26943464076:Move(N);Move(S);Move(N);Move(S)
26943731699:Pull(S,N);Move(S);Move(S);Move(N)
26944012941:Pull(S,N);Move(S);Move(N);Move(W)
26944302817:Push(N,W);Move(S);Move(N);Move(E)
26944913195:Push(W,S);Move(S);Move(S);Move(S)
26945178178:Push(S,S);Move(S);Move(S);Move(N)
26945480876:Push(S,W);Move(N);Move(N);Move(W)
26945738389:Push(W,S);Move(S);Move(N);Move(E)
26945995699:Push(S,W);Move(N);Move(S);Move(S)
26946235671:Push(W,S);Move(S);Move(N);Move(N)
26946466334:Push(S,S);Move(N);Move(S);Move(S)
26946721926:Push(S,W);Move(S);Move(S);Move(N)
26946954506:Push(W,S);Move(N);Move(N);Move(W)
26947181018:Push(S,W);Move(S);Move(S);Move(E)
26947403140:Push(W,W);Move(N);Move(N);Move(S)
26947624076:Push(W,W);Move(S);Move(N);Move(N)
26947896426:Push(W,W);Move(N);Move(S);Move(W)
26948128565:Push(W,W);Move(S);Move(S);Move(E)
26948348224:Push(W,W);Move(N);Move(N);Move(S)
26948570555:Push(W,W);Move(S);Move(N);Move(N)
26948783593:Push(W,S);Move(N);Move(S);Move(W)
26949004788:Push(S,W);Move(S);Move(S);Move(E)
26949227981:Push(W,W);Move(N);Move(N);Move(S)
26949453025:Push(W,S);Move(S);Move(S);Move(N)
26949828770:Push(S,W);Move(N);Move(N);Move(S)
26950049537:Push(W,W);Move(S);Move(S);Move(N)
26950253313:Push(W,W);Move(N);Move(N);Move(W)
26950470690:Push(W,N);Move(S);Move(N);Move(E)
26950668454:Push(N,N);Move(N);Move(S);Move(W)
26950853299:Push(N,N);Move(S);Move(N);Move(E)
26951085656:Push(N,N);Move(N);Move(S);Move(W)
26951289696:Push(N,N);Move(S);Move(S);Move(E)
26951492446:Push(N,N);Move(N);Move(N);Move(W)
26951694735:Push(N,N);Move(S);Move(N);Move(E)
26951903065:Push(N,N);Move(N);Move(S);Move(W)
26952122671:Push(N,N);Move(S);Move(S);Move(E)
26952426371:Push(N,N);Move(N);Move(N);Move(W)
26952643500:Move(S);Move(S);Move(S);Move(E)
26952821348:Move(S);Move(N);Move(N);Move(S)
26953045135:Move(S);Move(S);Move(S);Move(N)
26953239869:Move(S);Move(N);Move(N);Move(W)
26953414790:Move(S);Move(S);Move(S);Move(E)
26953597717:Move(S);Move(N);Move(N);Move(S)
26953836998:Move(S);Move(S);Move(S);Move(N)
26954043849:Move(S);Move(N);Move(N);Move(W)
26954238724:Move(S);Move(S);Move(S);Move(E)
26954432951:Move(S);Move(N);Move(N);Move(W)
26954719929:Move(S);Move(S);Move(S);Move(E)
26955160008:Move(S);Move(N);Move(N);Move(S)
26955370665:Push(S,S);Move(S);Move(N);Move(N)
26955596560:Push(S,S);Move(N);Move(S);Move(S)
26955877220:Push(S,S);Move(S);Move(N);Move(N)
26956102574:Push(S,S);Move(N);Move(S);Move(S)
26956355025:Push(S,E);Move(S);Move(S);Move(N)
26956559770:Push(E,S);Move(N);Move(N);Move(W)
26956777769:Push(S,S);Move(S);Move(N);Move(E)
26956968579:Push(S,E);Move(N);Move(S);Move(W)
26957159916:Push(E,E);Move(S);Move(N);Move(E)
26957348602:Push(E,S);Move(N);Move(S);Move(W)
26957525846:Push(S,E);Move(S);Move(N);Move(E)
26957704414:Push(E,E);Move(N);Move(S);Move(S)
26957908216:Push(E,S);Move(S);Move(N);Move(N)
26958099291:Push(S,E);Move(N);Move(S);Move(W)
26958284064:Push(E,S);Move(S);Move(N);Move(E)
26958499719:Push(S,S);Move(N);Move(S);Move(S)
26958704663:Push(S,E);Move(S);Move(N);Move(N)
26958886039:Push(E,E);Move(N);Move(S);Move(S)
26959063789:Push(E,E);Move(S);Move(S);Move(N)
26959263572:Push(E,E);Move(N);Move(N);Move(W)
26959467192:Push(E,E);Move(S);Move(N);Move(E)
26959643079:Push(E,E);Move(N);Move(S);Move(S)
26959815414:Push(E,E);Move(S);Move(N);Move(N)
26959991474:Push(E,E);Move(N);Move(S);Move(S)
26960171356:Push(E,E);Move(S);Move(S);Move(N)
26960346971:Push(E,E);Move(N);Move(N);Move(S)
26960585137:Push(E,E);Move(S);Move(N);Move(N)
26960746308:Push(E,E);Move(N);Move(S);Move(W)
26960926631:Push(E,E);Move(S);Move(S);Move(E)
26961103699:Push(E,S);Move(N);Move(N);Move(S)
26961285355:Move(W);Move(S);Move(N);Move(N)
26961456552:Move(N);Move(N);Move(S);Move(W)
26961603657:Move(W);Move(S);Move(S);Move(E)
26961787921:Move(W);Move(N);Move(N);Move(S)
26961947515:Move(N);Move(S);Move(S);Move(N)
26962100441:Move(W);Move(N);Move(N);Move(W)
26962256440:Move(N);Move(S);Move(N);Move(E)
26962424526:Move(W);Move(N);Move(S);Move(S)
26962583873:Move(N);Move(S);Move(N);Move(N)
26962730399:Move(W);Move(N);Move(S);Move(W)
26962891722:Move(W);Move(S);Move(S);Move(E)
26963051439:Move(N);Move(N);Move(N);Move(W)
26963215429:Move(N);Move(S);Move(S);Move(E)
26963397861:Move(N);Move(N);Move(N);Move(W)
26963572532:Move(N);Move(S);Move(N);Move(E)
26963721644:Move(N);Move(N);Move(S);Move(W)
26963877829:Move(N);Move(S);Move(N);Move(E)
26964028112:Move(N);Move(N);Move(S);Move(W)
26964176894:Move(N);Move(S);Move(S);Move(E)
26964343072:Move(N);Move(N);Move(N);Move(S)
26964491616:Move(N);Move(S);Move(S);Move(N)
26964642126:Move(N);Move(N);Move(N);Move(W)
26964777526:Move(E);Move(S);Move(S);Move(E)
26964931109:Move(N);Move(N);Move(N);Move(W)
26965080396:Move(N);Move(S);Move(N);Move(E)
26965223473:Move(N);Move(N);Move(S);Move(W)
26965375653:Move(E);Move(S);Move(S);Move(E)
26965520379:Move(N);Move(N);Move(N);Move(W)
26965687295:Move(N);Move(S);Move(S);Move(E)
26965831220:Move(E);Move(N);Move(N);Move(S)
26965992098:Move(E);Move(S);Move(S);Move(N)
26966149263:Move(E);Move(N);Move(N);Move(S)
26966286273:Move(E);Move(S);Move(S);Move(N)
26966460795:Move(E);Move(N);Move(N);Move(W)
26966594992:Move(E);Move(S);Move(S);Move(E)
26966732819:Move(N);Move(N);Move(N);Move(S)
26966878659:Move(E);Move(S);Move(N);Move(N)
26967012891:Move(E);Move(N);Move(S);Move(W)
26967138953:Move(E);Move(S);Move(N);Move(E)
26967267017:Move(E);Move(N);Move(S);Move(S)
26967413454:Move(E);Move(S);Move(N);Move(N)
26967548034:Move(E);Move(N);Move(S);Move(S)
26967686593:Move(E);Move(S);Move(S);Move(N)
26967825992:Move(E);Move(N);Move(N);Move(W)
26967974203:Move(E);Move(S);Move(S);Move(E)
26968107067:Move(E);Move(N);Move(N);Move(W)
26968245407:Move(E);Move(S);Move(S);Move(E)
26968377571:Move(E);Move(N);Move(N);Move(W)
26968513000:Move(E);Move(S);Move(N);Move(E)
26968648089:Move(E);Move(N);Move(S);Move(W)
26968783033:Move(E);Move(S);Move(N);Move(E)
26968929244:Move(E);Move(N);Move(S);Move(S)
26969065695:Move(E);Move(S);Move(S);Move(N)
26969214756:Move(E);Move(N);Move(N);Move(S)
26969357137:Move(E);Move(S);Move(S);Move(N)
26969492197:Move(E);Move(N);Move(N);Move(W)
26969626684:Move(E);Move(S);Move(N);Move(E)
26969788052:Move(E);Move(N);Move(S);Move(S)
26969929887:Pull(S,E);Move(S);Move(S);Move(N)
26970078748:Pull(W,N);Move(N);Move(N);Move(S)
26970220391:Push(E,S);Move(S);Move(S);Move(N)
26970359490:Push(S,S);Move(N);Move(N);Move(S)
26970497996:Push(S,S);Move(S);Move(S);Move(N)
26970648260:Push(S,W);Move(N);Move(N);Move(S)
26970824119:Push(W,S);Move(S);Move(S);Move(N)
26970975848:Push(S,S);Move(N);Move(N);Move(S)
26971115996:Push(S,S);Move(S);Move(S);Move(N)
26971253494:Push(S,W);Move(N);Move(N);Move(W)
26971395604:Push(W,W);Move(S);Move(S);Move(E)
26971540139:Push(W,W);Move(N);Move(N);Move(W)
26971694527:Push(W,W);Move(S);Move(N);Move(E)
26971858923:Push(W,W);Move(N);Move(S);Move(W)
26972003338:Push(W,W);Move(S);Move(S);Move(E)
26972142746:Push(W,W);Move(N);Move(N);Move(W)
26972282615:Push(W,W);Move(S);Move(N);Move(E)
26972421048:Push(W,W);Move(N);Move(S);Move(W)
26972555369:Move(E);Move(S);Move(S);Move(E)
26972702695:Move(E);Move(N);Move(N);Move(S)
26972834161:Move(E);Move(S);Move(N);Move(N)
26972961655:Move(N);Move(N);Move(S);Move(W)
26973092240:Move(E);Move(S);Move(S);Move(E)
26973223401:Move(E);Move(N);Move(N);Move(S)
26973420220:Move(N);Move(S);Move(N);Move(N)
26973572951:Move(N);Move(N);Move(S);Move(W)
26973732101:Move(E);Move(S);Move(N);Move(E)
26973892294:Move(N);Move(N);Move(S);Move(W)
26974033677:Move(E);Move(S);Move(S);Move(E)
26974194173:Move(N);Move(N);Move(N);Move(S)
26974391067:Move(E);Move(S);Move(N);Move(N)
26974513720:Move(N);Move(N);Move(S);Move(W)
26974631685:Move(N);Move(S);Move(S);Move(E)
26974748577:Move(N);Move(N);Move(N);Move(W)
26974863425:Move(N);Move(S);Move(S);Move(E)
26974976999:Move(N);Move(N);Move(N);Move(S)
26975094512:Move(N);Move(S);Move(S);Move(N)
26975210209:Move(E);Move(N);Move(N);Move(W)
26975324619:Move(E);Move(S);Move(S);Move(E)
26975459829:Move(N);Move(N);Move(N);Move(S)
26975573847:Move(N);Move(S);Move(S);Move(N)
26975690226:Move(E);Move(N);Move(N);Move(W)
26975876682:Move(E);Move(S);Move(N);Move(E)
26975998937:Move(S);Move(N);Move(S);Move(W)
26976122434:Push(S,S);Move(S);Move(S);Move(E)
26976279794:Push(S,S);Move(N);Move(N);Move(S)
26976440180:Push(S,S);Move(S);Move(N);Move(N)
26976606342:Push(S,S);Move(N);Move(S);Move(S)
26976747260:Push(S,S);Move(S);Move(N);Move(N)
26976885900:Push(S,S);Move(N);Move(S);Move(W)
26977016758:Push(S,S);Move(S);Move(N);Move(E)
26977149324:Push(S,S);Move(N);Move(S);Move(W)
26977282451:Push(S,S);Move(S);Move(N);Move(E)
26977416334:Push(S,S);Move(N);Move(S);Move(S)
26977550359:Push(S,S);Move(S);Move(S);Move(N)
26977695261:Push(S,S);Move(N);Move(N);Move(S)
26977845961:Push(S,S);Move(S);Move(S);Move(N)
26978019651:Push(S,S);Move(N);Move(N);Move(S)
26978146805:Push(S,S);Move(S);Move(N);Move(N)
26978274122:Push(S,S);Move(N);Move(S);Move(S)
26978460359:Push(S,S);Move(S);Move(N);Move(N)
26978587653:Push(S,S);Move(N);Move(S);Move(S)
26978714651:Push(S,S);Move(S);Move(N);Move(N)
26978835012:Push(S,S);Move(N);Move(S);Move(S)
26978955273:Push(S,S);Move(S);Move(N);Move(N)
26979075428:Push(S,S);Move(N);Move(S);Move(S)
26979216135:Push(S,S);Move(S);Move(S);Move(N)
26979350813:Push(S,S);Move(N);Move(N);Move(S)
26979569558:Push(S,S);Move(S);Move(S);Move(N)
26979725631:Push(S,S);Move(N);Move(N);Move(W)
26979846035:Push(S,S);Move(S);Move(S);Move(E)
26979962072:Push(S,S);Move(N);Move(N);Move(S)
26980078061:Push(S,S);Move(S);Move(S);Move(N)
26980191498:Push(S,S);Move(N);Move(N);Move(S)
26980303255:Push(S,S);Move(S);Move(S);Move(N)
26980451272:Push(S,W);Move(N);Move(N);Move(S)
26980568475:Push(W,S);Move(S);Move(N);Move(N)
26980695621:Push(S,W);Move(N);Move(S);Move(S)
26980863490:Push(W,W);Move(S);Move(S);Move(N)
26980989943:Move(E);Move(N);Move(N);Move(W)
26981113943:Move(E);Move(S);Move(S);Move(E)
26981230099:Move(E);Move(N);Move(N);Move(W)
26981349184:Move(N);Move(S);Move(N);Move(E)
26981464959:Move(N);Move(N);Move(S);Move(W)
26981603536:Move(N);Move(S);Move(S);Move(E)
26981718815:Move(N);Move(N);Move(N);Move(W)
26981831399:Move(N);Move(S);Move(N);Move(E)
26981959643:Move(N);Move(N);Move(S);Move(S)
26982139178:Move(N);Move(S);Move(S);Move(N)
26982279820:Move(N);Move(N);Move(N);Move(S)
26982398704:Move(N);Move(S);Move(N);Move(N)
26982533532:Move(N);Move(N);Move(S);Move(S)
26982669746:Move(N);Move(S);Move(S);Move(N)
26982786078:Move(N);Move(N);Move(N);Move(W)
26982907148:Move(N);Move(S);Move(N);Move(E)
26983024059:Move(N);Move(N);Move(S);Move(W)
26983146967:Move(N);Move(S);Move(S);Move(E)
26983264885:Move(N);Move(N);Move(N);Move(S)
26983399410:Move(N);Move(S);Move(S);Move(N)
26983518789:Move(N);Move(N);Move(N);Move(S)
26983634887:Move(N);Move(S);Move(S);Move(N)
26983746183:Move(N);Move(N);Move(N);Move(W)
26983856735:Move(N);Move(S);Move(N);Move(E)
26983989565:Move(N);Move(N);Move(S);Move(S)
26984100789:Move(N);Move(S);Move(N);Move(N)
26984214312:Move(N);Move(N);Move(S);Move(W)
26984326928:Move(N);Move(S);Move(S);Move(E)
26984451735:Move(N);Move(N);Move(N);Move(S)
26984560944:Move(N);Move(S);Move(N);Move(N)
26984675042:Move(N);Move(N);Move(S);Move(S)
26984792669:Move(N);Move(S);Move(S);Move(N)
26984904665:Move(N);Move(N);Move(N);Move(S)
26985018092:Move(N);Move(S);Move(S);Move(N)
26985130756:Move(N);Move(N);Move(N);Move(S)
26985243571:Move(N);Move(S);Move(N);Move(N)
26985386312:Move(N);NoOp;Move(S);NoOp
#end
#solved
true
#numactions
329
#time
26985386312
#end
