#domain
hospital
#levelname
MAGLaDOS
#colors
red: 0, A, C
green: 1, B
#initial
++++++++++++++++++++++++++++++++++++++++++++++++++
+B     C                                        A+
+                                                +
+                                                +
+                                C               +
+                                                +
+                                                +
+               C                                +
+                                                +
+                                                +
+                                                +
+                                                +
+                            C                   +
+                                                +
+                                                +
+                                                +
+                                                +
+                                                +
+                                                +
+         C                          C           +
+                                                +
+                                                +
+                                                +
+                                                +
+                                                +
+                                                +
+                       C                        +
+                                                +
+                                                +
+                                                +
+                                                +
+                                                +
+                                                +
+                                                +
+                                                +
+                                                +
+                                                +
+                                                +
+             C                                  +
+                                                +
+                                                +
+                                                +
+                                    C           +
+                                                +
+                                                +
+                                                +
+                   C                            +
+C                                              C+
+0C                                            C1+
++++++++++++++++++++++++++++++++++++++++++++++++++
#goal
++++++++++++++++++++++++++++++++++++++++++++++++++
+      C                                         +
+                                                +
+                                                +
+                                                +
+                                                +
+                                                +
+                                                +
+                                                +
+                                                +
+                                                +
+                                                +
+                                                +
+                                                +
+                                                +
+                                                +
+                                                +
+                                                +
+                                                +
+                                                +
+                                                +
+                                                +
+                                                +
+                                                +
+                                                +
+                                                +
+                                                +
+                                                +
+                                                +
+                                                +
+                                                +
+                                                +
+                                                +
+                                                +
+                                                +
+                                                +
+                                                +
+                                                +
+                                                +
+                                                +
+                                                +
+                                                +
+                                                +
+                                                +
+                                                +
+                                                +
+                                                +
+                                                +
+A                                              B+
++++++++++++++++++++++++++++++++++++++++++++++++++
#end
#clientname
PearEasy Client
#actions
57017728101:Push(E,N);NoOp
57018301452:Push(N,N);NoOp
57019070821:Pull(E,N);NoOp
57019680245:Pull(E,W);NoOp
57020181140:Move(E);NoOp
57024308510:Move(E);NoOp
57024841516:Move(E);NoOp
57025302273:Move(E);NoOp
57025714616:Move(E);NoOp
57026161552:Move(E);NoOp
57026582742:Move(E);NoOp
57027044571:Move(E);NoOp
57027662234:Move(E);NoOp
57028184144:Move(E);NoOp
57029130207:Move(E);NoOp
57030139762:Move(E);NoOp
57030645843:Move(E);NoOp
57031027517:Move(E);NoOp
57031632644:Move(E);NoOp
57033165383:Move(E);NoOp
57035355221:Move(E);NoOp
57039216366:Move(E);NoOp
57040643533:Move(E);NoOp
57046898628:Move(E);NoOp
57047375078:Move(E);NoOp
57048807537:Move(E);NoOp
57050495674:Move(E);NoOp
57051044644:Move(E);NoOp
57051373588:Move(E);NoOp
57051830077:Move(E);NoOp
57054141842:Move(E);NoOp
57055183233:Move(E);NoOp
57057199630:Move(E);NoOp
57058455072:Move(E);NoOp
57058818505:Move(E);NoOp
57059095333:Move(E);NoOp
57059409012:Move(E);NoOp
57059768761:Move(E);NoOp
57060085933:Move(E);NoOp
57060345216:Move(E);NoOp
57060628190:Move(E);NoOp
57060882356:Move(E);NoOp
57061131908:Move(E);NoOp
57062213892:Move(E);NoOp
57062480789:Move(E);NoOp
57062718922:Move(E);NoOp
57063019406:Move(E);NoOp
57063300273:Pull(N,E);NoOp
57063602886:Pull(N,S);Move(N)
57064803884:Pull(N,S);Move(N)
57065506719:Move(E);Move(W)
57069037421:Move(N);Move(W)
57069361086:Move(N);Move(W)
57069646503:Move(N);Move(N)
57070047227:Move(N);Move(W)
57070308679:Move(N);Move(W)
57070556561:Move(N);Move(W)
57070809366:Move(N);Move(W)
57071053098:Move(N);Move(W)
57071303293:Move(N);Move(N)
57071541634:Move(N);Move(N)
57071780446:Move(N);Move(W)
57072017696:Move(N);Move(N)
57072266373:Move(N);Move(W)
57072511216:Move(N);Move(N)
57072781126:Move(N);Move(W)
57073056196:Move(N);Move(W)
57073610206:Move(N);Move(W)
57074361638:Move(N);Move(N)
57074626199:Move(N);Move(W)
57076381255:Move(N);Move(W)
57076657263:Move(N);Move(W)
57076890072:Move(N);Move(N)
57077164979:Move(N);Move(N)
57077402505:Move(N);Move(W)
57077640707:Move(N);Move(N)
57077861703:Move(N);Move(W)
57078186457:Move(N);Move(W)
57078414494:Move(N);Move(W)
57084136615:Move(N);Move(W)
57084409852:Move(N);Move(N)
57084626891:Move(N);Move(N)
57085151033:Move(N);Move(W)
57086013843:Move(N);Move(N)
57086276257:Move(N);Move(W)
57089393248:Move(N);Move(N)
57089700132:Move(N);Move(W)
57089926580:Move(N);Move(N)
57090144601:Move(N);Move(W)
57090367992:Move(N);Move(W)
57094506468:Move(N);Move(N)
57094706966:Move(N);Move(W)
57094887352:Move(N);Move(N)
57095083231:Push(N,W);Move(N)
57098028683:Push(W,W);Move(W)
57098264581:Push(W,S);Move(N)
57098463841:Push(S,W);Move(W)
57098643522:Push(W,S);Move(W)
57098819943:Push(S,S);Move(N)
57098987977:Push(S,S);Move(N)
57099163152:Push(S,W);Move(W)
57099336243:Push(W,S);Move(W)
57099505475:Push(S,W);Move(W)
57099674983:Push(W,S);Move(N)
57099835551:Push(S,W);Move(N)
57100006323:Push(W,S);Move(N)
57100170150:Push(S,W);Move(N)
57100344575:Push(W,W);Move(W)
57100511999:Push(W,S);Move(W)
57100711012:Push(S,S);Move(N)
57102153376:Push(S,W);Move(N)
57102347315:Push(W,W);Move(W)
57102523099:Push(W,W);Move(W)
57102691272:Push(W,W);Move(W)
57102857350:Push(W,S);Move(W)
57103029629:Push(S,W);Move(N)
57103225577:Push(W,W);Move(W)
57103423558:Push(W,S);Move(W)
57103607142:Push(S,W);Move(N)
57103778378:Push(W,S);Move(N)
57103949847:Push(S,W);Move(N)
57104132904:Push(W,W);Move(W)
57104307017:Push(W,W);Move(W)
57104621407:Push(W,S);Move(W)
57104792540:Push(S,W);Move(N)
57104957019:Push(W,S);Move(N)
57105114001:Push(S,W);Move(W)
57105298293:Push(W,S);Move(N)
57105459739:Push(S,W);Move(W)
57105687769:Push(W,W);Move(N)
57105864274:Push(W,W);Move(N)
57106039196:Push(W,W);Move(N)
57106211313:Push(W,W);Move(N)
57106374269:Push(W,S);Move(N)
57106543594:Push(S,S);Move(W)
57106699854:Push(S,S);Move(N)
57106862584:Push(S,S);Move(N)
57107016673:Push(S,S);Move(N)
57107176038:Push(S,S);Move(N)
57107338184:Push(S,W);Move(N)
57107495963:Push(W,S);Move(N)
57107654791:Push(S,S);Pull(E,N)
57107873915:Push(S,S);Pull(E,W)
57108039648:Push(S,S);Pull(S,W)
57108214661:Push(S,S);Push(N,E)
57108377025:Push(S,S);Push(E,S)
57108538444:Push(S,W);Push(S,S)
57108698037:Push(W,S);Push(S,E)
57108865709:Push(S,S);Push(E,E)
57109046384:Push(S,W);Push(E,E)
57109207436:Push(W,W);Push(E,S)
57109357750:Push(W,W);Push(S,E)
57109502733:Push(W,S);Push(E,E)
57109650620:Push(S,W);Push(E,E)
57109799109:Push(W,W);Push(E,E)
57109967085:Push(W,W);Push(E,S)
57110122046:Push(W,S);Push(S,S)
57113245525:Push(S,W);Push(S,S)
57113700695:Push(W,S);Push(S,S)
57113846315:Push(S,W);Push(S,S)
57113997929:Push(W,W);Push(S,S)
57115145109:Push(W,W);Push(S,E)
57115548554:Push(W,W);Push(E,E)
57115685798:Push(W,W);Push(E,S)
57115822875:Push(W,W);Push(S,E)
57115958068:Push(W,S);Push(E,S)
57116087958:Push(S,S);Push(S,S)
57116219587:Push(S,S);Push(S,E)
57116355166:Push(S,S);Push(E,E)
57116484533:Push(S,S);Push(E,E)
57116623901:Push(S,S);Push(E,E)
57116969828:Push(S,S);Push(E,S)
57117099892:Push(S,W);Push(S,S)
57119989819:Push(W,W);Push(S,E)
57120190548:Push(W,S);Push(E,E)
57120357208:Push(S,S);Push(E,S)
57120500568:Push(S,W);Push(S,S)
57120648362:Push(W,S);Push(S,S)
57120793525:Push(S,S);Push(S,E)
57121168273:Push(S,W);Push(E,E)
57121302672:Push(W,S);Push(E,S)
57121432466:Push(S,S);Push(S,S)
57121569803:Push(S,W);Push(S,S)
57121712838:Push(W,W);Push(S,E)
57121849330:Push(W,S);Push(E,E)
57121995690:Push(S,S);Push(E,E)
57122130563:Push(S,W);Push(E,S)
57122258697:Move(E);Push(S,E)
57122387755:Push(N,E);Push(E,E)
57122536485:Pull(N,E);Push(E,S)
57122674804:Pull(N,S);Push(S,E)
57122822552:Pull(N,S);Push(E,S)
57123924981:Push(S,E);Push(S,S)
57124060659:Push(E,N);Push(S,S)
57124181401:Pull(S,N);Push(S,E)
57124300425:Pull(W,N);Push(E,S)
57124433374:Push(E,S);Push(S,E)
57124581152:Push(S,S);Push(E,E)
57125470043:Pull(W,S);Push(E,E)
57125618124:Push(E,S);Push(E,E)
57125800861:Pull(W,S);Push(E,S)
57126306783:Pull(N,E);Push(S,S)
57126436715:Pull(E,S);Push(S,E)
57126597427:Push(W,W);Push(E,S)
57126718394:Push(W,W);Push(S,E)
57126852176:Pull(N,W);Push(E,E)
57126985617:Pull(W,S);Push(E,S)
57127100574:Pull(N,E);Push(S,S)
57127213326:Push(S,E);Push(S,E)
57127326827:Push(E,S);Push(E,S)
57127444048:Pull(W,S);Push(S,S)
57127573451:Pull(S,E);Push(S,E)
57127690873:Pull(E,S);Push(E,S)
57127803108:Move(N);Push(S,S)
57127916232:Move(S);Push(S,E)
57128057128:Pull(E,W);Push(E,E)
57128194111:Pull(S,W);Push(E,S)
57128322353:Push(N,N);Push(S,E)
57128456649:Pull(S,N);Push(E,E)
57128582479:Push(N,W);Push(E,S)
57128707308:Push(W,N);Push(S,S)
57128823439:Push(N,N);Push(S,S)
57128942359:Pull(E,N);Push(S,S)
57129055449:Push(W,N);Push(S,E)
57129186209:Pull(S,N);Push(E,E)
57129299554:Pull(S,N);Push(E,E)
57129413573:Push(N,N);Push(E,E)
57129522463:Pull(S,N);Push(E,S)
57129631529:Push(N,E);Push(S,E)
57129741757:Pull(N,E);Push(E,E)
57129847728:Pull(E,S);Push(E,S)
57129957466:Pull(S,W);Push(S,S)
57130066269:Push(N,W);Push(S,S)
57130216797:Pull(N,W);Push(S,S)
57130334559:Push(S,S);Push(S,S)
#end
#solved
true
#numactions
235
#time
57130334559
#end
