#domain
hospital
#levelname
MAMSecretA
#colors
red: 0, 1, A
blue: B
#initial
+++++++++++++++++++++++++++++++++
+A           + AB1              +
+ ++++++++++++  B +++++++++++++ +
+ +             B             + +
+ + ++++++++++++B++++++++++++ + +
+ +             B             + +
+ +++++++++++++ B +++++++++++++ +
+ +             B             + +
+ + ++++++++++++B++++++++++++ + +
+ +             B             + +
+ +++++++++++++ B  ++++++++++++ +
+              0BA +           A+
+++++++++++++++++++++++++++++++++
#goal
+++++++++++++++++++++++++++++++++
+           A+                  +
+ ++++++++++++    +++++++++++++ +
+ +                           + +
+ + ++++++++++++ ++++++++++++ + +
+ +                           + +
+ +++++++++++++   +++++++++++++ +
+ +                           + +
+ + ++++++++++++ ++++++++++++ + +
+ +                           + +
+ +++++++++++++    ++++++++++++ +
+                  +A           +
+++++++++++++++++++++++++++++++++
#end
#clientname
PearEasy Client
#actions
151496376:Move(W);Move(E)
151991470:Move(W);Move(E)
153217124:Move(W);Move(E)
153781562:Move(W);Move(E)
154249185:Move(W);Move(E)
154612055:Move(W);Move(E)
155007144:Move(W);Move(E)
155390992:Move(W);Move(E)
155753944:Move(W);Move(E)
156167201:Move(W);Move(E)
156736618:Move(W);Move(E)
157290750:Move(W);Move(E)
158093575:Move(W);Move(E)
159159242:Move(W);Move(E)
160520440:Move(N);Move(S)
160899379:Move(N);Move(S)
161249761:Move(N);Move(S)
161618412:Move(N);Move(S)
161927060:Move(N);Move(S)
162240970:Move(N);Move(S)
162563627:Move(N);Move(S)
162880073:Move(N);Move(S)
163202867:Move(N);Move(S)
163540259:Push(N,E);Push(S,W)
164079994:Push(E,E);Push(W,W)
164952502:Push(E,E);Push(W,W)
165714136:Push(E,E);Push(W,W)
166165499:Push(E,E);Push(W,W)
166744193:Push(E,E);Push(W,W)
167197358:Push(E,E);Push(W,W)
167641200:Push(E,E);Push(W,W)
168081217:Push(E,E);Push(W,W)
168570699:Push(E,E);Push(W,W)
169070090:Push(E,E);Push(W,W)
#end
#solved
true
#numactions
34
#time
169070090
#end
