#domain
hospital
#levelname
MANeverAI
#colors
blue: 0, A, B
red: 1, C, D
#initial
          ++
         +  +
        +    +
       +      +
      ++B+++++++
     ++        ++
    +  +         +
   +    +    +    +
  +      C  +      +
 +        ++        +
+++++++++A+++++++++ ++
 +        ++        +
  +      +  +      +
   +    +    +    +
    +0 +         +
     +++++++++D++
      +1       +
       +      +
        +    +
         +  +
          ++
#goal
          ++
         + C+
        +    +
       +      +
      ++ +++++++
     ++        ++
    +  +         +
   +    +    +    +
  +         +      +
 +        ++        +
+++++++++ +++++++++ ++
 +        ++B       +
  +      +  +      +
   +    +    +    +
    + D+         +
     +++++++++ ++
      +        +
       +      +
        +    +
         +A +
          ++
#end
#clientname
PearEasy Client
#actions
2987024288:Move(E);Move(E)
2987187055:Move(N);Move(E)
2987352551:Move(N);Move(E)
2987540138:Move(N);Move(E)
2987762147:Move(E);Move(E)
2987993592:Move(E);Move(E)
2988251508:Move(E);Move(E)
2988406169:Move(W);Push(N,N)
2988589831:Move(E);Push(N,E)
2988830186:Move(W);Push(E,N)
2989036094:Move(E);Push(N,E)
2989229974:Move(W);Push(E,N)
2989417366:Move(E);Push(N,N)
2989602833:Move(W);Push(N,E)
2989841682:Move(E);Push(E,E)
2990037104:Move(W);Push(E,E)
2990268022:Move(E);Push(E,N)
2990422668:Move(W);Push(N,N)
2990644173:Move(E);Push(N,W)
2990922728:Move(W);Push(W,W)
2991107470:Move(E);Push(W,W)
2991254071:Move(W);Push(W,N)
2991466230:Move(E);Push(N,W)
2991649263:Move(W);Push(W,W)
2991851494:Move(E);Push(W,N)
2992057557:Move(W);Push(N,N)
2992238269:Move(E);Push(N,W)
2992430327:Move(W);Push(W,W)
2992645221:Move(E);Push(W,W)
2992875491:Move(W);Push(W,S)
2993095626:Move(E);Push(S,W)
2993283895:Push(N,N);Push(W,S)
2993457183:Push(N,W);Push(S,E)
2993688517:Pull(S,W);Push(W,W)
2993863851:Move(S);Move(E)
2994079438:Move(N);Pull(W,E)
2994932752:Move(S);Push(W,W)
2995443084:Move(N);Move(E)
2996066982:Pull(S,N);Pull(N,E)
2996384548:Push(N,N);Pull(E,S)
2996575123:Push(N,N);Pull(S,W)
2996751925:Push(N,N);Pull(E,N)
2996889528:Push(N,N);Move(N)
2997009794:Push(N,E);Move(S)
2997158938:Push(E,E);Push(W,W)
2997295468:Push(E,E);Push(W,S)
2997500851:Push(E,E);Push(S,S)
2997631011:Push(E,E);Push(S,S)
2997756237:Push(E,S);Push(S,W)
2997880943:Push(S,E);Push(W,S)
2998008826:Push(E,E);Push(S,W)
2998155531:Push(E,S);Push(W,S)
2998302902:Push(S,E);Push(S,W)
2998435583:Push(E,E);Push(W,S)
2998547936:Push(E,S);Move(N)
2998655294:Push(S,E);Move(N)
2998835781:Push(E,S);Move(E)
2999031045:Push(S,S);Move(E)
2999212840:Push(S,W);Move(E)
2999534903:Push(W,S);Move(N)
2999720238:Push(S,W);Move(N)
2999860321:Push(W,W);Move(W)
2999983959:Push(W,W);Move(W)
3000426232:Push(W,W);Push(N,E)
3000849154:Push(W,S);Move(N)
3001018515:Push(S,S);Move(S)
3001206470:Push(S,S);Move(S)
3001369721:Push(S,S);Move(E)
3001756172:Push(S,W);Move(W)
3002025215:Push(W,W);Move(E)
3002163085:Push(W,S);Move(E)
3002367201:Push(S,S);Move(W)
3002629175:Push(S,W);Move(E)
3002812891:Push(W,S);Move(N)
3002953998:Push(S,W);Move(N)
3003069843:Move(N);Move(S)
3003193292:Move(N);Move(E)
3003320236:Move(N);Move(W)
3003431390:Move(E);Move(E)
3003541649:Move(E);Move(W)
3003653648:Move(E);Move(S)
3003766881:Move(N);Move(W)
3003873542:Move(N);Move(W)
3003982292:Move(N);Move(N)
3004135350:Move(E);Move(N)
3004271019:Move(N);Move(S)
3004389741:Move(N);Move(N)
3004569610:Move(E);Move(S)
3004673182:Move(E);Move(S)
3004772325:Move(E);Move(N)
3004870696:Move(E);Move(N)
3004969745:Move(N);Move(S)
3005107919:Move(N);Move(W)
3005231767:Move(W);Move(E)
3005348246:Move(N);Move(S)
3005461524:Move(W);Move(N)
3005573897:Move(W);Move(W)
3005690357:Move(N);Move(E)
3005862370:Move(W);Move(S)
3006005329:Move(N);Move(E)
3006473603:Move(W);Move(W)
3006607453:Move(N);Move(E)
3006705294:Move(W);Move(W)
3006802492:Move(W);Move(N)
3007119734:Move(W);Move(W)
3007484128:Move(W);Move(E)
3007634501:Move(W);Move(W)
3007973581:Move(W);Move(E)
3008321815:Pull(W,N);Move(N)
3008770983:Push(E,S);Move(S)
3009289603:Push(S,E);Move(N)
3009865284:Push(E,E);Move(S)
3010039380:Push(E,E);Move(S)
3010163540:Push(E,E);Move(N)
3010279976:Push(E,E);Move(W)
3010392055:Push(E,E);Move(E)
3010500281:Push(E,S);Move(S)
3010626784:Push(S,S);Move(N)
3010724348:Push(S,S);Move(N)
3010856499:Push(S,E);Move(S)
3010977922:Push(E,E);Move(N)
3011090175:Push(E,E);Move(S)
3011218792:Push(E,E);Move(W)
3011392942:Push(E,E);Move(E)
3011551445:Push(E,S);Move(W)
3011679399:Push(S,S);Move(E)
3012019056:Push(S,W);Move(N)
3012655978:Push(W,W);Move(S)
3013152340:Push(W,W);Move(W)
3013334556:Push(W,W);Move(E)
3013557847:Push(W,W);Move(S)
3013802477:Push(W,W);Move(N)
3013984244:Push(W,W);Push(E,E)
3014114706:Move(E);Push(E,E)
3014304020:Move(W);Push(E,N)
3014480279:Move(S);Push(N,N)
3014635113:Move(E);Push(N,N)
3014861139:Move(E);Push(N,W)
3014974099:Move(S);Push(W,W)
3015078719:Move(E);Push(W,N)
3015175142:Move(N);Push(N,N)
3015307514:Move(S);Push(N,E)
3015459183:Move(N);Push(E,N)
3015628061:Move(E);Push(N,E)
3015777926:Move(S);Push(E,E)
3015923419:Move(N);Push(E,N)
#end
#solved
true
#numactions
146
#time
3015923419
#end
