#domain
hospital
#levelname
SAAIstars
#colors
red: 0, A
#initial
++++++++++++++++++++++++++
+ 0A                     +
++++++++++++++++++++ +++++
                   +++
#goal
++++++++++++++++++++++++++
+A                       +
++++++++++++++++++++ +++++
                   +++
#end
#clientname
PearEasy Client
#actions
126056388:Push(E,E)
126456650:Push(E,E)
126818318:Push(E,E)
127156680:Push(E,E)
127557012:Push(E,E)
127939370:Push(E,E)
128296709:Push(E,E)
128781879:Push(E,E)
129130867:Push(E,E)
129485949:Push(E,E)
129856290:Push(E,E)
130212872:Push(E,E)
130497111:Push(E,E)
130748086:Push(E,E)
130980417:Push(E,E)
131202958:Push(E,E)
131420677:Push(E,E)
131690072:Push(E,E)
131991413:Pull(S,E)
132244577:Push(N,W)
132474695:Push(W,W)
132762054:Push(W,W)
132985397:Push(W,W)
133262876:Push(W,W)
133487021:Push(W,W)
133703554:Push(W,W)
133940926:Push(W,W)
134266769:Push(W,W)
134531776:Push(W,W)
134813909:Push(W,W)
135022470:Push(W,W)
135259564:Push(W,W)
135449029:Push(W,W)
135645370:Push(W,W)
135837040:Push(W,W)
136025688:Push(W,W)
136279091:Push(W,W)
136494383:Push(W,W)
#end
#solved
true
#numactions
38
#time
136494383
#end
