#domain
hospital
#levelname
SAaiaioh
#colors
blue: 0, A
#initial
+++++++++
+A      +
+       +
+       +
+    ++++
+0   +A +
+       +
+++++++++
#goal
+++++++++
+       +
+       +
+      A+
+    ++++
+    +  +
+       +
+++++++++
#end
#clientname
PearEasy Client
#actions
124233868:Move(N)
124498971:Move(N)
124771154:Move(N)
125108819:Pull(E,N)
125540314:Pull(E,W)
125824300:Pull(N,W)
126116866:Push(S,S)
126411338:Push(S,E)
126693876:Push(E,E)
126940553:Push(E,E)
127180602:Push(E,E)
#end
#solved
true
#numactions
11
#time
127180602
#end
