#domain
hospital
#levelname
SAAIAIcapn
#colors
blue: 0, A, B, C, D
#initial
++++++++++++++++++++++++++++++++++++++++
+                                      +
+ ++++++++++++++++                     +
+                +                     +
+                +                     +
+                +                     +
+                +                     +
+                +                     +
+                +                     +
+                +                     +
+                +                     +
++++++++++++     +      CA             +
+          +     ++++++++++++++++++++  +
+ ++++++++ +                        +  +
+ +      + +     +++++++++++++++++++++ +
+ + ++++ + +     +DB                 + +
+ + +    + +  0  ++++++++++++++++++  + +
+ + + ++++ +     +                +  + +
+ + +    + +     +                +  + +
+ + ++++ + +     +  ++++++++     ++  + +
+ + +    + +     +  +           ++   + +
+ + + ++++ +     +  +          ++    + +
+ + +    + +     +  +         ++     + +
+ + ++++ + +     +  +        ++      + +
+ + +    + +     +  +       ++       + +
+ + + ++++ +     +  +      ++        + +
+ + +    + +     +  +     ++         + +
+ + ++++ + +     +  +    ++          + +
+ + + ++ + +     +  +   ++           + +
+ + +B   + +     +  +   ++           + +
+ + ++++++ +     +  +   ++           + +
+ +        +     +  +   ++           + +
+ ++++++++++     +  +   ++           + +
+                +  +   ++           + +
++++++++++++     +  +                + +
+                +  ++++++++++++++++++ +
+                +                   + +
+ +++++++++++++++++++++++++++++++++  + +
+                                      +
++++++++++++++++++++++++++++++++++++++++
#goal
++++++++++++++++++++++++++++++++++++++++
+                                      +
+ ++++++++++++++++                     +
+                +                     +
+                +                     +
+                +                     +
+                +                     +
+                +                     +
+                +                     +
+                +                     +
+                +                     +
++++++++++++     +       D             +
+          +     ++++++++++++++++++++  +
+ ++++++++ +                        +  +
+ +      + +     +++++++++++++++++++++ +
+ + ++++ + +     +ABC                + +
+ + +    + +     ++++++++++++++++++  + +
+ + + ++++ +     +                +  + +
+ + +    + +     +                +  + +
+ + ++++ + +     +  ++++++++     ++  + +
+ + +    + +     +  +           ++   + +
+ + + ++++ +     +  +          ++    + +
+ + +    + +     +  +         ++     + +
+ + ++++ + +     +  +        ++      + +
+ + +    + +     +  +       ++       + +
+ + + ++++ +     +  +      ++        + +
+ + +    + +     +  +     ++         + +
+ + ++++ + +     +  +    ++          + +
+ + + ++ + +     +  +   ++           + +
+ + +    + +     +  +   ++           + +
+ + ++++++ +     +  +   ++           + +
+ +        +     +  +   ++           + +
+ ++++++++++     +  +   ++           + +
+                +  +   ++           + +
++++++++++++     +  +                + +
+                +  ++++++++++++++++++ +
+                +                   + +
+ +++++++++++++++++++++++++++++++++  + +
+                                      +
++++++++++++++++++++++++++++++++++++++++
#end
#clientname
PearEasy Client
#actions
3386987825:Move(N)
3387102204:Move(N)
3387191857:Move(W)
3387310358:Move(N)
3387795577:Move(W)
3387905982:Move(N)
3388010228:Move(N)
3388148653:Move(N)
3388246908:Move(W)
3388347542:Move(W)
3388445722:Move(W)
3388539535:Move(N)
3388635769:Move(W)
3388732603:Move(N)
3388826818:Move(N)
3388921887:Move(W)
3389018973:Move(W)
3389145045:Move(W)
3390024651:Move(W)
3390362768:Move(N)
3390666933:Move(W)
3390999704:Move(W)
3391165238:Move(N)
3391265010:Move(N)
3391368975:Move(N)
3391481301:Move(W)
3391646581:Move(N)
3391755408:Move(N)
3391854571:Move(E)
3392209202:Move(E)
3392401644:Move(E)
3392633224:Move(E)
3392736686:Move(E)
3396985718:Move(E)
3397140877:Move(E)
3397271071:Move(E)
3397373362:Move(E)
3397478261:Move(E)
3397681067:Move(E)
3398064903:Move(E)
3398180057:Move(E)
3398301013:Move(E)
3398406263:Move(E)
3398536275:Move(E)
3398641327:Move(E)
3398741677:Move(S)
3398835493:Move(S)
3398926565:Move(S)
3399019667:Move(S)
3399154004:Move(E)
3399251123:Move(E)
3399344273:Move(E)
3399453164:Move(S)
3399668853:Move(E)
3399771742:Move(E)
3399872015:Move(S)
3399972368:Move(E)
3400072683:Move(E)
3400206818:Move(S)
3400314234:Move(S)
3400406036:Move(S)
3400506658:Push(S,E)
3400604916:Push(E,E)
3400708862:Push(E,E)
3400804766:Push(E,E)
3400898027:Push(E,E)
3400993123:Push(E,E)
3401121944:Push(E,E)
3401213137:Push(E,E)
3401308507:Push(E,E)
3401408927:Push(E,E)
3401520598:Push(E,E)
3401668767:Push(E,E)
3401764061:Push(E,S)
3401893457:Push(S,E)
3402015678:Push(E,S)
3402111111:Push(S,S)
3402204711:Push(S,S)
3402307979:Push(S,S)
3402404230:Push(S,S)
3402494440:Push(S,S)
3402581335:Push(S,S)
3402668832:Push(S,S)
3402761203:Push(S,S)
3402883886:Push(S,S)
3403002689:Push(S,S)
3403102142:Push(S,S)
3403229085:Push(S,S)
3403345256:Push(S,S)
3403451074:Push(S,S)
3403545092:Push(S,S)
3403643105:Push(S,S)
3403902668:Push(S,S)
3404251793:Push(S,S)
3404343748:Push(S,S)
3404509271:Push(S,S)
3404742093:Push(S,S)
3404959405:Push(S,S)
3405211729:Push(S,S)
3405703583:Push(S,S)
3406191959:Push(S,S)
3406709818:Push(S,W)
3406904699:Push(W,W)
3407211075:Push(W,N)
3407582381:Push(N,N)
3407971223:Push(N,W)
3408227022:Push(W,W)
3408349440:Push(W,W)
3408429921:Push(W,W)
3408499123:Push(W,W)
3408571365:Push(W,W)
3408641452:Push(W,W)
3408713862:Push(W,W)
3408781431:Push(W,W)
3408850301:Push(W,W)
3408921035:Push(W,W)
3409006083:Push(W,W)
3409096858:Push(W,W)
3409188757:Push(W,W)
3409264841:Push(W,W)
3409339334:Push(W,W)
3409501914:Push(W,W)
3409580114:Push(W,N)
3409681743:Push(N,N)
3409833513:Push(N,N)
3409993431:Push(N,N)
3410126791:Push(N,N)
3411467974:Push(N,N)
3411577583:Push(N,N)
3411669627:Push(N,N)
3411760335:Push(N,N)
3411847884:Push(N,N)
3411935673:Push(N,N)
3412023842:Push(N,N)
3412109065:Push(N,N)
3412212721:Push(N,N)
3412299926:Push(N,N)
3412429732:Push(N,N)
3412515796:Push(N,N)
3412599070:Push(N,N)
3412691704:Push(N,E)
3412786697:Push(E,E)
3412871570:Push(E,E)
3412952156:Push(E,E)
3413041760:Push(E,E)
3413129297:Push(E,E)
3413209178:Push(E,E)
3413288466:Push(E,E)
3413369967:Push(E,E)
3413452777:Push(E,S)
3413533123:Push(S,S)
3413612879:Push(S,S)
3413691401:Push(S,S)
3413768475:Push(S,S)
3413848709:Push(S,W)
3413928251:Push(W,S)
3414005732:Push(S,W)
3414082368:Push(W,S)
3414161433:Push(S,W)
3414237325:Push(W,W)
3414311544:Push(W,W)
3414385476:Push(W,S)
3414458393:Push(S,S)
3414670572:Push(S,S)
3414758137:Push(S,S)
3414859932:Push(S,S)
3414953048:Push(S,S)
3415245649:Push(S,S)
3415607981:Push(S,S)
3415904522:Push(S,S)
3416109829:Push(S,E)
3416194569:Push(E,E)
3416265464:Push(E,E)
3416331993:Push(E,E)
3416395209:Push(E,E)
3416460278:Push(E,N)
3416529631:Push(N,E)
3416630315:Push(E,N)
3416696463:Push(N,E)
3416763855:Push(E,N)
3416829473:Push(N,N)
3416892365:Push(N,E)
3416954312:Push(E,E)
3417022433:Push(E,N)
3417090182:Push(N,N)
3417157793:Push(N,N)
3417231381:Push(N,E)
3417311388:Push(E,N)
3417379175:Push(N,N)
3417446230:Push(N,N)
3417514336:Push(N,N)
3417650546:Push(N,N)
3417734077:Push(N,E)
3417812615:Push(E,E)
3417895395:Push(E,N)
3417995556:Push(N,N)
3418077436:Push(N,N)
3418154038:Push(N,N)
3418229396:Push(N,N)
3418314913:Push(N,N)
3418431444:Push(N,N)
3418515647:Push(N,W)
3418597524:Pull(E,W)
3418676222:Push(W,S)
3418752243:Pull(W,S)
3418829674:Pull(W,E)
3418902748:Move(W)
3418975978:Move(W)
3419050375:Move(W)
3419124137:Move(W)
3419194158:Move(W)
3419310091:Move(W)
3419382742:Move(W)
3419457961:Move(W)
3419532117:Move(W)
3419634467:Move(W)
3419756298:Move(W)
3419840671:Move(W)
3419907473:Move(W)
3420001488:Pull(E,W)
3420066603:Pull(E,W)
3420152852:Pull(E,W)
3420218709:Pull(E,W)
3420284433:Pull(E,W)
3420348422:Pull(E,W)
3420406843:Pull(E,W)
3420466197:Pull(E,W)
3420525881:Pull(E,W)
3420585785:Pull(E,W)
3420646966:Pull(E,W)
3420707260:Pull(E,W)
3420810315:Pull(E,W)
3420872382:Push(E,E)
3420931635:Move(W)
3421027495:Pull(E,W)
3421091018:Push(E,S)
3421152140:Move(W)
3421212187:Pull(E,W)
3421271732:Pull(E,W)
3421346583:Pull(S,W)
3421410480:Push(W,S)
3421470543:Pull(N,S)
3421536164:Pull(W,S)
3421616857:Pull(W,E)
3421683711:Pull(W,E)
3421748973:Pull(W,E)
3421848136:Pull(W,E)
3421930670:Pull(W,E)
3422016423:Pull(W,E)
3422092031:Pull(W,E)
3422163833:Pull(W,E)
3422255553:Pull(W,E)
3422354468:Pull(W,E)
3422439137:Pull(W,E)
3422513006:Pull(W,E)
3422604829:Pull(W,E)
3422677061:Pull(W,E)
3422807798:Move(W)
3422883346:Pull(E,W)
3422968270:Push(E,E)
3423040502:Move(W)
3423116902:Pull(E,W)
3423193759:Push(E,E)
3423256835:Move(W)
3423318024:Pull(E,W)
3423377902:Push(E,E)
3423434506:Move(W)
3423492469:Pull(E,W)
3423550136:Push(E,E)
3423605669:Move(W)
3423668502:Pull(E,W)
3423729429:Push(E,E)
3423788517:Move(W)
3423850315:Pull(E,W)
3423912575:Push(E,E)
3423974052:Move(W)
3424037572:Pull(E,W)
3424100663:Push(E,E)
3424159921:Move(W)
3424220901:Pull(E,W)
3424309861:Push(E,E)
3424371327:Move(W)
3424433250:Pull(E,W)
3424495257:Push(E,E)
3424554603:Move(W)
3424675359:Pull(E,W)
3424740207:Push(E,E)
3424797348:Move(W)
3424858887:Pull(E,W)
3424921326:Push(E,E)
3424973766:Move(W)
3425034035:Pull(E,W)
3425096173:Push(E,E)
3425154501:Move(W)
3425215117:Pull(E,W)
3425270447:Push(E,E)
3425341756:Move(W)
3425413318:Pull(E,W)
3425482107:Push(E,E)
3425549723:Move(W)
3425617705:Pull(E,W)
3425686291:Push(E,S)
3425759672:Move(W)
3425821092:Pull(E,W)
3425878262:Push(E,S)
3425936434:Push(S,S)
3425992467:Push(W,N)
3426050819:Push(N,E)
3426107678:Pull(S,W)
3426163549:Pull(E,N)
3426220837:Push(W,S)
3426278595:Push(S,S)
3426333810:Push(S,S)
3426405768:Push(S,S)
3426483552:Push(S,W)
3426557312:Push(W,S)
3426632347:Push(S,S)
3426696348:Push(S,S)
3426746628:Push(S,W)
3426794927:Push(W,S)
3426843071:Push(S,S)
3426890592:Push(S,S)
3426945857:Push(S,S)
3427175780:Push(S,W)
3427230435:Push(W,S)
3427278927:Push(S,S)
3427325685:Push(S,S)
3427438058:Push(S,S)
3427488105:Push(S,W)
3427534168:Push(W,W)
3427578516:Push(W,W)
3427623105:Push(W,W)
3427668292:Push(W,W)
3427713338:Push(W,W)
3427757450:Push(W,S)
3427801587:Push(S,S)
3427845207:Push(S,S)
3427900821:Push(S,W)
3427981479:Push(W,W)
3428028970:Push(W,W)
3428073454:Push(W,N)
3428117541:Push(N,N)
3428163179:Push(N,N)
3428207668:Push(N,N)
3428255473:Push(N,N)
3428300264:Push(N,N)
3428345572:Push(N,N)
3428391489:Push(N,E)
3428435887:Push(E,N)
3428479585:Push(N,E)
3428525293:Push(E,N)
3428569218:Push(N,E)
3428613383:Push(E,N)
3428656768:Push(N,N)
3428700574:Push(N,E)
3428750050:Push(E,N)
3428793204:Push(N,N)
3428838262:Push(N,N)
3428883467:Push(N,E)
3428928756:Push(E,N)
3428971967:Push(N,N)
3429015204:Push(N,W)
3429059770:Push(W,W)
3429103204:Push(W,W)
3429148627:Push(W,W)
3429193144:Push(W,W)
3429236894:Push(W,W)
3429281426:Push(W,W)
3429326000:Push(W,W)
3429370873:Push(W,W)
3429415670:Push(W,S)
3429460575:Push(S,S)
3429505000:Push(S,S)
3429549435:Push(S,S)
3429595932:Push(S,S)
3429640598:Push(S,S)
3429682928:Push(S,S)
3429726539:Push(S,S)
3429771426:Push(S,S)
3429815208:Push(S,S)
3429857829:Push(S,S)
3429901422:Push(S,S)
3429945251:Push(S,S)
3430012649:Push(S,S)
3431703134:Push(S,S)
3431792139:Push(S,S)
3431874481:Push(S,S)
3431943914:Push(S,S)
3432014783:Push(S,E)
3432151163:Push(E,E)
3432223238:Push(E,E)
3432290480:Push(E,E)
3432355362:Push(E,E)
3432443616:Push(E,E)
3432508749:Push(E,E)
3432570627:Push(E,E)
3432634265:Push(E,E)
3432696970:Push(E,E)
3432759018:Push(E,E)
3432820708:Push(E,E)
3432883454:Push(E,E)
3432950250:Push(E,E)
3433015333:Push(E,E)
3433077702:Push(E,E)
3433137565:Push(E,S)
3433198151:Push(S,S)
3433257973:Push(S,E)
3433320351:Push(E,E)
3433406986:Push(E,E)
3433469082:Push(E,N)
3433523916:Push(N,N)
3433576828:Push(N,N)
3433629362:Push(N,N)
3433682815:Push(N,N)
3433734664:Push(N,N)
3433787315:Push(N,N)
3433842151:Push(N,N)
3433918113:Push(N,N)
3434010871:Push(N,N)
3434112482:Push(N,N)
3434190694:Push(N,N)
3434256487:Push(N,N)
3434316574:Push(N,N)
3434375786:Push(N,N)
3434434514:Push(N,N)
3434498759:Push(N,N)
3434557900:Push(N,N)
3434618455:Push(N,N)
3434677152:Push(N,N)
3434738757:Push(N,N)
3434796872:Push(N,N)
3434852842:Push(N,N)
3434908196:Push(N,N)
3434961965:Push(N,N)
3435020729:Push(N,W)
3435077438:Push(W,N)
3435133668:Push(N,N)
3435190783:Push(N,W)
3435249103:Push(W,W)
3435308091:Push(W,W)
3435368647:Push(W,W)
3435427533:Push(W,W)
3435486577:Push(W,W)
3435543843:Push(W,W)
3435600496:Push(W,W)
3435658448:Push(W,W)
3435715394:Push(W,W)
3435776449:Push(W,W)
3435834843:Push(W,W)
3435894033:Move(E)
3435950044:Move(E)
3436005416:Move(E)
3436060582:Move(E)
3436112285:Move(E)
3436167626:Move(E)
3436224703:Move(E)
3436279825:Move(E)
3436335958:Move(E)
3436391298:Move(E)
3436447106:Move(E)
3436502536:Move(E)
3436558544:Move(S)
3436617025:Move(S)
3436672789:Move(S)
3436728153:Move(S)
3436783188:Move(S)
3436839185:Move(S)
3436894992:Move(S)
3436950597:Move(S)
3437006687:Move(S)
3437063485:Move(S)
3437118148:Move(S)
3437172372:Move(S)
3437228674:Move(S)
3437285331:Move(S)
3437340799:Move(S)
3437399588:Move(S)
3437454831:Move(S)
3437510746:Move(S)
3437572528:Move(S)
3437631230:Move(S)
3437692118:Move(S)
3437748421:Move(S)
3437804668:Move(S)
3437861245:Move(S)
3437915707:Move(S)
3437971721:Move(S)
3438028272:Move(S)
3438083326:Move(W)
3438139805:Move(W)
3438194509:Move(N)
3438249634:Move(W)
3438304130:Move(N)
3438362433:Move(W)
3438418032:Move(W)
3438473484:Move(W)
3438527678:Move(W)
3438581698:Move(W)
3438636250:Move(W)
3438692246:Move(W)
3438746947:Move(W)
3438798843:Move(W)
3438850113:Move(W)
3438904171:Move(W)
3438956245:Move(W)
3439009316:Move(W)
3439065199:Move(W)
3439116440:Move(W)
3439165093:Move(W)
3439211462:Move(N)
3439259589:Move(N)
3439405637:Move(N)
3439477589:Move(N)
3439539105:Move(N)
3439598801:Move(N)
3439658887:Move(N)
3439742454:Move(N)
3439810347:Move(N)
3439878561:Move(N)
3439948107:Move(N)
3440004813:Move(N)
3440077910:Move(N)
3440141620:Move(N)
3440211547:Move(N)
3440276851:Move(N)
3440343668:Move(N)
3440407940:Move(N)
3440475938:Move(E)
3440540699:Move(E)
3440610748:Move(E)
3440677113:Move(E)
3440747013:Move(E)
3440821957:Move(E)
3440903546:Move(E)
3440969561:Move(E)
3441039343:Move(E)
3441119458:Move(S)
3441189927:Move(S)
3441270080:Move(S)
3441340546:Move(W)
3441420070:Move(S)
3441490607:Move(S)
3441554302:Move(W)
3441625657:Move(W)
3441695884:Move(S)
3441763607:Move(W)
3441851922:Move(W)
3441923868:Move(S)
3442000498:Move(S)
3442068363:Move(S)
3442130929:Move(S)
3442194204:Move(S)
3442239630:Move(S)
3442278695:Move(S)
3442317528:Move(S)
3442358771:Move(S)
3442399328:Move(S)
3442437647:Move(E)
3442475197:Move(E)
3442513426:Move(E)
3442552502:Move(N)
3442599965:Move(N)
3442641418:Move(N)
3442679342:Move(N)
3442718776:Move(E)
3442756575:Move(E)
3442801480:Move(N)
3442840763:Move(N)
3442878783:Move(N)
3442917400:Move(E)
3442956436:Move(N)
3442994283:Move(N)
3443031868:Move(E)
3443069575:Move(N)
3443107351:Move(E)
3443145850:Move(E)
3443183478:Move(E)
3443221454:Move(E)
3443261743:Move(N)
3443299710:Move(E)
3443337462:Move(E)
3443374813:Move(N)
3443415611:Move(N)
3443453180:Move(N)
3443492187:Move(N)
3443530513:Move(N)
3443571289:Push(N,W)
3443609691:Move(N)
3443649350:Push(N,W)
3443689022:Push(W,W)
3443728444:Push(W,W)
3443767120:Push(W,W)
3443807101:Push(W,W)
3443846052:Push(W,W)
3443884780:Push(W,W)
3443935252:Push(W,W)
3444377708:Push(W,W)
3444430547:Push(W,W)
3444472138:Push(W,W)
3444513848:Push(W,W)
3444553664:Push(W,W)
3444593805:Push(W,W)
3444633626:Push(W,W)
3444672329:Push(W,W)
3444711584:Push(W,W)
3444750763:Push(W,W)
3444789419:Move(E)
3444827446:Move(E)
3444864329:Move(E)
3444903638:Move(E)
3444941648:Move(E)
3444980451:Move(E)
3445018487:Move(E)
3445066664:Move(E)
3445424187:Move(E)
3445468613:Move(E)
3445508621:Move(E)
3445547343:Move(E)
3445584875:Move(E)
3445623066:Move(E)
3445660546:Move(E)
3445698204:Move(E)
3445738497:Move(S)
3445780636:Pull(E,S)
3445821394:Push(W,N)
3445860262:Push(N,W)
3445899456:Push(W,W)
3445938181:Push(W,W)
3445976642:Push(W,W)
3446015442:Push(W,W)
3446055841:Push(W,W)
3446094497:Push(W,W)
3446132814:Push(W,W)
3446171442:Push(W,W)
3446209936:Push(W,W)
3446259513:Push(W,W)
3446609409:Push(W,W)
3447352260:Push(W,W)
3447409977:Push(W,W)
3447473276:Push(W,W)
3449396769:Push(W,W)
3449452897:Move(E)
3449491089:Move(E)
3449525992:Move(E)
3449561863:Move(E)
3449610960:Move(E)
3449697543:Move(E)
3449759625:Move(E)
3449827137:Move(E)
3449886480:Move(E)
3449949503:Move(E)
3450002323:Move(E)
3450062660:Move(E)
3450114496:Move(E)
3450172382:Move(E)
3450226401:Move(E)
3450286111:Move(S)
3450340815:Move(S)
3450398443:Move(S)
3450451629:Move(S)
3450505565:Move(S)
3450557172:Move(S)
3450612821:Move(W)
3450663309:Move(S)
3450718115:Move(W)
3450770323:Move(S)
3450826767:Move(S)
3450877519:Move(W)
3450933545:Move(W)
3450983787:Move(S)
3451038780:Move(W)
3451107745:Move(S)
3451152010:Move(W)
3451207829:Move(S)
3451257895:Move(S)
3451311963:Move(W)
3451361896:Move(W)
3451419839:Move(S)
3451469160:Move(S)
3451523955:Move(W)
3451577107:Move(S)
3451638806:Move(S)
3451700153:Move(S)
3451755955:Move(S)
3451819250:Move(W)
3451873737:Move(W)
3451928044:Move(W)
3451983365:Move(N)
3452036488:Move(N)
3452087588:Move(N)
3452144674:Move(N)
3452197986:Move(N)
3452254663:Move(N)
3452312508:Move(N)
3452369517:Move(N)
3452423493:Move(N)
3452477656:Move(E)
3452530716:Move(N)
3452585853:Move(E)
3452639064:Move(E)
3452697345:Move(N)
3452751982:Move(E)
3452809405:Move(N)
3452866885:Move(N)
3452922315:Move(N)
3452979443:Move(E)
3453036896:Move(N)
3453101682:Move(N)
3453161190:Move(W)
3453218536:Move(W)
3453276447:Move(W)
3453336777:Move(W)
3453393708:Move(W)
3453456640:Move(W)
3453514411:Move(W)
3453570382:Move(W)
3453620090:Move(W)
3453671391:Move(S)
3453725437:Move(S)
3453777358:Move(S)
3453833710:Move(S)
3453884538:Move(S)
3453941022:Move(S)
3453992406:Move(S)
3454051163:Move(S)
3454106995:Move(S)
3454175676:Move(S)
3454230935:Move(S)
3454279048:Move(S)
3454326888:Move(S)
3454376654:Move(S)
3454424112:Move(S)
3454470487:Move(S)
3454516322:Move(S)
3454562153:Move(S)
3454614440:Move(E)
3454693454:Move(E)
3454762005:Move(E)
3454816572:Move(E)
3454875861:Move(E)
3454929619:Move(E)
3454989223:Move(E)
3455042355:Move(E)
3455102489:Move(E)
3455154272:Move(E)
3455211231:Move(E)
3455264590:Move(E)
3455321709:Move(E)
3455374813:Move(E)
3455429599:Move(E)
3455484348:Move(E)
3455540524:Move(S)
3455592664:Move(S)
3455649689:Move(E)
3455703162:Move(E)
3455758369:Move(E)
3455813852:Move(N)
3455873138:Move(N)
3455925589:Move(N)
3455981206:Move(N)
3456033809:Move(N)
3456091000:Move(N)
3456142016:Move(N)
3456198979:Move(N)
3456250085:Move(N)
3456305579:Move(N)
3456358227:Move(N)
3456413925:Move(N)
3456465803:Move(N)
3456519965:Move(N)
3456570065:Move(N)
3456623037:Move(N)
3456676046:Move(N)
3456728090:Move(N)
3456776645:Move(N)
3456825507:Move(N)
3456873749:Move(N)
3456925759:Move(N)
3456971118:Move(N)
3457022427:Move(N)
3457091532:Move(N)
3457153188:Move(N)
3457209520:Move(N)
3457253618:Move(W)
3457290583:Move(W)
3457331359:Move(W)
3457370619:Move(W)
3457406394:Move(W)
3457441323:Move(W)
3457476255:Move(W)
3457511026:Move(W)
3457546367:Move(W)
3457581052:Move(W)
3457616250:Move(W)
3457652266:Move(W)
3457687508:Move(N)
3457722224:Move(W)
3457756413:Move(W)
3457795334:Pull(E,S)
3457832967:Pull(N,W)
3457869733:Push(S,E)
3457939724:Push(E,E)
3458012279:Push(E,E)
3458076475:Push(E,S)
3458136964:Push(S,E)
3458198864:Push(E,E)
3458256006:Push(E,E)
3458315491:Push(E,E)
3458370998:Push(E,E)
3458432395:Push(E,E)
3458489644:Push(E,E)
3458547908:Push(E,E)
3458604895:Push(E,E)
3458653296:Push(E,S)
3458690743:Push(S,E)
3458727566:Push(E,S)
3458763549:Push(S,S)
3458799397:Push(S,S)
3458835539:Push(S,S)
3458871954:Push(S,S)
3458907963:Push(S,S)
3458943577:Push(S,S)
3458978746:Push(S,S)
3459014760:Push(S,S)
3459053609:Push(S,S)
3459089060:Push(S,S)
3459125382:Push(S,S)
3459162318:Push(S,S)
3459197620:Push(S,S)
3459232116:Push(S,S)
3459268304:Push(S,S)
3459303375:Push(S,S)
3459338651:Push(S,S)
3459374080:Push(S,S)
3459409696:Push(S,S)
3459445255:Push(S,S)
3459479981:Push(S,S)
3459518001:Push(S,S)
3459554137:Push(S,S)
3459589448:Push(S,S)
3459627698:Push(S,S)
3459663785:Push(S,W)
3459701456:Push(W,W)
3459737368:Push(W,W)
3459774785:Push(W,N)
3459811094:Push(N,N)
3459848973:Push(N,W)
3459886073:Push(W,W)
3459930941:Push(W,W)
3459968902:Push(W,W)
3460006137:Push(W,W)
3460042414:Push(W,W)
3460078063:Push(W,W)
3460113617:Push(W,W)
3460149800:Push(W,W)
3460185396:Push(W,W)
3460220761:Push(W,W)
3460255821:Push(W,W)
3460301717:Push(W,W)
3460339704:Push(W,W)
3460375836:Push(W,W)
3460413319:Push(W,W)
3460449302:Push(W,N)
3460485219:Push(N,N)
3460520857:Push(N,N)
3460556455:Push(N,N)
3460591718:Push(N,N)
3460652857:Push(N,N)
3460710595:Push(N,N)
3460770017:Push(N,N)
3460817158:Push(N,N)
3460861858:Push(N,N)
3460907162:Push(N,N)
3460951842:Push(N,N)
3461004579:Push(N,N)
3461052513:Push(N,N)
3461098113:Push(N,N)
3461143958:Push(N,N)
3461191347:Push(N,N)
3461236368:Push(N,N)
3461282151:Push(N,E)
3461326361:Push(E,E)
3461371742:Push(E,E)
3461417579:Push(E,E)
3461462787:Push(E,E)
3461508285:Push(E,E)
3461553241:Push(E,E)
3461598786:Push(E,E)
3461644285:Push(E,E)
3461691973:Push(E,S)
3461730777:Push(S,S)
3461770052:Push(S,S)
3461807426:Push(S,S)
3461843732:Push(S,S)
3461879604:Push(S,W)
3461915262:Push(W,W)
3461950310:Push(W,W)
3461987861:Push(W,S)
3462023093:Push(S,S)
3462058151:Push(S,W)
3462093912:Push(W,S)
3462129200:Push(S,S)
3462165290:Push(S,W)
3462204362:Push(W,S)
3462241007:Push(S,S)
3462277853:Push(S,S)
3462314225:Push(S,S)
3462349456:Push(S,S)
3462385738:Push(S,S)
3462421063:Push(S,S)
3462456614:Push(S,E)
3462498932:Push(E,E)
3462537690:Push(E,E)
3462574842:Push(E,E)
3462609442:Push(E,E)
3462644783:Push(E,E)
3462680122:Push(E,N)
3462715623:Push(N,E)
3462756035:Push(E,N)
3462791557:Push(N,N)
3462826195:Push(N,N)
3462862126:Push(N,E)
3462897131:Push(E,E)
3462934265:Push(E,E)
3462969644:Push(E,E)
3463005112:Push(E,N)
3463040345:Push(N,N)
3463078356:Push(N,E)
3463113232:Push(E,N)
3463149012:Push(N,N)
3463185607:Push(N,N)
3463222417:Push(N,N)
3463256301:Push(N,N)
3463290759:Push(N,N)
3463325519:Push(N,N)
3463362098:Push(N,N)
3463396697:Push(N,N)
3463431272:Push(N,N)
3463470393:Push(N,N)
3463517348:Push(N,N)
3464269469:Push(N,N)
3464319265:Push(N,W)
3464359006:Push(W,W)
3464396348:Push(W,W)
3464433496:Push(W,W)
3464469847:Push(W,W)
3464521635:Push(W,W)
3464564283:Push(W,W)
3464600534:Push(W,W)
3464635464:Push(W,W)
3464671827:Push(W,W)
3464706980:Push(W,W)
3464742527:Push(W,W)
3464779322:Push(W,W)
3464815607:Push(W,W)
3464853640:Push(W,W)
#end
#solved
true
#numactions
956
#time
3464853640
#end
