#domain
hospital
#levelname
SABaguettes
#colors
red: 0, A
#initial
++++++++++++++++++++++++++++++++++++++++++++++++
+0A                                            +
+ A                                            +
+ A                                            +
+ A                                            +
+ A                                            +
+ A                                            +
+ A                                            +
+ A                                            +
+ A                                            +
+ A                                            +
+ A                                            +
+ A                                            +
+ A                                            +
+ A                                            +
+ A                                            +
+ A                                            +
+ A                                            +
+ A                                            +
+ A                                            +
+ A                                            +
+ A                                            +
+ A                                            +
+ A                                            +
+ A                                            +
+ A                                            +
+ A                                            +
+ A                                            +
+ A                                            +
+ A                                            +
+ A                                            +
+ A                                            +
+ A                                            +
+ A                                            +
+ A                                            +
+ A                                            +
+ A                                            +
+ A                                            +
+ A                                            +
+ A                                            +
+ A                                            +
+ A                                            +
+ A                                            +
+ A                                            +
+ A                                            +
+ A                                            +
+ A                                            +
+ A                                            +
+ A                                            +
++++++++++++++++++++++++++++++++++++++++++++++++
#goal
++++++++++++++++++++++++++++++++++++++++++++++++
+0                                            A+
+                                             A+
+                                             A+
+                                             A+
+                                             A+
+                                             A+
+                                             A+
+                                             A+
+                                             A+
+                                             A+
+                                             A+
+                                             A+
+                                             A+
+                                             A+
+                                             A+
+                                             A+
+                                             A+
+                                             A+
+                                             A+
+                                             A+
+                                             A+
+                                             A+
+                                             A+
+                                             A+
+                                             A+
+                                             A+
+                                             A+
+                                             A+
+                                             A+
+                                             A+
+                                             A+
+                                             A+
+                                             A+
+                                             A+
+                                             A+
+                                             A+
+                                             A+
+                                             A+
+                                             A+
+                                             A+
+                                             A+
+                                             A+
+                                             A+
+                                             A+
+                                             A+
+                                             A+
+                                             A+
+                                             A+
++++++++++++++++++++++++++++++++++++++++++++++++
#end
#clientname
PearEasy Client
#actions
54127197227:Push(E,E)
54127418334:Push(E,E)
54127616419:Push(E,E)
54127783520:Push(E,E)
54127959719:Push(E,E)
54128109706:Push(E,E)
54128243083:Push(E,E)
54128337625:Push(E,E)
54128430410:Push(E,E)
54128527175:Push(E,E)
54128621523:Push(E,E)
54128713714:Push(E,E)
54128807979:Push(E,E)
54128967641:Push(E,E)
54129138814:Push(E,E)
54129280521:Push(E,E)
54129417712:Push(E,E)
54129574204:Push(E,E)
54129720534:Push(E,E)
54129874247:Push(E,E)
54130098471:Push(E,E)
54130276606:Push(E,E)
54130404352:Push(E,E)
54130529324:Push(E,E)
54130663280:Push(E,E)
54130789997:Push(E,E)
54131610376:Push(E,E)
54131812182:Push(E,E)
54131955066:Push(E,E)
54132113346:Push(E,E)
54132256006:Push(E,E)
54132402847:Push(E,E)
54132578949:Push(E,E)
54132705540:Push(E,E)
54132840023:Push(E,E)
54132989827:Push(E,E)
54133176809:Push(E,E)
54133334246:Push(E,E)
54133465613:Push(E,E)
54133612502:Push(E,E)
54133753823:Push(E,E)
54133913671:Push(E,E)
54134057768:Push(E,E)
54134191304:Push(E,E)
54134350589:Move(W)
54134478698:Move(S)
54134637079:Move(W)
54134766092:Move(W)
54134888754:Move(W)
54135005872:Move(W)
54135119925:Move(W)
54135260360:Move(W)
54135382323:Move(W)
54135503053:Move(W)
54135633448:Move(W)
54135773033:Move(W)
54135904039:Move(W)
54136078220:Move(W)
54136204791:Move(W)
54136332419:Move(W)
54136681936:Move(W)
54137387549:Move(W)
54137951452:Move(W)
54138127646:Move(W)
54138432084:Move(W)
54138760475:Move(W)
54139248928:Move(W)
54139858301:Move(W)
54140344801:Move(W)
54140508255:Move(W)
54141068948:Move(W)
54142282154:Move(W)
54142430106:Move(W)
54142554165:Move(W)
54142667027:Move(W)
54142816663:Move(W)
54142922070:Move(W)
54143076400:Move(W)
54143178076:Move(W)
54143284257:Move(W)
54143391806:Move(W)
54143498901:Move(W)
54143609168:Move(W)
54143718875:Move(W)
54144565777:Move(W)
54146900296:Move(W)
54147408894:Move(W)
54148032930:Pull(N,W)
54148173370:Push(S,E)
54148288442:Push(E,E)
54148401724:Push(E,E)
54148514358:Push(E,E)
54148648713:Push(E,E)
54148763909:Push(E,E)
54148878517:Push(E,E)
54152307221:Push(E,E)
54152689316:Push(E,E)
54152938742:Push(E,E)
54153042144:Push(E,E)
54153141382:Push(E,E)
54153281148:Push(E,E)
54153379066:Push(E,E)
54153564038:Push(E,E)
54153686623:Push(E,E)
54153805727:Push(E,E)
54153921693:Push(E,E)
54154044303:Push(E,E)
54154177949:Push(E,E)
54154299680:Push(E,E)
54154424943:Push(E,E)
54154575407:Push(E,E)
54154712037:Push(E,E)
54154840678:Push(E,E)
54154957928:Push(E,E)
54155072875:Push(E,E)
54155168934:Push(E,E)
54155265369:Push(E,E)
54155356934:Push(E,E)
54155454004:Push(E,E)
54155553526:Push(E,E)
54155645024:Push(E,E)
54155733684:Push(E,E)
54155824312:Push(E,E)
54155938727:Push(E,E)
54156070418:Push(E,E)
54156202211:Push(E,E)
54156283859:Push(E,E)
54156439293:Push(E,E)
54156555813:Push(E,E)
54156713803:Push(E,E)
54156840625:Push(E,E)
54156945518:Move(S)
54157051773:Move(W)
54157151838:Move(W)
54157250654:Move(W)
54157348124:Move(W)
54157481150:Move(W)
54157697648:Move(W)
54161108217:Move(W)
54161186819:Move(W)
54161253027:Move(W)
54161316914:Move(W)
54161379935:Move(W)
54161442808:Move(W)
54161541453:Move(W)
54161658776:Move(W)
54161797625:Move(W)
54161888872:Move(W)
54162031877:Move(W)
54162143146:Move(W)
54162243857:Move(W)
54162342091:Move(W)
54162438670:Move(W)
54162535658:Move(W)
54162631088:Move(W)
54162731337:Move(W)
54162830105:Move(W)
54162943539:Move(W)
54163050551:Move(W)
54163144731:Move(W)
54163243782:Move(W)
54163328731:Move(W)
54163408129:Move(W)
54163496585:Move(W)
54163578428:Move(W)
54163659438:Move(W)
54163736829:Move(W)
54163864196:Move(W)
54163945189:Move(W)
54164045015:Move(W)
54164523421:Move(W)
54165857874:Move(W)
54166010803:Move(W)
54166297556:Move(W)
54166612324:Pull(E,W)
54166788118:Pull(S,W)
54166939275:Push(N,E)
54167227148:Push(E,E)
54167544176:Push(E,E)
54167834440:Push(E,E)
54168216188:Push(E,E)
54168384935:Push(E,E)
54168478908:Push(E,E)
54168852882:Push(E,E)
54169277245:Push(E,E)
54169699178:Push(E,E)
54169827601:Push(E,E)
54169916008:Push(E,E)
54170006458:Push(E,E)
54170097789:Push(E,E)
54170197308:Push(E,E)
54170362459:Push(E,E)
54170464068:Push(E,E)
54170632688:Push(E,E)
54172474370:Push(E,E)
54172661263:Push(E,E)
54172773065:Push(E,E)
54172867991:Push(E,E)
54172960309:Push(E,E)
54173059040:Push(E,E)
54173149651:Push(E,E)
54173242677:Push(E,E)
54173334824:Push(E,E)
54173425007:Push(E,E)
54173512922:Push(E,E)
54173603563:Push(E,E)
54173691604:Push(E,E)
54173780222:Push(E,E)
54173870257:Push(E,E)
54173960442:Push(E,E)
54174056987:Push(E,E)
54174376138:Push(E,E)
54174478375:Push(E,E)
54174572396:Push(E,E)
54174661907:Push(E,E)
54174751353:Push(E,E)
54174840950:Push(E,E)
54174969090:Push(E,E)
54175094647:Move(S)
54175182679:Move(W)
54175321550:Move(W)
54175409444:Move(W)
54176216218:Move(W)
54176704219:Move(W)
54177112980:Move(W)
54177246319:Move(W)
54177329180:Move(W)
54177407700:Move(W)
54177481676:Move(W)
54177560011:Move(W)
54177639378:Move(W)
54177726226:Move(W)
54177810437:Move(W)
54177887166:Move(W)
54177961099:Move(W)
54178033685:Move(W)
54178112983:Move(W)
54178187994:Move(W)
54178263704:Move(W)
54178595442:Move(W)
54178699268:Move(W)
54178777398:Move(W)
54178857031:Move(W)
54178930961:Move(W)
54179005378:Move(W)
54179078704:Move(W)
54179154643:Move(W)
54179232340:Move(W)
54179311520:Move(W)
54179383356:Move(W)
54179455665:Move(W)
54179527303:Move(W)
54179604239:Move(W)
54179679961:Move(W)
54180108805:Move(W)
54180692243:Move(W)
54182036398:Move(W)
54182165676:Move(W)
54182265783:Move(W)
54182346650:Move(W)
54182422736:Move(W)
54182503491:Pull(N,W)
54182578296:Push(S,E)
54182654780:Push(E,E)
54182739900:Push(E,E)
54182826008:Push(E,E)
54182904421:Push(E,E)
54182980330:Push(E,E)
54183054661:Push(E,E)
54183127513:Push(E,E)
54183202862:Push(E,E)
54183276927:Push(E,E)
54183357869:Push(E,E)
54183433819:Push(E,E)
54183513991:Push(E,E)
54183815790:Push(E,E)
54184402494:Push(E,E)
54185095563:Push(E,E)
54185234086:Push(E,E)
54185332108:Push(E,E)
54185420905:Push(E,E)
54185501994:Push(E,E)
54185581583:Push(E,E)
54185661372:Push(E,E)
54185739870:Push(E,E)
54185817676:Push(E,E)
54185899828:Push(E,E)
54186936340:Push(E,E)
54187099730:Push(E,E)
54187208527:Push(E,E)
54187278396:Push(E,E)
54187346152:Push(E,E)
54187411692:Push(E,E)
54187478974:Push(E,E)
54187549235:Push(E,E)
54187618323:Push(E,E)
54187690007:Push(E,E)
54187762404:Push(E,E)
54188002145:Push(E,E)
54188091451:Push(E,E)
54188184836:Push(E,E)
54188256669:Push(E,E)
54188327588:Push(E,E)
54188398680:Push(E,E)
54188467291:Push(E,E)
54188531982:Move(S)
54188595342:Move(W)
54188660901:Move(W)
54188723619:Move(W)
54188786866:Move(W)
54188859278:Move(W)
54188954290:Move(W)
54189033747:Move(W)
54189111364:Move(W)
54189187488:Move(W)
54189263726:Move(W)
54189340974:Move(W)
54189431181:Move(W)
54189506855:Move(W)
54189582759:Move(W)
54189660352:Move(W)
54189735390:Move(W)
54189810852:Move(W)
54189887946:Move(W)
54189964380:Move(W)
54190040295:Move(W)
54190120256:Move(W)
54190196210:Move(W)
54190271808:Move(W)
54190347910:Move(W)
54190422878:Move(W)
54190499934:Move(W)
54190576584:Move(W)
54190652699:Move(W)
54190732215:Move(W)
54190828781:Move(W)
54190906971:Move(W)
54190982160:Move(W)
54191060620:Move(W)
54191139362:Move(W)
54191217529:Move(W)
54191297548:Move(W)
54191377986:Move(W)
54191456070:Move(W)
54191531653:Move(W)
54191607238:Move(W)
54191683174:Move(W)
54191758813:Move(W)
54191839914:Pull(S,W)
54191920778:Push(N,E)
54191999283:Push(E,E)
54192077495:Push(E,E)
54192156355:Push(E,E)
54192332723:Push(E,E)
54192489645:Push(E,E)
54192577349:Push(E,E)
54192662839:Push(E,E)
54192743890:Push(E,E)
54192823204:Push(E,E)
54192905536:Push(E,E)
54192985647:Push(E,E)
54193071114:Push(E,E)
54193155832:Push(E,E)
54193235946:Push(E,E)
54193315670:Push(E,E)
54193395116:Push(E,E)
54193473014:Push(E,E)
54193551944:Push(E,E)
54193632172:Push(E,E)
54193711198:Push(E,E)
54193793954:Push(E,E)
54193872895:Push(E,E)
54193952208:Push(E,E)
54194031227:Push(E,E)
54194110678:Push(E,E)
54194190378:Push(E,E)
54194272393:Push(E,E)
54194358230:Push(E,E)
54194439478:Push(E,E)
54194525315:Push(E,E)
54194606914:Push(E,E)
54194688183:Push(E,E)
54194769286:Push(E,E)
54199694210:Push(E,E)
54201106737:Push(E,E)
54201207044:Push(E,E)
54201275283:Push(E,E)
54201340173:Push(E,E)
54201399757:Push(E,E)
54201455551:Push(E,E)
54201521757:Push(E,E)
54201578773:Push(E,E)
54201642779:Move(S)
54201730889:Move(W)
54201793650:Move(W)
54201851355:Move(W)
54201908243:Move(W)
54201964759:Move(W)
54202023779:Move(W)
54202078146:Move(W)
54202133451:Move(W)
54202192909:Move(W)
54202246824:Move(W)
54202324637:Move(W)
54202378400:Move(W)
54202426082:Move(W)
54202476870:Move(W)
54202525404:Move(W)
54202573173:Move(W)
54202620709:Move(W)
54202668840:Move(W)
54202716616:Move(W)
54202767012:Move(W)
54202813928:Move(W)
54202859352:Move(W)
54202906038:Move(W)
54202954434:Move(W)
54203000423:Move(W)
54203047150:Move(W)
54203095844:Move(W)
54203158166:Move(W)
54203206755:Move(W)
54203254796:Move(W)
54203297757:Move(W)
54203341836:Move(W)
54203385378:Move(W)
54203428832:Move(W)
54203481074:Move(W)
54203523548:Move(W)
54203567747:Move(W)
54203612531:Move(W)
54203659045:Move(W)
54203708110:Move(W)
54203757375:Move(W)
54203803382:Move(W)
54203853693:Pull(S,W)
54203907386:Push(N,E)
54203959099:Push(E,E)
54204010268:Push(E,E)
54204060351:Push(E,E)
54204110101:Push(E,E)
54204164786:Push(E,E)
54204215105:Push(E,E)
54204268040:Push(E,E)
54204322082:Push(E,E)
54204378499:Push(E,E)
54204435666:Push(E,E)
54204486776:Push(E,E)
54204536303:Push(E,E)
54204586317:Push(E,E)
54204637979:Push(E,E)
54204688611:Push(E,E)
54204738312:Push(E,E)
54204787981:Push(E,E)
54204840569:Push(E,E)
54204891204:Push(E,E)
54204940837:Push(E,E)
54204989878:Push(E,E)
54205038373:Push(E,E)
54205090584:Push(E,E)
54205142425:Push(E,E)
54205191197:Push(E,E)
54205241257:Push(E,E)
54205290483:Push(E,E)
54205342007:Push(E,E)
54205390744:Push(E,E)
54205440678:Push(E,E)
54205490806:Push(E,E)
54205541477:Push(E,E)
54205592812:Push(E,E)
54205638956:Push(E,E)
54205687580:Push(E,E)
54205748821:Push(E,E)
54205799203:Push(E,E)
54205849875:Push(E,E)
54205900014:Push(E,E)
54205951051:Push(E,E)
54205998874:Push(E,E)
54206046233:Push(E,E)
54206091632:Move(W)
54206137103:Move(S)
54206183387:Move(W)
54206228931:Move(W)
54206272775:Move(W)
54206318459:Move(W)
54206362646:Move(W)
54206406574:Move(W)
54206466928:Move(W)
54206516270:Move(W)
54206563492:Move(W)
54206608351:Move(W)
54206653228:Move(W)
54206697160:Move(W)
54206740204:Move(W)
54206783226:Move(W)
54206825654:Move(W)
54206868171:Move(W)
54206910071:Move(W)
54206952545:Move(W)
54206995946:Move(W)
54207040635:Move(W)
54207092770:Move(W)
54207144761:Move(W)
54207201477:Move(W)
54207261816:Move(W)
54207309750:Move(W)
54207355770:Move(W)
54207405662:Move(W)
54207452235:Move(W)
54207496796:Move(W)
54207584578:Move(W)
54207651593:Move(W)
54207713678:Move(W)
54207769654:Move(W)
54207827285:Move(W)
54207883954:Move(W)
54207936909:Move(W)
54207989446:Move(W)
54208040759:Move(W)
54208093727:Move(W)
54208144759:Move(W)
54208199805:Move(W)
54208258468:Pull(S,W)
54208317369:Push(N,E)
54208383829:Push(E,E)
54208439644:Push(E,E)
54208493983:Push(E,E)
54208563050:Push(E,E)
54208609733:Push(E,E)
54208653765:Push(E,E)
54208704594:Push(E,E)
54208752229:Push(E,E)
54208800128:Push(E,E)
54208857951:Push(E,E)
54208907847:Push(E,E)
54208955829:Push(E,E)
54209002541:Push(E,E)
54209048965:Push(E,E)
54209097971:Push(E,E)
54209148263:Push(E,E)
54209200366:Push(E,E)
54209247619:Push(E,E)
54209298260:Push(E,E)
54209348652:Push(E,E)
54209400163:Push(E,E)
54209445123:Push(E,E)
54209488803:Push(E,E)
54209534483:Push(E,E)
54209581947:Push(E,E)
54209632303:Push(E,E)
54209680444:Push(E,E)
54209734603:Push(E,E)
54209788226:Push(E,E)
54209836110:Push(E,E)
54209887341:Push(E,E)
54209935710:Push(E,E)
54209988714:Push(E,E)
54210036150:Push(E,E)
54210081793:Push(E,E)
54210128525:Push(E,E)
54210176412:Push(E,E)
54210223007:Push(E,E)
54210268303:Push(E,E)
54210314092:Push(E,E)
54210361973:Push(E,E)
54210411915:Push(E,E)
54210456748:Move(S)
54210500508:Move(W)
54210543105:Move(W)
54210586033:Move(W)
54210629520:Move(W)
54210675774:Move(W)
54210719165:Move(W)
54210761985:Move(W)
54210804332:Move(W)
54210848955:Move(W)
54210892804:Move(W)
54210936091:Move(W)
54210980632:Move(W)
54211023560:Move(W)
54211068486:Move(W)
54211114677:Move(W)
54211164336:Move(W)
54211208410:Move(W)
54211252533:Move(W)
54211299832:Move(W)
54211345602:Move(W)
54211389801:Move(W)
54211433584:Move(W)
54211480342:Move(W)
54211525198:Move(W)
54211569810:Move(W)
54211613840:Move(W)
54211656791:Move(W)
54211700559:Move(W)
54211746936:Move(W)
54211797392:Move(W)
54211845930:Move(W)
54211892488:Move(W)
54211939345:Move(W)
54211986080:Move(W)
54212033096:Move(W)
54212079434:Move(W)
54212128628:Move(W)
54212173433:Move(W)
54212219815:Move(W)
54212267486:Move(W)
54212315421:Move(W)
54212360949:Move(W)
54212414009:Pull(N,W)
54212466035:Push(S,E)
54212516086:Push(E,E)
54212576467:Push(E,E)
54212626659:Push(E,E)
54212698328:Push(E,E)
54212754506:Push(E,E)
54212805069:Push(E,E)
54212854906:Push(E,E)
54212905172:Push(E,E)
54212954533:Push(E,E)
54213006843:Push(E,E)
54213055382:Push(E,E)
54213105553:Push(E,E)
54213156568:Push(E,E)
54213208059:Push(E,E)
54213260448:Push(E,E)
54213312738:Push(E,E)
54213360443:Push(E,E)
54213408340:Push(E,E)
54213457354:Push(E,E)
54213505673:Push(E,E)
54213558403:Push(E,E)
54213610128:Push(E,E)
54213662777:Push(E,E)
54213714576:Push(E,E)
54213763348:Push(E,E)
54213813345:Push(E,E)
54213861008:Push(E,E)
54213915334:Push(E,E)
54213966323:Push(E,E)
54214019670:Push(E,E)
54214072463:Push(E,E)
54214122848:Push(E,E)
54214177420:Push(E,E)
54214228716:Push(E,E)
54214282429:Push(E,E)
54214331694:Push(E,E)
54214379976:Push(E,E)
54214429350:Push(E,E)
54214478487:Push(E,E)
54214530105:Push(E,E)
54214580366:Push(E,E)
54214630994:Push(E,E)
54214679501:Move(S)
54214730259:Move(W)
54214778107:Move(W)
54214824751:Move(W)
54214871763:Move(W)
54214929744:Move(W)
54214982042:Move(W)
54215026425:Move(W)
54215070279:Move(W)
54215111151:Move(W)
54215152263:Move(W)
54215197627:Move(W)
54215240261:Move(W)
54215283008:Move(W)
54215327612:Move(W)
54215369472:Move(W)
54215410553:Move(W)
54215453358:Move(W)
54215495693:Move(W)
54215536971:Move(W)
54215578845:Move(W)
54215621275:Move(W)
54215664417:Move(W)
54215705676:Move(W)
54215751266:Move(W)
54215793225:Move(W)
54215837080:Move(W)
54215880352:Move(W)
54215923530:Move(W)
54215966184:Move(W)
54216008636:Move(W)
54216054369:Move(W)
54216098870:Move(W)
54216141934:Move(W)
54216183729:Move(W)
54216224934:Move(W)
54216265934:Move(W)
54216307649:Move(W)
54216349002:Move(W)
54216391253:Move(W)
54216433060:Move(W)
54216480459:Move(W)
54216523118:Move(W)
54216569583:Pull(N,W)
54216616161:Push(S,E)
54216662446:Push(E,E)
54216707360:Push(E,E)
54216755902:Push(E,E)
54216819847:Push(E,E)
54216866324:Push(E,E)
54216914420:Push(E,E)
54216959553:Push(E,E)
54217008856:Push(E,E)
54217054377:Push(E,E)
54217102446:Push(E,E)
54217150364:Push(E,E)
54217199365:Push(E,E)
54217243374:Push(E,E)
54217290763:Push(E,E)
54217337833:Push(E,E)
54217382868:Push(E,E)
54217428795:Push(E,E)
54217475917:Push(E,E)
54217523497:Push(E,E)
54217573574:Push(E,E)
54217620280:Push(E,E)
54217668838:Push(E,E)
54217717234:Push(E,E)
54217769360:Push(E,E)
54217822592:Push(E,E)
54217869340:Push(E,E)
54217919432:Push(E,E)
54217971557:Push(E,E)
54218018146:Push(E,E)
54218065766:Push(E,E)
54218111224:Push(E,E)
54218157071:Push(E,E)
54218204964:Push(E,E)
54218251571:Push(E,E)
54218300644:Push(E,E)
54218348235:Push(E,E)
54218395894:Push(E,E)
54218445579:Push(E,E)
54218494623:Push(E,E)
54218541611:Push(E,E)
54218589034:Push(E,E)
54218635400:Push(E,E)
54218692754:Move(W)
54218737802:Move(W)
54218785308:Move(S)
54218834747:Move(W)
54218881060:Move(W)
54218927489:Move(W)
54218972030:Move(W)
54219014776:Move(W)
54219058286:Move(W)
54219102014:Move(W)
54219146249:Move(W)
54219190188:Move(W)
54219233092:Move(W)
54219281168:Move(W)
54219323930:Move(W)
54219367036:Move(W)
54219409213:Move(W)
54219452463:Move(W)
54219499520:Move(W)
54219543721:Move(W)
54219592959:Move(W)
54219636489:Move(W)
54219682826:Move(W)
54219764006:Move(W)
54219815306:Move(W)
54219885269:Move(W)
54219942043:Move(W)
54219992088:Move(W)
54220038817:Move(W)
54220086546:Move(W)
54220148007:Move(W)
54220193474:Move(W)
54220238060:Move(W)
54220281250:Move(W)
54220324573:Move(W)
54220368882:Move(W)
54220411295:Move(W)
54220476105:Move(W)
54220530434:Move(W)
54220576408:Move(W)
54220623826:Move(W)
54220670690:Move(W)
54220717077:Move(W)
54220772269:Pull(E,W)
54220824986:Pull(E,W)
54220875213:Pull(S,W)
54220933040:Push(N,E)
54220990293:Push(E,E)
54221046233:Push(E,E)
54221100896:Push(E,E)
54221157728:Push(E,E)
54221213606:Push(E,E)
54221271741:Push(E,E)
54221325880:Push(E,E)
54221376320:Push(E,E)
54221425276:Push(E,E)
54221473560:Push(E,E)
54221520099:Push(E,E)
54221564983:Push(E,E)
54221611298:Push(E,E)
54221663599:Push(E,E)
54221710921:Push(E,E)
54221759249:Push(E,E)
54221806048:Push(E,E)
54221857991:Push(E,E)
54221908057:Push(E,E)
54221954681:Push(E,E)
54222003354:Push(E,E)
54222052928:Push(E,E)
54222102849:Push(E,E)
54222149789:Push(E,E)
54222200352:Push(E,E)
54222247604:Push(E,E)
54222297376:Push(E,E)
54222344660:Push(E,E)
54222390228:Push(E,E)
54222436569:Push(E,E)
54222482933:Push(E,E)
54222528898:Push(E,E)
54222575796:Push(E,E)
54222622549:Push(E,E)
54222671571:Push(E,E)
54222718303:Push(E,E)
54222764344:Push(E,E)
54222812810:Push(E,E)
54222862918:Push(E,E)
54222910483:Push(E,E)
54222955270:Move(S)
54222999775:Move(W)
54223055355:Move(W)
54223099126:Move(W)
54223142896:Move(W)
54223191868:Move(W)
54223245047:Move(W)
54223291092:Move(W)
54223336191:Move(W)
54223378185:Move(W)
54223420048:Move(W)
54223463001:Move(W)
54223505343:Move(W)
54223547455:Move(W)
54223594119:Move(W)
54223637092:Move(W)
54223680343:Move(W)
54223721814:Move(W)
54223763691:Move(W)
54223811369:Move(W)
54223856523:Move(W)
54223900290:Move(W)
54223944441:Move(W)
54223991832:Move(W)
54224038741:Move(W)
54224080818:Move(W)
54224127888:Move(W)
54224175301:Move(W)
54224218204:Move(W)
54224261287:Move(W)
54224303496:Move(W)
54224346255:Move(W)
54224394500:Move(W)
54224438020:Move(W)
54224481017:Move(W)
54224524134:Move(W)
54224567270:Move(W)
54224613341:Move(W)
54224656602:Move(W)
54224701535:Move(W)
54224745293:Move(W)
54224788239:Move(W)
54224830577:Move(W)
54224879136:Pull(S,W)
54224929928:Push(N,E)
54224978401:Push(E,E)
54225026491:Push(E,E)
54225079731:Push(E,E)
54225126165:Push(E,E)
54225170783:Push(E,E)
54225215566:Push(E,E)
54225260658:Push(E,E)
54225306798:Push(E,E)
54225352706:Push(E,E)
54225399695:Push(E,E)
54225449642:Push(E,E)
54225495580:Push(E,E)
54225544525:Push(E,E)
54225594033:Push(E,E)
54225640781:Push(E,E)
54225689812:Push(E,E)
54225743283:Push(E,E)
54225791610:Push(E,E)
54225841156:Push(E,E)
54225890100:Push(E,E)
54225937041:Push(E,E)
54225983995:Push(E,E)
54226031102:Push(E,E)
54226078032:Push(E,E)
54226127957:Push(E,E)
54226176325:Push(E,E)
54226221370:Push(E,E)
54226269034:Push(E,E)
54226317338:Push(E,E)
54226363814:Push(E,E)
54226411409:Push(E,E)
54226458308:Push(E,E)
54226503805:Push(E,E)
54226549722:Push(E,E)
54226598399:Push(E,E)
54226645119:Push(E,E)
54226692629:Push(E,E)
54226739479:Push(E,E)
54226785721:Push(E,E)
54226837043:Push(E,E)
54226884650:Push(E,E)
54226931570:Push(E,E)
54226976614:Move(S)
54227020540:Move(W)
54227064242:Move(W)
54227108426:Move(W)
54227152810:Move(W)
54227197951:Move(W)
54227263123:Move(W)
54227317940:Move(W)
54227366933:Move(W)
54227412531:Move(W)
54227460193:Move(W)
54227505046:Move(W)
54227548654:Move(W)
54227592040:Move(W)
54227635348:Move(W)
54227679002:Move(W)
54227724973:Move(W)
54227771660:Move(W)
54227815929:Move(W)
54227859135:Move(W)
54227902340:Move(W)
54227945241:Move(W)
54227990775:Move(W)
54228035816:Move(W)
54228079176:Move(W)
54228125761:Move(W)
54228170180:Move(W)
54228212749:Move(W)
54228255362:Move(W)
54228299284:Move(W)
54228347887:Move(W)
54228390741:Move(W)
54228432698:Move(W)
54228477583:Move(W)
54228523949:Move(W)
54228569004:Move(W)
54228613725:Move(W)
54228666452:Move(W)
54228738566:Move(W)
54228792210:Move(W)
54228842562:Move(W)
54228888602:Move(W)
54228936682:Move(W)
54228991471:Pull(E,W)
54229039570:Pull(N,W)
54229087724:Push(S,E)
54229138646:Push(E,E)
54229188685:Push(E,E)
54229237637:Push(E,E)
54229282739:Push(E,E)
54229329237:Push(E,E)
54229381851:Push(E,E)
54229430063:Push(E,E)
54229478301:Push(E,E)
54229524193:Push(E,E)
54229570421:Push(E,E)
54229618921:Push(E,E)
54229664128:Push(E,E)
54229711902:Push(E,E)
54229759558:Push(E,E)
54229804650:Push(E,E)
54229856112:Push(E,E)
54229923244:Push(E,E)
54229971469:Push(E,E)
54230020358:Push(E,E)
54230071611:Push(E,E)
54230119836:Push(E,E)
54230169710:Push(E,E)
54230221029:Push(E,E)
54230267559:Push(E,E)
54230315211:Push(E,E)
54230363369:Push(E,E)
54230410591:Push(E,E)
54230457842:Push(E,E)
54230508169:Push(E,E)
54230564500:Push(E,E)
54230616906:Push(E,E)
54230670998:Push(E,E)
54230720395:Push(E,E)
54230770684:Push(E,E)
54230816974:Push(E,E)
54230864485:Push(E,E)
54230912565:Push(E,E)
54230959352:Push(E,E)
54231005909:Push(E,E)
54231066323:Push(E,E)
54231122656:Push(E,E)
54231177147:Move(S)
54231220515:Move(W)
54231262548:Move(W)
54231303776:Move(W)
54231348111:Move(W)
54231389295:Move(W)
54231430279:Move(W)
54231476826:Move(W)
54231518198:Move(W)
54231559029:Move(W)
54231599473:Move(W)
54231642138:Move(W)
54231682908:Move(W)
54231723953:Move(W)
54231768921:Move(W)
54231810151:Move(W)
54231850841:Move(W)
54231893560:Move(W)
54231934368:Move(W)
54231976289:Move(W)
54232017721:Move(W)
54232061005:Move(W)
54232105896:Move(W)
54232154667:Move(W)
54232202026:Move(W)
54232243427:Move(W)
54232284847:Move(W)
54232326563:Move(W)
54232367449:Move(W)
54232411721:Move(W)
54232453989:Move(W)
54232495329:Move(W)
54232538830:Move(W)
54232582067:Move(W)
54232625173:Move(W)
54232669117:Move(W)
54232710745:Move(W)
54232752400:Move(W)
54232793973:Move(W)
54232835219:Move(W)
54232876494:Move(W)
54232919527:Move(W)
54232961337:Move(W)
54233008074:Pull(S,W)
54233058593:Push(N,E)
54233112440:Push(E,E)
54233158007:Push(E,E)
54233202850:Push(E,E)
54233248484:Push(E,E)
54233293353:Push(E,E)
54233342347:Push(E,E)
54233387560:Push(E,E)
54233434509:Push(E,E)
54233479763:Push(E,E)
54233524557:Push(E,E)
54233573046:Push(E,E)
54233618519:Push(E,E)
54233673712:Push(E,E)
54233721541:Push(E,E)
54233766586:Push(E,E)
54233811434:Push(E,E)
54233855662:Push(E,E)
54233900829:Push(E,E)
54233947830:Push(E,E)
54233993481:Push(E,E)
54234038059:Push(E,E)
54234084722:Push(E,E)
54234130402:Push(E,E)
54234176053:Push(E,E)
54234222296:Push(E,E)
54234270527:Push(E,E)
54234315489:Push(E,E)
54234360197:Push(E,E)
54234405252:Push(E,E)
54234450362:Push(E,E)
54234495904:Push(E,E)
54234541118:Push(E,E)
54234586495:Push(E,E)
54234631221:Push(E,E)
54234677092:Push(E,E)
54234723939:Push(E,E)
54234805827:Push(E,E)
54234859306:Push(E,E)
54234897398:Push(E,E)
54234934418:Push(E,E)
54234971221:Push(E,E)
54235010875:Push(E,E)
54235046906:Move(S)
54235082492:Move(W)
54235118166:Move(W)
54235152635:Move(W)
54235187476:Move(W)
54235222303:Move(W)
54235255809:Move(W)
54235289248:Move(W)
54235323070:Move(W)
54235358378:Move(W)
54235391971:Move(W)
54235425688:Move(W)
54235459398:Move(W)
54235494309:Move(W)
54235528046:Move(W)
54235561283:Move(W)
54235595959:Move(W)
54235643702:Move(W)
54235685182:Move(W)
54235749566:Move(W)
54235804389:Move(W)
54235853571:Move(W)
54235901198:Move(W)
54235949011:Move(W)
54235996889:Move(W)
54236044620:Move(W)
54236092553:Move(W)
54236142428:Move(W)
54236190027:Move(W)
54236238034:Move(W)
54236286955:Move(W)
54236342409:Move(W)
54236398629:Move(W)
54236446338:Move(W)
54236490864:Move(W)
54236533904:Move(W)
54236575793:Move(W)
54236617233:Move(W)
54236658630:Move(W)
54236704790:Move(W)
54236746622:Move(W)
54236787527:Move(W)
54236828582:Move(W)
54236875427:Pull(S,W)
54236921911:Push(N,E)
54236967013:Push(E,E)
54237013351:Push(E,E)
54237059155:Push(E,E)
54237103190:Push(E,E)
54237147162:Push(E,E)
54237190980:Push(E,E)
54237235173:Push(E,E)
54237278906:Push(E,E)
54237322921:Push(E,E)
54237366497:Push(E,E)
54237412021:Push(E,E)
54237456493:Push(E,E)
54237501974:Push(E,E)
54237546039:Push(E,E)
54237590124:Push(E,E)
54237633757:Push(E,E)
54237677480:Push(E,E)
54237728470:Push(E,E)
54237777408:Push(E,E)
54237828463:Push(E,E)
54237879448:Push(E,E)
54237926887:Push(E,E)
54237974864:Push(E,E)
54238023679:Push(E,E)
54238067890:Push(E,E)
54238111909:Push(E,E)
54238157850:Push(E,E)
54238204000:Push(E,E)
54238253993:Push(E,E)
54238300772:Push(E,E)
54238346779:Push(E,E)
54238392925:Push(E,E)
54238439594:Push(E,E)
54238488046:Push(E,E)
54238535191:Push(E,E)
54238584932:Push(E,E)
54238631330:Push(E,E)
54238692967:Push(E,E)
54238740662:Push(E,E)
54238788165:Push(E,E)
54238833872:Push(E,E)
54238879226:Push(E,E)
54238922500:Move(W)
54238964417:Move(W)
54239005833:Move(W)
54239047396:Move(W)
54239088445:Move(W)
54239128650:Move(W)
54239170134:Move(W)
54239213424:Move(W)
54239255507:Move(W)
54239296487:Move(S)
54239341314:Move(W)
54239384447:Move(W)
54239427085:Move(W)
54239469125:Move(W)
54239510801:Move(W)
54239552787:Move(W)
54239597515:Move(W)
54239641443:Move(W)
54239683779:Move(W)
54239725636:Move(W)
54239769866:Move(W)
54239817711:Move(W)
54239867632:Move(W)
54239938974:Move(W)
54239984759:Move(W)
54240029808:Move(W)
54240071908:Move(W)
54240114882:Move(W)
54240158995:Move(W)
54240200945:Move(W)
54240242809:Move(W)
54240291556:Move(W)
54240342741:Move(W)
54240384761:Move(W)
54240429110:Move(W)
54240474606:Move(W)
54240519741:Move(W)
54240562804:Move(W)
54240607963:Move(W)
54240648397:Move(W)
54240691263:Move(W)
54240736491:Move(W)
54240796426:Move(W)
54240849356:Pull(E,W)
54240901018:Pull(E,W)
54240950922:Pull(E,W)
54241000336:Pull(S,W)
54241053658:Push(N,E)
54241104313:Push(E,E)
54241157654:Push(E,E)
54241205963:Push(E,E)
54241257513:Push(E,E)
54241307002:Push(E,E)
54241353544:Push(E,E)
54241401491:Push(E,E)
54241448094:Push(E,E)
54241495745:Push(E,E)
54241543768:Push(E,E)
54241590844:Push(E,E)
54241657803:Push(E,E)
54241706205:Push(E,E)
54241753697:Push(E,E)
54241809807:Push(E,E)
54241863777:Push(E,E)
54241908241:Push(E,E)
54241963305:Push(E,E)
54242020341:Push(E,E)
54242080595:Push(E,E)
54242148543:Push(E,E)
54242214760:Push(E,E)
54242282682:Push(E,E)
54242348080:Push(E,E)
54242406977:Push(E,E)
54242453523:Push(E,E)
54242498451:Push(E,E)
54242542688:Push(E,E)
54242586877:Push(E,E)
54242635807:Push(E,E)
54242680600:Push(E,E)
54242725408:Push(E,E)
54242773947:Push(E,E)
54242819717:Push(E,E)
54242866789:Push(E,E)
54242911464:Push(E,E)
54242956496:Push(E,E)
54243000029:Push(E,E)
54243045794:Push(E,E)
54243087810:Move(W)
54243128727:Move(S)
54243169303:Move(W)
54243209847:Move(W)
54243249564:Move(W)
54243290025:Move(W)
54243332569:Move(W)
54243373229:Move(W)
54243413713:Move(W)
54243453910:Move(W)
54243500679:Move(W)
54243541562:Move(W)
54243583989:Move(W)
54243626856:Move(W)
54243668583:Move(W)
54243709555:Move(W)
54243749184:Move(W)
54243792472:Move(W)
54243833056:Move(W)
54243873370:Move(W)
54243916269:Move(W)
54243961052:Move(W)
54244004096:Move(W)
54244045744:Move(W)
54244087511:Move(W)
54244129139:Move(W)
54244170860:Move(W)
54244214691:Move(W)
54244256969:Move(W)
54244301883:Move(W)
54244343619:Move(W)
54244386755:Move(W)
54244428511:Move(W)
54244469995:Move(W)
54244513542:Move(W)
54244554874:Move(W)
54244602083:Move(W)
54244644312:Move(W)
54244685484:Move(W)
54244726578:Move(W)
54244767191:Move(W)
54244808590:Move(W)
54244850333:Move(W)
54244896362:Pull(S,W)
54244942618:Push(N,E)
54244987648:Push(E,E)
54245032337:Push(E,E)
54245076057:Push(E,E)
54245120456:Push(E,E)
54245166711:Push(E,E)
54245213442:Push(E,E)
54245260448:Push(E,E)
54245306524:Push(E,E)
54245351880:Push(E,E)
54245395942:Push(E,E)
54245439932:Push(E,E)
54245484250:Push(E,E)
54245533384:Push(E,E)
54245581944:Push(E,E)
54245632132:Push(E,E)
54245677402:Push(E,E)
54245723900:Push(E,E)
54245771483:Push(E,E)
54245816409:Push(E,E)
54245861298:Push(E,E)
54245911868:Push(E,E)
54245956046:Push(E,E)
54246000542:Push(E,E)
54246044403:Push(E,E)
54246088586:Push(E,E)
54246132409:Push(E,E)
54246177232:Push(E,E)
54246224634:Push(E,E)
54246270477:Push(E,E)
54246315305:Push(E,E)
54246360302:Push(E,E)
54246409166:Push(E,E)
54246453699:Push(E,E)
54246498890:Push(E,E)
54246555682:Push(E,E)
54246600678:Push(E,E)
54246645408:Push(E,E)
54246693401:Push(E,E)
54246738066:Push(E,E)
54246782853:Push(E,E)
54246826707:Push(E,E)
54246870213:Push(E,E)
54246912541:Move(W)
54246964832:Move(W)
54247006191:Move(S)
54247047035:Move(W)
54247090434:Move(W)
54247134507:Move(W)
54247175281:Move(W)
54247217475:Move(W)
54247260688:Move(W)
54247325469:Move(W)
54247376454:Move(W)
54247418492:Move(W)
54247506145:Move(W)
54247564594:Move(W)
54247612350:Move(W)
54247655941:Move(W)
54247698790:Move(W)
54247741249:Move(W)
54247783786:Move(W)
54247826380:Move(W)
54247868854:Move(W)
54247911500:Move(W)
54247954793:Move(W)
54247997619:Move(W)
54248039994:Move(W)
54248084657:Move(W)
54248127035:Move(W)
54248168816:Move(W)
54248208658:Move(W)
54248251616:Move(W)
54248293219:Move(W)
54248335020:Move(W)
54248378140:Move(W)
54248420737:Move(W)
54248471443:Move(W)
54248514169:Move(W)
54248556333:Move(W)
54248601341:Move(W)
54248643583:Move(W)
54248685799:Move(W)
54248728228:Move(W)
54248770763:Move(W)
54248812809:Move(W)
54248862429:Pull(S,W)
54248911719:Push(N,E)
54248959544:Push(E,E)
54249009324:Push(E,E)
54249055974:Push(E,E)
54249102972:Push(E,E)
54249151132:Push(E,E)
54249198900:Push(E,E)
54249253650:Push(E,E)
54249323199:Push(E,E)
54249383899:Push(E,E)
54249431312:Push(E,E)
54249478440:Push(E,E)
54249524884:Push(E,E)
54249572686:Push(E,E)
54249631560:Push(E,E)
54249697892:Push(E,E)
54249754703:Push(E,E)
54249802654:Push(E,E)
54249849144:Push(E,E)
54249906983:Push(E,E)
54249979537:Push(E,E)
54250032284:Push(E,E)
54250089582:Push(E,E)
54250137463:Push(E,E)
54250191413:Push(E,E)
54250237099:Push(E,E)
54250285473:Push(E,E)
54250338930:Push(E,E)
54250405230:Push(E,E)
54250453427:Push(E,E)
54250505852:Push(E,E)
54250554872:Push(E,E)
54250603768:Push(E,E)
54250652879:Push(E,E)
54250699216:Push(E,E)
54250745895:Push(E,E)
54250791168:Push(E,E)
54250839091:Push(E,E)
54250884693:Push(E,E)
54250930254:Push(E,E)
54250978339:Push(E,E)
54251025319:Push(E,E)
54251072356:Push(E,E)
54251119419:Move(S)
54251163294:Move(W)
54251214239:Move(W)
54251257395:Move(W)
54251301044:Move(W)
54251344371:Move(W)
54251389277:Move(W)
54251434115:Move(W)
54251480776:Move(W)
54251523540:Move(W)
54251566157:Move(W)
54251609269:Move(W)
54251656622:Move(W)
54251702787:Move(W)
54251746540:Move(W)
54251792166:Move(W)
54251835349:Move(W)
54251879231:Move(W)
54251922989:Move(W)
54251965658:Move(W)
54252007655:Move(W)
54252051270:Move(W)
54252093813:Move(W)
54252137046:Move(W)
54252185751:Move(W)
54252229362:Move(W)
54252271259:Move(W)
54252313378:Move(W)
54252358349:Move(W)
54252403573:Move(W)
54252445269:Move(W)
54252489045:Move(W)
54252531171:Move(W)
54252577965:Move(W)
54252618979:Move(W)
54252661332:Move(W)
54252703788:Move(W)
54252746952:Move(W)
54252788842:Move(W)
54252830253:Move(W)
54252871486:Move(W)
54252911836:Move(W)
54252953362:Move(W)
54253000726:Pull(E,W)
54253067648:Pull(N,W)
54253115457:Push(S,E)
54253161444:Push(E,E)
54253207323:Push(E,E)
54253254315:Push(E,E)
54253300928:Push(E,E)
54253346846:Push(E,E)
54253392356:Push(E,E)
54253441480:Push(E,E)
54253488499:Push(E,E)
54253535849:Push(E,E)
54253584033:Push(E,E)
54253633092:Push(E,E)
54253685688:Push(E,E)
54253732209:Push(E,E)
54253783576:Push(E,E)
54253832382:Push(E,E)
54253879520:Push(E,E)
54253926948:Push(E,E)
54253973520:Push(E,E)
54254021894:Push(E,E)
54254067692:Push(E,E)
54254115443:Push(E,E)
54254161672:Push(E,E)
54254208013:Push(E,E)
54254256215:Push(E,E)
54254303923:Push(E,E)
54254350123:Push(E,E)
54254397270:Push(E,E)
54254444951:Push(E,E)
54254495455:Push(E,E)
54254557680:Push(E,E)
54254609428:Push(E,E)
54254658150:Push(E,E)
54254705975:Push(E,E)
54254752921:Push(E,E)
54254798915:Push(E,E)
54254845597:Push(E,E)
54254892948:Push(E,E)
54254942956:Push(E,E)
54254989158:Push(E,E)
54255035929:Push(E,E)
54255081793:Push(E,E)
54255128395:Move(W)
54255171282:Move(W)
54255215477:Move(S)
54255262972:Move(W)
54255305245:Move(W)
54255351530:Move(W)
54255407091:Move(W)
54255462121:Move(W)
54255510747:Move(W)
54255565588:Move(W)
54255618437:Move(W)
54255664266:Move(W)
54255709225:Move(W)
54255754486:Move(W)
54255802909:Move(W)
54255846688:Move(W)
54255889804:Move(W)
54255931577:Move(W)
54255973099:Move(W)
54256014527:Move(W)
54256058048:Move(W)
54256099293:Move(W)
54256142921:Move(W)
54256184344:Move(W)
54256226148:Move(W)
54256267638:Move(W)
54256314347:Move(W)
54256357166:Move(W)
54256398712:Move(W)
54256441604:Move(W)
54256483963:Move(W)
54256529524:Move(W)
54256572444:Move(W)
54256615074:Move(W)
54256657377:Move(W)
54256700261:Move(W)
54256742611:Move(W)
54256784946:Move(W)
54256827309:Move(W)
54256869857:Move(W)
54256912196:Move(W)
54256955329:Move(W)
54256997513:Move(W)
54257047857:Pull(E,W)
54257097569:Pull(E,W)
54257145770:Pull(N,W)
54257194666:Push(S,E)
54257242183:Push(E,E)
54257287991:Push(E,E)
54257333715:Push(E,E)
54257379559:Push(E,E)
54257425129:Push(E,E)
54257470141:Push(E,E)
54257517316:Push(E,E)
54257562245:Push(E,E)
54257606174:Push(E,E)
54257654412:Push(E,E)
54257700860:Push(E,E)
54257749066:Push(E,E)
54257793832:Push(E,E)
54257839429:Push(E,E)
54257885593:Push(E,E)
54257933435:Push(E,E)
54257979060:Push(E,E)
54258025127:Push(E,E)
54258072051:Push(E,E)
54258117507:Push(E,E)
54258165009:Push(E,E)
54258218216:Push(E,E)
54258275914:Push(E,E)
54258324276:Push(E,E)
54258374439:Push(E,E)
54258422542:Push(E,E)
54258468778:Push(E,E)
54258514288:Push(E,E)
54258560466:Push(E,E)
54258608517:Push(E,E)
54258654436:Push(E,E)
54258702247:Push(E,E)
54258755523:Push(E,E)
54258802109:Push(E,E)
54258855609:Push(E,E)
54258901985:Push(E,E)
54258948538:Push(E,E)
54258996136:Push(E,E)
54259043017:Push(E,E)
54259092276:Push(E,E)
54259137442:Move(S)
54259181585:Move(W)
54259227015:Move(W)
54259272302:Move(W)
54259316139:Move(W)
54259359596:Move(W)
54259402783:Move(W)
54259449085:Move(W)
54259492394:Move(W)
54259541304:Move(W)
54259587915:Move(W)
54259630421:Move(W)
54259672649:Move(W)
54259714253:Move(W)
54259756200:Move(W)
54259797750:Move(W)
54259841989:Move(W)
54259884633:Move(W)
54259930557:Move(W)
54260010820:Move(W)
54260062604:Move(W)
54260112656:Move(W)
54260165026:Move(W)
54260211035:Move(W)
54260256457:Move(W)
54260302041:Move(W)
54260346077:Move(W)
54260392842:Move(W)
54260438220:Move(W)
54260489023:Move(W)
54260535072:Move(W)
54260581062:Move(W)
54260626237:Move(W)
54260670554:Move(W)
54260728609:Move(W)
54260774630:Move(W)
54260819116:Move(W)
54260864731:Move(W)
54260909414:Move(W)
54260952928:Move(W)
54261022342:Move(W)
54261067586:Move(W)
54261115787:Move(W)
54261164878:Pull(N,W)
54261214184:Push(S,E)
54261261444:Push(E,E)
54261311569:Push(E,E)
54261358351:Push(E,E)
54261409312:Push(E,E)
54261454269:Push(E,E)
54261502954:Push(E,E)
54261546627:Push(E,E)
54261594568:Push(E,E)
54261642504:Push(E,E)
54261688632:Push(E,E)
54261739711:Push(E,E)
54261785380:Push(E,E)
54261832048:Push(E,E)
54261881399:Push(E,E)
54261929729:Push(E,E)
54261978255:Push(E,E)
54262024116:Push(E,E)
54262070326:Push(E,E)
54262114958:Push(E,E)
54262160620:Push(E,E)
54262206858:Push(E,E)
54262251764:Push(E,E)
54262296761:Push(E,E)
54262341554:Push(E,E)
54262388796:Push(E,E)
54262434086:Push(E,E)
54262478522:Push(E,E)
54262534543:Push(E,E)
54262579071:Push(E,E)
54262625428:Push(E,E)
54262671154:Push(E,E)
54262718850:Push(E,E)
54262763136:Push(E,E)
54262806667:Push(E,E)
54262850690:Push(E,E)
54262894997:Push(E,E)
54262938495:Push(E,E)
54262982289:Push(E,E)
54263025746:Push(E,E)
54263073900:Push(E,E)
54263117683:Push(E,E)
54263164178:Push(E,E)
54263206755:Move(W)
54263247967:Move(S)
54263289658:Move(W)
54263332734:Move(W)
54263374433:Move(W)
54263415465:Move(W)
54263455546:Move(W)
54263495854:Move(W)
54263536293:Move(W)
54263576844:Move(W)
54263616865:Move(W)
54263657642:Move(W)
54263708290:Move(W)
54263773690:Move(W)
54263819722:Move(W)
54263864114:Move(W)
54263913814:Move(W)
54263956979:Move(W)
54264004279:Move(W)
54264046495:Move(W)
54264088955:Move(W)
54264137634:Move(W)
54264181974:Move(W)
54264223833:Move(W)
54264265915:Move(W)
54264308060:Move(W)
54264350120:Move(W)
54264392441:Move(W)
54264435555:Move(W)
54264476922:Move(W)
54264521043:Move(W)
54264567556:Move(W)
54264615890:Move(W)
54264659237:Move(W)
54264701440:Move(W)
54264745880:Move(W)
54264789502:Move(W)
54264832549:Move(W)
54264878436:Move(W)
54264923173:Move(W)
54264966932:Move(W)
54265022177:Move(W)
54265085893:Move(W)
54265137086:Pull(E,W)
54265190079:Pull(S,W)
54265237694:Push(N,E)
54265283914:Push(E,E)
54265328657:Push(E,E)
54265374970:Push(E,E)
54265419548:Push(E,E)
54265487717:Push(E,E)
54265538780:Push(E,E)
54265588142:Push(E,E)
54265638358:Push(E,E)
54265685302:Push(E,E)
54265732373:Push(E,E)
54265780559:Push(E,E)
54265827191:Push(E,E)
54265874325:Push(E,E)
54265920936:Push(E,E)
54265969361:Push(E,E)
54266021641:Push(E,E)
54266078642:Push(E,E)
54266125893:Push(E,E)
54266174027:Push(E,E)
54266218943:Push(E,E)
54266269874:Push(E,E)
54266327178:Push(E,E)
54266385164:Push(E,E)
54266433285:Push(E,E)
54266483592:Push(E,E)
54266532823:Push(E,E)
54266595564:Push(E,E)
54266650349:Push(E,E)
54266698030:Push(E,E)
54266744953:Push(E,E)
54266790697:Push(E,E)
54266835451:Push(E,E)
54266881560:Push(E,E)
54266927656:Push(E,E)
54266972603:Push(E,E)
54267019118:Push(E,E)
54267066284:Push(E,E)
54267111985:Push(E,E)
54267156951:Push(E,E)
54267202316:Push(E,E)
54267246537:Push(E,E)
54267312349:Move(S)
54267359435:Move(W)
54267403531:Move(W)
54267446948:Move(W)
54267489773:Move(W)
54267534369:Move(W)
54267577068:Move(W)
54267621668:Move(W)
54267666247:Move(W)
54267709100:Move(W)
54267752204:Move(W)
54267794234:Move(W)
54267836607:Move(W)
54267879946:Move(W)
54267922676:Move(W)
54267968829:Move(W)
54268011453:Move(W)
54268054945:Move(W)
54268096025:Move(W)
54268139743:Move(W)
54268183813:Move(W)
54268226173:Move(W)
54268267877:Move(W)
54268309196:Move(W)
54268350630:Move(W)
54268395213:Move(W)
54268447265:Move(W)
54268489454:Move(W)
54268531108:Move(W)
54268572382:Move(W)
54268614700:Move(W)
54268657254:Move(W)
54268699343:Move(W)
54268741546:Move(W)
54268783517:Move(W)
54268826185:Move(W)
54268867302:Move(W)
54268909849:Move(W)
54268952276:Move(W)
54268993661:Move(W)
54269038333:Move(W)
54269082318:Move(W)
54269130479:Move(W)
54269181330:Pull(N,W)
54269229706:Push(S,E)
54269276461:Push(E,E)
54269327918:Push(E,E)
54269382598:Push(E,E)
54269433148:Push(E,E)
54269482757:Push(E,E)
54269529803:Push(E,E)
54269577918:Push(E,E)
54269628310:Push(E,E)
54269675298:Push(E,E)
54269724871:Push(E,E)
54269773277:Push(E,E)
54269819213:Push(E,E)
54269865531:Push(E,E)
54269911165:Push(E,E)
54269955926:Push(E,E)
54270016772:Push(E,E)
54270091751:Push(E,E)
54270154878:Push(E,E)
54270208133:Push(E,E)
54270256272:Push(E,E)
54270306267:Push(E,E)
54270355067:Push(E,E)
54270401998:Push(E,E)
54270447138:Push(E,E)
54270505534:Push(E,E)
54270552111:Push(E,E)
54270596539:Push(E,E)
54270645611:Push(E,E)
54270696349:Push(E,E)
54270742822:Push(E,E)
54270788754:Push(E,E)
54270833880:Push(E,E)
54270879407:Push(E,E)
54270925611:Push(E,E)
54270970456:Push(E,E)
54271015066:Push(E,E)
54271066281:Push(E,E)
54271111393:Push(E,E)
54271159497:Push(E,E)
54271209879:Push(E,E)
54271257383:Push(E,E)
54271305682:Push(E,E)
54271350017:Move(W)
54271394949:Move(W)
54271438214:Move(S)
54271482065:Move(W)
54271539744:Move(W)
54271589813:Move(W)
54271631897:Move(W)
54271673535:Move(W)
54271716513:Move(W)
54271759031:Move(W)
54271806007:Move(W)
54271852431:Move(W)
54271896018:Move(W)
54271938672:Move(W)
54271979347:Move(W)
54272020421:Move(W)
54272062720:Move(W)
54272104257:Move(W)
54272150954:Move(W)
54272193678:Move(W)
54272235849:Move(W)
54272279765:Move(W)
54272322172:Move(W)
54272365136:Move(W)
54272412477:Move(W)
54272457068:Move(W)
54272499212:Move(W)
54272543877:Move(W)
54272588334:Move(W)
54272632527:Move(W)
54272675013:Move(W)
54272716943:Move(W)
54272761130:Move(W)
54272804037:Move(W)
54272850871:Move(W)
54272893380:Move(W)
54272937814:Move(W)
54272979873:Move(W)
54273025029:Move(W)
54273068260:Move(W)
54273110620:Move(W)
54273153973:Move(W)
54273196978:Move(W)
54273246416:Pull(S,W)
54273311177:Push(N,E)
54273363047:Push(E,E)
54273420653:Push(E,E)
54273466687:Push(E,E)
54273513169:Push(E,E)
54273559159:Push(E,E)
54273605456:Push(E,E)
54273650892:Push(E,E)
54273696665:Push(E,E)
54273748870:Push(E,E)
54273800293:Push(E,E)
54273845883:Push(E,E)
54273891531:Push(E,E)
54273936935:Push(E,E)
54273982765:Push(E,E)
54274028434:Push(E,E)
54274077188:Push(E,E)
54274124757:Push(E,E)
54274170025:Push(E,E)
54274215366:Push(E,E)
54274272560:Push(E,E)
54274334355:Push(E,E)
54274382179:Push(E,E)
54274428124:Push(E,E)
54274474186:Push(E,E)
54274519954:Push(E,E)
54274566463:Push(E,E)
54274612737:Push(E,E)
54274659891:Push(E,E)
54274705003:Push(E,E)
54274754378:Push(E,E)
54274806835:Push(E,E)
54274854256:Push(E,E)
54274902159:Push(E,E)
54274949852:Push(E,E)
54274998140:Push(E,E)
54275043714:Push(E,E)
54275090726:Push(E,E)
54275138581:Push(E,E)
54275190745:Push(E,E)
54275245270:Push(E,E)
54275295694:Push(E,E)
54275364912:Push(E,E)
54275434544:Move(W)
54275487017:Move(W)
54275533245:Move(S)
54275578868:Move(W)
54275625179:Move(W)
54275676592:Move(W)
54275718731:Move(W)
54275771529:Move(W)
54275836100:Move(W)
54275895483:Move(W)
54275979263:Move(W)
54276039347:Move(W)
54276088819:Move(W)
54276134688:Move(W)
54276184187:Move(W)
54276230372:Move(W)
54276273513:Move(W)
54276314739:Move(W)
54276357750:Move(W)
54276399341:Move(W)
54276443434:Move(W)
54276485279:Move(W)
54276526874:Move(W)
54276573133:Move(W)
54276615310:Move(W)
54276656674:Move(W)
54276699539:Move(W)
54276746068:Move(W)
54276791472:Move(W)
54276834791:Move(W)
54276878618:Move(W)
54276920673:Move(W)
54276962337:Move(W)
54277006523:Move(W)
54277053758:Move(W)
54277096321:Move(W)
54277138704:Move(W)
54277180831:Move(W)
54277224711:Move(W)
54277269161:Move(W)
54277311434:Move(W)
54277353384:Move(W)
54277397348:Move(W)
54277445949:Pull(S,W)
54277494023:Push(N,E)
54277542480:Push(E,E)
54277590207:Push(E,E)
54277637918:Push(E,E)
54277682498:Push(E,E)
54277730759:Push(E,E)
54277777555:Push(E,E)
54277825818:Push(E,E)
54277872453:Push(E,E)
54277920231:Push(E,E)
54277970584:Push(E,E)
54278019127:Push(E,E)
54278067079:Push(E,E)
54278122268:Push(E,E)
54278170151:Push(E,E)
54278218132:Push(E,E)
54278265009:Push(E,E)
54278312574:Push(E,E)
54278358642:Push(E,E)
54278404807:Push(E,E)
54278452735:Push(E,E)
54278515364:Push(E,E)
54278566193:Push(E,E)
54278616027:Push(E,E)
54278662555:Push(E,E)
54278709638:Push(E,E)
54278755999:Push(E,E)
54278813053:Push(E,E)
54278860170:Push(E,E)
54278906438:Push(E,E)
54278954862:Push(E,E)
54279003145:Push(E,E)
54279049825:Push(E,E)
54279096530:Push(E,E)
54279147781:Push(E,E)
54279193862:Push(E,E)
54279243174:Push(E,E)
54279291944:Push(E,E)
54279338382:Push(E,E)
54279385061:Push(E,E)
54279432403:Push(E,E)
54279479112:Push(E,E)
54279525605:Push(E,E)
54279570819:Move(S)
54279656727:Move(W)
54279718974:Move(W)
54279772717:Move(W)
54279821206:Move(W)
54279871726:Move(W)
54279920650:Move(W)
54279971656:Move(W)
54280025746:Move(W)
54280082736:Move(W)
54280129421:Move(W)
54280175444:Move(W)
54280222236:Move(W)
54280266479:Move(W)
54280310911:Move(W)
54280354181:Move(W)
54280399235:Move(W)
54280444807:Move(W)
54280490440:Move(W)
54280534904:Move(W)
54280578540:Move(W)
54280623890:Move(W)
54280669504:Move(W)
54280713868:Move(W)
54280762025:Move(W)
54280804778:Move(W)
54280847309:Move(W)
54280889153:Move(W)
54280929643:Move(W)
54280973530:Move(W)
54281014638:Move(W)
54281055521:Move(W)
54281096185:Move(W)
54281139351:Move(W)
54281182213:Move(W)
54281223388:Move(W)
54281267188:Move(W)
54281309251:Move(W)
54281351863:Move(W)
54281393977:Move(W)
54281436704:Move(W)
54281478178:Move(W)
54281519885:Move(W)
54281569293:Pull(N,W)
54281617968:Push(S,E)
54281665504:Push(E,E)
54281714045:Push(E,E)
54281763710:Push(E,E)
54281810801:Push(E,E)
54281857670:Push(E,E)
54281905566:Push(E,E)
54281953216:Push(E,E)
54282003489:Push(E,E)
54282050853:Push(E,E)
54282097750:Push(E,E)
54282144251:Push(E,E)
54282192736:Push(E,E)
54282239536:Push(E,E)
54282286210:Push(E,E)
54282333039:Push(E,E)
54282380084:Push(E,E)
54282426770:Push(E,E)
54282477523:Push(E,E)
54282524645:Push(E,E)
54282572970:Push(E,E)
54282620031:Push(E,E)
54282670640:Push(E,E)
54282718804:Push(E,E)
54282765239:Push(E,E)
54282814650:Push(E,E)
54282861653:Push(E,E)
54282910219:Push(E,E)
54282957180:Push(E,E)
54283003954:Push(E,E)
54283052102:Push(E,E)
54283101052:Push(E,E)
54283153233:Push(E,E)
54283206689:Push(E,E)
54283255680:Push(E,E)
54283306051:Push(E,E)
54283358174:Push(E,E)
54283406269:Push(E,E)
54283453866:Push(E,E)
54283501717:Push(E,E)
54283549842:Push(E,E)
54283597231:Push(E,E)
54283647801:Push(E,E)
54283696619:Move(S)
54283741733:Move(W)
54283785910:Move(W)
54283830421:Move(W)
54283875999:Move(W)
54283925369:Move(W)
54283969733:Move(W)
54284014072:Move(W)
54284058033:Move(W)
54284100720:Move(W)
54284144845:Move(W)
54284191347:Move(W)
54284234291:Move(W)
54284276854:Move(W)
54284319250:Move(W)
54284361322:Move(W)
54284405323:Move(W)
54284447481:Move(W)
54284488985:Move(W)
54284536117:Move(W)
54284580284:Move(W)
54284622410:Move(W)
54284665077:Move(W)
54284706980:Move(W)
54284751745:Move(W)
54284794839:Move(W)
54284844170:Move(W)
54284889434:Move(W)
54284932611:Move(W)
54284974553:Move(W)
54285019528:Move(W)
54285063763:Move(W)
54285105908:Move(W)
54285148004:Move(W)
54285193982:Move(W)
54285238049:Move(W)
54285283079:Move(W)
54285324336:Move(W)
54285366001:Move(W)
54285408626:Move(W)
54285452250:Move(W)
54285492964:Move(W)
54285542680:Move(W)
54285591270:Pull(S,W)
54285640275:Push(N,E)
54285688902:Push(E,E)
54285737219:Push(E,E)
54285783953:Push(E,E)
54285831467:Push(E,E)
54285879236:Push(E,E)
54285925038:Push(E,E)
54285969507:Push(E,E)
54286013168:Push(E,E)
54286058282:Push(E,E)
54286103500:Push(E,E)
54286150046:Push(E,E)
54286195415:Push(E,E)
54286241813:Push(E,E)
54286288321:Push(E,E)
54286334111:Push(E,E)
54286383203:Push(E,E)
54286428636:Push(E,E)
54286485850:Push(E,E)
54286532566:Push(E,E)
54286578553:Push(E,E)
54286624382:Push(E,E)
54286671857:Push(E,E)
54286718511:Push(E,E)
54286764731:Push(E,E)
54286810310:Push(E,E)
54286856261:Push(E,E)
54286907763:Push(E,E)
54286963401:Push(E,E)
54287023511:Push(E,E)
54287083362:Push(E,E)
54287137985:Push(E,E)
54287183163:Push(E,E)
54287226494:Push(E,E)
54287271165:Push(E,E)
54287316512:Push(E,E)
54287360575:Push(E,E)
54287410642:Push(E,E)
54287460548:Push(E,E)
54287510316:Push(E,E)
54287554397:Push(E,E)
54287598767:Push(E,E)
54287642961:Push(E,E)
54287684848:Move(W)
54287726518:Move(W)
54287767817:Move(W)
54287808457:Move(S)
54287849419:Move(W)
54287890150:Move(W)
54287930257:Move(W)
54287973257:Move(W)
54288015402:Move(W)
54288067239:Move(W)
54288109596:Move(W)
54288155326:Move(W)
54288197225:Move(W)
54288237290:Move(W)
54288280986:Move(W)
54288321276:Move(W)
54288361277:Move(W)
54288401596:Move(W)
54288443592:Move(W)
54288483088:Move(W)
54288524506:Move(W)
54288566783:Move(W)
54288609185:Move(W)
54288649699:Move(W)
54288698059:Move(W)
54288741780:Move(W)
54288786901:Move(W)
54288832188:Move(W)
54288874406:Move(W)
54288917366:Move(W)
54288958646:Move(W)
54289000048:Move(W)
54289041612:Move(W)
54289082866:Move(W)
54289125876:Move(W)
54289167563:Move(W)
54289209051:Move(W)
54289250632:Move(W)
54289292579:Move(W)
54289336314:Move(W)
54289378815:Move(W)
54289420460:Move(W)
54289463777:Move(W)
54289511644:Pull(E,W)
54289560361:Pull(S,W)
54289605679:Push(N,E)
54289651594:Push(E,E)
54289696649:Push(E,E)
54289741644:Push(E,E)
54289788507:Push(E,E)
54289841042:Push(E,E)
54289920754:Push(E,E)
54289974367:Push(E,E)
54290028535:Push(E,E)
54290086770:Push(E,E)
54290150980:Push(E,E)
54290214972:Push(E,E)
54290272154:Push(E,E)
54290317290:Push(E,E)
54290367244:Push(E,E)
54290415873:Push(E,E)
54290462608:Push(E,E)
54290510921:Push(E,E)
54290556494:Push(E,E)
54290600952:Push(E,E)
54290645828:Push(E,E)
54290690452:Push(E,E)
54290734654:Push(E,E)
54290778241:Push(E,E)
54290822743:Push(E,E)
54290866405:Push(E,E)
54290911127:Push(E,E)
54290957452:Push(E,E)
54291001908:Push(E,E)
54291046246:Push(E,E)
54291090558:Push(E,E)
54291136632:Push(E,E)
54291183835:Push(E,E)
54291228330:Push(E,E)
54291274960:Push(E,E)
54291319997:Push(E,E)
54291364483:Push(E,E)
54291409196:Push(E,E)
54291454013:Push(E,E)
54291500651:Push(E,E)
54291544861:Push(E,E)
54291589322:Push(E,E)
54291632332:Move(W)
54291677906:Move(S)
54291720054:Move(W)
54291762796:Move(W)
54291804923:Move(W)
54291846301:Move(W)
54291887978:Move(W)
54291931342:Move(W)
54291973945:Move(W)
54292015682:Move(W)
54292056934:Move(W)
54292097630:Move(W)
54292138898:Move(W)
54292179258:Move(W)
54292222383:Move(W)
54292264140:Move(W)
54292316225:Move(W)
54292357912:Move(W)
54292403560:Move(W)
54292445397:Move(W)
54292491612:Move(W)
54292533000:Move(W)
54292574632:Move(W)
54292616471:Move(W)
54292657978:Move(W)
54292700592:Move(W)
54292745188:Move(W)
54292789575:Move(W)
54292831882:Move(W)
54292874455:Move(W)
54292916714:Move(W)
54292961382:Move(W)
54293002821:Move(W)
54293043646:Move(W)
54293085013:Move(W)
54293126666:Move(W)
54293168125:Move(W)
54293214051:Move(W)
54293259503:Move(W)
54293303480:Move(W)
54293345151:Move(W)
54293388903:Move(W)
54293435433:Move(W)
54293483140:Pull(S,W)
54293528811:Push(N,E)
54293574888:Push(E,E)
54293620620:Push(E,E)
54293665046:Push(E,E)
54293710351:Push(E,E)
54293755879:Push(E,E)
54293801539:Push(E,E)
54293848045:Push(E,E)
54293893014:Push(E,E)
54293945546:Push(E,E)
54293990848:Push(E,E)
54294035952:Push(E,E)
54294082091:Push(E,E)
54294129088:Push(E,E)
54294180387:Push(E,E)
54294240033:Push(E,E)
54294287263:Push(E,E)
54294334996:Push(E,E)
54294384072:Push(E,E)
54294431896:Push(E,E)
54294485167:Push(E,E)
54294531092:Push(E,E)
54294577916:Push(E,E)
54294622389:Push(E,E)
54294667881:Push(E,E)
54294717824:Push(E,E)
54294766866:Push(E,E)
54294817000:Push(E,E)
54294862604:Push(E,E)
54294914501:Push(E,E)
54294960918:Push(E,E)
54295008968:Push(E,E)
54295055344:Push(E,E)
54295099480:Push(E,E)
54295143777:Push(E,E)
54295192363:Push(E,E)
54295237217:Push(E,E)
54295284366:Push(E,E)
54295329808:Push(E,E)
54295375066:Push(E,E)
54295434088:Push(E,E)
54295483927:Push(E,E)
54295529044:Push(E,E)
54295573717:Move(S)
54295615533:Move(W)
54295658079:Move(W)
54295699818:Move(W)
54295741061:Move(W)
54295782691:Move(W)
54295825658:Move(W)
54295866071:Move(W)
54295911743:Move(W)
54295953396:Move(W)
54295995225:Move(W)
54296037091:Move(W)
54296079234:Move(W)
54296120888:Move(W)
54296163721:Move(W)
54296205237:Move(W)
54296246145:Move(W)
54296290744:Move(W)
54296332245:Move(W)
54296377134:Move(W)
54296420475:Move(W)
54296460704:Move(W)
54296506693:Move(W)
54296547990:Move(W)
54296587090:Move(W)
54296626709:Move(W)
54296666351:Move(W)
54296707255:Move(W)
54296747280:Move(W)
54296788470:Move(W)
54296834456:Move(W)
54296881675:Move(W)
54296922431:Move(W)
54296965753:Move(W)
54297007668:Move(W)
54297048977:Move(W)
54297090571:Move(W)
54297133697:Move(W)
54297182783:Move(W)
54297229082:Move(W)
54297273289:Move(W)
54297313888:Move(W)
54297354596:Move(W)
54297400257:Pull(S,W)
54297448099:Push(N,E)
54297499111:Push(E,E)
54297544322:Push(E,E)
54297590770:Push(E,E)
54297638378:Push(E,E)
54297698528:Push(E,E)
54297752830:Push(E,E)
54297802725:Push(E,E)
54297848589:Push(E,E)
54297896067:Push(E,E)
54297945053:Push(E,E)
54297994333:Push(E,E)
54298048346:Push(E,E)
54298094832:Push(E,E)
54298146023:Push(E,E)
54298194437:Push(E,E)
54298241763:Push(E,E)
54298288724:Push(E,E)
54298338059:Push(E,E)
54298383125:Push(E,E)
54298430914:Push(E,E)
54298480757:Push(E,E)
54298533612:Push(E,E)
54298584910:Push(E,E)
54298637539:Push(E,E)
54298689062:Push(E,E)
54298739000:Push(E,E)
54298786725:Push(E,E)
54298832625:Push(E,E)
54298883557:Push(E,E)
54298932421:Push(E,E)
54298978562:Push(E,E)
54299028856:Push(E,E)
54299079300:Push(E,E)
54299129103:Push(E,E)
54299182882:Push(E,E)
54299245349:Push(E,E)
54299294476:Push(E,E)
54299346234:Push(E,E)
54299394566:Push(E,E)
54299447446:Push(E,E)
54299494449:Push(E,E)
54299541430:Push(E,E)
54299589139:Move(W)
54299634941:Move(S)
54299682021:Move(W)
54299727443:Move(W)
54299773369:Move(W)
54299817450:Move(W)
54299861252:Move(W)
54299913429:Move(W)
54299957537:Move(W)
54300000870:Move(W)
54300044588:Move(W)
54300095799:Move(W)
54300141355:Move(W)
54300190818:Move(W)
54300234223:Move(W)
54300276966:Move(W)
54300321274:Move(W)
54300365705:Move(W)
54300417801:Move(W)
54300463708:Move(W)
54300509397:Move(W)
54300556165:Move(W)
54300604455:Move(W)
54300655090:Move(W)
54300699341:Move(W)
54300744699:Move(W)
54300792356:Move(W)
54300836824:Move(W)
54300880043:Move(W)
54300933208:Move(W)
54300977298:Move(W)
54301023467:Move(W)
54301068711:Move(W)
54301111934:Move(W)
54301155165:Move(W)
54301200219:Move(W)
54301246105:Move(W)
54301291679:Move(W)
54301343758:Move(W)
54301392374:Move(W)
54301440057:Move(W)
54301485966:Move(W)
54301541642:Move(W)
54301589922:Pull(S,W)
54301637833:Push(N,E)
54301687953:Push(E,E)
54301734978:Push(E,E)
54301780966:Push(E,E)
54301827402:Push(E,E)
54301873903:Push(E,E)
54301920119:Push(E,E)
54301970625:Push(E,E)
54302016895:Push(E,E)
54302063322:Push(E,E)
54302113741:Push(E,E)
54302179054:Push(E,E)
54302228165:Push(E,E)
54302278903:Push(E,E)
54302328180:Push(E,E)
54302377355:Push(E,E)
54302424485:Push(E,E)
54302471370:Push(E,E)
54302520219:Push(E,E)
54302566366:Push(E,E)
54302616119:Push(E,E)
54302663213:Push(E,E)
54302710565:Push(E,E)
54302765605:Push(E,E)
54302841082:Push(E,E)
54302891741:Push(E,E)
54302939803:Push(E,E)
54302987557:Push(E,E)
54303037807:Push(E,E)
54303084759:Push(E,E)
54303133182:Push(E,E)
54303181231:Push(E,E)
54303229654:Push(E,E)
54303278449:Push(E,E)
54303329105:Push(E,E)
54303377888:Push(E,E)
54303429918:Push(E,E)
54303476551:Push(E,E)
54303523858:Push(E,E)
54303573130:Push(E,E)
54303619654:Push(E,E)
54303667112:Push(E,E)
54303712697:Push(E,E)
54303755219:Move(S)
54303801558:Move(W)
54303847303:Move(W)
54303894961:Move(W)
54303938810:Move(W)
54303981492:Move(W)
54304025276:Move(W)
54304073708:Move(W)
54304117410:Move(W)
54304160898:Move(W)
54304202909:Move(W)
54304248588:Move(W)
54304295837:Move(W)
54304339398:Move(W)
54304410771:Move(W)
54304464504:Move(W)
54304509738:Move(W)
54304555435:Move(W)
54304604836:Move(W)
54304649613:Move(W)
54304694176:Move(W)
54304737882:Move(W)
54304781580:Move(W)
54304826762:Move(W)
54304870574:Move(W)
54304914707:Move(W)
54304960699:Move(W)
54305004346:Move(W)
54305047512:Move(W)
54305095138:Move(W)
54305138201:Move(W)
54305189595:Move(W)
54305235038:Move(W)
54305282018:Move(W)
54305326462:Move(W)
54305372533:Move(W)
54305417290:Move(W)
54305461608:Move(W)
54305505856:Move(W)
54305552138:Move(W)
54305595118:Move(W)
54305638664:Move(W)
54305683312:Move(W)
54305732645:Pull(S,W)
54305786428:Push(N,E)
54305835551:Push(E,E)
54305884378:Push(E,E)
54305934001:Push(E,E)
54305991429:Push(E,E)
54306041688:Push(E,E)
54306095267:Push(E,E)
54306145801:Push(E,E)
54306195812:Push(E,E)
54306249590:Push(E,E)
54306299576:Push(E,E)
54306345533:Push(E,E)
54306393385:Push(E,E)
54306439566:Push(E,E)
54306488224:Push(E,E)
54306541674:Push(E,E)
54306598928:Push(E,E)
54306656985:Push(E,E)
54306708784:Push(E,E)
54306758966:Push(E,E)
54306811644:Push(E,E)
54306862806:Push(E,E)
54306920385:Push(E,E)
54306972028:Push(E,E)
54307020947:Push(E,E)
54307069335:Push(E,E)
54307144129:Push(E,E)
54307191205:Push(E,E)
54307240422:Push(E,E)
54307286731:Push(E,E)
54307338042:Push(E,E)
54307387237:Push(E,E)
54307434610:Push(E,E)
54307491822:Push(E,E)
54307538580:Push(E,E)
54307588362:Push(E,E)
54307636121:Push(E,E)
54307687624:Push(E,E)
54307736796:Push(E,E)
54307787104:Push(E,E)
54307834915:Push(E,E)
54307880896:Push(E,E)
54307933404:Push(E,E)
54307981447:Move(S)
54308024138:Move(W)
54308066720:Move(W)
54308110282:Move(W)
54308153586:Move(W)
54308195905:Move(W)
54308244158:Move(W)
54308287422:Move(W)
54308329595:Move(W)
54308376496:Move(W)
54308419787:Move(W)
54308464484:Move(W)
54308514498:Move(W)
54308557790:Move(W)
54308602318:Move(W)
54308643771:Move(W)
54308687646:Move(W)
54308735062:Move(W)
54308776682:Move(W)
54308819910:Move(W)
54308862438:Move(W)
54308906757:Move(W)
54308953390:Move(W)
54308999930:Move(W)
54309042992:Move(W)
54309087127:Move(W)
54309131759:Move(W)
54309176658:Move(W)
54309335887:Move(W)
54309532211:Move(W)
54309581568:Move(W)
54309627769:Move(W)
54309679057:Move(W)
54309730205:Move(W)
54309777712:Move(W)
54309822373:Move(W)
54309865099:Move(W)
54309907588:Move(W)
54309954986:Move(W)
54310004111:Move(W)
54310047443:Move(W)
54310097565:Move(W)
54310143526:Move(W)
54310190730:Pull(N,W)
54310240967:Push(S,E)
54310286707:Push(E,E)
54310331003:Push(E,E)
54310375562:Push(E,E)
54310421080:Push(E,E)
54310467670:Push(E,E)
54310532853:Push(E,E)
54310579222:Push(E,E)
54310635933:Push(E,E)
54310681907:Push(E,E)
54310730214:Push(E,E)
54310777090:Push(E,E)
54310821745:Push(E,E)
54310866091:Push(E,E)
54310910884:Push(E,E)
54310955364:Push(E,E)
54311004031:Push(E,E)
54311059404:Push(E,E)
54311126063:Push(E,E)
54311171702:Push(E,E)
54311220954:Push(E,E)
54311277359:Push(E,E)
54311324080:Push(E,E)
54311370230:Push(E,E)
54311416809:Push(E,E)
54311464074:Push(E,E)
54311513570:Push(E,E)
54311563046:Push(E,E)
54311610741:Push(E,E)
54311657322:Push(E,E)
54311704093:Push(E,E)
54311751491:Push(E,E)
54311802665:Push(E,E)
54311850704:Push(E,E)
54311899213:Push(E,E)
54311947553:Push(E,E)
54311995481:Push(E,E)
54312046201:Push(E,E)
54312097592:Push(E,E)
54312145441:Push(E,E)
54312191487:Push(E,E)
54312237313:Push(E,E)
54312282915:Push(E,E)
54312328091:Move(W)
54312374293:Move(S)
54312417966:Move(W)
54312462154:Move(W)
54312512948:Move(W)
54312578650:Move(W)
54312624401:Move(W)
54312666895:Move(W)
54312711934:Move(W)
54312754061:Move(W)
54312799559:Move(W)
54312844573:Move(W)
54312887955:Move(W)
54312929703:Move(W)
54312970276:Move(W)
54313010281:Move(W)
54313053833:Move(W)
54313094588:Move(W)
54313134347:Move(W)
54313175102:Move(W)
54313215290:Move(W)
54313255860:Move(W)
54313298888:Move(W)
54313344665:Move(W)
54313387293:Move(W)
54313429405:Move(W)
54313470189:Move(W)
54313513813:Move(W)
54313556672:Move(W)
54313597063:Move(W)
54313640027:Move(W)
54313680813:Move(W)
54313726160:Move(W)
54313767372:Move(W)
54313849180:Move(W)
54313909956:Move(W)
54313962126:Move(W)
54314013783:Move(W)
54314068591:Move(W)
54314118474:Move(W)
54314167724:Move(W)
54314220369:Move(W)
54314270327:Move(W)
54314328090:Pull(S,W)
54314382638:Push(N,E)
54314435422:Push(E,E)
54314487666:Push(E,E)
54314540446:Push(E,E)
54314592268:Push(E,E)
54314652160:Push(E,E)
54314709906:Push(E,E)
54314767554:Push(E,E)
54314824713:Push(E,E)
54314880543:Push(E,E)
54314935739:Push(E,E)
54314988355:Push(E,E)
54315042071:Push(E,E)
54315094755:Push(E,E)
54315147122:Push(E,E)
54315203211:Push(E,E)
54315260697:Push(E,E)
54315313588:Push(E,E)
54315366122:Push(E,E)
54315420270:Push(E,E)
54315473388:Push(E,E)
54315533191:Push(E,E)
54315586702:Push(E,E)
54315641133:Push(E,E)
54315693548:Push(E,E)
54315749187:Push(E,E)
54315804449:Push(E,E)
54315856327:Push(E,E)
54327040291:Push(E,E)
54327141004:Push(E,E)
54327215196:Push(E,E)
54327278982:Push(E,E)
54327343671:Push(E,E)
54327400227:Push(E,E)
54327462071:Push(E,E)
54327518846:Push(E,E)
54327576237:Push(E,E)
54327633503:Push(E,E)
54327690582:Push(E,E)
54327747233:Push(E,E)
54327803554:Push(E,E)
54327866398:Push(E,E)
54327926663:Push(E,E)
54327981266:Move(W)
54328033707:Move(S)
54328085874:Move(W)
54328136228:Move(W)
54328190319:Move(W)
54328240769:Move(W)
54328363897:Move(W)
54328430046:Move(W)
54328483796:Move(W)
54328534745:Move(W)
54328590518:Move(W)
54328643418:Move(W)
54328697140:Move(W)
54328751769:Move(W)
54328803765:Move(W)
54328859101:Move(W)
54328913069:Move(W)
54328963285:Move(W)
54329014048:Move(W)
54329070099:Move(W)
54329121380:Move(W)
54329175954:Move(W)
54329226337:Move(W)
54329276151:Move(W)
54329327396:Move(W)
54329377889:Move(W)
54329432409:Move(W)
54329485942:Move(W)
54329540691:Move(W)
54329597673:Move(W)
54329647410:Move(W)
54329697223:Move(W)
54329753572:Move(W)
54329805273:Move(W)
54329856879:Move(W)
54329906677:Move(W)
54329955974:Move(W)
54330008646:Move(W)
54330060243:Move(W)
54330111031:Move(W)
54330161298:Move(W)
54330211423:Move(W)
54330261167:Move(W)
54330320318:Pull(S,W)
54330378505:Push(N,E)
54330433222:Push(E,E)
54330495152:Push(E,E)
54330550836:Push(E,E)
54330609901:Push(E,E)
54330676355:Push(E,E)
54330730360:Push(E,E)
54330783715:Push(E,E)
54330953483:Push(E,E)
54331011780:Push(E,E)
54331084638:Push(E,E)
54331142793:Push(E,E)
54331197657:Push(E,E)
54331252377:Push(E,E)
54331307811:Push(E,E)
54331362068:Push(E,E)
54331415555:Push(E,E)
54331472474:Push(E,E)
54331528676:Push(E,E)
54331583783:Push(E,E)
54331640160:Push(E,E)
54331697926:Push(E,E)
54331753384:Push(E,E)
54331808580:Push(E,E)
54331862359:Push(E,E)
54331921086:Push(E,E)
54331976095:Push(E,E)
54332031946:Push(E,E)
54332086310:Push(E,E)
54332138971:Push(E,E)
54332193046:Push(E,E)
54332251694:Push(E,E)
54332307866:Push(E,E)
54332360786:Push(E,E)
54332418739:Push(E,E)
54332472772:Push(E,E)
54332547423:Push(E,E)
54332601523:Push(E,E)
54332655318:Push(E,E)
54332709308:Push(E,E)
54332762201:Push(E,E)
54332815005:Push(E,E)
54332873301:Push(E,E)
54332923444:Move(W)
54332973587:Move(W)
54333027822:Move(W)
54333075390:Move(W)
54333130392:Move(W)
54333177327:Move(S)
54333228691:Move(W)
54333279476:Move(W)
54333330222:Move(W)
54333378975:Move(W)
54333430032:Move(W)
54333481579:Move(W)
54333531266:Move(W)
54333584502:Move(W)
54333635837:Move(W)
54333695845:Move(W)
54333746912:Move(W)
54333797217:Move(W)
54333847560:Move(W)
54333897610:Move(W)
54333951020:Move(W)
54334001195:Move(W)
54334052991:Move(W)
54334130034:Move(W)
54334216747:Move(W)
54334281826:Move(W)
54334340781:Move(W)
54334395915:Move(W)
54334449005:Move(W)
54334503275:Move(W)
54334557634:Move(W)
54334620069:Move(W)
54334677395:Move(W)
54334733415:Move(W)
54334790023:Move(W)
54334845217:Move(W)
54334903794:Move(W)
54334959923:Move(W)
54335016756:Move(W)
54335070755:Move(W)
54335125076:Move(W)
54335178555:Move(W)
54335242277:Move(W)
54335305282:Pull(E,W)
54335365803:Pull(S,W)
54335424709:Push(N,E)
54335485511:Push(E,E)
54335549014:Push(E,E)
54335608162:Push(E,E)
54335677422:Push(E,E)
54335733906:Push(E,E)
54335788904:Push(E,E)
54335842860:Push(E,E)
54335901247:Push(E,E)
54335952879:Push(E,E)
54336004499:Push(E,E)
54336061068:Push(E,E)
54336115749:Push(E,E)
54336172401:Push(E,E)
54336223537:Push(E,E)
54336275325:Push(E,E)
54336327372:Push(E,E)
54336378283:Push(E,E)
54336440422:Push(E,E)
54336501013:Push(E,E)
54336552567:Push(E,E)
54336605369:Push(E,E)
54336657947:Push(E,E)
54336710854:Push(E,E)
54336769550:Push(E,E)
54336829494:Push(E,E)
54336880737:Push(E,E)
54336935210:Push(E,E)
54336986979:Push(E,E)
54337044303:Push(E,E)
54337100824:Push(E,E)
54337157945:Push(E,E)
54337214763:Push(E,E)
54337273608:Push(E,E)
54337332836:Push(E,E)
54337386634:Push(E,E)
54337442930:Push(E,E)
54337497983:Push(E,E)
54337552819:Push(E,E)
54337610637:Push(E,E)
54337670908:Push(E,E)
54337725692:Push(E,E)
54337778569:Move(S)
54337829367:Move(W)
54337882000:Move(W)
54337969180:Move(W)
54338021439:Move(W)
54338072727:Move(W)
54338122526:Move(W)
54338174087:Move(W)
54338222375:Move(W)
54338275946:Move(W)
54338325395:Move(W)
54338376807:Move(W)
54338428082:Move(W)
54338479257:Move(W)
54338534744:Move(W)
54338584655:Move(W)
54338633838:Move(W)
54338682985:Move(W)
54338734135:Move(W)
54338783209:Move(W)
54338838201:Move(W)
54338888995:Move(W)
54338942401:Move(W)
54338993404:Move(W)
54339042760:Move(W)
54339100582:Move(W)
54339154812:Move(W)
54339209721:Move(W)
54339259940:Move(W)
54339309390:Move(W)
54339359547:Move(W)
54339413425:Move(W)
54339463504:Move(W)
54339513875:Move(W)
54339564102:Move(W)
54339616576:Move(W)
54339676802:Move(W)
54339729231:Move(W)
54339787834:Move(W)
54339839629:Move(W)
54339889551:Move(W)
54339943249:Move(W)
54339992822:Move(W)
54340047255:Pull(N,W)
54340104585:Push(S,E)
54340182767:Push(E,E)
54340244326:Push(E,E)
54340301100:Push(E,E)
54340358618:Push(E,E)
54340413643:Push(E,E)
54340468333:Push(E,E)
54340523038:Push(E,E)
54340585521:Push(E,E)
54340640469:Push(E,E)
54340698513:Push(E,E)
54340752765:Push(E,E)
54340807783:Push(E,E)
54340871251:Push(E,E)
54340926829:Push(E,E)
54340985645:Push(E,E)
54341040744:Push(E,E)
54341098783:Push(E,E)
54341156048:Push(E,E)
54341213126:Push(E,E)
54341266033:Push(E,E)
54341320304:Push(E,E)
54341374508:Push(E,E)
54341427711:Push(E,E)
54341485122:Push(E,E)
54341544284:Push(E,E)
54341603835:Push(E,E)
54341659967:Push(E,E)
54341716217:Push(E,E)
54341774125:Push(E,E)
54341833856:Push(E,E)
54341888480:Push(E,E)
54341943220:Push(E,E)
54341996446:Push(E,E)
54342051597:Push(E,E)
54342113275:Push(E,E)
54342173897:Push(E,E)
54342228756:Push(E,E)
54342282384:Push(E,E)
54342335478:Push(E,E)
54342391293:Push(E,E)
54342445166:Push(E,E)
54342498750:Push(E,E)
54342550336:Move(S)
54342607389:Move(W)
54342660411:Move(W)
54342715072:Move(W)
54342775896:Move(W)
54342830313:Move(W)
54342890543:Move(W)
54342942835:Move(W)
54342999787:Move(W)
54343053158:Move(W)
54343103776:Move(W)
54343155435:Move(W)
54343205466:Move(W)
54343259985:Move(W)
54343312388:Move(W)
54343363961:Move(W)
54343415276:Move(W)
54343477192:Move(W)
54343529824:Move(W)
54343585305:Move(W)
54343636659:Move(W)
54343690340:Move(W)
54343748793:Move(W)
54343801330:Move(W)
54343855760:Move(W)
54343914349:Move(W)
54343966349:Move(W)
54344016899:Move(W)
54344069520:Move(W)
54344119764:Move(W)
54344174658:Move(W)
54344224731:Move(W)
54344274402:Move(W)
54344324829:Move(W)
54344375237:Move(W)
54344430161:Move(W)
54344480539:Move(W)
54344530989:Move(W)
54344581316:Move(W)
54344632585:Move(W)
54344682059:Move(W)
54344735624:Move(W)
54344786009:Move(W)
54344846372:Pull(N,W)
54344902900:Push(S,E)
54344959100:Push(E,E)
54345020227:Push(E,E)
54345074329:Push(E,E)
54345130606:Push(E,E)
54345187559:Push(E,E)
54345242244:Push(E,E)
54345297732:Push(E,E)
54345354956:Push(E,E)
54345407808:Push(E,E)
54345461494:Push(E,E)
54345515384:Push(E,E)
54345573544:Push(E,E)
54345632492:Push(E,E)
54345686852:Push(E,E)
54345739632:Push(E,E)
54345797696:Push(E,E)
54345853247:Push(E,E)
54345915683:Push(E,E)
54345968829:Push(E,E)
54346023004:Push(E,E)
54346075567:Push(E,E)
54346131164:Push(E,E)
54346192363:Push(E,E)
54346246061:Push(E,E)
54346298310:Push(E,E)
54346351006:Push(E,E)
54346405651:Push(E,E)
54346475634:Push(E,E)
54346529851:Push(E,E)
54346582352:Push(E,E)
54346635227:Push(E,E)
54346686546:Push(E,E)
54346742492:Push(E,E)
54346804695:Push(E,E)
54346862905:Push(E,E)
54346918287:Push(E,E)
54346974292:Push(E,E)
54347032541:Push(E,E)
54347094672:Push(E,E)
54347151975:Push(E,E)
54347210428:Push(E,E)
54347290499:Push(E,E)
54347346168:Move(S)
54347399638:Move(W)
54347455191:Move(W)
54347506684:Move(W)
54347563316:Move(W)
54347625372:Move(W)
54347680189:Move(W)
54347738936:Move(W)
54347793894:Move(W)
54347846347:Move(W)
54347897818:Move(W)
54347948034:Move(W)
54348000906:Move(W)
54348057805:Move(W)
54348111980:Move(W)
54348162995:Move(W)
54348214656:Move(W)
54348267060:Move(W)
54348321202:Move(W)
54348372645:Move(W)
54348427461:Move(W)
54348480303:Move(W)
54348536204:Move(W)
54348591261:Move(W)
54348655019:Move(W)
54348710016:Move(W)
54348764230:Move(W)
54348815463:Move(W)
54348867680:Move(W)
54348921422:Move(W)
54348976974:Move(W)
54349028117:Move(W)
54349077673:Move(W)
54349130551:Move(W)
54349184813:Move(W)
54349234806:Move(W)
54349283781:Move(W)
54349334901:Move(W)
54349384652:Move(W)
54349433800:Move(W)
54349489380:Move(W)
54349539585:Move(W)
54349601187:Move(W)
54349658821:Pull(S,W)
54349713158:Push(N,E)
54349772052:Push(E,E)
54349825594:Push(E,E)
54349879727:Push(E,E)
54349932722:Push(E,E)
54349986116:Push(E,E)
54350039030:Push(E,E)
54350097239:Push(E,E)
54350151020:Push(E,E)
54350204142:Push(E,E)
54350256505:Push(E,E)
54350309169:Push(E,E)
54350369649:Push(E,E)
54350423686:Push(E,E)
54350475898:Push(E,E)
54350528250:Push(E,E)
54350581100:Push(E,E)
54350635686:Push(E,E)
54350688903:Push(E,E)
54350750373:Push(E,E)
54350805085:Push(E,E)
54350858483:Push(E,E)
54350910148:Push(E,E)
54350965151:Push(E,E)
54351018054:Push(E,E)
54351070422:Push(E,E)
54351122031:Push(E,E)
54351173347:Push(E,E)
54351228465:Push(E,E)
54351281866:Push(E,E)
54351343494:Push(E,E)
54351396625:Push(E,E)
54351448659:Push(E,E)
54351500971:Push(E,E)
54351565979:Push(E,E)
54351621734:Push(E,E)
54351674709:Push(E,E)
54351726887:Push(E,E)
54351781137:Push(E,E)
54351836591:Push(E,E)
54351895002:Push(E,E)
54351954524:Push(E,E)
54352010876:Push(E,E)
54352062928:Move(W)
54352118379:Move(S)
54352170709:Move(W)
54352221180:Move(W)
54352269642:Move(W)
54352318062:Move(W)
54352368951:Move(W)
54352419116:Move(W)
54352467302:Move(W)
54352516007:Move(W)
54352565201:Move(W)
54352616538:Move(W)
54352669105:Move(W)
54352717660:Move(W)
54352768818:Move(W)
54352820700:Move(W)
54352870561:Move(W)
54352927704:Move(W)
54352979917:Move(W)
54353031795:Move(W)
54353082574:Move(W)
54353132545:Move(W)
54353183235:Move(W)
54353235654:Move(W)
54353285045:Move(W)
54353334904:Move(W)
54353388205:Move(W)
54353440822:Move(W)
54353496301:Move(W)
54353548303:Move(W)
54353602818:Move(W)
54353652815:Move(W)
54353705269:Move(W)
54353756638:Move(W)
54353810180:Move(W)
54353859775:Move(W)
54353908498:Move(W)
54353958513:Move(W)
54354007877:Move(W)
54354062165:Move(W)
54354116710:Move(W)
54354167553:Move(W)
54354219386:Move(W)
54354277844:Pull(E,W)
54354332893:Pull(E,W)
54354392306:Pull(E,W)
54354446169:Pull(S,W)
54354499653:Push(N,E)
54354552967:Push(E,E)
54354606349:Push(E,E)
54354662740:Push(E,E)
54354714680:Push(E,E)
54354768225:Push(E,E)
54354820737:Push(E,E)
54354880567:Push(E,E)
54354938592:Push(E,E)
54355000924:Push(E,E)
54355059274:Push(E,E)
54355116068:Push(E,E)
54355171363:Push(E,E)
54355227069:Push(E,E)
54355281553:Push(E,E)
54355335388:Push(E,E)
54355391530:Push(E,E)
54355464785:Push(E,E)
54355528983:Push(E,E)
54355586967:Push(E,E)
54355639509:Push(E,E)
54355691205:Push(E,E)
54355747767:Push(E,E)
54355802619:Push(E,E)
54355859644:Push(E,E)
54355912053:Push(E,E)
54355964391:Push(E,E)
54356020642:Push(E,E)
54356072980:Push(E,E)
54356127421:Push(E,E)
54356182353:Push(E,E)
54356233326:Push(E,E)
54356284187:Push(E,E)
54356335580:Push(E,E)
54356392151:Push(E,E)
54356453400:Push(E,E)
54356511648:Push(E,E)
54356564010:Push(E,E)
54356616276:Push(E,E)
54356672980:Push(E,E)
54356723193:Move(W)
54356776730:Move(S)
54356826529:Move(W)
54356879316:Move(W)
54356928230:Move(W)
54356977344:Move(W)
54357030385:Move(W)
54357078599:Move(W)
54357126576:Move(W)
54357178312:Move(W)
54357228150:Move(W)
54357276956:Move(W)
54357330809:Move(W)
54357378906:Move(W)
54357427965:Move(W)
54357480374:Move(W)
54357528925:Move(W)
54357584390:Move(W)
54357658770:Move(W)
54357712066:Move(W)
54357763424:Move(W)
54357814676:Move(W)
54357873844:Move(W)
54357922918:Move(W)
54357972997:Move(W)
54358022724:Move(W)
54358073045:Move(W)
54358127239:Move(W)
54358177216:Move(W)
54358227327:Move(W)
54358279152:Move(W)
54358329859:Move(W)
54358379945:Move(W)
54358433318:Move(W)
54358482599:Move(W)
54358531125:Move(W)
54358580726:Move(W)
54358633370:Move(W)
54358692977:Move(W)
54358753305:Move(W)
54358808887:Move(W)
54358885528:Move(W)
54358945088:Move(W)
54359002444:Pull(E,W)
54359064216:Pull(N,W)
54359121597:Push(S,E)
54359176043:Push(E,E)
54359229783:Push(E,E)
54359283322:Push(E,E)
54359350974:Push(E,E)
54359407032:Push(E,E)
54359464984:Push(E,E)
54359518277:Push(E,E)
54359576724:Push(E,E)
54359632660:Push(E,E)
54359691414:Push(E,E)
54359749898:Push(E,E)
54359804322:Push(E,E)
54359860704:Push(E,E)
54359921852:Push(E,E)
54359981163:Push(E,E)
54360039041:Push(E,E)
54360093908:Push(E,E)
54360147520:Push(E,E)
54360201429:Push(E,E)
54360255989:Push(E,E)
54360315314:Push(E,E)
54360369961:Push(E,E)
54360422619:Push(E,E)
54360474606:Push(E,E)
54360526707:Push(E,E)
54360582191:Push(E,E)
54360637916:Push(E,E)
54360691438:Push(E,E)
54360747460:Push(E,E)
54360802001:Push(E,E)
54360854262:Push(E,E)
54360914900:Push(E,E)
54360968571:Push(E,E)
54361022804:Push(E,E)
54361074862:Push(E,E)
54361135654:Push(E,E)
54361188546:Push(E,E)
54361241186:Push(E,E)
54361296949:Push(E,E)
54361349309:Push(E,E)
54361403355:Push(E,E)
54361458799:Move(W)
54361508940:Move(W)
54361560960:Move(W)
54361617895:Move(S)
54361668081:Move(W)
54361768463:Move(W)
54361825843:Move(W)
54361878228:Move(W)
54361929730:Move(W)
54361980900:Move(W)
54362030859:Move(W)
54362085994:Move(W)
54362137326:Move(W)
54362190571:Move(W)
54362241187:Move(W)
54362291414:Move(W)
54362348532:Move(W)
54362406641:Move(W)
54362474892:Move(W)
54362525870:Move(W)
54362577423:Move(W)
54362629735:Move(W)
54362684206:Move(W)
54362734770:Move(W)
54362790171:Move(W)
54362842235:Move(W)
54362891727:Move(W)
54362945199:Move(W)
54362996576:Move(W)
54363046797:Move(W)
54363098156:Move(W)
54363150518:Move(W)
54363200559:Move(W)
54363255102:Move(W)
54363755020:Move(W)
54363812532:Move(W)
54363863529:Move(W)
54363918505:Move(W)
54363978046:Move(W)
54364030132:Move(W)
54364086217:Move(W)
54364156578:Move(W)
54364207654:Move(W)
54364263184:Pull(S,W)
54364328271:Push(N,E)
54364381369:Push(E,E)
54364442532:Push(E,E)
54364497685:Push(E,E)
54364557026:Push(E,E)
54364610235:Push(E,E)
54364666240:Push(E,E)
54364723945:Push(E,E)
54364777740:Push(E,E)
54364832678:Push(E,E)
54364895284:Push(E,E)
54364948503:Push(E,E)
54365009534:Push(E,E)
54365063415:Push(E,E)
54365119999:Push(E,E)
54365179423:Push(E,E)
54365233715:Push(E,E)
54365288601:Push(E,E)
54365345606:Push(E,E)
54365400558:Push(E,E)
54365453068:Push(E,E)
54365512603:Push(E,E)
54365566104:Push(E,E)
54365619547:Push(E,E)
54365674622:Push(E,E)
54365729485:Push(E,E)
54365787584:Push(E,E)
54365842533:Push(E,E)
54365895642:Push(E,E)
54365948263:Push(E,E)
54366001676:Push(E,E)
54366056297:Push(E,E)
54366109472:Push(E,E)
54366162062:Push(E,E)
54366214789:Push(E,E)
54366269434:Push(E,E)
54366328602:Push(E,E)
54366385641:Push(E,E)
54366438764:Push(E,E)
54366491602:Push(E,E)
54366546384:Push(E,E)
54366606605:Push(E,E)
54366665081:Push(E,E)
54366715284:Move(W)
54366766179:Move(S)
54366817460:Move(W)
54366867057:Move(W)
54366916875:Move(W)
54366970321:Move(W)
54367019921:Move(W)
54367069017:Move(W)
54367118852:Move(W)
54367167966:Move(W)
54367221004:Move(W)
54367273612:Move(W)
54367324386:Move(W)
54367375814:Move(W)
54367431257:Move(W)
54367486933:Move(W)
54367568275:Move(W)
54367622043:Move(W)
54367673856:Move(W)
54367725751:Move(W)
54367775899:Move(W)
54367831770:Move(W)
54367883205:Move(W)
54367931763:Move(W)
54367981750:Move(W)
54368031053:Move(W)
54368084628:Move(W)
54368133978:Move(W)
54368184123:Move(W)
54368234290:Move(W)
54368283528:Move(W)
54368333023:Move(W)
54368385690:Move(W)
54368438355:Move(W)
54368488780:Move(W)
54368551429:Move(W)
54368605854:Move(W)
54368662550:Move(W)
54368712354:Move(W)
54368762383:Move(W)
54368817749:Move(W)
54368894775:Move(W)
54368949563:Move(W)
54369012489:Pull(N,W)
54369068612:Push(S,E)
54369127513:Push(E,E)
54369181762:Push(E,E)
54369236043:Push(E,E)
54369295051:Push(E,E)
54369349376:Push(E,E)
54369406711:Push(E,E)
54369459085:Push(E,E)
54369512979:Push(E,E)
54369566623:Push(E,E)
54369623395:Push(E,E)
54369677342:Push(E,E)
54369732862:Push(E,E)
54369788376:Push(E,E)
54369841965:Push(E,E)
54369901023:Push(E,E)
54369960059:Push(E,E)
54370012808:Push(E,E)
54370070499:Push(E,E)
54370123008:Push(E,E)
54370179221:Push(E,E)
54370232065:Push(E,E)
54370285755:Push(E,E)
54370344915:Push(E,E)
54370397088:Push(E,E)
54370457219:Push(E,E)
54370512803:Push(E,E)
54370565199:Push(E,E)
54370618023:Push(E,E)
54370670172:Push(E,E)
54370722105:Push(E,E)
54370777241:Push(E,E)
54370830988:Push(E,E)
54370882730:Push(E,E)
54370939443:Push(E,E)
54370993702:Push(E,E)
54371051465:Push(E,E)
54371108994:Push(E,E)
54371161917:Push(E,E)
54371216037:Push(E,E)
54371269239:Push(E,E)
54371325102:Push(E,E)
54371379599:Push(E,E)
54371430000:Move(S)
54371479435:Move(W)
54371530033:Move(W)
54371581188:Move(W)
54371634365:Move(W)
54371692256:Move(W)
54371744427:Move(W)
54371799934:Move(W)
54371853362:Move(W)
54371907704:Move(W)
54371962605:Move(W)
54372014245:Move(W)
54372064088:Move(W)
54372115810:Move(W)
54372167083:Move(W)
54372221261:Move(W)
54372273628:Move(W)
54372324960:Move(W)
54372376441:Move(W)
54372425816:Move(W)
54372480423:Move(W)
54372532168:Move(W)
54372586996:Move(W)
54372638744:Move(W)
54372690307:Move(W)
54372741278:Move(W)
54372794354:Move(W)
54372845177:Move(W)
54372895244:Move(W)
54372945239:Move(W)
54372998223:Move(W)
54373051599:Move(W)
54373104301:Move(W)
54373154474:Move(W)
54373207561:Move(W)
54373258607:Move(W)
54373310153:Move(W)
54373363579:Move(W)
54373419028:Move(W)
54373471178:Move(W)
54373523865:Move(W)
54373581152:Move(W)
54373635961:Move(W)
54373689641:Pull(N,W)
54373744511:Push(S,E)
54373800646:Push(E,E)
54373858745:Push(E,E)
54373916703:Push(E,E)
54373970252:Push(E,E)
54374024253:Push(E,E)
54374087540:Push(E,E)
54374157586:Push(E,E)
54374217638:Push(E,E)
54374277839:Push(E,E)
54374331645:Push(E,E)
54374385442:Push(E,E)
54374444798:Push(E,E)
54374503238:Push(E,E)
54374561498:Push(E,E)
54374615367:Push(E,E)
54374671585:Push(E,E)
54374725551:Push(E,E)
54374783946:Push(E,E)
54374841508:Push(E,E)
54374900384:Push(E,E)
54374955205:Push(E,E)
54375009261:Push(E,E)
54375064304:Push(E,E)
54375122668:Push(E,E)
54375180776:Push(E,E)
54375234434:Push(E,E)
54375288854:Push(E,E)
54375345080:Push(E,E)
54375398930:Push(E,E)
54375457546:Push(E,E)
54375513572:Push(E,E)
54375574193:Push(E,E)
54375629430:Push(E,E)
54375682388:Push(E,E)
54375913257:Push(E,E)
54375989196:Push(E,E)
54376050727:Push(E,E)
54376110525:Push(E,E)
54376170965:Push(E,E)
54376227997:Push(E,E)
54376287254:Push(E,E)
54376343694:Push(E,E)
54376397151:Move(W)
54376451830:Move(S)
54376503704:Move(W)
54376557507:Move(W)
54376611668:Move(W)
54376660954:Move(W)
54376718554:Move(W)
54376769908:Move(W)
54376823992:Move(W)
54376874068:Move(W)
54376928515:Move(W)
54376982658:Move(W)
54377038960:Move(W)
54377094245:Move(W)
54377149854:Move(W)
54377204283:Move(W)
54377254952:Move(W)
54377305667:Move(W)
54377356312:Move(W)
54377413417:Move(W)
54377465417:Move(W)
54377521833:Move(W)
54377572900:Move(W)
54377627705:Move(W)
54377682458:Move(W)
54377740146:Move(W)
54377796301:Move(W)
54377848460:Move(W)
54377901261:Move(W)
54377955398:Move(W)
54378012173:Move(W)
54378073092:Move(W)
54378185892:Move(W)
54378244733:Move(W)
54378298137:Move(W)
54378350758:Move(W)
54378410037:Move(W)
54378463273:Move(W)
54378513706:Move(W)
54378565027:Move(W)
54378614097:Move(W)
54378668677:Move(W)
54378718336:Move(W)
54378772234:Pull(S,W)
54378827886:Push(N,E)
54378882303:Push(E,E)
54378935940:Push(E,E)
54378998824:Push(E,E)
54379054525:Push(E,E)
54379109787:Push(E,E)
54379174368:Push(E,E)
54379228720:Push(E,E)
54379287961:Push(E,E)
54379341260:Push(E,E)
54379395123:Push(E,E)
54379448062:Push(E,E)
54379503107:Push(E,E)
54379575301:Push(E,E)
54379628635:Push(E,E)
54379685126:Push(E,E)
54379737759:Push(E,E)
54379794335:Push(E,E)
54379848791:Push(E,E)
54379901722:Push(E,E)
54379958645:Push(E,E)
54380011165:Push(E,E)
54380065313:Push(E,E)
54380121787:Push(E,E)
54380179341:Push(E,E)
54380233144:Push(E,E)
54380286206:Push(E,E)
54380342444:Push(E,E)
54380399687:Push(E,E)
54380452475:Push(E,E)
54380504744:Push(E,E)
54380561713:Push(E,E)
54380615026:Push(E,E)
54380669904:Push(E,E)
54380728066:Push(E,E)
54380784655:Push(E,E)
54380834965:Push(E,E)
54380884415:Push(E,E)
54380935784:Push(E,E)
54380990349:Push(E,E)
54381043454:Push(E,E)
54381099601:Push(E,E)
54381155673:Push(E,E)
54381219090:Move(W)
54381269020:Move(W)
54381325816:Move(W)
54381382329:Move(W)
54381433837:Move(S)
54381483597:Move(W)
54381535713:Move(W)
54381589361:Move(W)
54381645035:Move(W)
54381696378:Move(W)
54381787019:Move(W)
54381851072:Move(W)
54381908658:Move(W)
54381966790:Move(W)
54382020704:Move(W)
54382068408:Move(W)
54382117241:Move(W)
54382169211:Move(W)
54382227376:Move(W)
54382279300:Move(W)
54382330398:Move(W)
54382381783:Move(W)
54382433382:Move(W)
54382485704:Move(W)
54382540281:Move(W)
54382595311:Move(W)
54382647717:Move(W)
54382707838:Move(W)
54382764058:Move(W)
54382818653:Move(W)
54382878048:Move(W)
54382931703:Move(W)
54382985385:Move(W)
54383036864:Move(W)
54383093037:Move(W)
54383144434:Move(W)
54383196566:Move(W)
54383246809:Move(W)
54383296596:Move(W)
54383350415:Move(W)
54383401662:Move(W)
54383453210:Move(W)
54383504122:Move(W)
54383560856:Pull(E,W)
54383621192:Pull(E,W)
54383681593:Pull(N,W)
54383737691:Push(S,E)
54383796779:Push(E,E)
54383852952:Push(E,E)
54383908287:Push(E,E)
54383968834:Push(E,E)
54384025164:Push(E,E)
54384080129:Push(E,E)
54384137150:Push(E,E)
54384193921:Push(E,E)
54384250818:Push(E,E)
54384310654:Push(E,E)
54384366835:Push(E,E)
54384421537:Push(E,E)
54384479210:Push(E,E)
54384533555:Push(E,E)
54384591624:Push(E,E)
54384645263:Push(E,E)
54384699236:Push(E,E)
54384754991:Push(E,E)
54384809208:Push(E,E)
54384865520:Push(E,E)
54384930813:Push(E,E)
54384986438:Push(E,E)
54385040546:Push(E,E)
54385093923:Push(E,E)
54385147758:Push(E,E)
54385205145:Push(E,E)
54385265911:Push(E,E)
54385319922:Push(E,E)
54385373864:Push(E,E)
54385429753:Push(E,E)
54385487003:Push(E,E)
54385545530:Push(E,E)
54385606922:Push(E,E)
54385664599:Push(E,E)
54385728465:Push(E,E)
54385794876:Push(E,E)
54385853522:Push(E,E)
54385910531:Push(E,E)
54385968248:Push(E,E)
54386025243:Push(E,E)
54386079329:Move(S)
54386143569:Move(W)
54386199532:Move(W)
54386252860:Move(W)
54386312705:Move(W)
54386372779:Move(W)
54386434546:Move(W)
54386491715:Move(W)
54386549877:Move(W)
54386607175:Move(W)
54386661503:Move(W)
54386716079:Move(W)
54386781118:Move(W)
54386835418:Move(W)
54386891285:Move(W)
54386946465:Move(W)
54387003605:Move(W)
54387063241:Move(W)
54387117604:Move(W)
54387173091:Move(W)
54387230390:Move(W)
54387285096:Move(W)
54387342684:Move(W)
54387402770:Move(W)
54387458139:Move(W)
54387511704:Move(W)
54387566219:Move(W)
54387620210:Move(W)
54387674949:Move(W)
54387765319:Move(W)
54387818243:Move(W)
54387869104:Move(W)
54387926329:Move(W)
54387980636:Move(W)
54388038821:Move(W)
54388091700:Move(W)
54388142394:Move(W)
54388193256:Move(W)
54388243936:Move(W)
54388299171:Move(W)
54388351173:Move(W)
54388407129:Move(W)
54388458053:Move(W)
54388515946:Pull(S,W)
54388571921:Push(W,W)
54388630367:Push(S,E)
54388691100:Push(E,E)
54388749866:Push(E,E)
54388807083:Push(E,E)
54388879332:Push(E,E)
54388942493:Push(E,E)
54389005868:Push(E,E)
54389060658:Push(E,E)
54389114168:Push(E,E)
54389167645:Push(E,E)
54389225342:Push(E,E)
54389279582:Push(E,E)
54389335460:Push(E,E)
54389390773:Push(E,E)
54389443604:Push(E,E)
54389500000:Push(E,E)
54389560731:Push(E,E)
54389616236:Push(E,E)
54389671380:Push(E,E)
54389725734:Push(E,E)
54389779263:Push(E,E)
54389836311:Push(E,E)
54389888822:Push(E,E)
54389941516:Push(E,E)
54389993955:Push(E,E)
54390046705:Push(E,E)
54390106948:Push(E,E)
54390167781:Push(E,E)
54390222585:Push(E,E)
54390280261:Push(E,E)
54390332731:Push(E,E)
54390386264:Push(E,E)
54390443855:Push(E,E)
54390497218:Push(E,E)
54390549353:Push(E,E)
54390601780:Push(E,E)
54390654311:Push(E,E)
54390710643:Push(E,E)
54390763783:Push(E,E)
54390816211:Push(E,E)
54390868948:Push(E,E)
54390921335:Push(E,E)
54390976059:Push(E,E)
54391029647:Push(E,E)
54391081757:Move(W)
54391135178:Move(W)
54391185834:Move(W)
54391234528:Move(N)
54391286724:Move(W)
54391336053:Move(W)
54391384689:Move(N)
54391434266:Move(W)
54391483089:Move(W)
54391534503:Move(W)
54391588072:Move(W)
54391639173:Move(W)
54391689568:Move(W)
54391739517:Move(W)
54391789048:Move(W)
54391841829:Move(W)
54391890761:Move(W)
54391947919:Move(W)
54391997779:Move(W)
54392047275:Move(W)
54392100488:Move(W)
54392150437:Move(W)
54392199176:Move(W)
54392258658:Move(W)
54392309378:Move(W)
54392362415:Move(W)
54392411808:Move(W)
54392460848:Move(W)
54392510783:Move(W)
54392560275:Move(W)
54392610875:Move(W)
54392663864:Move(W)
54392715247:Move(W)
54392765561:Move(W)
54392814838:Move(W)
54392864706:Move(W)
54392918535:Move(W)
54392967698:Move(W)
54393017727:Move(W)
54393067041:Move(W)
54393116391:Move(W)
54393174160:Move(W)
54393234122:Move(W)
54393288380:Pull(E,W)
54393343106:Pull(S,W)
54393396157:Push(N,E)
54393451524:Push(E,E)
54393510550:Push(E,E)
54393566094:Push(E,E)
54393619957:Push(E,E)
54393675925:Push(E,E)
54393729041:Push(E,E)
54393782194:Push(E,E)
54393839661:Push(E,E)
54393894722:Push(E,E)
54393949197:Push(E,E)
54394004329:Push(E,E)
54394060898:Push(E,E)
54394118526:Push(E,E)
54394173507:Push(E,E)
54394226615:Push(E,E)
54394279768:Push(E,E)
54394333319:Push(E,E)
54394387273:Push(E,E)
54394448118:Push(E,E)
54394502934:Push(E,E)
54394556320:Push(E,E)
54394608635:Push(E,E)
54394668290:Push(E,E)
54394728308:Push(E,E)
54394781419:Push(E,E)
54394834937:Push(E,E)
54394896716:Push(E,E)
54394950239:Push(E,E)
54395009360:Push(E,E)
54395065394:Push(E,E)
54395118835:Push(E,E)
54395172608:Push(E,E)
54395226327:Push(E,E)
54395282341:Push(E,E)
54395334584:Push(E,E)
54395388618:Push(E,E)
54395441094:Push(E,E)
54395496934:Push(E,E)
54395551097:Push(E,E)
54395607979:Push(E,E)
54395657434:Move(W)
54395708587:Move(W)
54395758044:Move(S)
54395807305:Move(W)
54395874292:Move(W)
54395927125:Move(W)
54395984222:Move(W)
54396033955:Move(W)
54396083188:Move(W)
54396132086:Move(W)
54396184615:Move(W)
54396233377:Move(W)
54396282687:Move(W)
54396333140:Move(W)
54396383520:Move(W)
54396437216:Move(W)
54396489424:Move(W)
54396540429:Move(W)
54396591548:Move(W)
54396640590:Move(W)
54396690731:Move(W)
54396745606:Move(W)
54396858502:Move(W)
54396923841:Move(W)
54397012382:Move(W)
54397068603:Move(W)
54397126846:Move(W)
54397176858:Move(W)
54397231210:Move(W)
54397280353:Move(W)
54397329717:Move(W)
54397385044:Move(W)
54397452488:Move(W)
54397505275:Move(W)
54397557661:Move(W)
54397607855:Move(W)
54397658014:Move(W)
54397711983:Move(W)
54397767099:Move(W)
54397818046:Move(W)
54397869634:Move(W)
54397924588:Move(W)
54397983901:Move(W)
54398034974:Move(W)
54398089905:Pull(N,W)
54398146224:Push(S,E)
54398200912:Push(E,E)
54398260243:Push(E,E)
54398316720:Push(E,E)
54398375868:Push(E,E)
54398432941:Push(E,E)
54398487844:Push(E,E)
54398543600:Push(E,E)
54398603521:Push(E,E)
54398658521:Push(E,E)
54398711913:Push(E,E)
54398765329:Push(E,E)
54398819726:Push(E,E)
54398879910:Push(E,E)
54398935582:Push(E,E)
54398991790:Push(E,E)
54399048071:Push(E,E)
54399102234:Push(E,E)
54399160743:Push(E,E)
54399214619:Push(E,E)
54399269158:Push(E,E)
54399322868:Push(E,E)
54399379591:Push(E,E)
54399438086:Push(E,E)
54399495174:Push(E,E)
54399549987:Push(E,E)
54399607482:Push(E,E)
54399660843:Push(E,E)
54399715955:Push(E,E)
54399771671:Push(E,E)
54399828360:Push(E,E)
54399882917:Push(E,E)
54399935480:Push(E,E)
54399988483:Push(E,E)
54400041713:Push(E,E)
54400099890:Push(E,E)
54400154388:Push(E,E)
54400209865:Push(E,E)
54400262897:Push(E,E)
54400315847:Push(E,E)
54400373278:Push(E,E)
54400428393:Push(E,E)
54400481521:Push(E,E)
54400534288:Push(E,E)
54400594098:Move(W)
54400644463:Move(W)
54400698296:Move(N)
54400747954:Move(N)
54400798205:Move(W)
54400848288:Move(N)
54400899179:Move(W)
54400952663:Move(N)
54401006197:Move(N)
54401056235:Move(N)
54401106953:Move(W)
54401157035:Move(W)
54401210963:Move(W)
54401259910:Move(W)
54401312864:Move(N)
54401361658:Move(W)
54401414005:Move(N)
54401467929:Move(W)
54401517419:Move(N)
54401571199:Move(N)
54401623345:Move(W)
54401674744:Move(N)
54401727571:Move(N)
54401785590:Move(W)
54401840264:Move(W)
54401892250:Move(N)
54401947151:Move(W)
54402001039:Move(N)
54402056616:Move(N)
54402108082:Move(W)
54402159614:Move(W)
54402211289:Move(W)
54402266479:Move(W)
54402320888:Move(W)
54402376231:Move(N)
54402432206:Move(W)
54402483088:Move(W)
54402536816:Move(W)
54402588810:Move(N)
54402644305:Move(W)
54402695260:Move(N)
54402745901:Move(N)
54402796545:Move(W)
54402849027:Move(W)
54402904136:Move(N)
54402958866:Move(N)
54403009632:Move(W)
54403059602:Move(W)
54403113185:Move(W)
54403164872:Move(N)
54403218410:Move(W)
54403270954:Move(N)
54403321691:Move(N)
54403372935:Move(W)
54403427361:Move(N)
54403483360:Move(N)
54403535392:Move(N)
54403587165:Move(W)
54403640209:Move(N)
54403690838:Move(N)
54403741589:Move(N)
54403793666:Move(N)
54403849331:Move(W)
54403941423:Move(N)
54404077156:Move(W)
54404134612:Move(N)
54404192079:Move(W)
54404245415:Move(N)
54404301216:Move(W)
54404356403:Move(N)
54404407670:Move(W)
54404460029:Move(W)
54404515678:Move(N)
54404574747:Move(N)
54404624843:Move(N)
54404674239:Move(N)
54404725047:Move(W)
54404779251:Move(W)
54404829944:Move(N)
54404880352:Move(W)
54404930812:Move(W)
54404980771:Move(W)
54405034367:Move(N)
54405089012:Move(N)
54405138303:Move(N)
54405190887:Move(W)
54405245243:Move(W)
54405298812:Move(N)
54405354124:Move(N)
54405408057:Move(N)
#end
#solved
true
#numactions
4226
#time
54405408057
#end
