#domain
hospital
#levelname
SAChuligans
#colors
blue: 0, A, B, C, D
#initial
+++++++++++++++++++++
+ +    +  +         +
+ +   C+D + B       +
+ +    +  +         +
+ +    +  +         +
+ +    +  +         +
+ +    +  +         +
+ +    +  +         +
+ +    +  +         +
+ +    +  +         +
+ +    +  +         +
+ +    +  +         +
+ +    +  +         +
+ +    +  +         +
+                   +
+                   +
+                  0+
+       +++++++++++++
+      A+
+++++++++
#goal
+++++++++++++++++++++
+D+    +  +         +
+C+    +  +         +
+ +    +  +         +
+A+    +  +         +
+B+    +  +         +
+ +    +  +         +
+ +    +  +         +
+ +    +  +         +
+ +    +  +         +
+ +    +  +         +
+ +    +  +         +
+ +    +  +         +
+ +    +  +         +
+                   +
+                   +
+                   +
+       +++++++++++++
+       +
+++++++++
#end
#clientname
PearEasy Client
#actions
249118365:Move(W)
249540853:Move(W)
249849589:Move(N)
250209815:Move(N)
250618445:Move(W)
250997618:Move(W)
251366595:Move(W)
252262220:Move(W)
252614948:Move(W)
253027363:Move(W)
253448701:Move(W)
253851657:Move(W)
254220548:Move(N)
254553355:Move(W)
254909510:Move(N)
255152939:Move(N)
255387611:Move(N)
255702894:Move(N)
256067768:Move(N)
256369138:Move(N)
257753727:Move(N)
258291812:Move(N)
259037224:Move(N)
259640590:Move(N)
260991689:Pull(E,N)
261426258:Push(W,S)
262011638:Push(S,S)
262477334:Push(S,S)
262714393:Push(S,S)
263046131:Push(S,S)
263342248:Push(S,S)
263635203:Push(S,S)
263839548:Push(S,S)
264102492:Push(S,S)
264388457:Push(S,S)
264667274:Push(S,S)
264926328:Push(S,W)
265201986:Push(W,W)
265413641:Push(W,W)
265676569:Push(W,W)
265938400:Push(W,W)
266232761:Push(W,W)
266500613:Push(W,W)
266812226:Push(W,N)
267117078:Push(N,N)
267395689:Push(N,N)
267691021:Push(N,N)
267947703:Push(N,N)
268192662:Push(N,N)
268440835:Push(N,N)
268682638:Push(N,N)
268917611:Push(N,N)
269171968:Push(N,N)
269438752:Push(N,N)
269643032:Push(N,N)
269850393:Push(N,N)
270030454:Move(S)
270217553:Move(S)
270397683:Move(S)
270567821:Move(S)
270784992:Move(S)
271015924:Move(S)
271245238:Move(S)
271467512:Move(S)
271676848:Move(S)
271912089:Move(S)
272131250:Move(S)
272333283:Move(S)
272531387:Move(E)
272742418:Move(E)
272953686:Move(E)
273162317:Move(N)
273395710:Move(N)
273610474:Move(E)
273813795:Move(E)
274031920:Move(N)
274249618:Move(N)
274461976:Move(N)
274697473:Move(N)
274933919:Move(N)
275140286:Move(N)
275340808:Move(N)
275553225:Move(N)
275761795:Move(N)
275987811:Pull(S,N)
276213329:Pull(W,N)
276483565:Pull(W,E)
276725395:Push(E,S)
276989317:Push(S,S)
277200333:Push(S,W)
277457548:Push(W,S)
277684354:Push(S,W)
277949669:Push(W,S)
278167733:Push(S,S)
278377459:Push(S,S)
278609493:Push(S,S)
278822029:Push(S,S)
279048290:Push(S,S)
279298906:Push(S,S)
279507325:Push(S,W)
279705400:Push(W,W)
279907705:Push(W,N)
280114888:Push(N,N)
280330321:Push(N,N)
280494556:Push(N,N)
280648709:Push(N,N)
280798647:Push(N,N)
281030025:Push(N,N)
281247027:Push(N,N)
281474762:Push(N,N)
281682830:Push(N,N)
281864463:Push(N,N)
282170436:Push(N,N)
282412177:Move(S)
282652423:Move(S)
282869157:Move(S)
283191714:Move(S)
283529899:Move(S)
283793734:Move(S)
284003448:Move(S)
284198306:Move(S)
284396004:Move(S)
284619041:Move(S)
284813530:Move(S)
285073643:Move(E)
285288746:Move(E)
285479328:Move(E)
285681275:Move(S)
285916279:Move(S)
286120902:Move(E)
286306743:Move(E)
286517401:Move(S)
286695262:Move(S)
286907204:Push(E,N)
287113206:Push(N,W)
287316894:Push(W,W)
287534612:Push(W,N)
287822819:Push(N,W)
288136417:Push(W,W)
288371212:Push(W,W)
288579433:Push(W,N)
288798368:Push(N,W)
288963756:Push(W,N)
289107015:Push(N,N)
289235407:Push(N,N)
289426709:Push(N,N)
289631855:Push(N,N)
289845111:Push(N,N)
290033161:Push(N,N)
290252090:Push(N,N)
290436551:Push(N,N)
290585996:Push(N,N)
290740122:Push(N,N)
290908029:Move(S)
291057984:Move(S)
291200839:Move(S)
291346604:Move(S)
291495951:Move(S)
291649243:Move(S)
291797620:Move(S)
291934113:Move(S)
292072443:Move(S)
292206494:Move(E)
292356763:Move(E)
292484051:Move(E)
292618329:Move(E)
292748210:Move(E)
292894557:Move(E)
293027066:Move(E)
293164139:Move(E)
293385006:Move(E)
293561085:Move(E)
293735470:Move(N)
293892120:Move(N)
294091809:Move(N)
294268743:Move(N)
294436762:Move(E)
294598117:Move(N)
294739470:Move(N)
294884685:Move(N)
295042462:Move(N)
295164525:Move(N)
295275933:Move(N)
295401852:Move(N)
295531484:Pull(S,N)
295688899:Pull(W,N)
295839754:Pull(N,E)
295972799:Push(S,S)
296125542:Push(S,S)
296263102:Push(S,S)
296404210:Push(S,S)
296542291:Push(S,S)
296685790:Push(S,S)
296835223:Push(S,S)
296965700:Push(S,S)
297091071:Push(S,S)
297222689:Push(S,S)
297399183:Push(S,W)
297539098:Push(W,W)
297681105:Push(W,W)
297809571:Push(W,W)
297921495:Push(W,W)
298033264:Push(W,W)
298138573:Push(W,W)
298248210:Push(W,W)
298379085:Push(W,W)
298507708:Push(W,W)
298674704:Push(W,N)
298833461:Push(N,N)
299021701:Push(N,N)
299155925:Push(N,N)
299302486:Push(N,N)
299434150:Push(N,N)
299585032:Push(N,N)
299720736:Push(N,N)
299879286:Push(N,N)
#end
#solved
true
#numactions
216
#time
299879286
#end
