#domain
hospital
#levelname
SACoronAI
#colors
orange: 0, W, E, R, A, N, O, U, T, F, I, M
#initial
++++++++++++++++++++
+0 EW    UTO       +
+    NAR     FO    +
+              MITE+
++++++++++++++++++++
#goal
++++++++++++++++++++
+                  +
+                  +
+WE RAN OUT OF TIME+
++++++++++++++++++++
#end
#clientname
PearEasy Client
#actions
167781708:Move(E)
168185765:Pull(W,E)
168549978:Push(E,S)
168899777:Push(S,S)
169226765:Move(N)
169594465:Move(E)
169986286:Pull(S,E)
170456709:Push(N,W)
170832015:Push(W,W)
171226845:Push(W,S)
171596654:Push(S,S)
171918256:Move(E)
172227622:Move(E)
172565714:Move(E)
173503855:Push(E,S)
173898550:Push(S,E)
174276476:Move(N)
174632175:Pull(S,E)
175083762:Pull(W,N)
175431493:Move(N)
175759525:Move(E)
176057058:Move(E)
176317751:Pull(N,E)
176533490:Push(S,W)
176835851:Push(W,W)
177155825:Push(W,S)
177352997:Move(N)
177547472:Move(E)
177743657:Move(E)
177950792:Move(E)
178223163:Move(E)
178535972:Push(E,S)
178837728:Push(S,S)
179117458:Move(N)
179571045:Push(E,S)
180057989:Push(S,S)
180448273:Move(N)
180973631:Pull(W,E)
182146654:Pull(S,E)
182487330:Push(N,W)
182685371:Push(W,S)
182864163:Push(S,S)
183048687:Move(E)
183298829:Move(E)
183492354:Move(E)
183671099:Move(E)
183868143:Push(E,S)
184045893:Pull(N,E)
184218500:Push(S,W)
184396238:Push(W,S)
184580006:Move(E)
184827655:Move(E)
185070248:Move(E)
185322466:Move(E)
185577151:Move(E)
185842569:Pull(E,S)
186128974:Push(W,W)
186325627:Push(W,W)
186507218:Push(W,W)
186687002:Push(W,S)
186859949:Move(E)
187034188:Pull(W,S)
187200323:Push(S,E)
187412008:Move(N)
187618661:Push(E,E)
187785496:Push(E,E)
187948831:Push(E,S)
#end
#solved
true
#numactions
67
#time
187948831
#end
