#domain
hospital
#levelname
SAdeepChaos
#colors
blue: 0, A, B, C, D, E, F, G
#initial
++++++++++++++++++++++++++++++++++++++++++++++++++
+0                  A                            +
+++++++++++++++++++++++++++++++++++++++       +  +
++++++++++++++++++++ ++++++++++++++++++       +G +
++ +++       +    B+                          +  +
+    +      +      +                          +  +
+    +     +       +                          +  +
+    +    +        +                         D+  +
+        +                                    +  +
+       +                                     +  +
+      +                                      +  +
+     +                                       +  +
+    +                                        +  +
+   +                            +            +  +
+                                +            +  +
+              ++++++++++++++++++++++++++++++++  +
+                         +                   +  +
+                         +                   +  +
+ C                       +           F       +  +
+                        +                    +  +
+                       +                     +  +
+                      +                      +  +
+                     +                       +  +
+                    +           ++++         +  +
+                   +            ++++         +  +
+                  +             ++++         +  +
+                   +            ++++         +  +
+                     +                       +  +
+                      +                      +  +
+              ++++++ +++                     +  +
+                  ++++E                      +  +
+                                             +  +
+                                             +  +
+                                          ++++  +
+                                          +     +
+             +                            +     +
+             +                            ++++  +
+             ++++++                          +  +
+                 +                           +  +
+                 +                          +   +
+                 +                         +    +
+                 +                     ++++     +
+                 +                              +
+                                     ++++++++++++
+                                     ++++++++++++
+                                     ++++++++++++
+                                     ++++++++++++
+                                     ++++++++++++
+                                     ++++++++++++
++++++++++++++++++++++++++++++++++++++++++++++++++
++++++++++++++++++++++++++++++++++++++++++++++++++
#goal
++++++++++++++++++++++++++++++++++++++++++++++++++
+                                               0+
+++++++++++++++++++++++++++++++++++++++       +  +
++++++++++++++++++++A++++++++++++++++++       +  +
++B+++       +     +                          +  +
+    +      +      +                          +  +
+    +     +       +                          +  +
+    +    +        +                          +  +
+        +                                    +  +
+       +                                     +  +
+      +                                      +  +
+     +                                       +  +
+    +                                        +  +
+   +                            +            +  +
+                                +D           +  +
+              ++++++++++++++++++++++++++++++++  +
+                         +                   +  +
+                         +                   +  +
+                         +                   +  +
+                        +                    +  +
+                       +                     +  +
+                      +                      +  +
+                     +                       +  +
+                    +           ++++         +  +
+                   +            ++++         +  +
+                  +             ++++         +  +
+                   +            ++++F        +  +
+                     +                       +  +
+                      +                      +  +
+              ++++++C+++                     +  +
+                  ++++                       +  +
+                                             +  +
+                                             +  +
+                                          ++++  +
+                                          +     +
+             +                            +G    +
+             +                            ++++  +
+             ++++++                          +  +
+                 +E                          +  +
+                 +                          +   +
+                 +                         +    +
+                 +                     ++++     +
+                 +                              +
+                                     ++++++++++++
+                                     ++++++++++++
+                                     ++++++++++++
+                                     ++++++++++++
+                                     ++++++++++++
+                                     ++++++++++++
++++++++++++++++++++++++++++++++++++++++++++++++++
++++++++++++++++++++++++++++++++++++++++++++++++++
#end
#clientname
PearEasy Client
#actions
22525658477:Move(E)
22525959008:Move(E)
22526206209:Move(E)
22526400550:Move(E)
22526677935:Move(E)
22526959194:Move(E)
22527387065:Move(E)
22527710591:Move(E)
22528207016:Move(E)
22529772461:Move(E)
22530284565:Move(E)
22530660229:Move(E)
22530980893:Move(E)
22531692711:Move(E)
22532037906:Move(E)
22532296043:Move(E)
22532554584:Move(E)
22532855161:Move(E)
22533212536:Push(E,E)
22533799010:Push(E,E)
22534058336:Push(E,E)
22534280042:Push(E,E)
22534454485:Push(E,E)
22534644597:Push(E,E)
22534817030:Push(E,E)
22535032269:Push(E,E)
22535388772:Push(E,E)
22535577780:Push(E,E)
22535753701:Push(E,E)
22535948749:Push(E,E)
22536147724:Push(E,E)
22536341188:Push(E,E)
22536521310:Push(E,E)
22536693235:Push(E,E)
22536899471:Push(E,E)
22537067188:Push(E,E)
22537233437:Push(E,E)
22537400557:Push(E,S)
22537576600:Push(S,S)
22537788990:Push(S,S)
22538040610:Push(S,W)
22538281153:Push(W,W)
22538509486:Push(W,W)
22538732410:Push(W,W)
22538959700:Push(W,W)
22539155859:Push(W,W)
22539339168:Push(W,W)
22539543040:Push(W,W)
22540112880:Push(W,W)
22540363896:Push(W,W)
22540753407:Push(W,W)
22541189121:Push(W,W)
22541883091:Push(W,W)
22542479676:Push(W,W)
22542679813:Push(W,W)
22542865221:Push(W,W)
22543015531:Push(W,W)
22543181529:Push(W,W)
22543336268:Push(W,W)
22543501616:Push(W,N)
22543641510:Move(S)
22543783378:Move(S)
22543919166:Move(S)
22544065569:Move(S)
22544199025:Move(W)
22544333443:Move(W)
22544467040:Move(N)
22544646120:Move(N)
22544875355:Move(N)
22545111235:Pull(W,N)
22545388806:Pull(S,E)
22545946971:Pull(W,N)
22546497604:Pull(W,E)
22546764128:Pull(N,E)
22546993788:Push(S,W)
22547207201:Push(W,W)
22547431316:Push(W,S)
22547660668:Push(S,W)
22547902404:Push(W,W)
22548089426:Push(W,S)
22548283383:Push(S,S)
22548474425:Push(S,S)
22548665142:Push(S,S)
22549018437:Push(S,W)
22549225218:Push(W,W)
22549406959:Push(W,S)
22549589346:Push(S,S)
22549760642:Push(S,W)
22550011096:Push(W,W)
22550198815:Push(W,S)
22550385196:Push(S,W)
22550578867:Push(W,W)
22550771361:Push(W,W)
22550972354:Push(W,W)
22551170595:Push(W,W)
22551329275:Push(W,N)
22551507615:Push(N,N)
22551675846:Push(N,N)
22551842043:Push(N,N)
22552043875:Push(N,N)
22552204365:Push(N,N)
22552368458:Push(N,N)
22552525430:Push(N,N)
22552690896:Push(N,N)
22552851540:Push(N,N)
22552996541:Move(S)
22553143365:Move(S)
22553288783:Move(S)
22553471286:Move(S)
22553659945:Move(S)
22553811303:Move(S)
22553959134:Move(S)
22554102315:Move(S)
22554266306:Move(S)
22554409109:Move(S)
22554552827:Move(S)
22554718700:Move(S)
22554876192:Push(S,E)
22555027556:Push(E,E)
22555185727:Push(E,S)
22555332966:Push(S,E)
22555481126:Push(E,E)
22555630209:Push(E,E)
22555768303:Push(E,S)
22555911470:Push(S,E)
22556077888:Push(E,S)
22556282478:Push(S,S)
22556455976:Push(S,S)
22556686906:Push(S,S)
22556837900:Push(S,S)
22556985036:Push(S,S)
22557153585:Push(S,E)
22557308659:Push(E,S)
22557489599:Push(S,E)
22557631641:Push(E,S)
22557773681:Push(S,E)
22557917077:Push(E,E)
22558058849:Push(E,E)
22558204269:Push(E,E)
22558341865:Push(E,E)
22558478702:Push(E,E)
22558623922:Push(E,E)
22558780037:Push(E,E)
22558965715:Push(E,E)
22559185927:Push(E,E)
22559337003:Push(E,E)
22559508109:Push(E,S)
22559666726:Move(N)
22559826527:Move(N)
22559961862:Move(E)
22560123890:Move(E)
22560277522:Move(S)
22560430327:Move(E)
22560595377:Move(S)
22560745799:Move(E)
22560888426:Move(S)
22561036885:Move(S)
22561187872:Move(W)
22561405944:Push(W,S)
22561540234:Push(S,W)
22561661843:Push(W,W)
22561779960:Push(W,S)
22561947164:Push(S,S)
22562141482:Push(S,S)
22562310880:Push(S,W)
22562487354:Push(W,S)
22562637569:Push(S,S)
22562798764:Push(S,S)
22562960280:Push(S,S)
22563114510:Push(S,W)
22563258017:Move(E)
22563402234:Move(E)
22563534071:Move(E)
22563668928:Move(N)
22563809263:Move(N)
22563952039:Move(E)
22564089829:Move(N)
22564224378:Move(N)
22564357146:Move(E)
22564487997:Move(E)
22564617873:Move(N)
22564755784:Move(N)
22564891525:Move(E)
22565043202:Move(N)
22565178653:Move(N)
22565315075:Move(N)
22565448764:Move(N)
22565608202:Move(E)
22565737319:Move(E)
22565863093:Move(N)
22565990655:Move(E)
22566134922:Move(E)
22566259497:Move(E)
22566389030:Move(E)
22566512954:Move(E)
22566659677:Move(E)
22566782798:Move(E)
22566910374:Move(E)
22567033826:Move(N)
22567151463:Move(N)
22567276628:Move(N)
22567440563:Move(N)
22567577753:Move(E)
22567697340:Move(N)
22567813912:Move(N)
22567929704:Move(N)
22568070514:Move(N)
22568198372:Pull(E,N)
22568336724:Push(W,S)
22568459318:Push(S,W)
22568587747:Push(W,S)
22568716781:Push(S,S)
22568841446:Push(S,S)
22568989430:Push(S,S)
22569124073:Push(S,S)
22569259908:Push(S,S)
22569383622:Move(E)
22569505295:Move(E)
22569636011:Move(S)
22569751050:Move(S)
22569865175:Move(S)
22569982278:Move(S)
22570153007:Move(S)
22570269575:Move(S)
22570569422:Move(S)
22570702631:Move(S)
22570813757:Move(S)
22570922161:Move(S)
22571032582:Move(S)
22571144925:Move(S)
22571257938:Move(S)
22571371059:Move(S)
22571481600:Move(S)
22571590392:Move(S)
22571696760:Move(S)
22571839195:Move(E)
22571949571:Move(E)
22572062300:Move(E)
22572211103:Move(E)
22572361570:Move(E)
22572498681:Move(E)
22572633764:Move(N)
22572757281:Move(E)
22572889188:Move(N)
22573017727:Move(E)
22573102938:Move(N)
22573185122:Move(N)
22573271523:Move(N)
22573355473:Move(N)
22573437238:Move(N)
22573522932:Move(N)
22573603070:Move(N)
22573683057:Move(N)
22573764189:Move(N)
22573843756:Move(N)
22573931234:Move(N)
22574012150:Move(N)
22574092611:Move(N)
22574174619:Move(N)
22574255369:Move(N)
22574336181:Move(N)
22574416696:Move(N)
22574505353:Move(N)
22574590484:Move(N)
22574673964:Move(N)
22574756377:Move(N)
22574835173:Move(N)
22574914764:Move(N)
22574993866:Move(N)
22575076313:Move(N)
22575164141:Move(N)
22575243528:Move(N)
22575322960:Move(N)
22575403301:Move(N)
22575481817:Move(N)
22575561119:Move(N)
22575640111:Move(N)
22575719488:Move(N)
22575825240:Move(N)
22575906865:Move(N)
22575985932:Move(N)
22576069337:Pull(E,N)
22576152569:Push(W,S)
22576234118:Push(S,S)
22576314660:Push(S,S)
22576399343:Push(S,S)
22576496569:Push(S,S)
22576638763:Push(S,S)
22576776484:Push(S,S)
22576908237:Push(S,S)
22577031659:Push(S,S)
22577158420:Push(S,S)
22577280600:Push(S,S)
22577399104:Push(S,S)
22577536882:Push(S,S)
22577685889:Push(S,S)
22577846897:Push(S,S)
22577973425:Push(S,S)
22578134260:Push(S,S)
22578262322:Push(S,S)
22578373967:Push(S,S)
22578481951:Push(S,S)
22578592153:Push(S,S)
22578699986:Push(S,S)
22578807392:Push(S,S)
22578912943:Push(S,S)
22579012814:Push(S,S)
22579116632:Push(S,S)
22579237977:Push(S,S)
22579350201:Push(S,S)
22579494372:Push(S,S)
22579600229:Push(S,S)
22579705523:Push(S,W)
22579806260:Push(W,W)
22579934321:Push(W,S)
22580046567:Push(S,W)
22580162727:Move(E)
22580343885:Move(N)
22580448556:Move(E)
22580554280:Move(N)
22580652202:Move(N)
22580748094:Move(N)
22580848941:Move(N)
22580995269:Move(N)
22581095649:Move(N)
22581202715:Move(N)
22581366692:Move(N)
22581501173:Move(N)
22581617793:Move(N)
22581730894:Move(N)
22581826651:Move(N)
22581953104:Move(N)
22582078076:Move(N)
22582191390:Move(N)
22582298150:Move(N)
22582402578:Move(N)
22582503836:Move(N)
22582606617:Move(N)
22582739747:Move(N)
22582848776:Move(N)
22582949372:Move(N)
22583045898:Move(N)
22583138734:Move(N)
22583234289:Move(N)
22583328128:Move(N)
22583420660:Move(N)
22583516155:Move(N)
22583617577:Move(N)
22583761409:Move(N)
22583865786:Move(N)
22583966368:Move(N)
22584063850:Move(N)
22584171207:Move(W)
22584265951:Move(W)
22584362036:Move(S)
22584475308:Move(S)
22584575800:Move(S)
22584666859:Move(S)
22584794155:Move(S)
22584896065:Push(S,W)
22584999113:Push(W,W)
22585098450:Push(W,W)
22585197810:Push(W,S)
22585304118:Push(S,W)
22585428663:Push(W,W)
22585532478:Push(W,S)
22585636211:Push(S,S)
22585732865:Push(S,S)
22585828675:Push(S,W)
22585934045:Push(W,W)
22586038300:Push(W,S)
22586143102:Push(S,S)
22586242737:Push(S,S)
22586336126:Push(S,W)
22586429907:Push(W,W)
22586537161:Push(W,W)
22586642718:Push(W,W)
22586738799:Move(N)
22586857448:Move(N)
22586958168:Move(E)
22587055474:Move(N)
22587153930:Move(E)
22587257480:Move(E)
22587411295:Move(E)
22587541249:Move(E)
22587638267:Move(E)
22587731380:Move(N)
22587822676:Move(E)
22587913264:Move(E)
22588003137:Move(E)
22588090641:Move(E)
22588180322:Move(N)
22588270931:Move(N)
22588363773:Move(N)
22588454621:Move(N)
22588549823:Move(N)
22588646144:Move(N)
22588735306:Move(N)
22588833481:Move(N)
22588923714:Move(N)
22589059597:Move(E)
22589149277:Move(E)
22589237863:Move(E)
#end
#solved
true
#numactions
403
#time
22589237863
#end
