#domain
hospital
#levelname
SADeepPlan
#colors
red: 0, A, B, C, D, E, F
#initial
+++++++++++++++++++++++++
+                       +
+ +++++++++++++++++++++++
+ ++++   A B CD         +
+ +++++++++++++++++++++ +
+                     + +
+            0        +E+
+                     +F+
+     +D+B+F+         + +
+     +C+A+E+         + +
+++++++++++++++++++++++++
#goal
+++++++++++++++++++++++++
+     F    E   D C    BA+
+ +++++++++++++++++++++++
+ ++++                  +
+ +++++++++++++++++++++ +
+                     + +
+                     + +
+                     + +
+     + + + +         + +
+     + + + +         + +
+++++++++++++++++++++++++
#end
#clientname
PearEasy Client
#actions
256998263:Move(S)
257319049:Move(W)
257727668:Move(W)
258072186:Move(W)
258401923:Move(W)
258767586:Pull(W,S)
259137090:Push(E,N)
259505705:Move(S)
261573471:Pull(N,S)
262478445:Pull(W,S)
263578886:Pull(N,E)
264431290:Pull(N,S)
265244077:Pull(E,S)
265599812:Push(W,W)
265958006:Push(W,W)
275699702:Push(W,W)
278031738:Push(W,W)
279498911:Push(W,W)
280017188:Push(W,W)
280376149:Push(W,W)
280638226:Push(W,N)
280906203:Push(N,N)
281328801:Push(N,N)
281807753:Push(N,N)
282085406:Push(N,E)
282449417:Push(E,E)
282728468:Push(E,E)
283001360:Push(E,E)
283272373:Push(E,E)
283554476:Push(E,E)
283817719:Push(E,E)
284066123:Push(E,E)
284347476:Push(E,E)
284643356:Push(E,E)
285023056:Push(E,E)
285331143:Push(E,E)
285578768:Push(E,E)
285852826:Push(E,E)
286120531:Push(E,E)
286427644:Push(E,E)
286669520:Push(E,E)
286896505:Push(E,E)
287117511:Push(E,E)
287339438:Push(E,E)
287548136:Push(E,E)
287759838:Push(E,E)
287954191:Move(W)
288145228:Move(W)
288354024:Move(W)
289108941:Move(W)
289782439:Move(W)
290284210:Move(W)
291604366:Move(W)
292074967:Move(W)
292268194:Move(W)
292879841:Move(W)
293626090:Move(W)
294335274:Move(W)
294639396:Move(W)
294944762:Move(W)
295210407:Move(W)
295429951:Move(W)
295684690:Move(W)
295918919:Move(W)
296120236:Move(W)
296321009:Move(W)
296510689:Move(W)
296710982:Move(S)
296861661:Move(S)
297103405:Move(S)
297293228:Move(S)
297525210:Move(E)
297724736:Move(S)
297928784:Move(E)
298145209:Move(E)
298351925:Move(E)
298549887:Move(E)
298743353:Move(E)
298946111:Move(E)
299156687:Pull(S,E)
299391870:Push(N,W)
299592116:Push(W,W)
299808790:Push(W,W)
300060527:Push(W,W)
300272613:Push(W,N)
300477383:Push(N,W)
300673659:Push(W,W)
300889050:Push(W,W)
301103355:Push(W,N)
301317006:Push(N,N)
301514540:Push(N,N)
301737777:Push(N,N)
301984115:Push(N,E)
302183956:Push(E,E)
302407606:Push(E,E)
302644972:Push(E,E)
302882796:Push(E,E)
303086085:Push(E,E)
303280741:Push(E,E)
303475198:Push(E,E)
303666133:Push(E,E)
303943546:Push(E,E)
304150638:Push(E,E)
304383786:Push(E,E)
304567163:Push(E,E)
304749118:Push(E,E)
304939272:Push(E,E)
305132226:Push(E,E)
305325051:Push(E,E)
305510759:Push(E,E)
305698180:Push(E,E)
305883377:Push(E,E)
306103929:Push(E,E)
306282671:Move(W)
306475402:Move(W)
306639910:Move(W)
306855170:Move(W)
307014094:Move(W)
307173077:Move(W)
307337734:Move(W)
307511453:Move(W)
307667580:Move(W)
307825937:Move(W)
307995601:Move(W)
308156051:Move(W)
308327575:Move(W)
308505241:Move(W)
308685353:Move(W)
308846827:Move(W)
309028180:Move(W)
309194983:Move(W)
309343985:Move(W)
309501181:Move(W)
309690197:Move(S)
309824854:Move(S)
310016476:Move(S)
310193909:Move(S)
310346623:Move(E)
310497424:Move(E)
310655767:Move(E)
310811798:Move(S)
310988761:Move(E)
311261616:Move(S)
311408523:Move(E)
311614735:Move(E)
311813011:Pull(E,S)
312002421:Push(W,N)
312156762:Move(S)
312323683:Pull(N,S)
312482731:Pull(W,S)
312641761:Pull(N,E)
312800262:Push(S,W)
313004693:Push(W,N)
313166758:Push(N,N)
313329564:Push(N,W)
313477939:Push(W,W)
313622913:Push(W,W)
313770241:Push(W,W)
313921216:Push(W,N)
314074576:Push(N,N)
314292694:Push(N,N)
314436254:Push(N,N)
314581518:Push(N,E)
314725866:Push(E,E)
314864523:Push(E,E)
315009017:Push(E,E)
315146222:Push(E,E)
315303669:Push(E,E)
315480975:Push(E,E)
315623918:Push(E,E)
315758881:Push(E,E)
315887673:Push(E,E)
316016143:Push(E,E)
316146531:Push(E,E)
316277291:Push(E,E)
316401038:Push(E,E)
316559776:Push(E,E)
316712676:Push(E,E)
316842776:Move(W)
316970181:Move(W)
317112010:Move(W)
317295635:Move(W)
317438991:Move(W)
317571829:Move(W)
317706664:Move(W)
317848312:Move(W)
317981036:Move(W)
318143393:Move(W)
318266332:Move(W)
318392447:Move(W)
318524250:Move(W)
318650189:Move(W)
318781969:Move(W)
318907964:Move(S)
319025028:Move(S)
319140602:Move(S)
319262077:Move(S)
319381364:Move(S)
319494258:Move(E)
319608948:Move(E)
319724393:Move(E)
319840845:Move(E)
319959310:Move(E)
320077637:Pull(S,E)
320249891:Push(N,W)
320408998:Push(W,N)
320526118:Push(N,W)
320642480:Push(W,W)
320758492:Push(W,W)
320862537:Push(W,W)
320963770:Push(W,N)
321131853:Push(N,N)
321265241:Push(N,N)
321388337:Push(N,N)
321526869:Push(N,E)
321656873:Push(E,E)
321776496:Push(E,E)
321886315:Push(E,E)
321988163:Push(E,E)
322093418:Push(E,E)
322191859:Push(E,E)
322288353:Push(E,E)
322442733:Push(E,E)
322640241:Push(E,E)
322816195:Push(E,E)
322953941:Push(E,E)
323114287:Push(E,E)
323278103:Push(E,E)
323445071:Move(W)
323632429:Move(W)
323744551:Move(W)
323857030:Move(W)
323987551:Move(W)
324092421:Move(W)
324191794:Move(W)
324292334:Move(W)
324418824:Move(W)
324550114:Move(W)
324675230:Move(W)
324941423:Move(W)
325080667:Move(W)
325219267:Move(S)
325373387:Move(S)
325507084:Move(S)
325647338:Move(S)
325766558:Move(E)
325880870:Move(E)
326011924:Move(E)
326126986:Move(E)
326257168:Move(S)
326369533:Move(S)
326540228:Move(E)
326657110:Move(E)
326772669:Move(E)
326937630:Move(E)
327128574:Move(E)
327250331:Move(E)
327378616:Pull(W,S)
327505694:Push(E,N)
327629639:Move(S)
327748986:Pull(N,S)
327875124:Pull(W,S)
327992460:Pull(W,E)
328108050:Pull(S,E)
328226869:Push(N,N)
328341679:Push(N,N)
328471712:Push(N,W)
328590395:Push(W,W)
328702906:Push(W,W)
328866819:Push(W,W)
328989763:Push(W,W)
329115886:Push(W,W)
329232753:Push(W,W)
329345866:Push(W,W)
329507781:Push(W,N)
329684926:Push(N,N)
329809165:Push(N,N)
329928727:Push(N,N)
330057929:Push(N,E)
330176564:Push(E,E)
330294412:Push(E,E)
330406074:Push(E,E)
330520163:Push(E,E)
330646584:Push(E,E)
330756616:Push(E,E)
330863703:Push(E,E)
331009585:Push(E,E)
331121689:Push(E,E)
331233188:Move(W)
331341828:Move(W)
331451759:Move(W)
331558078:Move(W)
331662733:Move(W)
331840256:Move(W)
331955452:Move(W)
332092260:Move(W)
332207866:Move(W)
332320652:Move(S)
332437202:Move(S)
332551733:Move(S)
332663356:Move(S)
332768017:Move(S)
332872127:Move(E)
332977077:Move(E)
333172619:Move(E)
333570766:Move(E)
333711324:Move(E)
333845125:Move(E)
333996962:Move(E)
334103381:Move(E)
334215756:Move(E)
334327406:Push(E,N)
334431942:Push(N,W)
334538232:Push(W,W)
334650157:Push(W,W)
334778316:Push(W,W)
334893833:Push(W,W)
335001428:Push(W,W)
335107829:Push(W,W)
335224169:Push(W,W)
335333684:Push(W,W)
335442235:Push(W,W)
335552572:Push(W,N)
335664949:Push(N,N)
335771585:Push(N,N)
335881048:Push(N,N)
336012251:Push(N,E)
336120767:Push(E,E)
336226577:Push(E,E)
336330707:Push(E,E)
336431847:Push(E,E)
#end
#solved
true
#numactions
331
#time
336431847
#end
