#domain
hospital
#levelname
SADeepMinds
#colors
blue: 0, A, B, C, D, E, F
#initial
+++++++
+  0 A+
+ + + +
+C+ + +
+ + + +
+ + + +
+B+ + +
+D+ + +
+ + + +
+F+ + +
+ + + +
+ + + +
+ + + +
+ + + +
+E+ + +
+++++ +
+     +
+++++++
#goal
+++++++
+     +
+ + +A+
+ + +B+
+ + +E+
+ + + +
+ + + +
+ + + +
+ + + +
+ + + +
+ + + +
+ + +C+
+ + + +
+ + + +
+ + + +
+++++ +
+  D  +
+++++++
#end
#clientname
PearEasy Client
#actions
2739788151:Move(W)
2739903094:Move(W)
2739986994:Move(S)
2740087355:Pull(N,S)
2740180117:Pull(E,S)
2740261096:Pull(E,W)
2740343179:Pull(S,W)
2740422220:Push(N,E)
2740501242:Pull(W,E)
2740584300:Push(E,S)
2740664622:Push(S,S)
2740739848:Move(N)
2740814007:Move(W)
2740888420:Move(W)
2740961465:Move(S)
2741040328:Move(S)
2741116769:Move(S)
2741190928:Move(S)
2741279561:Pull(N,S)
2741365482:Pull(N,S)
2741437096:Pull(N,S)
2741507280:Pull(N,S)
2741581764:Pull(E,S)
2741651741:Pull(E,W)
2741762208:Pull(E,W)
2742488927:Push(W,S)
2742560921:Pull(W,S)
2742621593:Move(W)
2742695782:Move(S)
2742753826:Move(S)
2742809523:Move(S)
2742888598:Move(S)
2742953623:Move(S)
2743013815:Pull(N,S)
2743073274:Pull(N,S)
2743174702:Pull(N,S)
2743249416:Pull(N,S)
2743320115:Pull(N,S)
2743390581:Pull(E,S)
2743461045:Push(E,E)
2743528822:Move(S)
2743606507:Push(S,S)
2743678421:Push(S,S)
2743749154:Move(N)
2743908738:Move(N)
2744004419:Move(N)
2744080572:Pull(W,E)
2744167840:Push(E,S)
2744238853:Push(S,S)
2744311375:Push(S,S)
2744388393:Move(N)
2744461935:Move(N)
2744537626:Move(E)
2744653633:Pull(W,E)
2744732403:Pull(W,E)
2744815427:Push(E,S)
2744891331:Move(W)
2744969681:Pull(E,W)
2745051817:Push(S,S)
2745130649:Move(N)
2745211133:Pull(S,W)
2745292560:Push(N,E)
2745390774:Push(E,E)
2745489360:Push(E,S)
2745589548:Push(S,S)
2745665328:Push(S,S)
2745721713:Push(S,S)
2745990018:Push(S,S)
2746084523:Push(S,S)
2746194848:Push(S,S)
2746567133:Push(S,S)
2746662341:Push(S,S)
2746759342:Push(S,S)
2746857575:Push(S,S)
2746943573:Push(S,S)
2747025798:Push(S,S)
2747110318:Push(S,S)
2747191695:Push(S,S)
2747282104:Push(S,W)
2747364401:Push(W,W)
2747443115:Move(E)
2747518993:Move(N)
2747594040:Move(N)
2747697541:Move(N)
2747774225:Move(N)
2748078230:Move(N)
2748161677:Move(N)
2748243292:Move(N)
2748327445:Move(N)
2748406170:Move(N)
2748508541:Move(N)
2748584509:Move(N)
2748654524:Move(N)
2748722842:Move(N)
2748790709:Move(N)
2748856101:Move(N)
2748921642:Move(W)
2749676803:Move(W)
2749775046:Move(S)
2749849857:Pull(N,S)
2749926131:Pull(W,S)
2749996171:Push(E,E)
2750065515:Pull(S,E)
2750131203:Move(S)
2750276561:Pull(N,S)
2750653887:Push(N,W)
2751046466:Push(W,W)
2751155349:Move(E)
2751220068:Move(S)
2751314750:Pull(N,S)
2751570844:Pull(E,S)
2751817387:Push(W,W)
2752005063:Move(S)
2752082171:Move(S)
2752241609:Move(S)
2752313627:Pull(N,S)
2752387151:Pull(N,S)
2752453791:Move(N)
2752521809:Pull(S,W)
2752594361:Push(N,E)
2752663123:Move(W)
2752735552:Push(W,S)
2752804905:Move(E)
2753035944:Move(E)
2753110870:Pull(S,E)
2753183855:Push(N,W)
2753250796:Move(S)
2757299917:Pull(N,S)
2757535036:Push(W,W)
2760620309:Move(E)
2762044410:Pull(W,S)
2762160017:Push(E,E)
2762253020:Push(E,E)
2762336113:Push(E,S)
2762418684:Push(S,S)
2762491673:Push(S,S)
2762563308:Push(S,S)
2762692830:Push(S,S)
2762775986:Push(S,S)
2762850559:Push(S,S)
2762922499:Push(S,S)
2762993254:Push(S,S)
2764568977:Push(S,S)
2765512973:Move(N)
2765665533:Move(N)
2765748261:Move(N)
2765826639:Move(N)
2765899783:Move(N)
2765964248:Move(N)
2766026007:Move(N)
2766087200:Move(N)
2766149111:Move(N)
2766231568:Move(W)
2766300602:Move(W)
2766362315:Move(W)
2766434996:Pull(E,W)
2766528508:Pull(S,W)
2766596582:Push(N,E)
2766653695:Push(E,E)
2766708242:Move(W)
2766759832:Move(W)
2766810908:Move(W)
2766864084:Pull(E,S)
2766917252:Pull(E,W)
2766970656:Pull(E,W)
2767026453:Push(W,S)
2767080651:Push(S,S)
2767132700:Move(N)
2767183918:Move(W)
2767236604:Move(W)
2767319928:Move(S)
2767393933:Move(S)
2767480504:Move(S)
2767546671:Move(S)
2767609730:Move(S)
2767683351:Move(S)
2767747401:Move(S)
2767819078:Pull(N,S)
2767884539:Pull(N,S)
2767952280:Pull(N,S)
2768019034:Pull(N,S)
2768085736:Pull(N,S)
2768152427:Pull(N,S)
2768219868:Pull(N,S)
2768285002:Pull(E,S)
2768350389:Pull(E,W)
2768414375:Pull(E,W)
2768478290:Push(W,S)
2768558285:Move(W)
2768637565:Move(W)
2768709581:Move(S)
2768766138:Move(S)
2768828905:Move(S)
2768892447:Move(S)
2768953459:Move(S)
2769037428:Move(S)
2769099851:Move(S)
2769160240:Move(S)
2769225808:Move(S)
2769291342:Move(S)
2769351437:Move(S)
2769408746:Move(S)
2769469923:Pull(N,S)
2769531358:Pull(N,S)
2769591465:Pull(N,S)
2769651774:Pull(N,S)
2769711447:Pull(N,S)
2769772082:Pull(N,S)
2769832442:Pull(N,S)
2769892406:Pull(N,S)
2769951928:Pull(N,S)
2770015829:Pull(N,S)
2770076607:Pull(N,S)
2770166840:Pull(N,S)
2770232377:Pull(E,S)
2770299013:Move(E)
2770368697:Pull(W,S)
2770457802:Push(E,E)
2770528366:Move(S)
2770597511:Push(S,S)
2770680539:Push(S,S)
2770766140:Push(S,S)
2770841906:Move(N)
2770910096:Move(N)
2770975706:Move(N)
2771046034:Move(N)
2771119407:Pull(W,E)
2771190953:Push(E,S)
2771262033:Push(S,S)
2771334035:Push(S,S)
2771437359:Move(N)
2771509085:Move(N)
2771576758:Move(E)
2771646888:Pull(W,E)
2771864098:Pull(W,E)
2771942578:Push(E,S)
2772015506:Move(W)
2772089825:Pull(E,W)
2772145350:Push(S,S)
2772194195:Move(N)
2772401236:Pull(S,W)
2772458677:Push(N,E)
2772515312:Push(E,E)
2772570287:Push(E,S)
2772632896:Push(S,S)
2772698401:Push(S,S)
2772758277:Move(N)
2772827880:Move(N)
2772884343:Move(W)
2772941024:Move(W)
2772996829:Move(S)
2773054707:Pull(N,S)
2773113167:Pull(W,S)
2773170615:Push(E,E)
2773229082:Push(E,E)
2773307780:Push(E,S)
2773367334:Push(S,S)
2773423788:Move(N)
2773479107:Move(W)
2773589118:Move(W)
2773643952:Move(S)
2773698421:Move(S)
2773756090:Pull(N,S)
2773815268:Pull(N,S)
2773875288:Pull(E,S)
2773936826:Push(W,W)
2774022303:Pull(S,W)
2774079768:Move(S)
2774132748:Move(S)
2774183677:Move(S)
2774237944:Pull(N,S)
2774291512:Pull(N,S)
2774359594:Pull(N,S)
2774437603:Push(N,W)
2774507074:Move(S)
2774575940:Pull(N,S)
2774645012:Push(W,W)
2774725823:Move(E)
2774800665:Pull(W,S)
2774869075:Push(E,E)
2774935745:Push(E,E)
2775001456:Push(E,S)
#end
#solved
true
#numactions
282
#time
2775001456
#end
