#domain
hospital
#levelname
SAfootsteps
#colors
red: 0, A, B, C, D, E, F, G, H, I
#initial
++++++++
+0     +
+      +
+      +
+C+D+I++
+B+E+H++
+A+F+G++
++++++++
#goal
++++++++
+      +
+      +
+      +
+G+A+E++
+I+B+F++
+H+C+D++
++++++++
#end
#clientname
PearEasy Client
#actions
28063727407:Move(S)
28063844487:Move(S)
28063935652:Pull(E,S)
28064016907:Pull(E,W)
28064149433:Pull(E,S)
28064232469:Pull(N,W)
28064378366:Push(S,E)
28064480554:Move(W)
28064564455:Pull(E,W)
28064646058:Push(E,E)
28064729144:Pull(W,S)
28064814867:Push(E,N)
28064891424:Move(S)
28065158388:Pull(N,S)
28065279387:Pull(W,S)
28065374384:Pull(N,E)
28065467902:Pull(W,E)
28065545877:Push(S,S)
28065653864:Pull(W,E)
28065741699:Pull(N,E)
28065825777:Push(S,W)
28065904398:Move(E)
28065988824:Pull(E,S)
28066082913:Move(E)
28066166517:Pull(S,E)
28066243837:Move(S)
28066324961:Pull(N,S)
28066403866:Push(N,E)
28066481680:Move(S)
28066589360:Pull(N,S)
28066670521:Pull(W,S)
28066800069:Push(E,N)
28066928150:Pull(W,E)
28067004458:Push(E,S)
28067092827:Push(S,S)
28067164584:Push(S,S)
28067232818:Move(N)
28067300387:Move(N)
28067370433:Pull(W,N)
28067447097:Push(W,S)
28067525018:Pull(W,S)
28067599258:Push(W,N)
28067675070:Move(S)
28067757804:Pull(N,S)
28067846720:Pull(E,S)
28067916485:Pull(N,W)
28068000060:Pull(E,S)
28068071258:Push(W,N)
28068143341:Push(W,S)
28068216235:Push(S,S)
28068288807:Push(S,S)
28068356939:Move(N)
28068467386:Move(E)
28068540829:Push(E,S)
28068610418:Move(E)
28068678952:Pull(W,E)
28068744354:Pull(N,E)
28068815038:Push(S,W)
28068888032:Push(W,W)
28068956485:Push(W,S)
28069024523:Move(E)
28069216049:Move(E)
28069701019:Pull(N,S)
28070039504:Push(S,W)
28070110035:Move(S)
28070201696:Pull(N,S)
28070280284:Pull(E,S)
28070407004:Push(W,N)
28070482541:Pull(S,W)
28070660763:Move(S)
28070787323:Pull(N,S)
28070850498:Push(N,W)
28070908832:Move(S)
28071089237:Pull(N,S)
28071157013:Pull(E,S)
28071224981:Pull(E,W)
28071290933:Pull(N,W)
28071355624:Push(S,S)
28071456478:Push(S,S)
28071521866:Move(N)
28071585630:Move(W)
28071648665:Move(W)
28071712515:Pull(E,W)
28071780157:Push(W,S)
28071844979:Push(S,S)
28072186813:Push(S,S)
28072272540:Move(N)
28072345277:Move(N)
28072487370:Pull(W,N)
28072584867:Pull(N,E)
28072653892:Push(N,E)
28072739811:Push(E,S)
28072832931:Push(S,S)
28072904985:Push(S,S)
28072971224:Push(S,S)
28073487360:Move(N)
28073596229:Push(W,N)
28073683912:Pull(W,N)
28073754967:Push(E,E)
28073831240:Push(E,E)
28073899662:Push(E,E)
28073989068:Push(E,S)
28074047689:Move(W)
28074098582:Pull(W,N)
28074163626:Move(W)
28074233199:Move(W)
28074309377:Pull(N,S)
28074401260:Push(S,E)
28074475537:Move(S)
28074545438:Pull(N,S)
28074635445:Push(E,E)
28074704074:Move(W)
28074779762:Pull(E,S)
28074846873:Push(W,N)
28074921461:Pull(S,N)
28074986492:Move(S)
28075058838:Pull(N,S)
28075126927:Push(N,N)
28075177915:Move(S)
28075252476:Pull(N,S)
28075320802:Pull(E,S)
28075396005:Pull(N,W)
28075728827:Push(W,S)
28076237456:Push(S,S)
28076316416:Push(S,S)
28076428196:Push(S,S)
28076594374:Move(N)
28076847222:Move(N)
28077013755:Push(E,N)
28077215044:Push(N,E)
28077514389:Move(S)
28077841765:Pull(N,E)
28078202802:Push(E,S)
28078519050:Push(S,S)
28078616592:Pull(N,E)
28078685011:Pull(W,S)
28078760682:Pull(N,E)
28079006391:Push(S,W)
28079450023:Push(W,S)
28079717212:Push(S,S)
28079961630:Push(S,S)
28080137438:Move(N)
28080235967:Pull(N,E)
28080309018:Push(S,S)
#end
#solved
true
#numactions
144
#time
28080309018
#end
