#domain
hospital
#levelname
SAGLaDOS
#colors
blue: 0, A, B, C
#initial
++++++++++++++++++++++++++++++++++++++++++++++++++
+B     C                                        A+
+                                                +
+                                                +
+                                C               +
+                                                +
+                                                +
+               C                                +
+                                                +
+                                                +
+                                                +
+                                                +
+                            C                   +
+                                                +
+                                                +
+                                                +
+                                                +
+                                                +
+                                                +
+         C                          C           +
+                                                +
+                                                +
+                                                +
+                                                +
+                                                +
+                                                +
+                       C                        +
+                                                +
+                                                +
+                                                +
+                                                +
+                                                +
+                                                +
+                                                +
+                                                +
+                                                +
+                                                +
+                                                +
+             C                                  +
+                                                +
+                                                +
+                                                +
+                                    C           +
+                                                +
+                                                +
+                                                +
+                   C                            +
+C                                               +
+0C                                            C +
++++++++++++++++++++++++++++++++++++++++++++++++++
#goal
++++++++++++++++++++++++++++++++++++++++++++++++++
+      C                                         +
+                                                +
+                                                +
+                                                +
+                                                +
+                                                +
+                                                +
+                                                +
+                                                +
+                                                +
+                                                +
+                                                +
+                                                +
+                                                +
+                                                +
+                                                +
+                                                +
+                                                +
+                                                +
+                                                +
+                                                +
+                                                +
+                                                +
+                                                +
+                                                +
+                                                +
+                                                +
+                                                +
+                                                +
+                                                +
+                                                +
+                                                +
+                                                +
+                                                +
+                                                +
+                                                +
+                                                +
+                                                +
+                                                +
+                                                +
+                                                +
+                                                +
+                                                +
+                                                +
+                                                +
+                                                +
+                                                +
+A                                              B+
++++++++++++++++++++++++++++++++++++++++++++++++++
#end
#clientname
PearEasy Client
#actions
58375383144:Push(N,E)
58375755321:Move(N)
58376060337:Move(N)
58376355707:Move(N)
58376719535:Move(N)
58377156872:Move(N)
58377970622:Move(N)
58378687995:Move(N)
58379261859:Move(N)
58380854394:Move(N)
58381383553:Move(N)
58382611050:Move(N)
58385430736:Move(N)
58387033508:Move(N)
58387862916:Move(N)
58388630863:Move(N)
58389364661:Move(N)
58389709181:Move(N)
58390305313:Move(N)
58390741764:Move(N)
58391284927:Move(N)
58392060752:Move(N)
58392620719:Move(N)
58393111179:Move(N)
58393426969:Move(N)
58393667271:Move(N)
58393945017:Move(N)
58394196870:Move(N)
58394436638:Move(N)
58394606464:Move(N)
58394850321:Move(N)
58395120699:Move(N)
58395376442:Move(N)
58395613346:Move(N)
58395864305:Move(N)
58396071464:Move(N)
58396340408:Move(N)
58396585476:Move(N)
58396838986:Move(N)
58397169982:Move(N)
58397451693:Move(N)
58397698124:Move(N)
58397960980:Move(N)
58398327065:Move(N)
58398691626:Move(N)
58398917627:Move(N)
58399180307:Pull(E,N)
58399431230:Pull(N,W)
58399682981:Push(S,E)
58399920384:Push(E,S)
58400159265:Push(S,S)
58400412962:Push(S,S)
58400675353:Push(S,E)
58400964025:Push(E,S)
58401204828:Push(S,E)
58401455349:Push(E,E)
58401734944:Push(E,E)
58401982626:Push(E,E)
58402215965:Push(E,S)
58402469543:Push(S,S)
58402730324:Push(S,E)
58402972767:Push(E,S)
58403237166:Push(S,E)
58403478830:Push(E,E)
58403730110:Push(E,S)
58404063476:Push(S,S)
58404292208:Push(S,S)
58404530309:Push(S,E)
58405164779:Push(E,E)
58405666906:Push(E,S)
58406251194:Push(S,S)
58407282128:Push(S,S)
58407868836:Push(S,E)
58408141475:Push(E,S)
58408375095:Push(S,E)
58408592471:Push(E,E)
58408856104:Push(E,S)
58409082310:Push(S,S)
58409358955:Push(S,S)
58409586746:Push(S,E)
58409824753:Push(E,S)
58410041333:Push(S,E)
58410241415:Push(E,E)
58411359372:Push(E,S)
58412253998:Push(S,S)
58412550846:Push(S,E)
58412867588:Push(E,E)
58413172291:Push(E,S)
58413424773:Push(S,E)
58413771611:Push(E,E)
58414035528:Push(E,S)
58414245225:Push(S,E)
58414472913:Push(E,E)
58414696410:Push(E,E)
58414998830:Push(E,S)
58415392118:Push(S,E)
58415589368:Push(E,E)
58415789479:Push(E,E)
58415990394:Push(E,S)
58416241926:Push(S,S)
58416446158:Push(S,S)
58416644485:Push(S,E)
58416856845:Push(E,S)
58417069089:Push(S,E)
58417306139:Push(E,E)
58417547059:Push(E,E)
58417759837:Push(E,E)
58417990547:Push(E,E)
58418189969:Push(E,E)
58418371645:Push(E,E)
58418552806:Push(E,E)
58418801754:Push(E,E)
58419050585:Push(E,S)
58419245031:Push(S,S)
58419422234:Push(S,S)
58419597658:Push(S,E)
58419817367:Push(E,E)
58420019055:Push(E,E)
58420203675:Push(E,E)
58420557389:Push(E,E)
58420745084:Push(E,S)
58420917571:Push(S,E)
58421091521:Push(E,S)
58421266317:Push(S,E)
58421441636:Push(E,S)
58421620886:Push(S,S)
58421819222:Push(S,E)
58422015824:Push(E,S)
58422233391:Push(S,S)
58422405892:Push(S,E)
58422570186:Push(E,S)
58422730043:Push(S,S)
58422892337:Push(S,S)
58423076751:Push(S,S)
58423265111:Push(S,S)
58423449426:Push(S,S)
58423627067:Push(S,S)
58423809679:Push(S,S)
58424016688:Push(S,S)
58424195170:Push(S,S)
58424363109:Move(N)
58424524799:Move(N)
58424686196:Move(N)
58424852237:Move(N)
58425011422:Move(N)
58425161940:Move(N)
58425313170:Move(N)
58425468603:Move(N)
58425626077:Move(N)
58425784176:Move(N)
58425954955:Move(N)
58426113047:Move(N)
58426274067:Move(N)
58426436644:Move(N)
58426592742:Move(N)
58426749429:Move(N)
58426899528:Move(N)
58427052289:Move(N)
58427198273:Move(N)
58427340600:Move(N)
58427530165:Move(N)
58427685584:Move(N)
58427857107:Move(N)
58428091623:Move(N)
58428254268:Move(N)
58428410457:Move(N)
58428557806:Move(N)
58428714327:Move(N)
58428864837:Move(N)
58429040482:Move(N)
58429196928:Move(N)
58429354699:Move(N)
58429497692:Move(N)
58429636785:Move(N)
58429779230:Move(N)
58429944732:Move(N)
58430089381:Move(N)
58430232301:Move(N)
58430393663:Move(N)
58430539954:Move(N)
58430687915:Move(N)
58430830919:Move(N)
58430971054:Move(N)
58431143492:Move(N)
58431727558:Move(N)
58433192031:Push(N,W)
58433369336:Push(W,S)
58433521660:Push(S,W)
58433699680:Push(W,S)
58433848202:Push(S,S)
58433993856:Push(S,W)
58434145734:Push(W,W)
58434290409:Push(W,W)
58434435146:Push(W,S)
58434571759:Push(S,S)
58434713667:Push(S,W)
58434869912:Push(W,W)
58435066916:Push(W,S)
58435263808:Push(S,W)
58435421290:Push(W,S)
58435583172:Push(S,W)
58435722702:Push(W,S)
58435915903:Push(S,S)
58436051869:Push(S,S)
58436200150:Push(S,S)
58436333944:Push(S,W)
58436488251:Push(W,W)
58436638262:Push(W,W)
58436796988:Push(W,S)
58436934014:Push(S,S)
58437126952:Push(S,W)
58437269699:Push(W,W)
58437448918:Push(W,S)
58437591687:Push(S,W)
58437701343:Push(W,W)
58437831367:Push(W,W)
58437930132:Push(W,S)
58438019429:Push(S,W)
58438135505:Push(W,S)
58438317724:Push(S,W)
58438462275:Push(W,S)
58438580545:Push(S,W)
58438693130:Push(W,W)
58438807210:Push(W,S)
58438925388:Push(S,W)
58439060449:Push(W,W)
58439179578:Push(W,S)
58439309031:Push(S,W)
58439423642:Push(W,S)
58439550407:Push(S,W)
58439687932:Push(W,S)
58439853605:Push(S,S)
58439987672:Push(S,W)
58440132541:Push(W,W)
58440278991:Push(W,W)
58440526823:Push(W,W)
58440701616:Push(W,S)
58440908563:Push(S,W)
58441174408:Push(W,S)
58441343448:Push(S,S)
58441483713:Push(S,W)
58441618390:Push(W,W)
58441746976:Push(W,W)
58441892387:Push(W,S)
58442014850:Push(S,W)
58442155177:Push(W,S)
58442363526:Push(S,W)
58442752907:Push(W,S)
58443025571:Push(S,W)
58443172846:Push(W,W)
58443298987:Push(W,W)
58443484760:Push(W,S)
58443665533:Push(S,W)
58443873699:Push(W,S)
58444030970:Push(S,S)
58444237535:Push(S,S)
58444370068:Push(S,S)
58444575543:Push(S,S)
58444740930:Push(S,S)
58444867556:Push(S,S)
58445003164:Push(S,S)
58445172699:Push(S,S)
58445291674:Push(S,W)
58445414274:Push(W,W)
58445538748:Push(W,W)
58445655482:Push(W,S)
58445846562:Push(S,S)
58446269159:Push(S,W)
58446403056:Push(W,W)
58446541450:Push(W,S)
58446841630:Push(S,S)
58447043929:Push(S,W)
58447174090:Push(W,W)
58447529417:Push(W,W)
58447669689:Push(W,S)
58448201700:Push(S,S)
58450192579:Push(S,S)
58450407875:Push(S,S)
58450544029:Push(S,S)
#end
#solved
true
#numactions
279
#time
58450544029
#end
