#domain
hospital
#levelname
SAKaren
#colors
red: 0, B, A, C, D
cyan: X
green: Y, L
blue: Z, W
pink: P
brown: H
purple: R
orange: Q
#initial
++++++++++++++++++++++++++++++++++++++++++++++++++
+                              0ZB               +
+ XXXXX+++RRRRZZXXXX+ RRRRRRRR+ ZZZZZZZZZZ+++ZZZ +
+ +                   L         Z                +
+ +                   L        AZ YYYYYYY+YYYYYYY+
+ +                   ++PPPLLR++Z                +
+  QQQQQQQQQQQQQQQQQQQ          +     LLLLLL     +
+                               X    LLLLLLLL    +
+ LLLLLLLLLLLLLLLL++LLLLLLLLLL+ +  Q LHHHHHHL Q  +
+                   +           X  Q HHHHHHHH Q  +
+                   +           Y  QQHQLQQLQHQQ  +
+                  D+           X  QQHQHQQHQHQQ  +
+ PPPPPPPPPQQQQQ+++QPPPPPQPQPQP+Z+  QQQQQQQQQQ   +
+                               ++  LLQQHHQQLL   +
+                                   HHHQQQQLL    +
++++++++++++++++++++++++++++++++++++++++++++++++++
#goal
++++++++++++++++++++++++++++++++++++++++++++++++++
+                               Z                +
+ XXXXX+++RRRRZZXXXX+ RRRRRRRR+ ZZZZZZZZZZ+++ZZZ +
+ +                   LB        Z                +
+ +                   L         Z YYYYYYY+YYYYYYY+
+ +                   ++PPPLLR++Z              A +
+  QQQ     QQQQQQQQQQQ          +                +
+                               X                +
+ LLLLLLLLLLLLLLLL++LLLLLLLLLL+ +                +
+                   +           X                +
+                   +           Y                +
+                   +D          X                +
+ PPPPPPPPPQQQQQ+++QPPPPPQPQPQP+Z+               +
+                               ++               +
+                                                +
++++++++++++++++++++++++++++++++++++++++++++++++++
#end
#clientname
PearEasy Client
#actions
284734822:Move(S)
285537663:Move(S)
285989761:Pull(W,S)
287891470:Push(E,N)
288587439:Push(N,N)
288928522:Push(N,W)
289293309:Push(W,W)
289837528:Push(W,W)
290223167:Push(W,W)
290607673:Push(W,W)
290956877:Push(W,W)
291311197:Push(W,W)
291698925:Push(W,W)
292571182:Push(W,W)
292954681:Push(W,W)
293293358:Push(W,W)
293591757:Push(W,W)
293874196:Push(W,W)
294206895:Push(W,W)
295072366:Push(W,W)
296184528:Push(W,W)
297551901:Push(W,W)
297962273:Push(W,W)
298252071:Push(W,W)
298543047:Push(W,W)
300261562:Push(W,W)
301222322:Push(W,W)
301507741:Push(W,W)
304058552:Push(W,W)
304887843:Push(W,W)
305572472:Push(W,W)
307963614:Push(W,W)
308537107:Push(W,W)
308869352:Push(W,W)
309982072:Push(W,W)
311477831:Push(W,S)
311766445:Push(S,S)
311984091:Push(S,S)
312141247:Push(S,S)
312392806:Push(S,S)
312658377:Push(S,S)
312930563:Push(S,S)
313215773:Push(S,S)
313447029:Push(S,S)
313706153:Push(S,S)
313951199:Push(S,S)
314205439:Push(S,S)
314428460:Push(S,S)
314656048:Push(S,E)
314890551:Push(E,E)
315194130:Push(E,E)
315434469:Push(E,E)
315934561:Push(E,E)
316175076:Push(E,E)
316429164:Push(E,E)
316665153:Push(E,E)
316933196:Push(E,E)
317164158:Push(E,E)
317451742:Push(E,E)
317672362:Push(E,E)
317885664:Push(E,E)
318117434:Push(E,E)
318337394:Push(E,E)
318718667:Push(E,E)
319612625:Push(E,E)
321016128:Push(E,E)
322305755:Push(E,E)
323435648:Push(E,E)
323842170:Push(E,E)
324098363:Push(E,E)
324403074:Push(E,E)
324622405:Push(E,E)
324811012:Push(E,E)
325037540:Push(E,E)
325311677:Push(E,E)
325549328:Push(E,E)
325773364:Push(E,E)
326078031:Push(E,E)
326484977:Push(E,E)
326733143:Push(E,E)
326951637:Push(E,E)
327161878:Push(E,N)
327423118:Push(N,N)
327657851:Push(N,N)
327857705:Push(N,N)
328061949:Push(N,N)
328266512:Push(N,N)
328511278:Push(N,N)
328707933:Push(N,N)
328905925:Push(N,E)
329092000:Push(E,N)
329293859:Push(N,E)
329480689:Push(E,E)
329690381:Push(E,E)
329926667:Push(E,E)
330129490:Push(E,E)
330316372:Push(E,E)
330503391:Push(E,E)
332088605:Push(E,E)
332280495:Push(E,E)
332462516:Push(E,E)
332661090:Push(E,E)
332845551:Push(E,E)
333012973:Move(W)
333174503:Move(W)
333349943:Move(W)
333520989:Move(W)
333683176:Move(W)
333861939:Move(W)
334033493:Move(W)
334194967:Move(W)
334357753:Move(W)
334550384:Move(W)
334717590:Move(W)
334878196:Move(W)
335048347:Move(W)
335206796:Move(N)
335380255:Move(N)
335552383:Move(E)
335714790:Move(E)
335901028:Move(E)
336058480:Move(E)
336228512:Move(E)
336404620:Move(E)
336588088:Move(E)
336841047:Move(E)
337013492:Move(E)
337204444:Move(E)
337364713:Move(E)
337543683:Move(E)
337706473:Move(E)
337860918:Move(E)
338077533:Move(E)
338262664:Move(N)
338431460:Move(N)
338557117:Move(W)
338682778:Move(W)
338831530:Move(W)
338988902:Move(W)
339166126:Move(W)
339285672:Move(W)
339440560:Move(W)
339604967:Move(W)
339750916:Move(W)
339878572:Move(W)
340012533:Move(W)
340141141:Move(W)
340269905:Move(W)
340481532:Move(W)
340620037:Pull(E,W)
340834788:Pull(E,W)
340985122:Pull(E,W)
341135759:Pull(E,W)
341309301:Pull(E,W)
341463676:Pull(E,W)
341623107:Pull(E,W)
341775094:Pull(E,W)
341970018:Pull(E,W)
342157870:Pull(E,W)
342317187:Pull(E,W)
342473834:Pull(E,W)
342638840:Pull(E,W)
342785839:Pull(E,W)
342952186:Pull(S,W)
343093560:Pull(S,N)
343250912:Pull(W,N)
343426578:Pull(W,E)
343580203:Pull(W,E)
343721015:Pull(W,E)
343883547:Pull(W,E)
344048092:Pull(W,E)
344214314:Pull(W,E)
344372451:Pull(W,E)
344565334:Pull(W,E)
344736573:Pull(W,E)
344908875:Pull(W,E)
345060242:Pull(W,E)
345209643:Pull(W,E)
345404387:Pull(W,E)
345554078:Pull(W,E)
345712603:Pull(S,E)
345869661:Pull(S,N)
346022045:Pull(S,N)
346170706:Pull(S,N)
346332406:Pull(S,N)
346482845:Pull(E,N)
346692728:Push(W,S)
346834201:Push(S,E)
346990409:Push(E,S)
347133607:Push(S,S)
347253597:Push(S,S)
347380510:Push(S,S)
347496880:Push(S,S)
347648445:Push(S,W)
347792087:Push(W,W)
347934578:Push(W,W)
348084054:Push(W,N)
348270506:Push(N,W)
348467044:Push(W,W)
348627130:Push(W,W)
348766957:Push(W,W)
348870356:Push(W,W)
348968111:Push(W,W)
349064012:Push(W,W)
349160346:Push(W,W)
349255676:Push(W,W)
349349724:Push(W,W)
349442814:Push(W,W)
349548395:Push(W,W)
349642571:Push(W,W)
349735670:Push(W,W)
349829109:Push(W,W)
349924675:Push(W,W)
350017129:Push(W,W)
350111193:Push(W,W)
350233988:Push(W,W)
350328656:Push(W,W)
350430409:Push(W,W)
350526129:Push(W,W)
350629520:Push(W,W)
350731775:Push(W,W)
350833215:Push(W,W)
351007307:Push(W,W)
351145735:Push(W,W)
351309331:Push(W,W)
351469847:Push(W,W)
351614824:Push(W,W)
351763867:Push(W,N)
351912352:Push(N,N)
352088452:Push(N,N)
352230509:Push(N,N)
352388156:Push(N,N)
352540324:Push(N,N)
352677645:Push(N,N)
352820998:Push(N,N)
352961124:Push(N,N)
353109602:Push(N,N)
353270887:Push(N,N)
353418705:Push(N,N)
353597332:Push(N,E)
353763876:Push(E,E)
353960246:Push(E,E)
354122975:Push(E,E)
354275306:Push(E,E)
354414146:Push(E,E)
354552254:Push(E,E)
354693465:Push(E,E)
354837884:Push(E,E)
354976731:Push(E,E)
355129762:Push(E,E)
355304426:Push(E,E)
355458503:Push(E,E)
355633124:Push(E,E)
355807878:Push(E,E)
355921398:Push(E,E)
356077814:Push(E,E)
356211240:Push(E,E)
356299781:Push(E,E)
356388439:Push(E,E)
356475529:Push(E,E)
356576994:Push(E,E)
356665576:Push(E,E)
356752823:Push(E,E)
356843722:Push(E,E)
356946130:Push(E,E)
357043175:Push(E,E)
357130247:Push(E,E)
357214386:Push(E,E)
357299014:Push(E,E)
357404921:Push(E,S)
357530578:Push(S,S)
357664400:Push(S,W)
357794546:Push(W,W)
357933512:Push(W,W)
358064086:Push(W,W)
358189490:Push(W,W)
358315541:Push(W,W)
358473278:Push(W,W)
358663024:Push(W,W)
358812019:Move(E)
358944312:Move(E)
359080423:Move(E)
359203466:Move(E)
359336472:Move(E)
359471138:Move(E)
359596209:Move(E)
359744988:Move(N)
359871324:Move(N)
359994058:Move(W)
360126715:Move(W)
360253644:Move(W)
360380311:Move(W)
360503227:Move(W)
360632284:Move(W)
360750308:Move(W)
360868225:Move(W)
360989254:Move(W)
361123640:Move(W)
361261946:Move(W)
361395789:Move(W)
361572561:Move(W)
361712683:Move(W)
361843701:Move(W)
361984604:Move(W)
362071907:Move(W)
362159057:Move(W)
362240876:Move(W)
362320343:Move(W)
362398802:Move(W)
362478946:Move(W)
362573227:Move(W)
362678560:Move(W)
362799505:Move(W)
362923120:Move(W)
363050061:Move(W)
363176072:Move(W)
363292455:Move(W)
363404334:Move(W)
363518931:Move(S)
363643015:Move(S)
363755120:Move(S)
363930592:Move(S)
364015436:Move(S)
364094403:Move(S)
364173455:Move(S)
364252326:Move(S)
364331031:Move(E)
364409137:Move(S)
364487736:Move(S)
364562347:Move(E)
364640091:Move(E)
364717747:Move(E)
364798248:Move(E)
364876957:Move(E)
364955261:Move(E)
365030611:Move(E)
365134994:Move(E)
365246391:Move(E)
365366311:Move(E)
365487480:Move(E)
365574016:Move(E)
365683453:Move(E)
365795543:Move(E)
365915953:Move(E)
366035485:Move(E)
366152219:Pull(N,E)
366375880:Push(S,W)
366634337:Push(W,N)
366773761:Push(N,W)
366899107:Push(W,N)
367041755:Push(N,W)
367157474:Push(W,W)
367275117:Push(W,W)
367394090:Push(W,W)
367514637:Push(W,W)
367634253:Push(W,W)
367747880:Push(W,W)
367879284:Push(W,W)
367995278:Push(W,W)
368109690:Push(W,W)
368225916:Push(W,W)
368388546:Push(W,W)
368509918:Push(W,W)
368622690:Push(W,W)
368735185:Push(W,W)
368890867:Push(W,N)
369001904:Push(N,N)
369122462:Push(N,E)
369226608:Push(E,E)
369337086:Push(E,E)
369436407:Push(E,E)
369547664:Push(E,E)
369648219:Push(E,E)
369741016:Push(E,E)
369856172:Push(E,E)
369953217:Push(E,E)
370064812:Push(E,E)
370163492:Push(E,E)
370275506:Push(E,E)
370372769:Push(E,E)
370471202:Push(E,E)
370584111:Push(E,E)
370681455:Push(E,E)
370852328:Push(E,E)
370946662:Push(E,E)
371039828:Push(E,E)
371133623:Push(E,E)
371227347:Push(E,E)
371320545:Push(E,E)
371410508:Push(E,E)
371497800:Push(E,E)
371588593:Push(E,E)
371675423:Push(E,E)
371762097:Push(E,E)
371839235:Push(E,E)
371911963:Push(E,E)
371979593:Push(E,E)
372057369:Push(E,S)
372148404:Push(S,S)
372222860:Push(S,W)
372296291:Push(W,W)
372367424:Push(W,W)
372438073:Push(W,W)
372507228:Push(W,S)
372579566:Push(S,W)
372650091:Push(W,S)
372718781:Push(S,W)
372788290:Push(W,W)
372858575:Push(W,W)
372928390:Push(W,W)
373013776:Push(W,W)
#end
#solved
true
#numactions
411
#time
373013776
#end
