#domain
hospital
#levelname
SAMSecretA
#colors
red: 0, A
#initial
+++++++++++++++++++++++++
+                       +
+   ++++++++++++++++    +
+   +              +    +
+   + ++++++++++ + +    +
+   +          + + +    +
+   ++++++++++ +++ +    +
+   +          +   + A  +
+   + ++++++++++  ++    +
+ 0 +A         +  +     +
+   ++++++++++++  +++   +
+                 +A+   +
+++++++++++++++++ + +++++
+                 +     +
+ ++++++++++++++++++++  +
+                       +
+++++++++++++++++++++++++
#goal
+++++++++++++++++++++++++
+                       +
+   ++++++++++++++++    +
+   +              +    +
+   + ++++++++++ + +    +
+   +          + + +    +
+   ++++++++++ +++ +    +
+   +          +   +    +
+   + ++++++++++  ++    +
+   +          +  +     +
+   ++++++++++++  +++   +
+                 + +A  +
+++++++++++++++++ + +++++
+                 +     +
+ ++++++++++++++++++++  +
+                       +
+++++++++++++++++++++++++
#end
#clientname
PearEasy Client
#actions
142217597:Move(E)
143352821:Move(N)
144073919:Move(N)
144458214:Move(N)
144794872:Move(N)
145142868:Move(N)
145739185:Move(N)
146099650:Move(N)
146450406:Move(N)
146781084:Move(E)
147137936:Move(E)
147424558:Move(E)
147694192:Move(E)
147975945:Move(E)
148243216:Move(E)
148464109:Move(E)
148690419:Move(E)
148911813:Move(E)
149170864:Move(E)
149392118:Move(E)
149607086:Move(E)
149808868:Move(E)
150083393:Move(E)
150318470:Move(E)
150549829:Move(E)
150748445:Move(E)
150989837:Move(E)
151232406:Move(S)
151449680:Move(S)
151692918:Move(S)
151897603:Move(S)
152154457:Move(S)
152448386:Push(S,S)
152677597:Push(S,S)
152893456:Push(S,S)
153178786:Push(S,S)
#end
#solved
true
#numactions
36
#time
153178786
#end
