#domain
hospital
#levelname
SAMulle
#colors
blue: 0, A, B
#initial
++++++++
+0 A +B+
+  + + +
+  + + +
+  + + +
+  + + +
+  + A +
++++++++
#goal
++++++++
+    + +
+  + + +
+ B+A+A+
+  + + +
+  + + +
+  +   +
++++++++
#end
#clientname
PearEasy Client
#actions
242515113:Move(E)
242804461:Pull(W,E)
243074385:Push(E,S)
243369098:Push(S,S)
244645892:Move(N)
246147317:Move(E)
246607454:Move(E)
247247192:Move(S)
247704425:Move(S)
248229128:Move(S)
248507425:Move(S)
248723338:Move(S)
248980900:Pull(N,E)
249236703:Pull(N,S)
249455458:Pull(N,S)
249715081:Pull(N,S)
249918309:Pull(N,S)
250138349:Pull(W,S)
250377960:Pull(W,E)
250587809:Pull(W,E)
250790170:Push(E,S)
251030003:Pull(E,S)
251262182:Move(E)
251491032:Move(S)
251689584:Move(S)
251878309:Move(S)
252074337:Move(S)
252272773:Move(S)
252921323:Move(E)
253232065:Move(E)
253688240:Move(N)
254400670:Move(N)
255274077:Move(N)
255606770:Move(N)
255848460:Pull(S,N)
256065317:Pull(S,N)
256340357:Pull(S,N)
256560496:Pull(S,N)
256785536:Pull(W,N)
257003665:Pull(W,E)
257210174:Pull(N,E)
257416644:Pull(N,S)
257624794:Pull(N,S)
258058957:Pull(N,S)
258264990:Pull(N,S)
258452602:Pull(W,S)
258649434:Push(W,W)
258828809:Move(E)
259036002:Pull(W,E)
259265879:Pull(S,E)
259455477:Pull(W,N)
259655778:Pull(S,N)
259831582:Push(E,S)
260009293:Pull(W,N)
260190352:Push(N,N)
260382609:Push(N,E)
260565661:Push(E,E)
260729595:Push(E,E)
260890032:Push(E,S)
261042155:Push(S,S)
261198887:Push(S,S)
261367654:Push(S,S)
261533836:Push(S,S)
262047273:Push(S,E)
262676378:Push(E,E)
263158367:Push(E,N)
263400857:Push(N,N)
263665063:Push(N,N)
263910966:Move(S)
264088877:Move(S)
264297815:Move(W)
264455313:Move(W)
264607538:Move(N)
264759604:Move(N)
264910369:Move(N)
265085736:Move(N)
265244539:Move(N)
265411662:Move(W)
265558857:Move(W)
265706934:Move(S)
265853578:Move(W)
265996457:Move(S)
266140439:Move(S)
266290542:Pull(S,E)
266466404:Push(N,N)
266631132:Push(N,N)
266780700:Push(N,N)
266952144:Push(N,E)
267128911:Push(E,E)
267321520:Push(E,E)
267484712:Push(E,S)
267641674:Push(S,S)
#end
#solved
true
#numactions
92
#time
267641674
#end
