#domain
hospital
#levelname
SANeverAI
#colors
green: 0, A, B
#initial
          ++
         +  +
        +    +
       +      +
      ++ +++++++
     ++        ++
    +  +         +
   +    +    +    +
  +         +      +
 +        ++        +
+++++++++ +++++++++ ++
 +        ++        +
  +      +  +      +
   +    +    +    +
    +0 +         +
     +++++++++ ++
      +        +
       +      +
        +AAAA+
         +BB+
          ++
#goal
          ++
         +BA+
        +    +
       +      +
      ++ +++++++
     ++        ++
    +  +         +
   +    +    +    +
  +         +      +
 +B       ++A       +
+++++++++ +++++++++ ++
 +        ++        +
  +      +  +      +
   +    +    +    +
    + A+A        +
     +++++++++ ++
      +        +
       +      +
        +    +
         +  +
          ++
#end
#clientname
PearEasy Client
#actions
273126309:Move(N)
273547236:Move(E)
273923867:Move(E)
274281465:Move(N)
274646274:Move(N)
275962631:Move(E)
276710088:Move(E)
277079366:Move(N)
277445877:Move(N)
277859031:Move(N)
278191522:Move(N)
278498270:Move(N)
278784622:Move(E)
279103827:Move(E)
279401003:Move(E)
279734125:Move(E)
280042322:Move(E)
280317167:Move(S)
280604476:Move(E)
280903695:Move(E)
281208970:Move(S)
281468752:Move(S)
281755588:Move(E)
282030281:Move(E)
282285366:Move(E)
282531654:Move(S)
284184532:Move(S)
284498189:Move(W)
285213531:Move(S)
286089706:Move(W)
286407808:Move(W)
286698226:Move(W)
286987498:Move(W)
287240619:Move(S)
287536530:Move(S)
287827930:Move(S)
288054570:Move(S)
288321448:Move(W)
288566902:Move(W)
288823566:Move(W)
289057320:Move(S)
289350887:Pull(E,S)
289648913:Push(W,N)
289918409:Push(N,E)
290284062:Push(E,E)
290625474:Push(E,E)
290954769:Push(E,N)
291469163:Push(N,N)
291716053:Push(N,E)
291962748:Push(E,E)
292526692:Push(E,N)
292998107:Push(N,E)
293566295:Push(E,N)
294603180:Push(N,N)
295304636:Push(N,E)
295984669:Push(E,E)
296603321:Push(E,N)
296863383:Push(N,N)
297254003:Push(N,W)
297507865:Push(W,W)
297850731:Push(W,W)
298091243:Push(W,W)
298311501:Push(W,N)
298556781:Push(N,N)
298783583:Push(N,N)
299002948:Push(N,W)
299213847:Push(W,W)
299429954:Push(W,W)
299643125:Push(W,W)
299864718:Push(W,S)
300103711:Push(S,W)
300324171:Push(W,S)
300526002:Push(S,W)
300741483:Push(W,S)
300957921:Push(S,S)
301160934:Push(S,S)
301363822:Push(S,W)
301618018:Push(W,W)
301843707:Push(W,W)
302075585:Push(W,S)
302334945:Push(S,S)
302558544:Push(S,S)
302803395:Move(E)
303040204:Move(N)
303252871:Move(N)
303485607:Move(E)
303713222:Move(E)
303907174:Move(N)
304092734:Move(N)
304280788:Move(N)
304624901:Move(N)
304796835:Move(N)
304961472:Move(E)
305151472:Move(E)
305316877:Move(E)
305502693:Move(E)
305735510:Move(E)
305916034:Move(S)
306329062:Move(S)
306522420:Move(E)
306778431:Move(E)
307103855:Move(E)
307296170:Move(S)
307487197:Move(E)
307669260:Move(E)
307862865:Move(S)
308091307:Move(S)
308307044:Move(W)
308481176:Move(S)
308683152:Move(W)
308870687:Move(S)
309063088:Move(W)
309240571:Move(W)
309456785:Move(S)
309607169:Move(W)
309756306:Move(S)
309942637:Move(S)
310101814:Move(W)
310258379:Move(W)
310417245:Move(S)
310587467:Pull(N,S)
310761448:Push(S,E)
310943767:Push(E,N)
311130704:Push(N,E)
311305789:Push(E,N)
311486282:Push(N,N)
311678829:Push(N,W)
311972400:Push(W,W)
312293996:Push(W,W)
312492645:Push(W,W)
312680914:Push(W,W)
312865512:Push(W,W)
313040566:Move(E)
313212145:Move(E)
313376496:Move(E)
313537375:Move(E)
313696762:Move(E)
313863735:Move(S)
314026568:Move(S)
314188187:Move(W)
314443769:Move(W)
314613041:Move(S)
314767699:Move(W)
314923380:Move(W)
315092273:Pull(N,S)
315279841:Push(S,E)
315450863:Push(E,N)
315625081:Push(N,E)
315799661:Push(E,E)
315967966:Push(E,E)
316133419:Push(E,N)
316331454:Push(N,N)
316525821:Push(N,E)
316695547:Push(E,N)
316865288:Push(N,N)
317045486:Push(N,E)
317207071:Push(E,E)
317372123:Push(E,N)
317541260:Push(N,E)
317704108:Push(E,E)
317868689:Push(E,N)
318022885:Push(N,N)
318182123:Push(N,W)
318346380:Push(W,W)
318493451:Push(W,W)
318693781:Push(W,W)
318891711:Push(W,W)
319097151:Push(W,W)
319272604:Push(W,W)
319442520:Move(E)
319614763:Move(E)
319766709:Move(E)
319914577:Move(E)
320068609:Move(E)
320221718:Move(E)
320408192:Move(S)
320564789:Move(S)
320717365:Move(W)
320860091:Move(S)
321013229:Move(W)
321175024:Move(W)
321326250:Move(S)
321480758:Move(W)
321628767:Move(S)
321808611:Move(W)
321951433:Move(S)
322104442:Move(S)
322257530:Move(W)
322399756:Move(W)
322581498:Move(S)
322723006:Move(W)
322887025:Move(S)
323034491:Pull(N,S)
323189949:Pull(E,S)
323335613:Push(W,N)
323479573:Push(N,E)
323624655:Push(E,E)
323779704:Push(E,E)
323940263:Push(E,N)
324084321:Push(N,N)
324223678:Push(N,N)
324390560:Push(N,E)
324589485:Push(E,E)
324735732:Push(E,E)
324884428:Push(E,N)
325034595:Push(N,E)
325176057:Push(E,N)
325320792:Push(N,E)
325639915:Push(E,N)
325809676:Push(N,N)
325957851:Push(N,W)
326095138:Push(W,W)
326283252:Push(W,W)
326443411:Push(W,W)
326581514:Push(W,W)
326719992:Push(W,N)
326854357:Push(N,N)
327006176:Push(N,N)
327144740:Push(N,W)
327279776:Push(W,W)
327418826:Push(W,W)
327559954:Push(W,S)
327703780:Push(S,W)
327865104:Push(W,S)
328032459:Push(S,W)
328179873:Push(W,W)
328353741:Push(W,W)
328547017:Push(W,S)
328719491:Push(S,W)
328912282:Push(W,W)
329072315:Push(W,W)
329229716:Push(W,W)
329414150:Push(W,W)
329573470:Move(N)
329709368:Move(E)
329871849:Move(E)
329992343:Move(E)
330132457:Move(E)
330250990:Move(E)
330403742:Move(E)
330539095:Move(N)
330694860:Move(N)
330833808:Move(E)
330977367:Move(E)
331114016:Move(E)
331251340:Move(E)
331386546:Move(E)
331519084:Move(E)
331657781:Move(E)
331788782:Move(S)
331913750:Move(S)
332068904:Move(S)
332199477:Move(E)
332345571:Move(E)
332480230:Move(E)
332746439:Move(S)
332909602:Move(S)
333055321:Move(W)
333181883:Move(W)
333313659:Move(S)
333439140:Move(W)
333561768:Move(S)
333683488:Move(S)
333806046:Move(W)
333923407:Move(W)
334050262:Move(S)
334183210:Move(S)
334314689:Move(W)
334447795:Move(S)
334609523:Move(W)
334721171:Move(W)
334898002:Move(W)
335022639:Move(S)
335170963:Push(S,E)
335314952:Push(E,N)
335464031:Push(N,E)
335604449:Push(E,N)
335777236:Push(N,N)
335975210:Push(N,E)
336143015:Push(E,E)
336276643:Push(E,N)
336409614:Push(N,N)
336536689:Push(N,N)
336677729:Push(N,N)
336807281:Push(N,N)
336954393:Push(N,E)
337079298:Push(E,E)
337208667:Push(E,E)
337321846:Push(E,E)
337435963:Push(E,E)
337547389:Push(E,N)
337672801:Push(N,N)
337815701:Push(N,W)
337983832:Push(W,N)
338174175:Push(N,W)
338317634:Push(W,W)
338444676:Push(W,W)
338576985:Push(W,W)
338710877:Push(W,N)
338837994:Push(N,N)
338972288:Push(N,N)
339114605:Push(N,W)
339263814:Push(W,W)
342365012:Push(W,W)
342591676:Push(W,W)
342731005:Push(W,W)
342873090:Push(W,W)
343001269:Push(W,N)
343129757:Push(N,N)
343255422:Push(N,E)
343379444:Push(E,N)
343505873:Push(N,E)
343626837:Push(E,N)
343794060:Move(S)
343907271:Move(W)
344030860:Move(W)
344149724:Move(S)
344265307:Move(S)
344385743:Move(E)
344509005:Move(S)
344614032:Move(E)
344719697:Move(E)
344832903:Move(E)
344943960:Move(E)
345080623:Move(E)
345198503:Move(S)
345309600:Move(S)
345425227:Move(E)
345535151:Move(E)
345652951:Move(E)
345786985:Move(E)
345904641:Move(S)
346034950:Move(E)
346160906:Move(S)
346281186:Move(S)
346422358:Move(W)
346540937:Move(W)
346657524:Move(W)
346766806:Move(W)
346881907:Move(W)
346994413:Move(S)
347107960:Move(S)
347224215:Move(S)
347334571:Move(S)
347442879:Move(S)
347560665:Move(W)
347689568:Move(W)
347797577:Move(W)
347908025:Move(W)
348167674:Move(S)
348278735:Move(W)
348424701:Pull(W,S)
348536340:Push(E,E)
348647664:Push(E,N)
348759883:Push(N,E)
348869085:Push(E,E)
348987518:Push(E,E)
349098353:Push(E,E)
349210571:Push(E,N)
349324006:Push(N,N)
349437546:Push(N,E)
349547840:Push(E,N)
349663215:Push(N,E)
349758776:Push(E,E)
349851588:Push(E,N)
349944826:Push(N,E)
350064142:Push(E,N)
350168743:Push(N,E)
350297562:Push(E,N)
350398041:Push(N,N)
350505551:Push(N,W)
350693101:Push(W,N)
350808567:Push(N,W)
350905983:Push(W,W)
351001067:Push(W,W)
351100184:Push(W,W)
351200572:Push(W,N)
351305623:Push(N,N)
351409725:Push(N,W)
351507757:Push(W,W)
351610460:Push(W,W)
351708573:Push(W,N)
351808390:Push(N,W)
352047387:Push(W,W)
352169814:Push(W,W)
352274702:Push(W,N)
352372621:Push(N,N)
352469038:Push(N,E)
352563881:Push(E,E)
352658995:Push(E,E)
352755345:Push(E,N)
352854808:Push(N,N)
#end
#solved
true
#numactions
392
#time
352854808
#end
