#domain
hospital
#levelname
SANicolAI
#colors
red: 0, D, R , E
#initial
++++++++++++++++++++++++++++
+             E   D        +
+ +    +      +++++   ++++ +
+ ++   +      +   0+   ++  +
+ +R+  +      +    +   ++  +
+ + ++ + ++++ + ++ +   ++  +
+ +  + +      +    +   ++  +
+ +   ++      +    +   ++  +
+                     ++++ +
++++++++++++++++++++++++++++
#goal
++++++++++++++++++++++++++++
+                          +
+ +    +      +++++   ++++D+
+ ++   +      +  R +   ++  +
+ + +  +      +    +   ++  +
+ + ++ + ++++ + ++ +   ++  +
+ +  + +      +    +   ++  +
+ +   ++      +    +   ++  +
+                     ++++E+
++++++++++++++++++++++++++++
#end
#clientname
PearEasy Client
#actions
200877584:Move(W)
201587351:Move(S)
202732782:Move(W)
203599292:Move(W)
204551042:Move(S)
206282261:Move(S)
206994346:Move(S)
207845513:Move(S)
208351759:Move(W)
208698929:Move(W)
209072832:Move(N)
209513293:Move(N)
209862532:Move(N)
210210042:Move(N)
210555161:Move(N)
210887537:Move(N)
211243238:Move(N)
211697954:Pull(S,E)
212062565:Push(N,W)
214260179:Pull(E,W)
215787069:Pull(E,W)
217033126:Pull(E,W)
217511360:Pull(E,W)
218040434:Push(E,E)
218331861:Move(W)
218605028:Pull(E,W)
218885456:Push(E,E)
219157095:Move(W)
219448516:Pull(E,W)
219814096:Pull(S,W)
220086913:Move(E)
220414022:Pull(W,N)
220712772:Push(N,E)
221032742:Push(E,E)
221331703:Push(E,E)
221627970:Push(E,E)
221911766:Push(E,E)
222205433:Push(E,E)
222475685:Push(E,E)
222744131:Push(E,S)
223135671:Push(S,S)
223397150:Push(S,S)
223638569:Push(S,S)
223872609:Push(S,S)
224136019:Push(S,S)
224405918:Push(S,S)
226087301:Move(N)
231911006:Move(N)
232197202:Move(N)
234093920:Move(N)
234461901:Move(N)
234725969:Move(N)
234982329:Move(W)
235228174:Move(W)
235462664:Move(W)
235686945:Move(W)
235885860:Move(W)
236159682:Move(W)
236441015:Pull(W,S)
236709875:Push(E,E)
236926561:Push(E,E)
237150456:Push(E,E)
237394714:Push(E,E)
237573184:Push(E,E)
237719548:Push(E,E)
237867895:Push(E,S)
238008355:Move(W)
238175510:Move(W)
238349271:Move(W)
238495921:Move(W)
238644246:Move(W)
239161026:Move(W)
240097863:Move(W)
240921412:Move(W)
241963741:Move(W)
242346548:Move(W)
242564377:Move(W)
242783403:Move(W)
242977142:Move(W)
243166425:Move(S)
243360405:Move(W)
243552329:Move(W)
243742570:Move(W)
243930580:Move(W)
244129772:Move(S)
244336527:Move(S)
244519736:Move(W)
244751748:Move(S)
245185886:Move(S)
245424418:Move(S)
245653252:Move(S)
245860101:Move(W)
246339061:Move(W)
247214135:Move(W)
247811538:Move(N)
248213091:Move(W)
248484809:Move(W)
248831413:Move(N)
249087078:Move(N)
249326135:Pull(S,N)
249549425:Pull(S,N)
249784207:Pull(E,N)
249993953:Push(W,S)
250330559:Push(S,E)
250552953:Push(E,E)
250786647:Push(E,E)
251057901:Push(E,E)
251275899:Push(E,E)
251500895:Push(E,E)
251715619:Push(E,E)
251936615:Push(E,E)
252137890:Push(E,E)
252343139:Push(E,E)
252541628:Push(E,E)
252809963:Push(E,E)
252999141:Push(E,N)
253198652:Push(N,N)
253390455:Push(N,N)
253575368:Push(N,N)
253766581:Push(N,E)
253952730:Push(E,N)
254150961:Push(N,E)
#end
#solved
true
#numactions
122
#time
254150961
#end
