#domain
hospital
#levelname
SASokoBros
#colors
red: 0, A, B, C
#initial
+++++++++++++++++
++++++++ ++++++++
++++++++A +++++++
+++++++ A++++++++
++++++++A +++++++
++++++++ ++++++++
++++++     ++++++
+++ ++  B  + + ++
+ AAA  B0B  AAA +
++ + +  B  ++ +++
++++++     ++++++
++++++++ ++++++++
+++++++ A++++++++
++++++++A +++++++
+++++++ A++++++++
++++++++ ++++++++
+++++++++++++++++
#goal
+++++++++++++++++
++++++++B++++++++
++++++++A +++++++
+++++++ A++++++++
++++++++A +++++++
++++++++ ++++++++
++++++     ++++++
+++ ++     + + ++
+BAAA       AAAB+
++ + +     ++ +++
++++++     ++++++
++++++++ ++++++++
+++++++ A++++++++
++++++++A +++++++
+++++++ A++++++++
++++++++B++++++++
+++++++++++++++++
#end
#clientname
PearEasy Client
#actions
4977778066:Push(E,E)
4977984861:Move(S)
4980105985:Push(W,S)
4981703597:Move(W)
4981854491:Push(N,W)
4981959276:Move(N)
4982060860:Push(E,N)
4982703353:Push(N,W)
4982830859:Move(N)
4982921542:Pull(S,N)
4983008467:Pull(E,N)
4983094191:Push(W,S)
4983178469:Pull(N,W)
4983442875:Pull(N,S)
4983541234:Push(N,W)
4984139230:Push(N,N)
4984251223:Move(S)
4984335820:Move(S)
4984420122:Pull(E,S)
4984516514:Push(W,N)
4984598975:Push(N,N)
4984679182:Push(N,E)
4984775363:Pull(S,N)
4984989905:Pull(S,N)
4985080034:Pull(E,N)
4985193447:Push(W,S)
4985274049:Pull(N,S)
4985355352:Move(N)
4985439238:Pull(S,E)
4985518189:Push(N,N)
4985593899:Move(S)
4985671413:Push(S,E)
4985748184:Pull(S,E)
4985824642:Move(S)
4985899170:Pull(N,S)
4985983670:Push(N,N)
4986218972:Push(N,N)
4986301272:Pull(S,W)
4986400347:Move(S)
4986470931:Push(S,W)
4986552434:Pull(E,W)
4986657808:Push(W,N)
4986726002:Push(N,N)
4986784271:Move(S)
4986843579:Move(E)
4986920637:Move(E)
4986987752:Move(S)
4987054551:Push(S,S)
4987122731:Pull(E,S)
4987191533:Push(E,N)
4987259575:Push(E,S)
4987324937:Push(E,N)
4987384065:Move(W)
4987445298:Move(W)
4987508402:Move(W)
4987614466:Push(W,N)
4987681691:Pull(W,N)
4987747173:Push(E,E)
4987812724:Push(E,E)
4987878000:Push(E,E)
4987940456:Push(E,E)
4988003427:Push(E,E)
4988066944:Pull(W,N)
4988136158:Pull(W,S)
4988200122:Pull(W,N)
4988262229:Move(W)
4988339373:Move(W)
4988441369:Move(S)
4988499895:Move(S)
4988563835:Push(W,N)
4988632765:Pull(S,N)
4988697885:Push(S,W)
4988762092:Push(S,E)
4988824965:Push(S,W)
4988886681:Move(N)
4988946573:Move(N)
4989008814:Move(N)
4989076645:Push(N,E)
4989138157:Pull(N,E)
4989203105:Push(S,S)
4989269709:Push(S,S)
4989335806:Push(S,S)
4989402031:Push(S,S)
4989464467:Push(S,S)
4989529883:Pull(N,W)
4989800338:Pull(N,E)
4989939844:Pull(N,W)
4990030582:Move(N)
4990110502:Move(W)
4990190210:Move(N)
4990267857:Move(W)
4990347513:Push(N,E)
4990429252:Pull(W,E)
4990512307:Push(W,S)
4990591717:Push(W,N)
4990670002:Push(W,S)
4990740804:Move(E)
4990813858:Move(E)
4990887790:Move(E)
4990963633:Push(E,E)
4991039760:Pull(N,E)
4991116027:Push(S,W)
4991192471:Push(W,W)
4991267421:Push(W,W)
4991342090:Push(W,W)
4991416377:Push(W,W)
4991518161:Pull(E,S)
4991629496:Pull(E,N)
4991720681:Pull(E,S)
#end
#solved
true
#numactions
109
#time
4991720681
#end
