#domain
hospital
#levelname
SAThreePO
#colors
blue: 0, A, B, C, D, E, F, G, H
#initial
+++++++++++
+0ABCDEFGH+
+         +
+         +
+         +
+     +++++
+         +
+     +++++
+         +
+     +++++
+         +
+++++++++++
#goal
+++++++++++
+         +
+         +
+         +
+         +
+     +++++
+      GDA+
+     +++++
+      HEB+
+     +++++
+       FC+
+++++++++++
#end
#clientname
PearEasy Client
#actions
200666466:Push(E,S)
201345766:Push(S,S)
201747319:Push(S,S)
202174656:Push(S,E)
202568641:Push(E,E)
202956756:Push(E,S)
203341274:Push(S,S)
203788181:Push(S,E)
204126184:Push(E,E)
204476407:Push(E,E)
204860809:Push(E,E)
205242842:Push(E,E)
205554774:Move(W)
205863379:Move(W)
206168891:Move(W)
206465375:Move(N)
206805567:Move(N)
207118850:Move(N)
207424636:Move(N)
207734778:Pull(E,N)
208099812:Push(W,S)
208568966:Push(S,S)
208882370:Push(S,S)
211195961:Push(S,S)
211800015:Push(S,E)
212163493:Push(E,E)
212641775:Push(E,E)
213267747:Move(W)
213832608:Move(W)
214355798:Move(N)
215063918:Move(N)
216546472:Move(N)
219445210:Move(N)
221236693:Move(N)
222308368:Push(W,S)
222633557:Push(S,E)
222939799:Push(E,S)
223237354:Push(S,S)
223559929:Push(S,S)
223826899:Push(S,S)
224070135:Push(S,S)
224322878:Push(S,S)
224583716:Push(S,S)
224842091:Push(S,S)
225131386:Push(S,E)
225391304:Push(E,E)
225645554:Push(E,E)
225893267:Push(E,E)
226139817:Move(W)
226339201:Move(W)
226569105:Move(W)
226794220:Move(W)
227010394:Move(N)
227242157:Move(N)
227447255:Move(N)
227638772:Move(N)
227830338:Move(N)
228034323:Move(W)
228224273:Move(N)
228436640:Move(N)
228631271:Move(N)
229189012:Pull(S,N)
230207479:Push(N,E)
231034934:Push(E,E)
231823974:Push(E,S)
232839128:Push(S,S)
233219460:Push(S,S)
233492508:Push(S,S)
233839275:Push(S,S)
234106984:Push(S,S)
234338859:Push(S,E)
234720444:Push(E,E)
234971398:Push(E,E)
235236069:Push(E,E)
235463839:Move(W)
235661659:Move(W)
235860056:Move(W)
236062638:Move(N)
236247424:Move(N)
236459970:Move(N)
236661232:Move(N)
236851555:Move(N)
237098510:Move(E)
237284994:Move(N)
237498258:Pull(W,N)
237692082:Pull(S,E)
237875742:Pull(E,N)
238066148:Push(W,S)
238259318:Push(S,S)
238464082:Push(S,S)
238655914:Push(S,S)
238839015:Push(S,S)
239029453:Push(S,E)
239247996:Push(E,E)
239638222:Push(E,E)
239816895:Move(W)
240025078:Move(W)
240197091:Move(N)
240399832:Move(N)
240562322:Move(N)
240727323:Move(N)
240889365:Move(N)
241058301:Move(E)
241227931:Move(N)
241410524:Move(E)
241600426:Pull(W,N)
241777061:Pull(W,E)
241946944:Pull(S,E)
242117595:Pull(E,N)
242360507:Push(W,S)
242531028:Push(S,S)
242740611:Push(S,S)
242936405:Push(S,S)
243114781:Push(S,S)
243315460:Push(S,S)
243518254:Push(S,S)
243709599:Push(S,E)
243916538:Push(E,E)
244101584:Push(E,E)
244285661:Move(W)
244456284:Move(W)
244628955:Move(N)
244808179:Move(N)
244972486:Move(N)
245161255:Move(N)
245329621:Move(N)
245483957:Move(N)
245658959:Move(E)
245817003:Move(E)
245975325:Move(N)
246159082:Move(N)
246328839:Move(E)
246493702:Push(N,W)
246652731:Push(E,S)
246809012:Push(S,S)
246995585:Push(S,S)
247185540:Push(S,W)
247353792:Push(W,W)
247537578:Push(W,W)
247710360:Push(W,W)
247883530:Push(W,S)
248051846:Push(S,S)
248220154:Push(S,S)
248386696:Push(S,S)
248601757:Push(S,E)
248785797:Push(E,E)
248948057:Move(W)
249109392:Move(N)
249264891:Move(N)
249413420:Move(N)
249642085:Move(N)
249798075:Move(E)
249955091:Move(E)
250104653:Move(N)
250257977:Move(N)
250420764:Pull(W,N)
250593317:Pull(S,E)
250759137:Pull(S,N)
250920450:Pull(E,N)
251076607:Push(W,W)
251247372:Push(W,S)
251401925:Push(S,S)
251565503:Push(S,E)
251756456:Push(E,E)
#end
#solved
true
#numactions
164
#time
251756456
#end
