#domain
hospital
#levelname
SATheZoo
#colors
pink: 0, A
#initial
++++++++++++++++++++++++++++++++++++++++++++++++
+0                                      ++++++++
+   ++  +++++++++++++++++   ++  ++++  ++++++++++
+    ++           +++++++    ++           ++++++
+  +  ++  +++++++ +++++++  +  ++  +++++++ ++++++
+  ++  ++  ++++++ +++++++  ++  ++  ++++++ ++++++
++  ++  ++  ++++            ++  ++  ++++  ++++++
+++  ++  ++  +++ ++++  ++++  ++  ++  +++ +++++++
++++  ++  ++  ++   +++  ++++  ++  ++  ++   +++++
+++++  ++  ++  +++ ++++  ++++  ++  ++  +++ +++++
++++++  ++  ++  ++  ++++  ++++  ++  ++  ++  ++++
+++++++  ++  ++  ++  +++  +++++  ++  ++  ++  +++
+++      +++  ++  ++ ++  ++      +++  ++  ++ +++
+++ +++++++++  ++  + +++ ++ +++++++++  ++  + +++
+++ +++         ++   +++  + +++         ++   +++
+++ ++++  +++++  ++  ++++     ++  +++++  ++  +++
+++ +++++  +++++  ++  +++++ +  ++  +++++  ++  ++
+++ ++++++  +++++  ++  ++++ ++  ++  +++++  ++  +
+++ +++++++  +++++  +  ++++ +++  ++  +++++  +  +
+++ ++++++++  +++++    ++++ ++++  ++  +++++    +
+++ +   +   +  +++++        +   +      +++++   +
+++   +   +             ++++   +   +     A     +
+                                      +++++++++
+   ++  +++++++++++++++++   ++  ++++  ++++++++++
+    ++           +++++++    ++           ++++++
+  +  ++  +++++++ +++++++  +  ++  +++++++ ++++++
+  ++  ++  ++++++ +++++++  ++  ++  ++++++ ++++++
++  ++  ++  ++++            ++  ++  ++++  ++++++
+++  ++  ++  +++ ++++  ++++  ++  ++  +++ +++++++
++++  ++  ++  ++   +++  ++++  ++  ++  ++   +++++
+++++  ++  ++  +++ ++++  ++++  ++  ++  +++ +++++
++++++  ++  ++  ++  ++++  ++++  ++  ++  ++  ++++
+++++++  ++  ++  ++  +++  +++++  ++  ++  ++  +++
+++      +++  ++  ++ ++  ++      +++  ++  ++ +++
+++ +++++++++  ++  + +++ ++ +++++++++  ++  + +++
+++ +++         ++   +++  + +++         ++   +++
+++ ++++  +++++  ++  ++++     ++  +++++  ++  +++
+++ +++++  +++++  ++  +++++ +  ++  +++++  ++  ++
+++ ++++++  +++++  ++  ++++ ++  ++  +++++  ++  +
+++ +++++++  +++++  +  ++++ +++  ++  +++++  +  +
+++ ++++++++  +++++    ++++ ++++  ++  +++++    +
+++ +   +   +  +++++        +   +      +++++   +
+++A  +   +             ++++   +   +           +
++++++++++++++++++++++++++++++++++++++++++++++++
#goal
++++++++++++++++++++++++++++++++++++++++++++++++
+                                       ++++++++
+   ++  +++++++++++++++++   ++  ++++  ++++++++++
+    ++           +++++++    ++           ++++++
+  +  ++  +++++++ +++++++  +  ++  +++++++ ++++++
+  ++  ++  ++++++ +++++++  ++  ++  ++++++ ++++++
++  ++  ++  ++++            ++  ++  ++++  ++++++
+++  ++  ++  +++ ++++  ++++  ++  ++  +++ +++++++
++++  ++  ++  ++   +++  ++++  ++  ++  ++   +++++
+++++  ++  ++  +++ ++++  ++++  ++  ++  +++ +++++
++++++  ++  ++  ++  ++++  ++++  ++  ++  ++  ++++
+++++++  ++  ++  ++  +++0 +++++  ++  ++  ++  +++
+++      +++  ++  ++ ++  ++      +++  ++  ++ +++
+++ +++++++++  ++  + +++ ++ +++++++++  ++  + +++
+++ +++         ++   +++  + +++         ++   +++
+++ ++++  +++++  ++  ++++     ++  +++++  ++  +++
+++ +++++  +++++  ++  +++++ +  ++  +++++  ++  ++
+++ ++++++  +++++  ++  ++++ ++  ++  +++++  ++  +
+++ +++++++  +++++  +  ++++ +++  ++  +++++  +  +
+++ ++++++++  +++++    ++++ ++++  ++  +++++    +
+++ +   +   +  +++++        +   +      +++++   +
+++   +   +             ++++   +   +          A+
+                                      +++++++++
+   ++  +++++++++++++++++   ++  ++++  ++++++++++
+    ++           +++++++    ++           ++++++
+  +  ++  +++++++ +++++++  +  ++  +++++++ ++++++
+  ++  ++  ++++++ +++++++  ++  ++  ++++++ ++++++
++  ++  ++  ++++            ++  ++  ++++  ++++++
+++  ++  ++  +++ ++++  ++++  ++  ++  +++ +++++++
++++  ++  ++  ++   +++  ++++  ++  ++  ++   +++++
+++++  ++  ++  +++ ++++  ++++  ++  ++  +++ +++++
++++++  ++  ++  ++  ++++  ++++  ++  ++  ++  ++++
+++++++  ++  ++  ++  +++  +++++  ++  ++  ++  +++
+++      +++  ++  ++ ++  ++      +++  ++  ++ +++
+++ +++++++++  ++  + +++ ++ +++++++++  ++  + +++
+++ +++         ++   +++  + +++         ++   +++
+++ ++++  +++++  ++  ++++     ++  +++++  ++  +++
+++ +++++  +++++  ++  +++++ +  ++  +++++  ++  ++
+++ ++++++  +++++  ++  ++++ ++  ++  +++++  ++  +
+++ +++++++  +++++  +  ++++ +++  ++  +++++  +  +
+++ ++++++++  +++++    ++++ ++++  ++  +++++    +
+++A+   +   +  +++++        +   +      +++++   +
+++   +   +             ++++   +   +           +
++++++++++++++++++++++++++++++++++++++++++++++++
#end
#clientname
PearEasy Client
#actions
1689523943:Move(E)
1690457298:Move(E)
1691138634:Move(E)
1691485858:Move(E)
1691837053:Move(E)
1692153916:Move(E)
1692457673:Move(S)
1692787312:Move(S)
1693078003:Move(E)
1693388929:Move(E)
1693676322:Move(E)
1693964363:Move(E)
1694265928:Move(E)
1694600902:Move(E)
1694929527:Move(E)
1695254021:Move(E)
1696237173:Move(E)
1697465522:Move(E)
1701182134:Move(S)
1702977872:Move(S)
1704592655:Move(S)
1705093127:Move(E)
1707547247:Move(E)
1708693534:Move(E)
1709431902:Move(E)
1710421213:Move(S)
1710787029:Move(E)
1711022410:Move(S)
1711234659:Move(E)
1711482607:Move(S)
1711719777:Move(E)
1712022826:Move(S)
1712282843:Move(S)
1712494745:Move(S)
1712718375:Move(S)
1712939625:Move(S)
1713315852:Move(E)
1713894882:Move(S)
1714131697:Move(E)
1714372171:Move(E)
1714627576:Move(E)
1714872342:Move(E)
1715098517:Move(S)
1715357646:Move(E)
1715577554:Move(S)
1715784910:Move(E)
1715981560:Move(S)
1716182156:Move(E)
1716407535:Move(S)
1716702025:Move(E)
1717274789:Move(S)
1717767538:Move(E)
1718575471:Move(E)
1719404980:Move(E)
1720027045:Move(S)
1720930406:Move(E)
1721268688:Move(E)
1721509119:Move(E)
1721741179:Move(E)
1722012615:Push(E,E)
1722237065:Push(E,E)
1722450457:Push(E,E)
1722675969:Push(E,E)
1722907320:Push(E,E)
1723098189:Move(W)
1723411271:Move(W)
1723634453:Move(W)
1723840020:Move(W)
1724050139:Move(W)
1724238154:Move(W)
1724418409:Move(W)
1724607755:Move(S)
1724793313:Move(W)
1724969600:Move(W)
1725164862:Move(W)
1725350769:Move(W)
1725530103:Move(W)
1725707107:Move(W)
1725894560:Move(W)
1726070052:Move(W)
1726244655:Move(W)
1726412646:Move(W)
1726620105:Move(W)
1726788566:Move(W)
1726955633:Move(W)
1727121685:Move(W)
1727323294:Move(W)
1727497302:Move(W)
1727663703:Move(W)
1727827946:Move(W)
1728010483:Move(W)
1728219806:Move(W)
1728390515:Move(W)
1728594161:Move(W)
1728756606:Move(W)
1728922525:Move(W)
1729093581:Move(W)
1729294522:Move(W)
1729470054:Move(W)
1729629957:Move(W)
1729785297:Move(W)
1729937988:Move(W)
1730091725:Move(W)
1730256271:Move(W)
1730408524:Move(W)
1730571554:Move(W)
1730742568:Move(W)
1730926181:Move(S)
1731092588:Move(S)
1731244034:Move(W)
1731392081:Move(S)
1731554322:Move(S)
1731709534:Move(S)
1731895831:Move(E)
1732041117:Move(S)
1732190007:Move(E)
1732336629:Move(S)
1732518239:Move(E)
1732826789:Move(S)
1733014803:Move(E)
1733179971:Move(S)
1733351597:Move(E)
1733507613:Move(S)
1733664002:Move(S)
1733913584:Move(W)
1734060093:Move(W)
1734237949:Move(W)
1734419377:Move(W)
1734547337:Move(S)
1734675729:Move(S)
1734800997:Move(S)
1734924489:Move(S)
1735046363:Move(S)
1735171732:Move(S)
1735293164:Move(S)
1735426883:Move(S)
1735594426:Pull(N,S)
1735772468:Move(N)
1735915877:Move(N)
1736056172:Move(N)
1736196680:Move(N)
1736328193:Move(N)
1736485216:Move(N)
1736632083:Move(N)
1736779456:Move(E)
1736925890:Move(E)
1737072460:Move(E)
1737238326:Move(E)
1737392357:Move(N)
1737553537:Move(N)
1737707541:Move(W)
1737846853:Move(N)
1737985523:Move(W)
1738122247:Move(N)
1738259353:Move(W)
1738406773:Move(N)
1738553266:Move(W)
1738709442:Move(N)
1738883369:Move(W)
1739048044:Move(N)
1739194584:Move(N)
1739341610:Move(N)
1739480806:Move(E)
1739612739:Move(N)
1739745181:Move(N)
1739877307:Move(E)
1740017013:Move(E)
1740165100:Move(E)
1740297173:Move(E)
1740430411:Move(E)
1740570259:Move(E)
1740708048:Move(E)
1740833868:Move(E)
1740963310:Move(E)
1741089859:Move(E)
1741218712:Move(N)
1741349665:Move(E)
1741474954:Move(E)
1741598072:Move(E)
1741747631:Move(E)
1741887864:Move(E)
1742040962:Move(E)
1742174830:Move(E)
1742306271:Move(N)
1742431277:Move(E)
1742554829:Move(E)
1742675979:Move(E)
1742802367:Move(E)
1742952736:Move(E)
1743094551:Move(E)
1743255336:Move(E)
1743422155:Move(N)
1743563091:Move(N)
1743706424:Move(N)
1743837931:Move(N)
1743963967:Move(N)
1744086897:Move(W)
1744208322:Move(W)
1744338083:Move(N)
1744476519:Move(W)
1744608565:Move(N)
1744741334:Move(N)
1744870448:Move(N)
#end
#solved
true
#numactions
203
#time
1744870448
#end
