#domain
hospital
#levelname
SATrueGlue
#colors
red: 0, A, B
#initial
++++++++++++++++++++++
+       +         0  +
+       +         +  +
+       +         +  +
+                 ++ +
+       +         ++ +
+       +     +   + ++
+       +     +   +  +
+             +   +  +
+B            +   +  +
+       +     +   +  +
+      +++++  +   +  +
+                 +  +
+      ++++++++++    +
+       A            +
++++++++++++++++++++++
#goal
++++++++++++++++++++++
+       +            +
+       +         +  +
+       +         +  +
+                 ++B+
+       +         ++A+
+       +     +   + ++
+       +     +   +  +
+             +   +  +
+             +   +  +
+       +     +   +  +
+      +++++  +   +  +
+                 +  +
+      ++++++++++    +
+                    +
++++++++++++++++++++++
#end
#clientname
PearEasy Client
#actions
212920462:Move(W)
213800678:Move(S)
214079427:Move(S)
214342349:Move(S)
214600946:Move(S)
214865821:Move(S)
215130110:Move(S)
215446948:Move(S)
215704357:Move(S)
215955317:Move(S)
216213113:Move(S)
216478556:Move(S)
216790053:Move(S)
217153684:Move(S)
217508388:Move(W)
217903931:Move(W)
218282760:Move(W)
218642766:Move(W)
219062319:Move(W)
219495329:Move(W)
219944327:Move(W)
220370672:Move(W)
220857731:Pull(E,W)
221299645:Pull(E,W)
222258941:Pull(E,W)
222877704:Pull(E,W)
223278869:Pull(E,W)
223680819:Pull(E,W)
224034651:Pull(E,W)
224313361:Pull(E,W)
224562484:Pull(E,W)
224851174:Push(W,N)
225172578:Push(N,N)
225516376:Push(N,N)
225794351:Push(N,N)
226029140:Push(N,N)
226299563:Push(N,N)
226542739:Push(N,N)
226789806:Push(N,N)
227055351:Push(N,N)
227460125:Push(N,N)
228041244:Push(N,N)
228670684:Push(N,N)
229650056:Push(N,N)
230325194:Push(N,E)
230675253:Push(E,E)
230944601:Push(E,E)
231164926:Push(E,S)
231384404:Push(S,S)
231610253:Push(S,S)
231972846:Push(S,S)
232187188:Move(N)
232381915:Move(N)
232590717:Move(W)
232793607:Move(N)
232997889:Move(W)
233202573:Move(W)
233405862:Move(W)
233650037:Move(W)
233903090:Move(W)
234124343:Move(S)
234393789:Move(S)
234614264:Move(W)
234853090:Move(W)
235042468:Move(S)
235327079:Move(S)
235556462:Move(S)
235800377:Move(W)
236012599:Move(S)
236191657:Move(W)
236430065:Move(W)
236729279:Move(S)
236910493:Move(S)
237085254:Move(W)
237278209:Move(W)
237505416:Move(W)
237795187:Move(W)
238115604:Move(W)
238889481:Move(W)
239681446:Move(W)
240105109:Push(W,N)
240360468:Push(N,E)
240657804:Push(E,E)
240876895:Push(E,N)
241107362:Push(N,N)
241393106:Push(N,E)
241675827:Push(E,N)
241928453:Push(N,E)
242215475:Push(E,N)
242532199:Push(N,E)
242789397:Push(E,E)
243040119:Push(E,E)
243318152:Push(E,E)
243622140:Push(E,N)
243860210:Push(N,N)
244164521:Push(N,N)
244408412:Push(N,E)
244643948:Push(E,E)
244959829:Push(E,E)
245346919:Push(E,E)
245581325:Push(E,E)
245931556:Push(E,E)
246192918:Push(E,E)
246425003:Push(E,E)
246642098:Push(E,E)
246866251:Push(E,E)
247108912:Push(E,E)
247415763:Push(E,S)
247628521:Push(S,S)
247846378:Push(S,S)
#end
#solved
true
#numactions
110
#time
247846378
#end
