#domain
hospital
#levelname
SAvAIkings
#colors
blue: 0,V,A, I, K, N, G, S
#initial
++++++++++++++++++++++++++++++++++++++++++++++++++
+ +0+A                                           +
+ + ++++++++++++++++++++++++++++++++ +++++ +++++++
+ + +       +   +   +             N+     +       +
+ + + ++++ ++++ +++ + ++++++++++++++++++ +++++++ +
+ + +   +     + +     +I+ + + + + +    +   +     +
+ + +++ ++++ ++ +++ + + +   +   + ++  ++++ + +++++
+ + +   +     +   + + +   +   +        +   +     +
+ + + +++ +++++++ + + ++++++++++++++ +++ +++++++ +
+   +   +   +   +   + + + + +        +   +       +
+ +++++ +++ + +++++++ + + + + ++++++++ +++ +++++++
+     + +           +         +      + +         +
++++ ++ +++++++++++ + +++++++++ ++++ + +++++++++ +
+ +     +G        + +       +   +    +   +       +
+ + ++++++++++++ ++ + + +++ + +++ ++++++ + +++++++
+     +       +   + + +   + + +      +   +      I+
++++ ++ + ++++++ ++ + +++ + + ++++++ + +++++++++++
+       +     +     + +   + +   +    +           +
+ + +++++ ++++++ ++++ +++++ +++ ++ +++++++++++++ +
+ + +     + +         +     +    +               +
+++ +++ +++ + +++++++++ +++ + ++++ +++ +++++++++ +
+   +     +       +       + +  S++   + +       + +
+ ++++++++++ ++++ +++ + +++ ++++++ +++ + +++++++ +
+      K+       +     +   +        +       +V    +
++++++++++++++++++++++++++++++++++++++++++++++++++
#goal
++++++++++++++++++++++++++++++++++++++++++++++++++
+V+ +                                            +
+A+ ++++++++++++++++++++++++++++++++ +++++ +++++++
+I+ +       +   +   +              +     +       +
+K+ + ++++ ++++ +++ + ++++++++++++++++++ +++++++ +
+I+ +   +     + +     + + + + + + +    +   +     +
+N+ +++ ++++ ++ +++ + + +   +   + ++  ++++ + +++++
+G+ +   +     +   + + +   +   +        +   +     +
+S+ + +++ +++++++ + + ++++++++++++++ +++ +++++++ +
+   +   +   +   +   + + + + +        +   +       +
+ +++++ +++ + +++++++ + + + + ++++++++ +++ +++++++
+     + +           +         +      + +         +
++++ ++ +++++++++++ + +++++++++ ++++ + +++++++++ +
+ +     +         + +       +   +    +   +       +
+ + ++++++++++++ ++ + + +++ + +++ ++++++ + +++++++
+     +       +   + + +   + + +      +   +       +
++++ ++ + ++++++ ++ + +++ + + ++++++ + +++++++++++
+       +     +     + +   + +   +    +           +
+ + +++++ ++++++ ++++ +++++ +++ ++ +++++++++++++ +
+ + +     + +         +     +    +               +
+++ +++ +++ + +++++++++ +++ + ++++ +++ +++++++++ +
+   +     +       +       + +   ++   + +       + +
+ ++++++++++ ++++ +++ + +++ ++++++ +++ + +++++++ +
+       +       +     +   +        +       +     +
++++++++++++++++++++++++++++++++++++++++++++++++++
#end
#clientname
PearEasy Client
#actions
508346817:Move(S)
509001038:Move(S)
509249231:Move(S)
509719281:Move(S)
510450653:Move(S)
511236566:Move(S)
511515828:Move(S)
511676495:Move(S)
511792255:Move(W)
511901762:Move(W)
512035063:Move(S)
512147314:Move(S)
512273713:Move(E)
512384346:Move(E)
512495235:Move(E)
512598340:Move(S)
512715373:Move(S)
512822439:Move(E)
512929204:Move(E)
513043316:Move(E)
513150492:Move(N)
513267055:Move(N)
513377347:Move(N)
513531334:Move(N)
513677195:Move(W)
513827377:Move(W)
513969078:Move(N)
514074828:Move(N)
514198284:Move(E)
514315791:Move(E)
514426595:Move(N)
514536360:Move(N)
514646199:Move(W)
514757297:Move(W)
514861021:Move(N)
514965106:Move(N)
515070836:Move(E)
515181903:Move(E)
515291312:Move(E)
515402358:Move(E)
515534942:Move(E)
515675909:Move(S)
515859172:Move(S)
516011586:Move(E)
516147048:Move(E)
516297233:Move(S)
516444762:Move(S)
516601940:Move(W)
516748061:Move(W)
516871018:Move(W)
516999106:Move(S)
517137185:Move(S)
517311223:Move(E)
517454442:Move(E)
517603857:Move(S)
517766641:Move(S)
517923988:Move(E)
518076159:Move(E)
518216219:Move(E)
518319715:Move(E)
518419620:Move(E)
518516178:Move(E)
518613212:Move(E)
518716521:Move(E)
518846010:Move(S)
519012494:Move(S)
519214429:Move(S)
519416018:Move(S)
519701099:Move(S)
520148496:Move(S)
520582133:Move(W)
520797641:Move(W)
520934436:Move(W)
521067835:Move(S)
521226890:Move(S)
521415809:Move(E)
521602831:Move(E)
521709584:Move(E)
521837135:Move(E)
521947034:Move(E)
522091085:Move(N)
522224101:Move(N)
522364834:Move(N)
522501613:Move(N)
522675272:Move(N)
522818856:Move(N)
522954991:Move(E)
523085766:Move(E)
523452927:Move(E)
523605075:Move(E)
523765731:Move(E)
523912326:Move(E)
524053673:Move(S)
524193402:Move(S)
524419964:Move(S)
524934670:Move(S)
525073503:Move(S)
525241604:Move(S)
525384107:Move(S)
525523992:Move(S)
525676209:Move(S)
525820349:Move(S)
525951799:Move(E)
526083731:Move(E)
526218135:Move(E)
526526589:Move(E)
526690809:Move(E)
526784022:Move(E)
526867147:Move(E)
526952219:Move(N)
527048152:Move(N)
527147350:Move(N)
527243256:Move(N)
527327893:Move(E)
527411125:Move(E)
527494631:Move(E)
527577995:Move(E)
527662206:Move(E)
527748422:Move(E)
527844268:Move(E)
527969253:Move(E)
528057403:Move(E)
528152586:Move(E)
528239144:Move(E)
528367589:Move(E)
528510831:Move(E)
528615784:Move(E)
528737815:Move(S)
528855975:Move(S)
528958324:Move(S)
529056240:Move(S)
529177008:Move(W)
529294929:Move(W)
529400655:Move(W)
529538196:Pull(E,W)
529646038:Pull(E,W)
529749658:Pull(E,W)
529887923:Pull(N,W)
530012546:Pull(N,S)
530114351:Pull(N,S)
530214591:Pull(N,S)
530310861:Pull(N,S)
530411186:Push(S,W)
530505823:Push(W,W)
530600047:Push(W,W)
530720617:Push(W,W)
530832811:Push(W,W)
530944534:Push(W,W)
531097949:Push(W,W)
531219374:Push(W,W)
531331653:Push(W,W)
531441225:Push(W,W)
531550538:Push(W,W)
531658124:Push(W,W)
531768444:Push(W,W)
531873617:Push(W,W)
532008308:Push(W,S)
532125227:Push(S,S)
532233754:Push(S,S)
532337063:Push(S,S)
532438962:Push(S,W)
532652057:Push(W,W)
532910319:Push(W,W)
533091995:Push(W,W)
533452626:Push(W,W)
533723215:Push(W,W)
534083697:Push(W,W)
534653027:Push(W,N)
535255953:Push(N,N)
535383583:Push(N,N)
535501298:Push(N,N)
535604251:Push(N,N)
535711693:Push(N,N)
536031910:Push(N,N)
536393820:Push(N,N)
536738021:Push(N,N)
537008458:Push(N,N)
537122855:Push(N,W)
537284958:Push(W,W)
537396754:Push(W,W)
537574612:Push(W,W)
537681024:Push(W,W)
537784771:Push(W,W)
537896868:Push(W,S)
537992214:Push(S,S)
538084510:Push(S,S)
538212947:Push(S,S)
538310418:Push(S,S)
538404597:Push(S,S)
538500134:Push(S,W)
538638837:Push(W,W)
538786346:Push(W,W)
538884569:Push(W,W)
538978029:Push(W,W)
539114229:Push(W,N)
539208647:Push(N,N)
539309541:Push(N,E)
539394313:Push(E,E)
539477281:Push(E,E)
539559498:Push(E,N)
539640732:Push(N,N)
539721334:Push(N,N)
539825163:Push(N,N)
539936074:Push(N,N)
540049357:Push(N,N)
540123845:Push(N,W)
540194462:Push(W,W)
540260375:Push(W,W)
540327227:Push(W,W)
540391155:Push(W,W)
540461343:Push(W,W)
540528580:Push(W,W)
540625915:Push(W,W)
540695429:Push(W,N)
540763101:Push(N,N)
540829180:Push(N,W)
540909496:Push(W,W)
540975520:Push(W,N)
541039438:Push(N,N)
541103692:Push(N,E)
541164810:Push(E,E)
541231257:Push(E,E)
541312546:Push(E,N)
541378931:Push(N,N)
541443729:Push(N,W)
541508894:Push(W,W)
541703644:Push(W,N)
541809481:Push(N,N)
541916197:Push(N,W)
542016871:Push(W,W)
542141640:Push(W,W)
542238662:Push(W,W)
542338634:Push(W,W)
542441936:Push(W,S)
542555214:Push(S,S)
542652078:Push(S,E)
542746776:Push(E,E)
542842828:Push(E,S)
542941500:Push(S,S)
543035897:Push(S,W)
543129299:Push(W,W)
543219156:Push(W,S)
543308063:Push(S,S)
543400741:Push(S,E)
543495177:Push(E,E)
543587712:Push(E,S)
543698691:Push(S,S)
543799115:Push(S,S)
543895717:Push(S,S)
544006931:Push(S,W)
544101374:Push(W,W)
544199814:Push(W,W)
544285778:Push(W,N)
544355811:Push(N,N)
544426052:Push(N,W)
544498178:Push(W,W)
544564093:Push(W,W)
544653892:Push(W,N)
544737482:Push(N,N)
544800500:Push(N,N)
544862382:Push(N,N)
544924868:Push(N,N)
544990075:Push(N,N)
545056931:Push(N,N)
545117266:Push(N,N)
545178528:Push(N,N)
545254140:Push(N,N)
545335026:Move(S)
545414238:Move(S)
545493291:Move(S)
545569513:Move(S)
545642603:Move(S)
545718683:Move(S)
545796219:Move(S)
545912916:Move(S)
545991961:Move(S)
546066585:Move(E)
546140081:Move(E)
546214275:Move(E)
546284426:Move(S)
546355477:Move(S)
546432620:Move(E)
546506014:Move(E)
546572262:Move(E)
546651034:Move(N)
546742369:Move(N)
546826271:Move(N)
546951909:Move(N)
547047480:Move(W)
547185051:Move(W)
547293405:Move(N)
547396547:Move(N)
547478298:Move(E)
547554685:Move(E)
547631230:Move(N)
547736585:Move(N)
547811502:Move(W)
547904681:Move(W)
547979772:Move(N)
548044437:Move(N)
548124743:Move(E)
548184540:Move(E)
548254676:Move(E)
548321530:Move(E)
548379724:Move(E)
548442594:Move(S)
548505433:Move(S)
548563334:Move(E)
548618150:Move(E)
548673189:Move(S)
548729893:Move(S)
548790843:Move(W)
548849865:Move(W)
548905560:Move(W)
548959443:Move(S)
549013751:Move(S)
549068580:Move(E)
549123146:Move(E)
549197149:Move(S)
549327532:Move(S)
549403659:Move(E)
549479041:Move(E)
549558490:Move(E)
549632649:Move(E)
549693229:Move(E)
549751722:Move(E)
549807415:Move(E)
549872024:Move(E)
549931377:Move(S)
549991976:Move(S)
550051028:Move(S)
550108879:Move(S)
550167732:Move(S)
550253809:Move(S)
550366418:Move(W)
550441222:Move(W)
550510502:Move(W)
550588041:Move(S)
550655127:Move(S)
550743462:Move(E)
550851433:Move(E)
550926035:Move(E)
551029812:Move(E)
551106678:Move(E)
551178711:Move(N)
551304762:Move(N)
551405512:Move(N)
551478293:Move(N)
551546570:Move(N)
551613092:Move(N)
551668835:Move(E)
551753761:Move(E)
551827196:Move(E)
551885266:Move(E)
551941120:Move(E)
551996778:Move(E)
552049717:Move(S)
552107271:Move(S)
552157219:Move(S)
552214660:Move(S)
552266784:Move(S)
552321762:Move(S)
552376581:Move(S)
552427221:Move(S)
552474459:Move(S)
552533822:Move(S)
552584373:Move(E)
552661553:Move(E)
552730621:Move(E)
552796219:Move(E)
552856480:Move(E)
552920490:Move(E)
552985528:Move(E)
553083945:Move(N)
553153967:Move(N)
553224012:Move(N)
553284465:Move(N)
553397853:Move(E)
553451262:Move(E)
553498556:Move(E)
553545670:Move(E)
553591912:Move(E)
553636038:Move(E)
553759628:Move(E)
553823503:Move(E)
553884297:Move(E)
553949475:Move(E)
554016117:Move(E)
554080084:Move(E)
554138976:Move(E)
554205216:Move(E)
554265935:Move(N)
554330847:Move(N)
554393229:Move(W)
554456629:Move(W)
554513794:Move(W)
554575252:Move(W)
554641179:Move(W)
554709475:Move(W)
554781645:Move(W)
554841758:Move(W)
554902726:Move(W)
554963636:Move(W)
555021205:Move(N)
555079977:Move(N)
555142590:Move(E)
555203454:Move(E)
555262139:Move(N)
555324540:Move(N)
555390285:Move(W)
555455778:Move(W)
555558376:Move(N)
555622571:Move(N)
555711103:Move(N)
555776623:Move(N)
555837458:Move(E)
555896817:Move(E)
555956861:Move(N)
556017331:Move(N)
556075464:Move(E)
556137808:Move(E)
556206863:Move(N)
556267263:Move(N)
556319196:Move(W)
556363333:Move(W)
556426610:Move(N)
556483676:Move(N)
556545692:Move(W)
556603666:Move(W)
556657139:Move(W)
556709597:Move(W)
556757779:Move(N)
556811685:Move(N)
556864504:Move(W)
556914287:Move(W)
556966715:Move(W)
557017817:Move(W)
557064881:Move(W)
557115348:Move(W)
557171051:Move(W)
557223969:Move(W)
557274811:Move(W)
557326199:Move(W)
557373913:Move(W)
557424002:Move(W)
557474718:Move(W)
557527021:Move(W)
557577691:Move(W)
557628151:Move(W)
557678102:Move(W)
557724613:Move(W)
557775567:Move(W)
557855784:Move(W)
557912959:Move(W)
557963604:Move(W)
558018587:Move(W)
558066995:Move(W)
558117516:Move(W)
558168472:Move(W)
558219403:Move(W)
558271276:Move(W)
558321868:Move(W)
558369373:Move(W)
558447476:Pull(E,W)
558506686:Pull(E,W)
558559444:Pull(E,W)
558612203:Pull(E,W)
558664962:Pull(E,W)
558717765:Pull(E,W)
558769924:Pull(E,W)
558822909:Pull(E,W)
558873778:Pull(E,W)
558923448:Pull(E,W)
558976154:Pull(E,W)
559028580:Pull(E,W)
559108217:Pull(E,W)
559164356:Pull(E,W)
559217597:Pull(E,W)
559290455:Pull(E,W)
559346014:Pull(E,W)
559403679:Pull(E,W)
559458936:Pull(E,W)
559512165:Pull(E,W)
559566024:Pull(E,W)
559618543:Pull(E,W)
559675361:Pull(E,W)
559754377:Pull(E,W)
559814063:Pull(E,W)
559866765:Pull(E,W)
559923531:Pull(E,W)
559977217:Pull(E,W)
560030056:Pull(E,W)
560081711:Pull(E,W)
560133670:Pull(E,W)
560183799:Push(W,S)
560236439:Push(S,S)
560288491:Push(S,E)
560341609:Push(E,E)
560398570:Push(E,E)
560454979:Push(E,E)
560508605:Push(E,S)
560577096:Push(S,S)
560628794:Push(S,E)
560683464:Push(E,E)
560737262:Push(E,S)
560790029:Push(S,S)
560839610:Push(S,W)
560897206:Push(W,W)
560949949:Push(W,S)
561003835:Push(S,S)
561056455:Push(S,W)
561144409:Push(W,W)
561213732:Push(W,S)
561276429:Push(S,S)
561338579:Push(S,S)
561398603:Push(S,S)
561460121:Push(S,E)
561550982:Push(E,E)
561614141:Push(E,S)
561682825:Push(S,S)
561762337:Push(S,W)
561818981:Push(W,W)
561870671:Push(W,S)
561923703:Push(S,S)
561975730:Push(S,E)
562027574:Push(E,E)
562103598:Push(E,E)
562155686:Push(E,E)
562204969:Push(E,E)
562262090:Push(E,E)
562311559:Push(E,E)
562375024:Push(E,E)
562425006:Push(E,E)
562476584:Push(E,E)
562540359:Push(E,S)
562590636:Push(S,S)
562650508:Push(S,W)
562699344:Push(W,W)
562748068:Push(W,W)
562793555:Push(W,W)
562856907:Push(W,W)
562905231:Push(W,W)
562955518:Push(W,W)
563003730:Push(W,W)
563051969:Push(W,W)
563108159:Push(W,W)
563156380:Push(W,W)
563207433:Push(W,W)
563256859:Push(W,W)
563326256:Push(W,W)
563374010:Push(W,S)
563443087:Push(S,S)
563515541:Push(S,S)
563571882:Push(S,S)
563625107:Push(S,W)
563676890:Push(W,W)
563734629:Push(W,W)
563787612:Push(W,W)
563843271:Push(W,W)
563898627:Push(W,W)
563948765:Push(W,W)
563997015:Push(W,N)
564047976:Push(N,N)
564099743:Push(N,N)
564152780:Push(N,N)
564203799:Push(N,N)
564255191:Push(N,N)
564306376:Push(N,N)
564362489:Push(N,N)
564415508:Push(N,N)
564467574:Push(N,N)
564520396:Push(N,W)
564568552:Push(W,W)
564624042:Push(W,W)
564677115:Push(W,W)
564733135:Push(W,W)
564788409:Push(W,W)
564863800:Push(W,S)
564916891:Push(S,S)
564969238:Push(S,S)
565022377:Push(S,S)
565074088:Push(S,S)
565126158:Push(S,S)
565173990:Push(S,W)
565225266:Push(W,W)
565278416:Push(W,W)
565330011:Push(W,W)
565382494:Push(W,W)
565434189:Push(W,N)
565485163:Push(N,N)
565540263:Push(N,E)
565596182:Push(E,E)
565646894:Push(E,E)
565694715:Push(E,N)
565742416:Push(N,N)
565793278:Push(N,N)
565848403:Push(N,N)
565899459:Push(N,N)
565951258:Push(N,N)
566002336:Push(N,W)
566052720:Push(W,W)
566104857:Push(W,W)
566155932:Push(W,W)
566218530:Push(W,W)
566266828:Push(W,W)
566319975:Push(W,W)
566371078:Push(W,W)
566423413:Push(W,N)
566478379:Push(N,N)
566533772:Push(N,W)
566590499:Push(W,W)
566641042:Push(W,N)
566694020:Push(N,N)
566745589:Push(N,E)
566798227:Push(E,E)
566852640:Push(E,E)
566906840:Push(E,N)
566958649:Push(N,N)
567014572:Push(N,W)
567064873:Push(W,W)
567116289:Push(W,N)
567166685:Push(N,N)
567217732:Push(N,W)
567269124:Push(W,W)
567321163:Push(W,W)
567377083:Push(W,W)
567424534:Push(W,W)
567475607:Push(W,S)
567547913:Push(S,S)
567600121:Push(S,E)
567652166:Push(E,E)
567705032:Push(E,S)
567756307:Push(S,S)
567807409:Push(S,W)
567859580:Push(W,W)
567921240:Push(W,S)
567987040:Push(S,S)
568044863:Push(S,E)
568106519:Push(E,E)
568193862:Push(E,S)
568247929:Push(S,S)
568299854:Push(S,S)
568360673:Push(S,S)
568428996:Push(S,W)
568484624:Push(W,W)
568533619:Push(W,W)
568595431:Push(W,N)
568647216:Push(N,N)
568695217:Push(N,W)
568743144:Push(W,W)
568792872:Push(W,W)
568850507:Push(W,N)
568906062:Push(N,N)
568954484:Push(N,N)
569010629:Push(N,N)
569059198:Push(N,N)
569107063:Push(N,N)
569154371:Push(N,N)
569201936:Push(N,N)
569249718:Push(N,N)
569296995:Move(S)
569340012:Move(S)
569385895:Move(S)
569431739:Move(S)
569481961:Move(S)
569528137:Move(S)
569573877:Move(S)
569616643:Move(S)
569662055:Move(E)
569707296:Move(E)
569754307:Move(E)
569816016:Move(S)
569862738:Move(S)
569905373:Move(E)
569950172:Move(E)
569994697:Move(E)
570039923:Move(N)
570084877:Move(N)
570129762:Move(N)
570197565:Move(N)
570243868:Move(W)
570290623:Move(W)
570337868:Move(N)
570384043:Move(N)
570430488:Move(E)
570473629:Move(E)
570538316:Move(N)
570583673:Move(N)
570629667:Move(W)
570676067:Move(W)
570721387:Move(N)
570762614:Move(N)
570806979:Move(E)
570863599:Move(E)
570907469:Move(E)
570950355:Move(E)
570995180:Move(E)
571038285:Move(S)
571102655:Move(S)
571167103:Move(E)
571216680:Move(E)
571264696:Move(S)
571319818:Move(S)
571366246:Move(W)
571409647:Move(W)
571456415:Move(W)
571506342:Move(S)
571556987:Move(S)
571607306:Move(E)
571655481:Move(E)
571702988:Move(S)
571757970:Move(S)
571803942:Move(E)
571853949:Move(E)
571899166:Move(E)
571949515:Move(E)
571998559:Move(E)
572043968:Move(E)
572119481:Move(E)
572167303:Move(E)
572217139:Move(S)
572270101:Move(S)
572313617:Move(S)
572359318:Move(S)
572407157:Move(S)
572453741:Move(S)
572508000:Move(W)
572582142:Move(W)
572630347:Move(W)
572676606:Move(S)
572727435:Move(S)
572777670:Move(E)
572827590:Move(E)
572878206:Move(E)
572922970:Move(E)
572969084:Move(E)
573015982:Move(N)
573066669:Move(N)
573119385:Move(N)
573170667:Move(N)
573213615:Move(N)
573258998:Move(N)
573304788:Move(N)
573362173:Move(N)
573422845:Move(E)
573470739:Move(E)
573514225:Move(E)
573559495:Move(E)
573620528:Move(E)
573684365:Move(E)
573740528:Move(E)
573793512:Move(E)
573841100:Move(N)
573890992:Move(N)
573975490:Move(E)
574029284:Move(E)
574079939:Move(E)
574162093:Move(E)
574213076:Move(E)
574267217:Move(E)
574318264:Move(E)
574371170:Move(N)
574450758:Move(N)
574504955:Move(W)
574553909:Move(W)
574608085:Move(W)
574664250:Move(W)
574717857:Move(W)
574773126:Move(N)
574829151:Move(W)
574881592:Move(W)
574931816:Move(S)
574983192:Move(W)
575050638:Move(W)
575100622:Move(N)
575150070:Move(W)
575198796:Move(W)
575246153:Move(S)
575294186:Move(W)
575351877:Move(W)
575420718:Move(N)
575494776:Pull(S,N)
575564467:Pull(E,N)
575620560:Pull(E,W)
575673703:Pull(N,W)
575722765:Pull(N,S)
575771924:Push(S,E)
575826124:Push(E,E)
575873147:Push(E,S)
575923738:Push(S,E)
575970856:Push(E,E)
576019768:Push(E,N)
576071126:Push(N,E)
576125487:Push(E,E)
576172416:Push(E,S)
576222963:Push(S,E)
576272373:Push(E,E)
576318323:Push(E,E)
576371251:Push(E,E)
576418014:Push(E,E)
576469287:Push(E,S)
576522992:Push(S,S)
576577010:Push(S,W)
576627438:Push(W,W)
576678212:Push(W,W)
576724981:Push(W,W)
576774979:Push(W,W)
576830407:Push(W,W)
576879256:Push(W,W)
576945297:Push(W,S)
577004666:Push(S,S)
577051585:Push(S,W)
577124330:Push(W,W)
577170592:Push(W,W)
577248817:Push(W,W)
577295616:Push(W,W)
577341156:Push(W,W)
577399844:Push(W,W)
577463060:Push(W,W)
577523383:Push(W,S)
577573507:Push(S,S)
577618492:Push(S,S)
577663209:Push(S,S)
577707353:Push(S,S)
577752137:Push(S,S)
577796192:Push(S,S)
577840723:Push(S,S)
577884032:Push(S,W)
577941933:Push(W,W)
578008739:Push(W,W)
578069487:Push(W,W)
578120587:Push(W,W)
578173498:Push(W,N)
578220218:Push(N,N)
578272703:Push(N,E)
578325330:Push(E,E)
578372530:Push(E,E)
578420028:Push(E,N)
578467464:Push(N,N)
578518890:Push(N,N)
578566115:Push(N,N)
578610969:Push(N,N)
578660861:Push(N,N)
578709105:Push(N,W)
578760182:Push(W,W)
578809175:Push(W,W)
578861063:Push(W,W)
578908575:Push(W,W)
578956259:Push(W,W)
579007645:Push(W,W)
579054820:Push(W,W)
579105613:Push(W,N)
579149847:Push(N,N)
579200737:Push(N,W)
579252199:Push(W,W)
579303209:Push(W,N)
579354927:Push(N,N)
579406732:Push(N,E)
579456566:Push(E,E)
579505617:Push(E,E)
579557399:Push(E,N)
579604731:Push(N,N)
579657244:Push(N,W)
579730392:Push(W,W)
579782593:Push(W,N)
579840942:Push(N,N)
579887641:Push(N,W)
579935242:Push(W,W)
579984251:Push(W,W)
580056591:Push(W,W)
580114188:Push(W,W)
580176252:Push(W,S)
580235580:Push(S,S)
580309109:Push(S,E)
580389967:Push(E,E)
580469877:Push(E,S)
580528771:Push(S,S)
580582732:Push(S,W)
580630896:Push(W,W)
580683171:Push(W,S)
580734909:Push(S,S)
580782508:Push(S,E)
580830607:Push(E,E)
580882673:Push(E,S)
580927089:Push(S,S)
581017044:Push(S,S)
581081895:Push(S,S)
581145521:Push(S,W)
581212796:Push(W,W)
581258865:Push(W,W)
581307590:Push(W,N)
581355666:Push(N,N)
581407124:Push(N,W)
581455741:Push(W,W)
581541988:Push(W,W)
581592699:Push(W,N)
581644351:Push(N,N)
581697111:Push(N,N)
581766850:Push(N,N)
581832819:Push(N,N)
581890669:Push(N,N)
581940398:Push(N,N)
581993889:Push(N,N)
582041590:Move(S)
582092117:Move(S)
582136121:Move(S)
582181221:Move(S)
582226714:Move(S)
582276257:Move(S)
582331687:Move(S)
582398127:Move(E)
582455462:Move(E)
582504541:Move(E)
582553020:Move(S)
582602870:Move(S)
582648177:Move(W)
582693593:Move(S)
582748280:Move(S)
582812030:Move(E)
582870066:Move(S)
582921329:Move(S)
582973728:Move(W)
583055245:Move(S)
583098828:Move(S)
583144465:Move(S)
583190242:Move(S)
583240486:Move(W)
583285379:Move(W)
583333101:Move(S)
583376301:Move(S)
583422048:Move(E)
583471875:Move(E)
583517959:Move(E)
583563506:Move(E)
583608758:Move(E)
583677848:Pull(W,E)
583731423:Pull(W,E)
583780020:Pull(W,E)
583826503:Pull(W,E)
583875758:Pull(W,E)
583935923:Pull(N,E)
583987613:Pull(N,S)
584045827:Pull(E,S)
584095399:Pull(E,W)
584145443:Pull(N,W)
584192462:Pull(N,S)
584245811:Pull(N,S)
584294268:Pull(N,S)
584349741:Pull(W,S)
584396436:Push(E,E)
584456316:Push(E,N)
584506086:Push(N,N)
584562106:Push(N,W)
584612578:Push(W,N)
584665021:Push(N,N)
584713618:Push(N,E)
584766647:Push(E,N)
584815778:Push(N,N)
584865594:Push(N,W)
584917949:Push(W,W)
584962544:Push(W,W)
585009620:Push(W,N)
585057161:Push(N,N)
585104947:Push(N,N)
585152041:Push(N,N)
585203562:Push(N,N)
585251367:Push(N,N)
585304276:Push(N,N)
585351008:Move(S)
585401246:Move(S)
585444875:Move(S)
585494146:Move(S)
585547352:Move(S)
585594462:Move(S)
585640097:Move(E)
585685492:Move(E)
585728070:Move(E)
585786066:Move(S)
585841407:Move(S)
585892157:Move(E)
585938142:Move(E)
585987847:Move(E)
586036552:Move(N)
586083989:Move(N)
586130347:Move(N)
586180877:Move(N)
586228140:Move(W)
586275410:Move(W)
586317640:Move(N)
586366743:Move(N)
586415061:Move(E)
586461642:Move(E)
586516733:Move(N)
586564630:Move(N)
586607095:Move(W)
586656817:Move(W)
586708236:Move(N)
586758490:Move(N)
586807987:Move(E)
586853593:Move(E)
586896319:Move(E)
586941268:Move(E)
586986187:Move(E)
587036462:Move(S)
587088640:Move(S)
587136264:Move(E)
587180526:Move(E)
587227350:Move(S)
587277080:Move(S)
587328158:Move(W)
587378379:Move(W)
587430709:Move(W)
587473435:Move(S)
587518817:Move(S)
587565311:Move(E)
587610839:Move(E)
587660491:Move(S)
587710659:Move(S)
587755541:Move(E)
587803030:Move(E)
587858390:Move(E)
587905442:Move(E)
587950765:Move(E)
587996496:Move(E)
588042021:Move(E)
588087902:Move(E)
588134293:Move(S)
588180018:Move(S)
588231470:Move(S)
588281462:Move(S)
588326772:Move(S)
588372780:Move(S)
588417570:Move(W)
588463015:Move(W)
588508825:Move(W)
588557927:Move(S)
588604589:Move(S)
588647581:Move(E)
588697024:Move(E)
588742540:Move(E)
588788447:Move(E)
588833708:Move(E)
588879123:Move(N)
588923505:Move(N)
588974145:Move(N)
589020002:Move(N)
589065291:Move(N)
589115089:Move(N)
589161576:Move(E)
589208228:Move(E)
589257952:Move(E)
589304751:Move(E)
589350938:Move(E)
589397089:Move(E)
589442385:Move(S)
589484159:Move(S)
589533226:Move(S)
589580455:Move(S)
589626330:Move(S)
589671852:Move(S)
589737361:Move(S)
589782951:Move(S)
589845897:Move(S)
589893319:Move(S)
589940229:Move(E)
589985729:Move(E)
590033159:Move(E)
590080139:Move(E)
590129811:Move(E)
590179643:Move(E)
590228165:Move(E)
590273850:Move(N)
590319306:Move(N)
590366251:Move(N)
590415710:Move(N)
590467645:Move(E)
590518355:Move(E)
590569592:Move(E)
590638503:Move(E)
590685356:Move(E)
590731050:Move(E)
590776750:Move(E)
590822233:Move(E)
590867354:Move(E)
590916538:Move(E)
590962868:Move(E)
591011403:Move(E)
591059780:Move(E)
591104811:Move(E)
591149948:Move(N)
591195820:Move(N)
591243597:Move(W)
591285814:Move(W)
591330950:Move(W)
591383024:Move(W)
591428896:Move(W)
591475149:Move(W)
591522692:Move(W)
591565207:Move(W)
591610928:Move(W)
591660278:Move(W)
591705521:Move(N)
591752028:Move(N)
591800675:Move(E)
591851237:Move(E)
591894400:Move(N)
591939844:Move(N)
591985118:Move(W)
592031370:Move(W)
592077455:Move(N)
592126562:Move(N)
592168847:Move(N)
592215325:Move(N)
592260496:Move(E)
592306131:Move(E)
592351627:Move(N)
592397773:Move(N)
592455941:Move(E)
592514705:Move(E)
592566516:Move(N)
592617810:Move(N)
592670065:Move(W)
592722925:Move(W)
592771832:Move(N)
592823464:Move(N)
592875590:Move(W)
592928974:Move(W)
592981140:Move(W)
593036252:Move(W)
593084356:Move(N)
593137054:Move(N)
593193868:Move(E)
593247372:Move(E)
593301464:Move(E)
593358189:Move(E)
593407260:Move(E)
593459844:Move(E)
593512712:Move(S)
593566256:Move(S)
593619510:Move(E)
593671521:Move(E)
593719165:Move(E)
593771699:Move(E)
593825329:Move(E)
593878800:Move(E)
593933076:Move(S)
593986798:Move(S)
594037113:Move(W)
594090405:Move(W)
594143144:Move(W)
594197140:Move(W)
594248903:Move(S)
594300748:Move(S)
594348139:Move(E)
594399307:Move(E)
594451631:Move(E)
594506724:Move(E)
594559719:Move(S)
594614317:Move(S)
594660495:Move(W)
594714265:Move(W)
594765627:Move(W)
594818087:Move(W)
594870491:Move(W)
594925629:Move(W)
594976373:Move(S)
595023516:Move(S)
595073887:Move(E)
595123012:Move(E)
595168595:Move(E)
595215859:Move(E)
595262410:Move(E)
595306387:Move(E)
595356619:Move(S)
595407574:Move(S)
595456972:Move(W)
595505993:Move(W)
595555478:Move(W)
595600695:Move(W)
595648842:Move(W)
595698287:Move(W)
595748800:Move(S)
595839161:Move(S)
595890060:Move(E)
595937944:Move(E)
595984828:Move(E)
596031333:Move(E)
596078978:Move(E)
596130287:Pull(W,E)
596181504:Pull(W,E)
596230035:Pull(W,E)
596279432:Pull(W,E)
596326286:Pull(W,E)
596414594:Pull(N,E)
596466772:Pull(N,S)
596522081:Pull(E,S)
596572726:Pull(E,W)
596624724:Pull(E,W)
596676112:Pull(E,W)
596725857:Pull(E,W)
596775406:Pull(E,W)
596827942:Pull(N,W)
596884613:Pull(N,S)
596934996:Pull(W,S)
596986847:Pull(W,E)
597039625:Pull(W,E)
597089837:Pull(W,E)
597139899:Pull(W,E)
597190816:Pull(W,E)
597241930:Pull(W,E)
597296421:Push(E,N)
597352199:Push(N,N)
597405988:Push(N,E)
597460360:Push(E,E)
597514266:Push(E,E)
597568018:Push(E,E)
597620289:Push(E,E)
597672695:Push(E,E)
597725659:Push(E,N)
597778225:Push(N,N)
597835035:Push(N,W)
597893026:Push(W,W)
597947459:Push(W,W)
598006233:Push(W,W)
598078722:Push(W,N)
598144883:Push(N,N)
598216653:Push(N,E)
598285388:Push(E,E)
598359578:Push(E,E)
598429671:Push(E,E)
598487330:Push(E,N)
598543535:Push(N,N)
598599089:Push(N,W)
598650620:Push(W,W)
598716685:Push(W,W)
598772885:Push(W,W)
598830034:Push(W,W)
598884129:Push(W,W)
598934758:Push(W,N)
598983871:Push(N,N)
599038304:Push(N,W)
599091278:Push(W,W)
599143126:Push(W,W)
599193686:Push(W,W)
599244205:Push(W,W)
599294597:Push(W,W)
599349007:Push(W,S)
599399740:Push(S,S)
599450094:Push(S,E)
599496608:Push(E,E)
599550477:Push(E,E)
599604673:Push(E,E)
599667555:Push(E,S)
599716461:Push(S,S)
599771770:Push(S,E)
599821920:Push(E,E)
599871750:Push(E,S)
599922411:Push(S,S)
599972292:Push(S,W)
600025308:Push(W,W)
600072906:Push(W,S)
600122399:Push(S,S)
600172331:Push(S,W)
600221574:Push(W,W)
600271875:Push(W,S)
600323076:Push(S,S)
600373619:Push(S,S)
600423764:Push(S,S)
600473369:Push(S,E)
600526501:Push(E,E)
600579242:Push(E,S)
600626070:Push(S,S)
600676991:Push(S,W)
600727664:Push(W,W)
600778250:Push(W,S)
600829559:Push(S,S)
600879521:Push(S,E)
600934353:Push(E,E)
600985969:Push(E,E)
601036625:Push(E,E)
601088056:Push(E,E)
601139076:Push(E,E)
601186884:Push(E,E)
601239870:Push(E,E)
601289848:Push(E,E)
601341316:Push(E,E)
601390754:Push(E,S)
601440640:Push(S,S)
601492251:Push(S,W)
601542824:Push(W,W)
601593592:Push(W,W)
601643323:Push(W,W)
601692451:Push(W,W)
601741056:Push(W,W)
601789037:Push(W,W)
601858464:Push(W,W)
601921034:Push(W,W)
601976745:Push(W,W)
602025065:Push(W,W)
602134433:Push(W,W)
602184645:Push(W,W)
602236734:Push(W,W)
602286629:Push(W,S)
602336556:Push(S,S)
602382463:Push(S,S)
602431905:Push(S,S)
602487423:Push(S,W)
602533290:Push(W,W)
602578294:Push(W,W)
602622728:Push(W,W)
602666488:Push(W,W)
602712504:Push(W,W)
602756314:Push(W,W)
602800118:Push(W,N)
602843456:Push(N,N)
602884211:Push(N,N)
602931423:Push(N,N)
602975409:Push(N,N)
603020555:Push(N,N)
603065863:Push(N,N)
603109912:Push(N,N)
603153581:Push(N,N)
603197267:Push(N,N)
603241149:Push(N,W)
603289218:Push(W,W)
603332058:Push(W,W)
603372955:Push(W,W)
603416142:Push(W,W)
603461252:Push(W,W)
603505520:Push(W,S)
603549144:Push(S,S)
603592930:Push(S,S)
603636383:Push(S,S)
603681754:Push(S,S)
603727061:Push(S,S)
603770443:Push(S,W)
603811799:Push(W,W)
603852488:Push(W,W)
603895523:Push(W,W)
603938791:Push(W,W)
603985767:Push(W,N)
604029633:Push(N,N)
604073437:Push(N,E)
604116786:Push(E,E)
604160491:Push(E,E)
604204265:Push(E,N)
604247946:Push(N,N)
604288100:Push(N,N)
604331205:Push(N,N)
604374732:Push(N,N)
604418004:Push(N,N)
604461226:Push(N,W)
604504609:Push(W,W)
604547871:Push(W,W)
604591991:Push(W,W)
604644685:Push(W,W)
604688259:Push(W,W)
604731445:Push(W,W)
604771839:Push(W,W)
604814784:Push(W,N)
604857984:Push(N,N)
604901459:Push(N,W)
604944470:Push(W,W)
604987703:Push(W,N)
605030145:Push(N,N)
605073586:Push(N,E)
605116408:Push(E,E)
605162491:Push(E,E)
605208830:Push(E,N)
605249221:Push(N,N)
605293618:Push(N,W)
605339203:Push(W,W)
605382795:Push(W,N)
605425814:Push(N,N)
605469039:Push(N,W)
605516468:Push(W,W)
605559719:Push(W,W)
605603180:Push(W,W)
605651057:Push(W,W)
605694964:Push(W,S)
605738327:Push(S,S)
605781635:Push(S,E)
605828025:Push(E,E)
605873153:Push(E,S)
605919290:Push(S,S)
605962564:Push(S,W)
606006383:Push(W,W)
606051245:Push(W,S)
606094771:Push(S,S)
606137836:Push(S,E)
606181173:Push(E,E)
606223973:Push(E,S)
606269006:Push(S,S)
606311370:Push(S,S)
606357409:Push(S,S)
606420073:Push(S,W)
606463209:Push(W,W)
606511827:Push(W,W)
606557654:Push(W,N)
606602800:Push(N,N)
606645824:Push(N,W)
606690548:Push(W,W)
606733432:Push(W,W)
606774370:Push(W,N)
606814970:Push(N,N)
606858012:Push(N,N)
606901022:Push(N,N)
606954936:Push(N,N)
606998210:Push(N,N)
607041309:Move(S)
607083554:Move(S)
607124807:Move(S)
607165673:Move(S)
607206893:Move(S)
607250409:Move(E)
607292290:Move(E)
607333445:Move(E)
607375331:Move(S)
607413964:Move(S)
607454958:Move(E)
607496597:Move(E)
607538801:Move(E)
607580061:Move(N)
607621413:Move(N)
607660239:Move(N)
607702577:Move(N)
607744492:Move(W)
607785826:Move(W)
607827004:Move(N)
607870560:Move(N)
607909035:Move(E)
607951903:Move(E)
608018336:Move(N)
608059916:Move(N)
608101226:Move(W)
608142369:Move(W)
608180805:Move(N)
608222199:Move(N)
608263166:Move(E)
608304528:Move(E)
608345813:Move(E)
608387000:Move(E)
608425306:Move(E)
608466015:Move(S)
608507417:Move(S)
608548638:Move(E)
608589792:Move(E)
608630939:Move(S)
608669245:Move(S)
608712333:Move(W)
608753813:Move(W)
608794990:Move(W)
608845257:Move(S)
608926512:Move(S)
608978226:Move(E)
609028396:Move(E)
609097671:Move(S)
609145569:Move(S)
609191893:Move(E)
609237052:Move(E)
609281787:Move(E)
609324491:Move(E)
609372903:Move(E)
609421833:Move(E)
609471317:Move(E)
609516008:Move(E)
609563681:Move(S)
609611365:Move(S)
609658274:Move(S)
609703733:Move(S)
609754174:Move(S)
609799447:Move(S)
609845502:Move(W)
609888330:Move(W)
609933607:Move(W)
609978465:Move(S)
610025092:Move(S)
610070270:Move(E)
610115027:Move(E)
610157096:Move(E)
610205894:Move(E)
610279619:Move(E)
610326416:Move(N)
610371354:Move(N)
610419891:Move(N)
610461767:Move(N)
610509837:Move(N)
610554501:Move(N)
610599100:Move(N)
610643223:Move(N)
610687714:Move(N)
610729754:Move(N)
610778395:Move(N)
610822722:Move(N)
610867441:Move(N)
610912226:Move(N)
610956436:Move(N)
611000296:Move(N)
611045420:Move(E)
611089881:Move(E)
611140802:Move(E)
611189319:Move(E)
611233946:Move(E)
611281773:Move(E)
611326488:Move(E)
611376893:Move(E)
611426230:Move(E)
611472555:Move(E)
611517366:Move(E)
611559218:Move(E)
611606819:Pull(W,E)
611657810:Pull(W,E)
611715149:Pull(W,E)
611761877:Pull(W,E)
611811946:Pull(W,E)
611869258:Pull(W,E)
611917859:Pull(W,E)
611964865:Pull(W,E)
612011563:Pull(W,E)
612058002:Pull(W,E)
612101209:Pull(W,E)
612146843:Pull(W,E)
612197553:Pull(S,E)
612252021:Pull(S,N)
612323520:Pull(W,N)
612376863:Push(E,S)
612424120:Push(S,S)
612470776:Push(S,S)
612521291:Push(S,S)
612571929:Push(S,S)
612617959:Push(S,S)
612664186:Push(S,S)
612710187:Push(S,S)
612759423:Push(S,S)
612803384:Push(S,S)
612852015:Push(S,S)
612901606:Push(S,S)
612949829:Push(S,S)
612997130:Push(S,S)
613043929:Push(S,W)
613094993:Push(W,W)
613146127:Push(W,W)
613192487:Push(W,W)
613240291:Push(W,W)
613290044:Push(W,N)
613334227:Push(N,N)
613381179:Push(N,E)
613430159:Push(E,E)
613476373:Push(E,E)
613522236:Push(E,N)
613572934:Push(N,N)
613619270:Push(N,N)
613666669:Push(N,N)
613714819:Push(N,N)
613762160:Push(N,N)
613835901:Push(N,W)
613892338:Push(W,W)
613955028:Push(W,W)
614014800:Push(W,W)
614064770:Push(W,W)
614145081:Push(W,W)
614196004:Push(W,W)
614246161:Push(W,W)
614296896:Push(W,N)
614349778:Push(N,N)
614401711:Push(N,W)
614455256:Push(W,W)
614504384:Push(W,N)
614555587:Push(N,N)
614620298:Push(N,E)
614674385:Push(E,E)
614727320:Push(E,E)
614780834:Push(E,N)
614831797:Push(N,N)
614884081:Push(N,W)
614936036:Push(W,W)
614987814:Push(W,N)
615036810:Push(N,N)
615084694:Push(N,W)
615134031:Push(W,W)
615183949:Push(W,W)
615233397:Push(W,W)
615282305:Push(W,W)
615330575:Push(W,S)
615379890:Push(S,S)
615430706:Push(S,E)
615481692:Push(E,E)
615532002:Push(E,S)
615581026:Push(S,S)
615626673:Push(S,W)
615677550:Push(W,W)
615727558:Push(W,S)
615779427:Push(S,S)
615829155:Push(S,E)
615879987:Push(E,E)
615934176:Push(E,S)
615986187:Push(S,S)
616037256:Push(S,S)
616088325:Push(S,S)
616135738:Push(S,W)
616183530:Push(W,W)
616240304:Push(W,W)
616296937:Push(W,N)
616348715:Push(N,N)
616414858:Push(N,W)
616492460:Push(W,W)
616558681:Push(W,W)
616621407:Push(W,N)
616680362:Push(N,N)
616741620:Push(N,N)
616798972:Push(N,N)
616862299:Push(N,N)
616919134:Move(S)
616972009:Move(S)
617027748:Move(S)
617080253:Move(S)
617132366:Move(E)
617180825:Move(E)
617231735:Move(E)
617285120:Move(S)
617336844:Move(S)
617387993:Move(E)
617440230:Move(E)
617489697:Move(E)
617541904:Move(N)
617594750:Move(N)
617647522:Move(N)
617709506:Move(N)
617761657:Move(W)
617807173:Move(W)
617852601:Move(N)
617897682:Move(N)
617942846:Move(E)
617987278:Move(E)
618037089:Move(N)
618080326:Move(N)
618125460:Move(W)
618170409:Move(W)
618216892:Move(N)
618262227:Move(N)
618309021:Move(E)
618352661:Move(E)
618397609:Move(E)
618442496:Move(E)
618486400:Move(E)
618533549:Move(S)
618581930:Move(S)
618625062:Move(E)
618666959:Move(E)
618711477:Move(S)
618756369:Move(S)
618802121:Move(W)
618848479:Move(W)
618890598:Move(W)
618935137:Move(S)
618980641:Move(S)
619026127:Move(E)
619075790:Move(E)
619138155:Move(S)
619194845:Move(S)
619241947:Move(E)
619289745:Move(E)
619339343:Move(E)
619387236:Move(E)
619449409:Move(E)
619516228:Move(E)
619561250:Move(E)
619618145:Move(E)
619669416:Move(S)
619724363:Move(S)
619772324:Move(S)
619821362:Move(S)
619867155:Move(S)
619909561:Move(S)
619954764:Move(W)
619999407:Move(W)
620055656:Move(W)
620101544:Move(N)
620159902:Move(N)
620198873:Move(N)
620247524:Move(N)
620298337:Move(W)
620342352:Move(W)
620388053:Move(W)
620433365:Move(W)
620475537:Move(W)
620521386:Move(W)
620569613:Pull(E,W)
620633953:Pull(E,W)
620696781:Pull(E,W)
620744342:Pull(E,W)
620793361:Pull(E,W)
620839988:Pull(E,W)
620890002:Pull(E,W)
620934969:Push(W,S)
620989452:Push(S,S)
621045757:Push(S,S)
621092809:Push(S,S)
621143179:Push(S,E)
621234988:Push(E,E)
621288006:Push(E,E)
621334713:Push(E,N)
621386363:Push(N,N)
621432449:Push(N,N)
621479273:Push(N,N)
621523651:Push(N,N)
621563765:Push(N,N)
621610316:Push(N,W)
621656696:Push(W,W)
621709205:Push(W,W)
621760464:Push(W,W)
621828349:Push(W,W)
621904053:Push(W,W)
621975686:Push(W,W)
622029819:Push(W,W)
622078015:Push(W,N)
622121810:Push(N,N)
622168750:Push(N,W)
622215905:Push(W,W)
622276828:Push(W,N)
622330201:Push(N,N)
622378347:Push(N,E)
622453008:Push(E,E)
622507701:Push(E,E)
622562021:Push(E,N)
622616846:Push(N,N)
622677115:Push(N,W)
622729407:Push(W,W)
622785039:Push(W,N)
622838601:Push(N,N)
622893429:Push(N,W)
622947860:Push(W,W)
623004259:Push(W,W)
623060893:Push(W,W)
623118364:Push(W,W)
623171597:Push(W,S)
623223032:Push(S,S)
623274825:Push(S,E)
623322012:Push(E,E)
623373333:Push(E,S)
623428659:Push(S,S)
623480157:Push(S,W)
623530627:Push(W,W)
623582332:Push(W,S)
623633863:Push(S,S)
623684552:Push(S,E)
623740112:Push(E,E)
623792008:Push(E,S)
623855921:Push(S,S)
623905671:Push(S,S)
623959466:Push(S,S)
624074186:Push(S,W)
624133266:Push(W,W)
624194473:Push(W,W)
624253606:Push(W,N)
624308326:Push(N,N)
624362120:Push(N,W)
624419551:Push(W,W)
624486755:Push(W,W)
624543469:Push(W,N)
624616263:Push(N,N)
624672821:Push(N,N)
624743049:Push(N,N)
624864447:Move(S)
624937206:Move(S)
624994529:Move(S)
625050487:Move(E)
625101712:Move(E)
625155401:Move(E)
625221091:Move(S)
625276429:Move(S)
625329146:Move(E)
625382436:Move(E)
625432310:Move(E)
625487475:Move(N)
625553897:Move(N)
625608675:Move(N)
625664112:Move(N)
625716726:Move(W)
625764960:Move(W)
625816287:Move(N)
625871883:Move(N)
625924034:Move(E)
625977120:Move(E)
626029488:Move(N)
626077523:Move(N)
626129812:Move(W)
626184198:Move(W)
626236224:Move(N)
626289965:Move(N)
626359953:Move(E)
626412830:Move(E)
626465166:Move(E)
626518442:Move(E)
626569954:Move(E)
626619536:Move(S)
626667788:Move(S)
626716120:Move(E)
626760929:Move(E)
626809159:Move(S)
626857068:Move(S)
626943817:Move(W)
626994964:Move(W)
627043521:Move(W)
627089474:Move(S)
627137780:Move(S)
627186358:Move(E)
627235784:Move(E)
627283055:Move(S)
627329780:Move(S)
627373210:Move(E)
627419294:Move(E)
627465034:Move(E)
627511187:Move(E)
627565541:Move(E)
627627404:Move(E)
627678565:Move(E)
627727199:Move(E)
627771720:Move(S)
627819260:Move(S)
627867100:Move(S)
627916646:Move(S)
627963949:Move(S)
628011922:Move(S)
628057567:Move(W)
628106299:Move(W)
628154874:Move(W)
628204472:Move(S)
628255188:Move(S)
628303784:Move(E)
628351331:Move(E)
628398538:Move(E)
628449521:Move(E)
628530821:Move(E)
628582485:Move(N)
628632133:Move(N)
628678407:Move(N)
628726973:Move(N)
628775578:Move(N)
628822347:Move(N)
628868961:Move(E)
628915331:Move(E)
628959364:Move(E)
629005644:Move(E)
629051099:Move(E)
629097844:Move(E)
629144970:Move(S)
629192587:Move(S)
629237509:Move(S)
629287020:Move(S)
629336149:Move(S)
629384092:Move(S)
629432892:Move(S)
629478403:Move(S)
629524600:Move(S)
629570036:Move(S)
629614803:Move(E)
629662169:Move(E)
629708806:Move(E)
629756162:Move(E)
629798904:Move(E)
629845017:Move(E)
629890528:Move(E)
629935782:Move(N)
629981252:Move(N)
630026094:Move(N)
630069050:Move(N)
630112699:Move(N)
630158468:Move(N)
630204196:Move(E)
630250988:Move(E)
630297091:Move(N)
630344426:Move(N)
630386447:Move(W)
630431978:Move(W)
630477988:Move(W)
630523893:Move(N)
630569453:Move(N)
630614564:Move(E)
630677345:Move(E)
630742973:Move(E)
630802806:Move(N)
630860551:Move(N)
630924570:Move(W)
630979409:Move(W)
631030094:Move(W)
631084091:Move(W)
631140186:Move(W)
631195020:Move(S)
631246469:Move(S)
631296840:Move(W)
631347472:Move(W)
631398126:Move(S)
631447755:Move(S)
631498969:Move(S)
631552901:Move(S)
631603247:Move(E)
631649936:Move(E)
631713700:Move(S)
631767270:Move(S)
631815865:Move(W)
631863617:Move(W)
631909942:Move(S)
631952151:Move(S)
631998970:Move(E)
632048013:Pull(W,E)
632097143:Pull(N,E)
632144850:Pull(N,S)
632192673:Pull(E,S)
632241429:Pull(E,W)
632307271:Pull(E,W)
632360229:Push(W,N)
632419873:Push(N,N)
632468540:Push(N,W)
632514445:Push(W,W)
632557685:Push(W,N)
632601163:Push(N,N)
632647416:Push(N,N)
632694173:Push(N,N)
632737132:Push(N,E)
632780478:Push(E,E)
632824070:Push(E,N)
632869844:Push(N,N)
632912812:Push(N,E)
632954419:Push(E,E)
632997514:Push(E,E)
633041926:Push(E,E)
633084929:Push(E,E)
633127861:Push(E,S)
633172521:Push(S,S)
633215530:Push(S,W)
633259002:Push(W,W)
633301837:Push(W,W)
633344691:Push(W,S)
633388741:Push(S,S)
633430538:Push(S,E)
633472937:Push(E,E)
633518735:Push(E,E)
633562058:Push(E,S)
633605241:Push(S,S)
633648291:Push(S,W)
633690916:Push(W,W)
633734409:Push(W,S)
633778756:Push(S,S)
633821734:Push(S,S)
633864458:Push(S,S)
633904189:Push(S,S)
633946689:Push(S,S)
633989421:Push(S,W)
634032015:Push(W,W)
634074822:Push(W,W)
634118912:Push(W,W)
634162748:Push(W,W)
634205973:Push(W,W)
634249905:Push(W,W)
634297098:Push(W,N)
634337480:Push(N,N)
634380927:Push(N,N)
634431251:Push(N,N)
634475736:Push(N,N)
634518942:Push(N,N)
634561154:Push(N,N)
634603955:Push(N,N)
634646794:Push(N,N)
634692673:Push(N,N)
634736913:Push(N,W)
634779435:Push(W,W)
634822546:Push(W,W)
634907234:Push(W,W)
634948401:Push(W,W)
634995173:Push(W,W)
635038390:Push(W,S)
635080435:Push(S,S)
635122914:Push(S,S)
635165353:Push(S,S)
635207600:Push(S,S)
635251969:Push(S,S)
635294191:Push(S,W)
635336555:Push(W,W)
635379996:Push(W,W)
635419095:Push(W,W)
635460605:Push(W,W)
635528179:Push(W,N)
635571179:Push(N,N)
635615330:Push(N,E)
635658183:Push(E,E)
635700603:Push(E,E)
635742367:Push(E,N)
635784081:Push(N,N)
635827764:Push(N,N)
635869419:Push(N,N)
635908313:Push(N,N)
635950403:Push(N,N)
635992431:Push(N,W)
636034998:Push(W,W)
636079816:Push(W,W)
636122226:Push(W,W)
636164064:Push(W,W)
636205389:Push(W,W)
636247086:Push(W,W)
636291177:Push(W,W)
636333061:Push(W,N)
636374370:Push(N,N)
636427365:Push(N,W)
636469116:Push(W,W)
636511244:Push(W,N)
636552984:Push(N,N)
636597034:Push(N,E)
636638917:Push(E,E)
636682788:Push(E,E)
636727419:Push(E,N)
636771685:Push(N,N)
636813393:Push(N,W)
636852987:Push(W,W)
636895038:Push(W,N)
636943022:Push(N,N)
636988341:Push(N,W)
637032907:Push(W,W)
637077561:Push(W,W)
637118985:Push(W,W)
637162824:Push(W,W)
637206521:Push(W,S)
637248167:Push(S,S)
637288391:Push(S,E)
637331133:Push(E,E)
637372950:Push(E,S)
637415915:Push(S,S)
637459220:Push(S,W)
637502868:Push(W,W)
637545931:Push(W,S)
637588939:Push(S,S)
637648465:Push(S,E)
637709056:Push(E,E)
637770019:Push(E,S)
637826671:Push(S,S)
637889994:Push(S,S)
637951844:Push(S,S)
638007855:Push(S,W)
638064341:Push(W,W)
638124708:Push(W,W)
638186319:Push(W,N)
638248147:Push(N,N)
638304215:Push(N,W)
638360492:Push(W,W)
638414236:Push(W,W)
638468014:Push(W,N)
638521953:Push(N,N)
638577672:Push(N,N)
#end
#solved
true
#numactions
2048
#time
638577672
#end
